20-Jan-2022 11:23:14.702 WARNING [main] org.apache.catalina.core.AprLifecycleListener.init The Apache Tomcat Native library failed to load. The error reported was [D:\book\servers\tomcat-8.5.72\bin\tcnative-1.dll: Can't load IA 32-bit .dll on a AMD 64-bit platform]
	java.lang.UnsatisfiedLinkError: D:\book\servers\tomcat-8.5.72\bin\tcnative-1.dll: Can't load IA 32-bit .dll on a AMD 64-bit platform
		at java.lang.ClassLoader$NativeLibrary.load(Native Method)
		at java.lang.ClassLoader.loadLibrary0(ClassLoader.java:1941)
		at java.lang.ClassLoader.loadLibrary(ClassLoader.java:1857)
		at java.lang.Runtime.loadLibrary0(Runtime.java:870)
		at java.lang.System.loadLibrary(System.java:1122)
		at org.apache.tomcat.jni.Library.<init>(Library.java:41)
		at org.apache.tomcat.jni.Library.initialize(Library.java:173)
		at org.apache.catalina.core.AprLifecycleListener.init(AprLifecycleListener.java:195)
		at org.apache.catalina.core.AprLifecycleListener.isAprAvailable(AprLifecycleListener.java:104)
		at org.apache.catalina.connector.Connector.setProtocol(Connector.java:641)
		at org.apache.catalina.connector.Connector.<init>(Connector.java:81)
		at org.apache.catalina.startup.ConnectorCreateRule.begin(ConnectorCreateRule.java:62)
		at org.apache.tomcat.util.digester.Digester.startElement(Digester.java:1235)
		at com.sun.org.apache.xerces.internal.parsers.AbstractSAXParser.startElement(AbstractSAXParser.java:509)
		at com.sun.org.apache.xerces.internal.parsers.AbstractXMLDocumentParser.emptyElement(AbstractXMLDocumentParser.java:182)
		at com.sun.org.apache.xerces.internal.impl.XMLDocumentFragmentScannerImpl.scanStartElement(XMLDocumentFragmentScannerImpl.java:1339)
		at com.sun.org.apache.xerces.internal.impl.XMLDocumentFragmentScannerImpl$FragmentContentDriver.next(XMLDocumentFragmentScannerImpl.java:2784)
		at com.sun.org.apache.xerces.internal.impl.XMLDocumentScannerImpl.next(XMLDocumentScannerImpl.java:602)
		at com.sun.org.apache.xerces.internal.impl.XMLDocumentFragmentScannerImpl.scanDocument(XMLDocumentFragmentScannerImpl.java:505)
		at com.sun.org.apache.xerces.internal.parsers.XML11Configuration.parse(XML11Configuration.java:841)
		at com.sun.org.apache.xerces.internal.parsers.XML11Configuration.parse(XML11Configuration.java:770)
		at com.sun.org.apache.xerces.internal.parsers.XMLParser.parse(XMLParser.java:141)
		at com.sun.org.apache.xerces.internal.parsers.AbstractSAXParser.parse(AbstractSAXParser.java:1213)
		at com.sun.org.apache.xerces.internal.jaxp.SAXParserImpl$JAXPSAXParser.parse(SAXParserImpl.java:643)
		at org.apache.tomcat.util.digester.Digester.parse(Digester.java:1496)
		at org.apache.catalina.startup.Catalina.load(Catalina.java:611)
		at org.apache.catalina.startup.Catalina.load(Catalina.java:662)
		at sun.reflect.NativeMethodAccessorImpl.invoke0(Native Method)
		at sun.reflect.NativeMethodAccessorImpl.invoke(NativeMethodAccessorImpl.java:62)
		at sun.reflect.DelegatingMethodAccessorImpl.invoke(DelegatingMethodAccessorImpl.java:43)
		at java.lang.reflect.Method.invoke(Method.java:498)
		at org.apache.catalina.startup.Bootstrap.load(Bootstrap.java:305)
		at org.apache.catalina.startup.Bootstrap.main(Bootstrap.java:475)
20-Jan-2022 11:23:14.934 INFO [main] org.apache.catalina.startup.VersionLoggerListener.log Server version name:   Apache Tomcat/8.5.72
20-Jan-2022 11:23:14.935 INFO [main] org.apache.catalina.startup.VersionLoggerListener.log Server built:          Oct 1 2021 15:15:33 UTC
20-Jan-2022 11:23:14.935 INFO [main] org.apache.catalina.startup.VersionLoggerListener.log Server version number: 8.5.72.0
20-Jan-2022 11:23:14.935 INFO [main] org.apache.catalina.startup.VersionLoggerListener.log OS Name:               Windows 10
20-Jan-2022 11:23:14.935 INFO [main] org.apache.catalina.startup.VersionLoggerListener.log OS Version:            10.0
20-Jan-2022 11:23:14.935 INFO [main] org.apache.catalina.startup.VersionLoggerListener.log Architecture:          amd64
20-Jan-2022 11:23:14.935 INFO [main] org.apache.catalina.startup.VersionLoggerListener.log Java Home:             C:\Program Files\Java\jdk1.8.0_111\jre
20-Jan-2022 11:23:14.936 INFO [main] org.apache.catalina.startup.VersionLoggerListener.log JVM Version:           1.8.0_111-b14
20-Jan-2022 11:23:14.936 INFO [main] org.apache.catalina.startup.VersionLoggerListener.log JVM Vendor:            Oracle Corporation
20-Jan-2022 11:23:14.936 INFO [main] org.apache.catalina.startup.VersionLoggerListener.log CATALINA_BASE:         D:\book\servers\tomcat-8.5.72
20-Jan-2022 11:23:14.936 INFO [main] org.apache.catalina.startup.VersionLoggerListener.log CATALINA_HOME:         D:\book\servers\tomcat-8.5.72
20-Jan-2022 11:23:14.936 INFO [main] org.apache.catalina.startup.VersionLoggerListener.log Command line argument: -Djava.util.logging.config.file=D:\book\servers\tomcat-8.5.72\conf\logging.properties
20-Jan-2022 11:23:14.937 INFO [main] org.apache.catalina.startup.VersionLoggerListener.log Command line argument: -Djava.util.logging.manager=org.apache.juli.ClassLoaderLogManager
20-Jan-2022 11:23:14.937 INFO [main] org.apache.catalina.startup.VersionLoggerListener.log Command line argument: -Djdk.tls.ephemeralDHKeySize=2048
20-Jan-2022 11:23:14.937 INFO [main] org.apache.catalina.startup.VersionLoggerListener.log Command line argument: -Djava.protocol.handler.pkgs=org.apache.catalina.webresources
20-Jan-2022 11:23:14.937 INFO [main] org.apache.catalina.startup.VersionLoggerListener.log Command line argument: -Dignore.endorsed.dirs=
20-Jan-2022 11:23:14.937 INFO [main] org.apache.catalina.startup.VersionLoggerListener.log Command line argument: -Dcatalina.base=D:\book\servers\tomcat-8.5.72
20-Jan-2022 11:23:14.937 INFO [main] org.apache.catalina.startup.VersionLoggerListener.log Command line argument: -Dcatalina.home=D:\book\servers\tomcat-8.5.72
20-Jan-2022 11:23:14.938 INFO [main] org.apache.catalina.startup.VersionLoggerListener.log Command line argument: -Djava.io.tmpdir=D:\book\servers\tomcat-8.5.72\temp
20-Jan-2022 11:23:15.171 INFO [main] org.apache.coyote.AbstractProtocol.init Initializing ProtocolHandler ["http-nio-8080"]
20-Jan-2022 11:23:15.633 INFO [main] org.apache.tomcat.util.net.NioSelectorPool.getSharedSelector Using a shared selector for servlet write/read
20-Jan-2022 11:23:15.657 INFO [main] org.apache.catalina.startup.Catalina.load Initialization processed in 1660 ms
20-Jan-2022 11:23:15.725 INFO [main] org.apache.catalina.core.StandardService.startInternal Starting service [Catalina]
20-Jan-2022 11:23:15.726 INFO [main] org.apache.catalina.core.StandardEngine.startInternal Starting Servlet engine: [Apache Tomcat/8.5.72]
20-Jan-2022 11:23:15.757 INFO [localhost-startStop-1] org.apache.catalina.startup.HostConfig.deployDescriptor Deploying deployment descriptor [D:\book\servers\tomcat-8.5.72\conf\Catalina\localhost\WEB_APP_P.xml]
20-Jan-2022 11:23:18.444 INFO [localhost-startStop-1] org.apache.jasper.servlet.TldScanner.scanJars At least one JAR was scanned for TLDs yet contained no TLDs. Enable debug logging for this logger for a complete list of JARs that were scanned but no TLDs were found in them. Skipping unneeded JARs during scanning can improve startup time and JSP compilation time.
20-Jan-2022 11:23:18.532 INFO [localhost-startStop-1] org.apache.catalina.startup.HostConfig.deployDescriptor Deployment of deployment descriptor [D:\book\servers\tomcat-8.5.72\conf\Catalina\localhost\WEB_APP_P.xml] has finished in [2,775] ms
20-Jan-2022 11:23:18.532 INFO [localhost-startStop-1] org.apache.catalina.startup.HostConfig.deployDescriptor Deploying deployment descriptor [D:\book\servers\tomcat-8.5.72\conf\Catalina\localhost\Bible_v2.xml]
20-Jan-2022 11:23:18.541 SEVERE [localhost-startStop-1] org.apache.catalina.core.ContainerBase.addChildInternal ContainerBase.addChild: start: 
	org.apache.catalina.LifecycleException: Failed to start component [org.apache.catalina.webresources.StandardRoot@13e5cb91]
		at org.apache.catalina.util.LifecycleBase.handleSubClassException(LifecycleBase.java:440)
		at org.apache.catalina.util.LifecycleBase.start(LifecycleBase.java:198)
		at org.apache.catalina.core.StandardContext.resourcesStart(StandardContext.java:4880)
		at org.apache.catalina.core.StandardContext.startInternal(StandardContext.java:5018)
		at org.apache.catalina.util.LifecycleBase.start(LifecycleBase.java:183)
		at org.apache.catalina.core.ContainerBase.addChildInternal(ContainerBase.java:753)
		at org.apache.catalina.core.ContainerBase.addChild(ContainerBase.java:727)
		at org.apache.catalina.core.StandardHost.addChild(StandardHost.java:695)
		at org.apache.catalina.startup.HostConfig.deployDescriptor(HostConfig.java:673)
		at org.apache.catalina.startup.HostConfig$DeployDescriptor.run(HostConfig.java:1881)
		at java.util.concurrent.Executors$RunnableAdapter.call(Executors.java:511)
		at java.util.concurrent.FutureTask.run(FutureTask.java:266)
		at java.util.concurrent.ThreadPoolExecutor.runWorker(ThreadPoolExecutor.java:1142)
		at java.util.concurrent.ThreadPoolExecutor$Worker.run(ThreadPoolExecutor.java:617)
		at java.lang.Thread.run(Thread.java:745)
	Caused by: java.lang.IllegalArgumentException: The main resource set specified [D:\Personal\BibleProject\Bible_v2\build\web] is not valid
		at org.apache.catalina.webresources.StandardRoot.createMainResourceSet(StandardRoot.java:747)
		at org.apache.catalina.webresources.StandardRoot.startInternal(StandardRoot.java:705)
		at org.apache.catalina.util.LifecycleBase.start(LifecycleBase.java:183)
		... 13 more
20-Jan-2022 11:23:18.542 SEVERE [localhost-startStop-1] org.apache.catalina.startup.HostConfig.deployDescriptor Error deploying deployment descriptor [D:\book\servers\tomcat-8.5.72\conf\Catalina\localhost\Bible_v2.xml]
	java.lang.IllegalStateException: Error starting child
		at org.apache.catalina.core.ContainerBase.addChildInternal(ContainerBase.java:757)
		at org.apache.catalina.core.ContainerBase.addChild(ContainerBase.java:727)
		at org.apache.catalina.core.StandardHost.addChild(StandardHost.java:695)
		at org.apache.catalina.startup.HostConfig.deployDescriptor(HostConfig.java:673)
		at org.apache.catalina.startup.HostConfig$DeployDescriptor.run(HostConfig.java:1881)
		at java.util.concurrent.Executors$RunnableAdapter.call(Executors.java:511)
		at java.util.concurrent.FutureTask.run(FutureTask.java:266)
		at java.util.concurrent.ThreadPoolExecutor.runWorker(ThreadPoolExecutor.java:1142)
		at java.util.concurrent.ThreadPoolExecutor$Worker.run(ThreadPoolExecutor.java:617)
		at java.lang.Thread.run(Thread.java:745)
	Caused by: org.apache.catalina.LifecycleException: Failed to start component [org.apache.catalina.webresources.StandardRoot@13e5cb91]
		at org.apache.catalina.util.LifecycleBase.handleSubClassException(LifecycleBase.java:440)
		at org.apache.catalina.util.LifecycleBase.start(LifecycleBase.java:198)
		at org.apache.catalina.core.StandardContext.resourcesStart(StandardContext.java:4880)
		at org.apache.catalina.core.StandardContext.startInternal(StandardContext.java:5018)
		at org.apache.catalina.util.LifecycleBase.start(LifecycleBase.java:183)
		at org.apache.catalina.core.ContainerBase.addChildInternal(ContainerBase.java:753)
		... 9 more
	Caused by: java.lang.IllegalArgumentException: The main resource set specified [D:\Personal\BibleProject\Bible_v2\build\web] is not valid
		at org.apache.catalina.webresources.StandardRoot.createMainResourceSet(StandardRoot.java:747)
		at org.apache.catalina.webresources.StandardRoot.startInternal(StandardRoot.java:705)
		at org.apache.catalina.util.LifecycleBase.start(LifecycleBase.java:183)
		... 13 more
20-Jan-2022 11:23:18.554 INFO [localhost-startStop-1] org.apache.catalina.startup.HostConfig.deployDescriptor Deployment of deployment descriptor [D:\book\servers\tomcat-8.5.72\conf\Catalina\localhost\Bible_v2.xml] has finished in [22] ms
20-Jan-2022 11:23:18.556 INFO [localhost-startStop-1] org.apache.catalina.startup.HostConfig.deployDirectory Deploying web application directory [D:\book\servers\tomcat-8.5.72\webapps\docs]
20-Jan-2022 11:23:18.677 INFO [localhost-startStop-1] org.apache.jasper.servlet.TldScanner.scanJars At least one JAR was scanned for TLDs yet contained no TLDs. Enable debug logging for this logger for a complete list of JARs that were scanned but no TLDs were found in them. Skipping unneeded JARs during scanning can improve startup time and JSP compilation time.
20-Jan-2022 11:23:18.681 INFO [localhost-startStop-1] org.apache.catalina.startup.HostConfig.deployDirectory Deployment of web application directory [D:\book\servers\tomcat-8.5.72\webapps\docs] has finished in [125] ms
20-Jan-2022 11:23:18.681 INFO [localhost-startStop-1] org.apache.catalina.startup.HostConfig.deployDirectory Deploying web application directory [D:\book\servers\tomcat-8.5.72\webapps\examples]
20-Jan-2022 11:23:19.335 INFO [localhost-startStop-1] org.apache.jasper.servlet.TldScanner.scanJars At least one JAR was scanned for TLDs yet contained no TLDs. Enable debug logging for this logger for a complete list of JARs that were scanned but no TLDs were found in them. Skipping unneeded JARs during scanning can improve startup time and JSP compilation time.
20-Jan-2022 11:23:19.399 INFO [localhost-startStop-1] org.apache.catalina.startup.HostConfig.deployDirectory Deployment of web application directory [D:\book\servers\tomcat-8.5.72\webapps\examples] has finished in [718] ms
20-Jan-2022 11:23:19.399 INFO [localhost-startStop-1] org.apache.catalina.startup.HostConfig.deployDirectory Deploying web application directory [D:\book\servers\tomcat-8.5.72\webapps\host-manager]
20-Jan-2022 11:23:19.515 INFO [localhost-startStop-1] org.apache.jasper.servlet.TldScanner.scanJars At least one JAR was scanned for TLDs yet contained no TLDs. Enable debug logging for this logger for a complete list of JARs that were scanned but no TLDs were found in them. Skipping unneeded JARs during scanning can improve startup time and JSP compilation time.
20-Jan-2022 11:23:19.521 INFO [localhost-startStop-1] org.apache.catalina.startup.HostConfig.deployDirectory Deployment of web application directory [D:\book\servers\tomcat-8.5.72\webapps\host-manager] has finished in [122] ms
20-Jan-2022 11:23:19.522 INFO [localhost-startStop-1] org.apache.catalina.startup.HostConfig.deployDirectory Deploying web application directory [D:\book\servers\tomcat-8.5.72\webapps\manager]
20-Jan-2022 11:23:19.603 INFO [localhost-startStop-1] org.apache.jasper.servlet.TldScanner.scanJars At least one JAR was scanned for TLDs yet contained no TLDs. Enable debug logging for this logger for a complete list of JARs that were scanned but no TLDs were found in them. Skipping unneeded JARs during scanning can improve startup time and JSP compilation time.
20-Jan-2022 11:23:19.606 INFO [localhost-startStop-1] org.apache.catalina.startup.HostConfig.deployDirectory Deployment of web application directory [D:\book\servers\tomcat-8.5.72\webapps\manager] has finished in [84] ms
20-Jan-2022 11:23:19.606 INFO [localhost-startStop-1] org.apache.catalina.startup.HostConfig.deployDirectory Deploying web application directory [D:\book\servers\tomcat-8.5.72\webapps\ROOT]
20-Jan-2022 11:23:19.679 INFO [localhost-startStop-1] org.apache.jasper.servlet.TldScanner.scanJars At least one JAR was scanned for TLDs yet contained no TLDs. Enable debug logging for this logger for a complete list of JARs that were scanned but no TLDs were found in them. Skipping unneeded JARs during scanning can improve startup time and JSP compilation time.
20-Jan-2022 11:23:19.682 INFO [localhost-startStop-1] org.apache.catalina.startup.HostConfig.deployDirectory Deployment of web application directory [D:\book\servers\tomcat-8.5.72\webapps\ROOT] has finished in [76] ms
20-Jan-2022 11:23:19.687 INFO [main] org.apache.coyote.AbstractProtocol.start Starting ProtocolHandler ["http-nio-8080"]
20-Jan-2022 11:23:19.704 INFO [main] org.apache.catalina.startup.Catalina.start Server startup in 4046 ms
20-Jan-2022 11:24:10.918 INFO [http-nio-8080-exec-6] org.apache.catalina.startup.HostConfig.deployDescriptor Deploying deployment descriptor [D:\book\servers\tomcat-8.5.72\conf\Catalina\localhost\BibleStudyNotes.xml]
20-Jan-2022 11:24:11.119 INFO [http-nio-8080-exec-6] org.apache.jasper.servlet.TldScanner.scanJars At least one JAR was scanned for TLDs yet contained no TLDs. Enable debug logging for this logger for a complete list of JARs that were scanned but no TLDs were found in them. Skipping unneeded JARs during scanning can improve startup time and JSP compilation time.
20-Jan-2022 11:24:11.131 INFO [http-nio-8080-exec-6] org.apache.catalina.startup.HostConfig.deployDescriptor Deployment of deployment descriptor [D:\book\servers\tomcat-8.5.72\conf\Catalina\localhost\BibleStudyNotes.xml] has finished in [212] ms
20-Jan-2022 11:24:11.139 INFO [http-nio-8080-exec-5] org.apache.catalina.util.LifecycleBase.start The start() method was called on component [StandardEngine[Catalina].StandardHost[localhost].StandardContext[/BibleStudyNotes]] after start() had already been called. The second call will be ignored.
20-Jan-2022 12:04:23.540 WARNING [main] org.apache.catalina.core.AprLifecycleListener.init The Apache Tomcat Native library failed to load. The error reported was [D:\book\servers\tomcat-8.5.72\bin\tcnative-1.dll: Can't load IA 32-bit .dll on a AMD 64-bit platform]
	java.lang.UnsatisfiedLinkError: D:\book\servers\tomcat-8.5.72\bin\tcnative-1.dll: Can't load IA 32-bit .dll on a AMD 64-bit platform
		at java.lang.ClassLoader$NativeLibrary.load(Native Method)
		at java.lang.ClassLoader.loadLibrary0(ClassLoader.java:1941)
		at java.lang.ClassLoader.loadLibrary(ClassLoader.java:1857)
		at java.lang.Runtime.loadLibrary0(Runtime.java:870)
		at java.lang.System.loadLibrary(System.java:1122)
		at org.apache.tomcat.jni.Library.<init>(Library.java:41)
		at org.apache.tomcat.jni.Library.initialize(Library.java:173)
		at org.apache.catalina.core.AprLifecycleListener.init(AprLifecycleListener.java:195)
		at org.apache.catalina.core.AprLifecycleListener.isAprAvailable(AprLifecycleListener.java:104)
		at org.apache.catalina.connector.Connector.setProtocol(Connector.java:641)
		at org.apache.catalina.connector.Connector.<init>(Connector.java:81)
		at org.apache.catalina.startup.ConnectorCreateRule.begin(ConnectorCreateRule.java:62)
		at org.apache.tomcat.util.digester.Digester.startElement(Digester.java:1235)
		at com.sun.org.apache.xerces.internal.parsers.AbstractSAXParser.startElement(AbstractSAXParser.java:509)
		at com.sun.org.apache.xerces.internal.parsers.AbstractXMLDocumentParser.emptyElement(AbstractXMLDocumentParser.java:182)
		at com.sun.org.apache.xerces.internal.impl.XMLDocumentFragmentScannerImpl.scanStartElement(XMLDocumentFragmentScannerImpl.java:1339)
		at com.sun.org.apache.xerces.internal.impl.XMLDocumentFragmentScannerImpl$FragmentContentDriver.next(XMLDocumentFragmentScannerImpl.java:2784)
		at com.sun.org.apache.xerces.internal.impl.XMLDocumentScannerImpl.next(XMLDocumentScannerImpl.java:602)
		at com.sun.org.apache.xerces.internal.impl.XMLDocumentFragmentScannerImpl.scanDocument(XMLDocumentFragmentScannerImpl.java:505)
		at com.sun.org.apache.xerces.internal.parsers.XML11Configuration.parse(XML11Configuration.java:841)
		at com.sun.org.apache.xerces.internal.parsers.XML11Configuration.parse(XML11Configuration.java:770)
		at com.sun.org.apache.xerces.internal.parsers.XMLParser.parse(XMLParser.java:141)
		at com.sun.org.apache.xerces.internal.parsers.AbstractSAXParser.parse(AbstractSAXParser.java:1213)
		at com.sun.org.apache.xerces.internal.jaxp.SAXParserImpl$JAXPSAXParser.parse(SAXParserImpl.java:643)
		at org.apache.tomcat.util.digester.Digester.parse(Digester.java:1496)
		at org.apache.catalina.startup.Catalina.load(Catalina.java:611)
		at org.apache.catalina.startup.Catalina.load(Catalina.java:662)
		at sun.reflect.NativeMethodAccessorImpl.invoke0(Native Method)
		at sun.reflect.NativeMethodAccessorImpl.invoke(NativeMethodAccessorImpl.java:62)
		at sun.reflect.DelegatingMethodAccessorImpl.invoke(DelegatingMethodAccessorImpl.java:43)
		at java.lang.reflect.Method.invoke(Method.java:498)
		at org.apache.catalina.startup.Bootstrap.load(Bootstrap.java:305)
		at org.apache.catalina.startup.Bootstrap.main(Bootstrap.java:475)
20-Jan-2022 12:04:23.747 INFO [main] org.apache.catalina.startup.VersionLoggerListener.log Server version name:   Apache Tomcat/8.5.72
20-Jan-2022 12:04:23.748 INFO [main] org.apache.catalina.startup.VersionLoggerListener.log Server built:          Oct 1 2021 15:15:33 UTC
20-Jan-2022 12:04:23.748 INFO [main] org.apache.catalina.startup.VersionLoggerListener.log Server version number: 8.5.72.0
20-Jan-2022 12:04:23.748 INFO [main] org.apache.catalina.startup.VersionLoggerListener.log OS Name:               Windows 10
20-Jan-2022 12:04:23.749 INFO [main] org.apache.catalina.startup.VersionLoggerListener.log OS Version:            10.0
20-Jan-2022 12:04:23.749 INFO [main] org.apache.catalina.startup.VersionLoggerListener.log Architecture:          amd64
20-Jan-2022 12:04:23.749 INFO [main] org.apache.catalina.startup.VersionLoggerListener.log Java Home:             C:\Program Files\Java\jdk1.8.0_111\jre
20-Jan-2022 12:04:23.749 INFO [main] org.apache.catalina.startup.VersionLoggerListener.log JVM Version:           1.8.0_111-b14
20-Jan-2022 12:04:23.749 INFO [main] org.apache.catalina.startup.VersionLoggerListener.log JVM Vendor:            Oracle Corporation
20-Jan-2022 12:04:23.749 INFO [main] org.apache.catalina.startup.VersionLoggerListener.log CATALINA_BASE:         D:\book\servers\tomcat-8.5.72
20-Jan-2022 12:04:23.749 INFO [main] org.apache.catalina.startup.VersionLoggerListener.log CATALINA_HOME:         D:\book\servers\tomcat-8.5.72
20-Jan-2022 12:04:23.750 INFO [main] org.apache.catalina.startup.VersionLoggerListener.log Command line argument: -Djava.util.logging.config.file=D:\book\servers\tomcat-8.5.72\conf\logging.properties
20-Jan-2022 12:04:23.750 INFO [main] org.apache.catalina.startup.VersionLoggerListener.log Command line argument: -Djava.util.logging.manager=org.apache.juli.ClassLoaderLogManager
20-Jan-2022 12:04:23.750 INFO [main] org.apache.catalina.startup.VersionLoggerListener.log Command line argument: -Djdk.tls.ephemeralDHKeySize=2048
20-Jan-2022 12:04:23.750 INFO [main] org.apache.catalina.startup.VersionLoggerListener.log Command line argument: -Djava.protocol.handler.pkgs=org.apache.catalina.webresources
20-Jan-2022 12:04:23.751 INFO [main] org.apache.catalina.startup.VersionLoggerListener.log Command line argument: -Dignore.endorsed.dirs=
20-Jan-2022 12:04:23.751 INFO [main] org.apache.catalina.startup.VersionLoggerListener.log Command line argument: -Dcatalina.base=D:\book\servers\tomcat-8.5.72
20-Jan-2022 12:04:23.751 INFO [main] org.apache.catalina.startup.VersionLoggerListener.log Command line argument: -Dcatalina.home=D:\book\servers\tomcat-8.5.72
20-Jan-2022 12:04:23.751 INFO [main] org.apache.catalina.startup.VersionLoggerListener.log Command line argument: -Djava.io.tmpdir=D:\book\servers\tomcat-8.5.72\temp
20-Jan-2022 12:04:24.078 INFO [main] org.apache.coyote.AbstractProtocol.init Initializing ProtocolHandler ["http-nio-8080"]
20-Jan-2022 12:04:24.523 INFO [main] org.apache.tomcat.util.net.NioSelectorPool.getSharedSelector Using a shared selector for servlet write/read
20-Jan-2022 12:04:24.541 INFO [main] org.apache.catalina.startup.Catalina.load Initialization processed in 1547 ms
20-Jan-2022 12:04:24.604 INFO [main] org.apache.catalina.core.StandardService.startInternal Starting service [Catalina]
20-Jan-2022 12:04:24.604 INFO [main] org.apache.catalina.core.StandardEngine.startInternal Starting Servlet engine: [Apache Tomcat/8.5.72]
20-Jan-2022 12:04:24.629 INFO [localhost-startStop-1] org.apache.catalina.startup.HostConfig.deployDescriptor Deploying deployment descriptor [D:\book\servers\tomcat-8.5.72\conf\Catalina\localhost\WEB_APP_P.xml]
20-Jan-2022 12:04:25.227 WARNING [main] org.apache.catalina.core.AprLifecycleListener.init The Apache Tomcat Native library failed to load. The error reported was [D:\book\servers\tomcat-8.5.72\bin\tcnative-1.dll: Can't load IA 32-bit .dll on a AMD 64-bit platform]
	java.lang.UnsatisfiedLinkError: D:\book\servers\tomcat-8.5.72\bin\tcnative-1.dll: Can't load IA 32-bit .dll on a AMD 64-bit platform
		at java.lang.ClassLoader$NativeLibrary.load(Native Method)
		at java.lang.ClassLoader.loadLibrary0(ClassLoader.java:1941)
		at java.lang.ClassLoader.loadLibrary(ClassLoader.java:1857)
		at java.lang.Runtime.loadLibrary0(Runtime.java:870)
		at java.lang.System.loadLibrary(System.java:1122)
		at org.apache.tomcat.jni.Library.<init>(Library.java:41)
		at org.apache.tomcat.jni.Library.initialize(Library.java:173)
		at org.apache.catalina.core.AprLifecycleListener.init(AprLifecycleListener.java:195)
		at org.apache.catalina.core.AprLifecycleListener.isAprAvailable(AprLifecycleListener.java:104)
		at org.apache.catalina.connector.Connector.setProtocol(Connector.java:641)
		at org.apache.catalina.connector.Connector.<init>(Connector.java:81)
		at org.apache.catalina.startup.ConnectorCreateRule.begin(ConnectorCreateRule.java:62)
		at org.apache.tomcat.util.digester.Digester.startElement(Digester.java:1235)
		at com.sun.org.apache.xerces.internal.parsers.AbstractSAXParser.startElement(AbstractSAXParser.java:509)
		at com.sun.org.apache.xerces.internal.parsers.AbstractXMLDocumentParser.emptyElement(AbstractXMLDocumentParser.java:182)
		at com.sun.org.apache.xerces.internal.impl.XMLDocumentFragmentScannerImpl.scanStartElement(XMLDocumentFragmentScannerImpl.java:1339)
		at com.sun.org.apache.xerces.internal.impl.XMLDocumentFragmentScannerImpl$FragmentContentDriver.next(XMLDocumentFragmentScannerImpl.java:2784)
		at com.sun.org.apache.xerces.internal.impl.XMLDocumentScannerImpl.next(XMLDocumentScannerImpl.java:602)
		at com.sun.org.apache.xerces.internal.impl.XMLDocumentFragmentScannerImpl.scanDocument(XMLDocumentFragmentScannerImpl.java:505)
		at com.sun.org.apache.xerces.internal.parsers.XML11Configuration.parse(XML11Configuration.java:841)
		at com.sun.org.apache.xerces.internal.parsers.XML11Configuration.parse(XML11Configuration.java:770)
		at com.sun.org.apache.xerces.internal.parsers.XMLParser.parse(XMLParser.java:141)
		at com.sun.org.apache.xerces.internal.parsers.AbstractSAXParser.parse(AbstractSAXParser.java:1213)
		at com.sun.org.apache.xerces.internal.jaxp.SAXParserImpl$JAXPSAXParser.parse(SAXParserImpl.java:643)
		at org.apache.tomcat.util.digester.Digester.parse(Digester.java:1496)
		at org.apache.catalina.startup.Catalina.load(Catalina.java:611)
		at org.apache.catalina.startup.Catalina.load(Catalina.java:662)
		at sun.reflect.NativeMethodAccessorImpl.invoke0(Native Method)
		at sun.reflect.NativeMethodAccessorImpl.invoke(NativeMethodAccessorImpl.java:62)
		at sun.reflect.DelegatingMethodAccessorImpl.invoke(DelegatingMethodAccessorImpl.java:43)
		at java.lang.reflect.Method.invoke(Method.java:498)
		at org.apache.catalina.startup.Bootstrap.load(Bootstrap.java:305)
		at org.apache.catalina.startup.Bootstrap.main(Bootstrap.java:475)
20-Jan-2022 12:04:25.425 INFO [main] org.apache.catalina.startup.VersionLoggerListener.log Server version name:   Apache Tomcat/8.5.72
20-Jan-2022 12:04:25.426 INFO [main] org.apache.catalina.startup.VersionLoggerListener.log Server built:          Oct 1 2021 15:15:33 UTC
20-Jan-2022 12:04:25.426 INFO [main] org.apache.catalina.startup.VersionLoggerListener.log Server version number: 8.5.72.0
20-Jan-2022 12:04:25.426 INFO [main] org.apache.catalina.startup.VersionLoggerListener.log OS Name:               Windows 10
20-Jan-2022 12:04:25.427 INFO [main] org.apache.catalina.startup.VersionLoggerListener.log OS Version:            10.0
20-Jan-2022 12:04:25.427 INFO [main] org.apache.catalina.startup.VersionLoggerListener.log Architecture:          amd64
20-Jan-2022 12:04:25.427 INFO [main] org.apache.catalina.startup.VersionLoggerListener.log Java Home:             C:\Program Files\Java\jdk1.8.0_111\jre
20-Jan-2022 12:04:25.428 INFO [main] org.apache.catalina.startup.VersionLoggerListener.log JVM Version:           1.8.0_111-b14
20-Jan-2022 12:04:25.428 INFO [main] org.apache.catalina.startup.VersionLoggerListener.log JVM Vendor:            Oracle Corporation
20-Jan-2022 12:04:25.429 INFO [main] org.apache.catalina.startup.VersionLoggerListener.log CATALINA_BASE:         D:\book\servers\tomcat-8.5.72
20-Jan-2022 12:04:25.429 INFO [main] org.apache.catalina.startup.VersionLoggerListener.log CATALINA_HOME:         D:\book\servers\tomcat-8.5.72
20-Jan-2022 12:04:25.439 INFO [main] org.apache.catalina.startup.VersionLoggerListener.log Command line argument: -Djava.util.logging.config.file=D:\book\servers\tomcat-8.5.72\conf\logging.properties
20-Jan-2022 12:04:25.440 INFO [main] org.apache.catalina.startup.VersionLoggerListener.log Command line argument: -Djava.util.logging.manager=org.apache.juli.ClassLoaderLogManager
20-Jan-2022 12:04:25.441 INFO [main] org.apache.catalina.startup.VersionLoggerListener.log Command line argument: -Djdk.tls.ephemeralDHKeySize=2048
20-Jan-2022 12:04:25.441 INFO [main] org.apache.catalina.startup.VersionLoggerListener.log Command line argument: -Djava.protocol.handler.pkgs=org.apache.catalina.webresources
20-Jan-2022 12:04:25.441 INFO [main] org.apache.catalina.startup.VersionLoggerListener.log Command line argument: -Dignore.endorsed.dirs=
20-Jan-2022 12:04:25.441 INFO [main] org.apache.catalina.startup.VersionLoggerListener.log Command line argument: -Dcatalina.base=D:\book\servers\tomcat-8.5.72
20-Jan-2022 12:04:25.441 INFO [main] org.apache.catalina.startup.VersionLoggerListener.log Command line argument: -Dcatalina.home=D:\book\servers\tomcat-8.5.72
20-Jan-2022 12:04:25.442 INFO [main] org.apache.catalina.startup.VersionLoggerListener.log Command line argument: -Djava.io.tmpdir=D:\book\servers\tomcat-8.5.72\temp
20-Jan-2022 12:04:25.746 INFO [main] org.apache.coyote.AbstractProtocol.init Initializing ProtocolHandler ["http-nio-8080"]
20-Jan-2022 12:04:25.815 SEVERE [main] org.apache.catalina.core.StandardService.initInternal Failed to initialize connector [Connector[HTTP/1.1-8080]]
	org.apache.catalina.LifecycleException: Protocol handler initialization failed
		at org.apache.catalina.connector.Connector.initInternal(Connector.java:1076)
		at org.apache.catalina.util.LifecycleBase.init(LifecycleBase.java:136)
		at org.apache.catalina.core.StandardService.initInternal(StandardService.java:552)
		at org.apache.catalina.util.LifecycleBase.init(LifecycleBase.java:136)
		at org.apache.catalina.core.StandardServer.initInternal(StandardServer.java:843)
		at org.apache.catalina.util.LifecycleBase.init(LifecycleBase.java:136)
		at org.apache.catalina.startup.Catalina.load(Catalina.java:639)
		at org.apache.catalina.startup.Catalina.load(Catalina.java:662)
		at sun.reflect.NativeMethodAccessorImpl.invoke0(Native Method)
		at sun.reflect.NativeMethodAccessorImpl.invoke(NativeMethodAccessorImpl.java:62)
		at sun.reflect.DelegatingMethodAccessorImpl.invoke(DelegatingMethodAccessorImpl.java:43)
		at java.lang.reflect.Method.invoke(Method.java:498)
		at org.apache.catalina.startup.Bootstrap.load(Bootstrap.java:305)
		at org.apache.catalina.startup.Bootstrap.main(Bootstrap.java:475)
	Caused by: java.net.BindException: Address already in use: bind
		at sun.nio.ch.Net.bind0(Native Method)
		at sun.nio.ch.Net.bind(Net.java:433)
		at sun.nio.ch.Net.bind(Net.java:425)
		at sun.nio.ch.ServerSocketChannelImpl.bind(ServerSocketChannelImpl.java:223)
		at sun.nio.ch.ServerSocketAdaptor.bind(ServerSocketAdaptor.java:74)
		at org.apache.tomcat.util.net.NioEndpoint.bind(NioEndpoint.java:221)
		at org.apache.tomcat.util.net.AbstractEndpoint.init(AbstractEndpoint.java:1147)
		at org.apache.tomcat.util.net.AbstractJsseEndpoint.init(AbstractJsseEndpoint.java:222)
		at org.apache.coyote.AbstractProtocol.init(AbstractProtocol.java:599)
		at org.apache.coyote.http11.AbstractHttp11Protocol.init(AbstractHttp11Protocol.java:80)
		at org.apache.catalina.connector.Connector.initInternal(Connector.java:1074)
		... 13 more
20-Jan-2022 12:04:25.816 INFO [main] org.apache.catalina.startup.Catalina.load Initialization processed in 1274 ms
20-Jan-2022 12:04:25.901 INFO [main] org.apache.catalina.core.StandardService.startInternal Starting service [Catalina]
20-Jan-2022 12:04:25.902 INFO [main] org.apache.catalina.core.StandardEngine.startInternal Starting Servlet engine: [Apache Tomcat/8.5.72]
20-Jan-2022 12:04:25.924 INFO [localhost-startStop-1] org.apache.catalina.startup.HostConfig.deployDescriptor Deploying deployment descriptor [D:\book\servers\tomcat-8.5.72\conf\Catalina\localhost\WEB_APP_P.xml]
20-Jan-2022 12:04:27.948 INFO [localhost-startStop-1] org.apache.jasper.servlet.TldScanner.scanJars At least one JAR was scanned for TLDs yet contained no TLDs. Enable debug logging for this logger for a complete list of JARs that were scanned but no TLDs were found in them. Skipping unneeded JARs during scanning can improve startup time and JSP compilation time.
20-Jan-2022 12:04:28.100 INFO [localhost-startStop-1] org.apache.catalina.startup.HostConfig.deployDescriptor Deployment of deployment descriptor [D:\book\servers\tomcat-8.5.72\conf\Catalina\localhost\WEB_APP_P.xml] has finished in [3,468] ms
20-Jan-2022 12:04:28.100 INFO [localhost-startStop-1] org.apache.catalina.startup.HostConfig.deployDescriptor Deploying deployment descriptor [D:\book\servers\tomcat-8.5.72\conf\Catalina\localhost\Bible_v2.xml]
20-Jan-2022 12:04:28.121 SEVERE [localhost-startStop-1] org.apache.catalina.core.ContainerBase.addChildInternal ContainerBase.addChild: start: 
	org.apache.catalina.LifecycleException: Failed to start component [org.apache.catalina.webresources.StandardRoot@54c9d077]
		at org.apache.catalina.util.LifecycleBase.handleSubClassException(LifecycleBase.java:440)
		at org.apache.catalina.util.LifecycleBase.start(LifecycleBase.java:198)
		at org.apache.catalina.core.StandardContext.resourcesStart(StandardContext.java:4880)
		at org.apache.catalina.core.StandardContext.startInternal(StandardContext.java:5018)
		at org.apache.catalina.util.LifecycleBase.start(LifecycleBase.java:183)
		at org.apache.catalina.core.ContainerBase.addChildInternal(ContainerBase.java:753)
		at org.apache.catalina.core.ContainerBase.addChild(ContainerBase.java:727)
		at org.apache.catalina.core.StandardHost.addChild(StandardHost.java:695)
		at org.apache.catalina.startup.HostConfig.deployDescriptor(HostConfig.java:673)
		at org.apache.catalina.startup.HostConfig$DeployDescriptor.run(HostConfig.java:1881)
		at java.util.concurrent.Executors$RunnableAdapter.call(Executors.java:511)
		at java.util.concurrent.FutureTask.run(FutureTask.java:266)
		at java.util.concurrent.ThreadPoolExecutor.runWorker(ThreadPoolExecutor.java:1142)
		at java.util.concurrent.ThreadPoolExecutor$Worker.run(ThreadPoolExecutor.java:617)
		at java.lang.Thread.run(Thread.java:745)
	Caused by: java.lang.IllegalArgumentException: The main resource set specified [D:\Personal\BibleProject\Bible_v2\build\web] is not valid
		at org.apache.catalina.webresources.StandardRoot.createMainResourceSet(StandardRoot.java:747)
		at org.apache.catalina.webresources.StandardRoot.startInternal(StandardRoot.java:705)
		at org.apache.catalina.util.LifecycleBase.start(LifecycleBase.java:183)
		... 13 more
20-Jan-2022 12:04:28.122 SEVERE [localhost-startStop-1] org.apache.catalina.startup.HostConfig.deployDescriptor Error deploying deployment descriptor [D:\book\servers\tomcat-8.5.72\conf\Catalina\localhost\Bible_v2.xml]
	java.lang.IllegalStateException: Error starting child
		at org.apache.catalina.core.ContainerBase.addChildInternal(ContainerBase.java:757)
		at org.apache.catalina.core.ContainerBase.addChild(ContainerBase.java:727)
		at org.apache.catalina.core.StandardHost.addChild(StandardHost.java:695)
		at org.apache.catalina.startup.HostConfig.deployDescriptor(HostConfig.java:673)
		at org.apache.catalina.startup.HostConfig$DeployDescriptor.run(HostConfig.java:1881)
		at java.util.concurrent.Executors$RunnableAdapter.call(Executors.java:511)
		at java.util.concurrent.FutureTask.run(FutureTask.java:266)
		at java.util.concurrent.ThreadPoolExecutor.runWorker(ThreadPoolExecutor.java:1142)
		at java.util.concurrent.ThreadPoolExecutor$Worker.run(ThreadPoolExecutor.java:617)
		at java.lang.Thread.run(Thread.java:745)
	Caused by: org.apache.catalina.LifecycleException: Failed to start component [org.apache.catalina.webresources.StandardRoot@54c9d077]
		at org.apache.catalina.util.LifecycleBase.handleSubClassException(LifecycleBase.java:440)
		at org.apache.catalina.util.LifecycleBase.start(LifecycleBase.java:198)
		at org.apache.catalina.core.StandardContext.resourcesStart(StandardContext.java:4880)
		at org.apache.catalina.core.StandardContext.startInternal(StandardContext.java:5018)
		at org.apache.catalina.util.LifecycleBase.start(LifecycleBase.java:183)
		at org.apache.catalina.core.ContainerBase.addChildInternal(ContainerBase.java:753)
		... 9 more
	Caused by: java.lang.IllegalArgumentException: The main resource set specified [D:\Personal\BibleProject\Bible_v2\build\web] is not valid
		at org.apache.catalina.webresources.StandardRoot.createMainResourceSet(StandardRoot.java:747)
		at org.apache.catalina.webresources.StandardRoot.startInternal(StandardRoot.java:705)
		at org.apache.catalina.util.LifecycleBase.start(LifecycleBase.java:183)
		... 13 more
20-Jan-2022 12:04:28.145 INFO [localhost-startStop-1] org.apache.catalina.startup.HostConfig.deployDescriptor Deployment of deployment descriptor [D:\book\servers\tomcat-8.5.72\conf\Catalina\localhost\Bible_v2.xml] has finished in [45] ms
20-Jan-2022 12:04:28.146 INFO [localhost-startStop-1] org.apache.catalina.startup.HostConfig.deployDescriptor Deploying deployment descriptor [D:\book\servers\tomcat-8.5.72\conf\Catalina\localhost\BibleStudyNotes.xml]
20-Jan-2022 12:04:28.421 INFO [localhost-startStop-1] org.apache.jasper.servlet.TldScanner.scanJars At least one JAR was scanned for TLDs yet contained no TLDs. Enable debug logging for this logger for a complete list of JARs that were scanned but no TLDs were found in them. Skipping unneeded JARs during scanning can improve startup time and JSP compilation time.
20-Jan-2022 12:04:28.509 INFO [localhost-startStop-1] org.apache.jasper.servlet.TldScanner.scanJars At least one JAR was scanned for TLDs yet contained no TLDs. Enable debug logging for this logger for a complete list of JARs that were scanned but no TLDs were found in them. Skipping unneeded JARs during scanning can improve startup time and JSP compilation time.
20-Jan-2022 12:04:28.514 INFO [localhost-startStop-1] org.apache.catalina.startup.HostConfig.deployDescriptor Deployment of deployment descriptor [D:\book\servers\tomcat-8.5.72\conf\Catalina\localhost\BibleStudyNotes.xml] has finished in [367] ms
20-Jan-2022 12:04:28.515 INFO [localhost-startStop-1] org.apache.catalina.startup.HostConfig.deployDirectory Deploying web application directory [D:\book\servers\tomcat-8.5.72\webapps\docs]
20-Jan-2022 12:04:28.666 INFO [localhost-startStop-1] org.apache.jasper.servlet.TldScanner.scanJars At least one JAR was scanned for TLDs yet contained no TLDs. Enable debug logging for this logger for a complete list of JARs that were scanned but no TLDs were found in them. Skipping unneeded JARs during scanning can improve startup time and JSP compilation time.
20-Jan-2022 12:04:28.672 INFO [localhost-startStop-1] org.apache.catalina.startup.HostConfig.deployDirectory Deployment of web application directory [D:\book\servers\tomcat-8.5.72\webapps\docs] has finished in [157] ms
20-Jan-2022 12:04:28.673 INFO [localhost-startStop-1] org.apache.catalina.startup.HostConfig.deployDirectory Deploying web application directory [D:\book\servers\tomcat-8.5.72\webapps\examples]
20-Jan-2022 12:04:28.897 WARNING [localhost-startStop-1] org.apache.catalina.util.SessionIdGeneratorBase.createSecureRandom Creation of SecureRandom instance for session ID generation using [SHA1PRNG] took [400] milliseconds.
20-Jan-2022 12:04:28.920 INFO [localhost-startStop-1] org.apache.catalina.startup.HostConfig.deployDescriptor Deployment of deployment descriptor [D:\book\servers\tomcat-8.5.72\conf\Catalina\localhost\WEB_APP_P.xml] has finished in [2,996] ms
20-Jan-2022 12:04:28.921 INFO [localhost-startStop-1] org.apache.catalina.startup.HostConfig.deployDescriptor Deploying deployment descriptor [D:\book\servers\tomcat-8.5.72\conf\Catalina\localhost\Bible_v2.xml]
20-Jan-2022 12:04:28.928 SEVERE [localhost-startStop-1] org.apache.catalina.core.ContainerBase.addChildInternal ContainerBase.addChild: start: 
	org.apache.catalina.LifecycleException: Failed to start component [org.apache.catalina.webresources.StandardRoot@5591a8e4]
		at org.apache.catalina.util.LifecycleBase.handleSubClassException(LifecycleBase.java:440)
		at org.apache.catalina.util.LifecycleBase.start(LifecycleBase.java:198)
		at org.apache.catalina.core.StandardContext.resourcesStart(StandardContext.java:4880)
		at org.apache.catalina.core.StandardContext.startInternal(StandardContext.java:5018)
		at org.apache.catalina.util.LifecycleBase.start(LifecycleBase.java:183)
		at org.apache.catalina.core.ContainerBase.addChildInternal(ContainerBase.java:753)
		at org.apache.catalina.core.ContainerBase.addChild(ContainerBase.java:727)
		at org.apache.catalina.core.StandardHost.addChild(StandardHost.java:695)
		at org.apache.catalina.startup.HostConfig.deployDescriptor(HostConfig.java:673)
		at org.apache.catalina.startup.HostConfig$DeployDescriptor.run(HostConfig.java:1881)
		at java.util.concurrent.Executors$RunnableAdapter.call(Executors.java:511)
		at java.util.concurrent.FutureTask.run(FutureTask.java:266)
		at java.util.concurrent.ThreadPoolExecutor.runWorker(ThreadPoolExecutor.java:1142)
		at java.util.concurrent.ThreadPoolExecutor$Worker.run(ThreadPoolExecutor.java:617)
		at java.lang.Thread.run(Thread.java:745)
	Caused by: java.lang.IllegalArgumentException: The main resource set specified [D:\Personal\BibleProject\Bible_v2\build\web] is not valid
		at org.apache.catalina.webresources.StandardRoot.createMainResourceSet(StandardRoot.java:747)
		at org.apache.catalina.webresources.StandardRoot.startInternal(StandardRoot.java:705)
		at org.apache.catalina.util.LifecycleBase.start(LifecycleBase.java:183)
		... 13 more
20-Jan-2022 12:04:28.929 SEVERE [localhost-startStop-1] org.apache.catalina.startup.HostConfig.deployDescriptor Error deploying deployment descriptor [D:\book\servers\tomcat-8.5.72\conf\Catalina\localhost\Bible_v2.xml]
	java.lang.IllegalStateException: Error starting child
		at org.apache.catalina.core.ContainerBase.addChildInternal(ContainerBase.java:757)
		at org.apache.catalina.core.ContainerBase.addChild(ContainerBase.java:727)
		at org.apache.catalina.core.StandardHost.addChild(StandardHost.java:695)
		at org.apache.catalina.startup.HostConfig.deployDescriptor(HostConfig.java:673)
		at org.apache.catalina.startup.HostConfig$DeployDescriptor.run(HostConfig.java:1881)
		at java.util.concurrent.Executors$RunnableAdapter.call(Executors.java:511)
		at java.util.concurrent.FutureTask.run(FutureTask.java:266)
		at java.util.concurrent.ThreadPoolExecutor.runWorker(ThreadPoolExecutor.java:1142)
		at java.util.concurrent.ThreadPoolExecutor$Worker.run(ThreadPoolExecutor.java:617)
		at java.lang.Thread.run(Thread.java:745)
	Caused by: org.apache.catalina.LifecycleException: Failed to start component [org.apache.catalina.webresources.StandardRoot@5591a8e4]
		at org.apache.catalina.util.LifecycleBase.handleSubClassException(LifecycleBase.java:440)
		at org.apache.catalina.util.LifecycleBase.start(LifecycleBase.java:198)
		at org.apache.catalina.core.StandardContext.resourcesStart(StandardContext.java:4880)
		at org.apache.catalina.core.StandardContext.startInternal(StandardContext.java:5018)
		at org.apache.catalina.util.LifecycleBase.start(LifecycleBase.java:183)
		at org.apache.catalina.core.ContainerBase.addChildInternal(ContainerBase.java:753)
		... 9 more
	Caused by: java.lang.IllegalArgumentException: The main resource set specified [D:\Personal\BibleProject\Bible_v2\build\web] is not valid
		at org.apache.catalina.webresources.StandardRoot.createMainResourceSet(StandardRoot.java:747)
		at org.apache.catalina.webresources.StandardRoot.startInternal(StandardRoot.java:705)
		at org.apache.catalina.util.LifecycleBase.start(LifecycleBase.java:183)
		... 13 more
20-Jan-2022 12:04:28.941 INFO [localhost-startStop-1] org.apache.catalina.startup.HostConfig.deployDescriptor Deployment of deployment descriptor [D:\book\servers\tomcat-8.5.72\conf\Catalina\localhost\Bible_v2.xml] has finished in [20] ms
20-Jan-2022 12:04:28.941 INFO [localhost-startStop-1] org.apache.catalina.startup.HostConfig.deployDescriptor Deploying deployment descriptor [D:\book\servers\tomcat-8.5.72\conf\Catalina\localhost\BibleStudyNotes.xml]
20-Jan-2022 12:04:29.140 INFO [localhost-startStop-1] org.apache.jasper.servlet.TldScanner.scanJars At least one JAR was scanned for TLDs yet contained no TLDs. Enable debug logging for this logger for a complete list of JARs that were scanned but no TLDs were found in them. Skipping unneeded JARs during scanning can improve startup time and JSP compilation time.
20-Jan-2022 12:04:29.144 INFO [localhost-startStop-1] org.apache.catalina.startup.HostConfig.deployDescriptor Deployment of deployment descriptor [D:\book\servers\tomcat-8.5.72\conf\Catalina\localhost\BibleStudyNotes.xml] has finished in [203] ms
20-Jan-2022 12:04:29.146 INFO [localhost-startStop-1] org.apache.catalina.startup.HostConfig.deployDirectory Deploying web application directory [D:\book\servers\tomcat-8.5.72\webapps\docs]
20-Jan-2022 12:04:29.280 INFO [localhost-startStop-1] org.apache.jasper.servlet.TldScanner.scanJars At least one JAR was scanned for TLDs yet contained no TLDs. Enable debug logging for this logger for a complete list of JARs that were scanned but no TLDs were found in them. Skipping unneeded JARs during scanning can improve startup time and JSP compilation time.
20-Jan-2022 12:04:29.286 INFO [localhost-startStop-1] org.apache.catalina.startup.HostConfig.deployDirectory Deployment of web application directory [D:\book\servers\tomcat-8.5.72\webapps\docs] has finished in [139] ms
20-Jan-2022 12:04:29.286 INFO [localhost-startStop-1] org.apache.catalina.startup.HostConfig.deployDirectory Deploying web application directory [D:\book\servers\tomcat-8.5.72\webapps\examples]
20-Jan-2022 12:04:29.374 INFO [localhost-startStop-1] org.apache.jasper.servlet.TldScanner.scanJars At least one JAR was scanned for TLDs yet contained no TLDs. Enable debug logging for this logger for a complete list of JARs that were scanned but no TLDs were found in them. Skipping unneeded JARs during scanning can improve startup time and JSP compilation time.
20-Jan-2022 12:04:29.487 INFO [localhost-startStop-1] org.apache.catalina.startup.HostConfig.deployDirectory Deployment of web application directory [D:\book\servers\tomcat-8.5.72\webapps\examples] has finished in [814] ms
20-Jan-2022 12:04:29.487 INFO [localhost-startStop-1] org.apache.catalina.startup.HostConfig.deployDirectory Deploying web application directory [D:\book\servers\tomcat-8.5.72\webapps\host-manager]
20-Jan-2022 12:04:29.664 INFO [localhost-startStop-1] org.apache.jasper.servlet.TldScanner.scanJars At least one JAR was scanned for TLDs yet contained no TLDs. Enable debug logging for this logger for a complete list of JARs that were scanned but no TLDs were found in them. Skipping unneeded JARs during scanning can improve startup time and JSP compilation time.
20-Jan-2022 12:04:29.677 INFO [localhost-startStop-1] org.apache.catalina.startup.HostConfig.deployDirectory Deployment of web application directory [D:\book\servers\tomcat-8.5.72\webapps\host-manager] has finished in [189] ms
20-Jan-2022 12:04:29.677 INFO [localhost-startStop-1] org.apache.catalina.startup.HostConfig.deployDirectory Deploying web application directory [D:\book\servers\tomcat-8.5.72\webapps\manager]
20-Jan-2022 12:04:29.848 INFO [localhost-startStop-1] org.apache.jasper.servlet.TldScanner.scanJars At least one JAR was scanned for TLDs yet contained no TLDs. Enable debug logging for this logger for a complete list of JARs that were scanned but no TLDs were found in them. Skipping unneeded JARs during scanning can improve startup time and JSP compilation time.
20-Jan-2022 12:04:29.867 INFO [localhost-startStop-1] org.apache.catalina.startup.HostConfig.deployDirectory Deployment of web application directory [D:\book\servers\tomcat-8.5.72\webapps\manager] has finished in [190] ms
20-Jan-2022 12:04:29.867 INFO [localhost-startStop-1] org.apache.catalina.startup.HostConfig.deployDirectory Deploying web application directory [D:\book\servers\tomcat-8.5.72\webapps\ROOT]
20-Jan-2022 12:04:29.943 INFO [localhost-startStop-1] org.apache.jasper.servlet.TldScanner.scanJars At least one JAR was scanned for TLDs yet contained no TLDs. Enable debug logging for this logger for a complete list of JARs that were scanned but no TLDs were found in them. Skipping unneeded JARs during scanning can improve startup time and JSP compilation time.
20-Jan-2022 12:04:30.032 INFO [localhost-startStop-1] org.apache.jasper.servlet.TldScanner.scanJars At least one JAR was scanned for TLDs yet contained no TLDs. Enable debug logging for this logger for a complete list of JARs that were scanned but no TLDs were found in them. Skipping unneeded JARs during scanning can improve startup time and JSP compilation time.
20-Jan-2022 12:04:30.039 INFO [localhost-startStop-1] org.apache.catalina.startup.HostConfig.deployDirectory Deployment of web application directory [D:\book\servers\tomcat-8.5.72\webapps\ROOT] has finished in [172] ms
20-Jan-2022 12:04:30.107 INFO [localhost-startStop-1] org.apache.catalina.startup.HostConfig.deployDirectory Deployment of web application directory [D:\book\servers\tomcat-8.5.72\webapps\examples] has finished in [821] ms
20-Jan-2022 12:04:30.109 INFO [localhost-startStop-1] org.apache.catalina.startup.HostConfig.deployDirectory Deploying web application directory [D:\book\servers\tomcat-8.5.72\webapps\host-manager]
20-Jan-2022 12:04:30.273 INFO [localhost-startStop-1] org.apache.jasper.servlet.TldScanner.scanJars At least one JAR was scanned for TLDs yet contained no TLDs. Enable debug logging for this logger for a complete list of JARs that were scanned but no TLDs were found in them. Skipping unneeded JARs during scanning can improve startup time and JSP compilation time.
20-Jan-2022 12:04:30.282 INFO [localhost-startStop-1] org.apache.catalina.startup.HostConfig.deployDirectory Deployment of web application directory [D:\book\servers\tomcat-8.5.72\webapps\host-manager] has finished in [173] ms
20-Jan-2022 12:04:30.283 INFO [localhost-startStop-1] org.apache.catalina.startup.HostConfig.deployDirectory Deploying web application directory [D:\book\servers\tomcat-8.5.72\webapps\manager]
20-Jan-2022 12:04:30.411 INFO [main] org.apache.coyote.AbstractProtocol.start Starting ProtocolHandler ["http-nio-8080"]
20-Jan-2022 12:04:30.446 INFO [localhost-startStop-1] org.apache.jasper.servlet.TldScanner.scanJars At least one JAR was scanned for TLDs yet contained no TLDs. Enable debug logging for this logger for a complete list of JARs that were scanned but no TLDs were found in them. Skipping unneeded JARs during scanning can improve startup time and JSP compilation time.
20-Jan-2022 12:04:30.450 INFO [localhost-startStop-1] org.apache.catalina.startup.HostConfig.deployDirectory Deployment of web application directory [D:\book\servers\tomcat-8.5.72\webapps\manager] has finished in [167] ms
20-Jan-2022 12:04:30.450 INFO [localhost-startStop-1] org.apache.catalina.startup.HostConfig.deployDirectory Deploying web application directory [D:\book\servers\tomcat-8.5.72\webapps\ROOT]
20-Jan-2022 12:04:30.463 INFO [main] org.apache.catalina.startup.Catalina.start Server startup in 5921 ms
20-Jan-2022 12:04:30.607 INFO [localhost-startStop-1] org.apache.jasper.servlet.TldScanner.scanJars At least one JAR was scanned for TLDs yet contained no TLDs. Enable debug logging for this logger for a complete list of JARs that were scanned but no TLDs were found in them. Skipping unneeded JARs during scanning can improve startup time and JSP compilation time.
20-Jan-2022 12:04:30.617 INFO [localhost-startStop-1] org.apache.catalina.startup.HostConfig.deployDirectory Deployment of web application directory [D:\book\servers\tomcat-8.5.72\webapps\ROOT] has finished in [166] ms
20-Jan-2022 12:04:30.627 INFO [main] org.apache.catalina.startup.Catalina.start Server startup in 4811 ms
20-Jan-2022 12:04:30.638 SEVERE [main] org.apache.catalina.core.StandardServer.await StandardServer.await: create[localhost:8005]: 
	java.net.BindException: Address already in use: JVM_Bind
		at java.net.DualStackPlainSocketImpl.bind0(Native Method)
		at java.net.DualStackPlainSocketImpl.socketBind(DualStackPlainSocketImpl.java:106)
		at java.net.AbstractPlainSocketImpl.bind(AbstractPlainSocketImpl.java:387)
		at java.net.PlainSocketImpl.bind(PlainSocketImpl.java:190)
		at java.net.ServerSocket.bind(ServerSocket.java:375)
		at java.net.ServerSocket.<init>(ServerSocket.java:237)
		at org.apache.catalina.core.StandardServer.await(StandardServer.java:414)
		at org.apache.catalina.startup.Catalina.await(Catalina.java:776)
		at org.apache.catalina.startup.Catalina.start(Catalina.java:722)
		at sun.reflect.NativeMethodAccessorImpl.invoke0(Native Method)
		at sun.reflect.NativeMethodAccessorImpl.invoke(NativeMethodAccessorImpl.java:62)
		at sun.reflect.DelegatingMethodAccessorImpl.invoke(DelegatingMethodAccessorImpl.java:43)
		at java.lang.reflect.Method.invoke(Method.java:498)
		at org.apache.catalina.startup.Bootstrap.start(Bootstrap.java:345)
		at org.apache.catalina.startup.Bootstrap.main(Bootstrap.java:476)
20-Jan-2022 12:04:30.638 INFO [main] org.apache.coyote.AbstractProtocol.pause Pausing ProtocolHandler ["http-nio-8080"]
20-Jan-2022 12:04:30.639 INFO [main] org.apache.catalina.core.StandardService.stopInternal Stopping service [Catalina]
20-Jan-2022 12:04:30.731 INFO [main] org.apache.coyote.AbstractProtocol.stop Stopping ProtocolHandler ["http-nio-8080"]
20-Jan-2022 12:04:30.735 INFO [main] org.apache.coyote.AbstractProtocol.destroy Destroying ProtocolHandler ["http-nio-8080"]
20-Jan-2022 13:47:18.939 WARNING [main] org.apache.catalina.core.AprLifecycleListener.init The Apache Tomcat Native library failed to load. The error reported was [D:\book\servers\tomcat-8.5.72\bin\tcnative-1.dll: Can't load IA 32-bit .dll on a AMD 64-bit platform]
	java.lang.UnsatisfiedLinkError: D:\book\servers\tomcat-8.5.72\bin\tcnative-1.dll: Can't load IA 32-bit .dll on a AMD 64-bit platform
		at java.lang.ClassLoader$NativeLibrary.load(Native Method)
		at java.lang.ClassLoader.loadLibrary0(ClassLoader.java:1941)
		at java.lang.ClassLoader.loadLibrary(ClassLoader.java:1857)
		at java.lang.Runtime.loadLibrary0(Runtime.java:870)
		at java.lang.System.loadLibrary(System.java:1122)
		at org.apache.tomcat.jni.Library.<init>(Library.java:41)
		at org.apache.tomcat.jni.Library.initialize(Library.java:173)
		at org.apache.catalina.core.AprLifecycleListener.init(AprLifecycleListener.java:195)
		at org.apache.catalina.core.AprLifecycleListener.isAprAvailable(AprLifecycleListener.java:104)
		at org.apache.catalina.connector.Connector.setProtocol(Connector.java:641)
		at org.apache.catalina.connector.Connector.<init>(Connector.java:81)
		at org.apache.catalina.startup.ConnectorCreateRule.begin(ConnectorCreateRule.java:62)
		at org.apache.tomcat.util.digester.Digester.startElement(Digester.java:1235)
		at com.sun.org.apache.xerces.internal.parsers.AbstractSAXParser.startElement(AbstractSAXParser.java:509)
		at com.sun.org.apache.xerces.internal.parsers.AbstractXMLDocumentParser.emptyElement(AbstractXMLDocumentParser.java:182)
		at com.sun.org.apache.xerces.internal.impl.XMLDocumentFragmentScannerImpl.scanStartElement(XMLDocumentFragmentScannerImpl.java:1339)
		at com.sun.org.apache.xerces.internal.impl.XMLDocumentFragmentScannerImpl$FragmentContentDriver.next(XMLDocumentFragmentScannerImpl.java:2784)
		at com.sun.org.apache.xerces.internal.impl.XMLDocumentScannerImpl.next(XMLDocumentScannerImpl.java:602)
		at com.sun.org.apache.xerces.internal.impl.XMLDocumentFragmentScannerImpl.scanDocument(XMLDocumentFragmentScannerImpl.java:505)
		at com.sun.org.apache.xerces.internal.parsers.XML11Configuration.parse(XML11Configuration.java:841)
		at com.sun.org.apache.xerces.internal.parsers.XML11Configuration.parse(XML11Configuration.java:770)
		at com.sun.org.apache.xerces.internal.parsers.XMLParser.parse(XMLParser.java:141)
		at com.sun.org.apache.xerces.internal.parsers.AbstractSAXParser.parse(AbstractSAXParser.java:1213)
		at com.sun.org.apache.xerces.internal.jaxp.SAXParserImpl$JAXPSAXParser.parse(SAXParserImpl.java:643)
		at org.apache.tomcat.util.digester.Digester.parse(Digester.java:1496)
		at org.apache.catalina.startup.Catalina.load(Catalina.java:611)
		at org.apache.catalina.startup.Catalina.load(Catalina.java:662)
		at sun.reflect.NativeMethodAccessorImpl.invoke0(Native Method)
		at sun.reflect.NativeMethodAccessorImpl.invoke(NativeMethodAccessorImpl.java:62)
		at sun.reflect.DelegatingMethodAccessorImpl.invoke(DelegatingMethodAccessorImpl.java:43)
		at java.lang.reflect.Method.invoke(Method.java:498)
		at org.apache.catalina.startup.Bootstrap.load(Bootstrap.java:305)
		at org.apache.catalina.startup.Bootstrap.main(Bootstrap.java:475)
20-Jan-2022 13:47:19.154 INFO [main] org.apache.catalina.startup.VersionLoggerListener.log Server version name:   Apache Tomcat/8.5.72
20-Jan-2022 13:47:19.154 INFO [main] org.apache.catalina.startup.VersionLoggerListener.log Server built:          Oct 1 2021 15:15:33 UTC
20-Jan-2022 13:47:19.154 INFO [main] org.apache.catalina.startup.VersionLoggerListener.log Server version number: 8.5.72.0
20-Jan-2022 13:47:19.155 INFO [main] org.apache.catalina.startup.VersionLoggerListener.log OS Name:               Windows 10
20-Jan-2022 13:47:19.155 INFO [main] org.apache.catalina.startup.VersionLoggerListener.log OS Version:            10.0
20-Jan-2022 13:47:19.155 INFO [main] org.apache.catalina.startup.VersionLoggerListener.log Architecture:          amd64
20-Jan-2022 13:47:19.155 INFO [main] org.apache.catalina.startup.VersionLoggerListener.log Java Home:             C:\Program Files\Java\jdk1.8.0_111\jre
20-Jan-2022 13:47:19.155 INFO [main] org.apache.catalina.startup.VersionLoggerListener.log JVM Version:           1.8.0_111-b14
20-Jan-2022 13:47:19.156 INFO [main] org.apache.catalina.startup.VersionLoggerListener.log JVM Vendor:            Oracle Corporation
20-Jan-2022 13:47:19.156 INFO [main] org.apache.catalina.startup.VersionLoggerListener.log CATALINA_BASE:         D:\book\servers\tomcat-8.5.72
20-Jan-2022 13:47:19.156 INFO [main] org.apache.catalina.startup.VersionLoggerListener.log CATALINA_HOME:         D:\book\servers\tomcat-8.5.72
20-Jan-2022 13:47:19.156 INFO [main] org.apache.catalina.startup.VersionLoggerListener.log Command line argument: -Djava.util.logging.config.file=D:\book\servers\tomcat-8.5.72\conf\logging.properties
20-Jan-2022 13:47:19.157 INFO [main] org.apache.catalina.startup.VersionLoggerListener.log Command line argument: -Djava.util.logging.manager=org.apache.juli.ClassLoaderLogManager
20-Jan-2022 13:47:19.157 INFO [main] org.apache.catalina.startup.VersionLoggerListener.log Command line argument: -Djdk.tls.ephemeralDHKeySize=2048
20-Jan-2022 13:47:19.157 INFO [main] org.apache.catalina.startup.VersionLoggerListener.log Command line argument: -Djava.protocol.handler.pkgs=org.apache.catalina.webresources
20-Jan-2022 13:47:19.157 INFO [main] org.apache.catalina.startup.VersionLoggerListener.log Command line argument: -Dignore.endorsed.dirs=
20-Jan-2022 13:47:19.157 INFO [main] org.apache.catalina.startup.VersionLoggerListener.log Command line argument: -Dcatalina.base=D:\book\servers\tomcat-8.5.72
20-Jan-2022 13:47:19.157 INFO [main] org.apache.catalina.startup.VersionLoggerListener.log Command line argument: -Dcatalina.home=D:\book\servers\tomcat-8.5.72
20-Jan-2022 13:47:19.158 INFO [main] org.apache.catalina.startup.VersionLoggerListener.log Command line argument: -Djava.io.tmpdir=D:\book\servers\tomcat-8.5.72\temp
20-Jan-2022 13:47:19.457 INFO [main] org.apache.coyote.AbstractProtocol.init Initializing ProtocolHandler ["http-nio-8080"]
20-Jan-2022 13:47:19.874 INFO [main] org.apache.tomcat.util.net.NioSelectorPool.getSharedSelector Using a shared selector for servlet write/read
20-Jan-2022 13:47:19.895 INFO [main] org.apache.catalina.startup.Catalina.load Initialization processed in 1489 ms
20-Jan-2022 13:47:19.962 INFO [main] org.apache.catalina.core.StandardService.startInternal Starting service [Catalina]
20-Jan-2022 13:47:19.963 INFO [main] org.apache.catalina.core.StandardEngine.startInternal Starting Servlet engine: [Apache Tomcat/8.5.72]
20-Jan-2022 13:47:19.992 INFO [localhost-startStop-1] org.apache.catalina.startup.HostConfig.deployDescriptor Deploying deployment descriptor [D:\book\servers\tomcat-8.5.72\conf\Catalina\localhost\WEB_APP_P.xml]
20-Jan-2022 13:47:22.722 INFO [localhost-startStop-1] org.apache.jasper.servlet.TldScanner.scanJars At least one JAR was scanned for TLDs yet contained no TLDs. Enable debug logging for this logger for a complete list of JARs that were scanned but no TLDs were found in them. Skipping unneeded JARs during scanning can improve startup time and JSP compilation time.
20-Jan-2022 13:47:22.816 INFO [localhost-startStop-1] org.apache.catalina.startup.HostConfig.deployDescriptor Deployment of deployment descriptor [D:\book\servers\tomcat-8.5.72\conf\Catalina\localhost\WEB_APP_P.xml] has finished in [2,824] ms
20-Jan-2022 13:47:22.816 INFO [localhost-startStop-1] org.apache.catalina.startup.HostConfig.deployDescriptor Deploying deployment descriptor [D:\book\servers\tomcat-8.5.72\conf\Catalina\localhost\Bible_v2.xml]
20-Jan-2022 13:47:22.823 SEVERE [localhost-startStop-1] org.apache.catalina.core.ContainerBase.addChildInternal ContainerBase.addChild: start: 
	org.apache.catalina.LifecycleException: Failed to start component [org.apache.catalina.webresources.StandardRoot@663fe8b7]
		at org.apache.catalina.util.LifecycleBase.handleSubClassException(LifecycleBase.java:440)
		at org.apache.catalina.util.LifecycleBase.start(LifecycleBase.java:198)
		at org.apache.catalina.core.StandardContext.resourcesStart(StandardContext.java:4880)
		at org.apache.catalina.core.StandardContext.startInternal(StandardContext.java:5018)
		at org.apache.catalina.util.LifecycleBase.start(LifecycleBase.java:183)
		at org.apache.catalina.core.ContainerBase.addChildInternal(ContainerBase.java:753)
		at org.apache.catalina.core.ContainerBase.addChild(ContainerBase.java:727)
		at org.apache.catalina.core.StandardHost.addChild(StandardHost.java:695)
		at org.apache.catalina.startup.HostConfig.deployDescriptor(HostConfig.java:673)
		at org.apache.catalina.startup.HostConfig$DeployDescriptor.run(HostConfig.java:1881)
		at java.util.concurrent.Executors$RunnableAdapter.call(Executors.java:511)
		at java.util.concurrent.FutureTask.run(FutureTask.java:266)
		at java.util.concurrent.ThreadPoolExecutor.runWorker(ThreadPoolExecutor.java:1142)
		at java.util.concurrent.ThreadPoolExecutor$Worker.run(ThreadPoolExecutor.java:617)
		at java.lang.Thread.run(Thread.java:745)
	Caused by: java.lang.IllegalArgumentException: The main resource set specified [D:\Personal\BibleProject\Bible_v2\build\web] is not valid
		at org.apache.catalina.webresources.StandardRoot.createMainResourceSet(StandardRoot.java:747)
		at org.apache.catalina.webresources.StandardRoot.startInternal(StandardRoot.java:705)
		at org.apache.catalina.util.LifecycleBase.start(LifecycleBase.java:183)
		... 13 more
20-Jan-2022 13:47:22.824 SEVERE [localhost-startStop-1] org.apache.catalina.startup.HostConfig.deployDescriptor Error deploying deployment descriptor [D:\book\servers\tomcat-8.5.72\conf\Catalina\localhost\Bible_v2.xml]
	java.lang.IllegalStateException: Error starting child
		at org.apache.catalina.core.ContainerBase.addChildInternal(ContainerBase.java:757)
		at org.apache.catalina.core.ContainerBase.addChild(ContainerBase.java:727)
		at org.apache.catalina.core.StandardHost.addChild(StandardHost.java:695)
		at org.apache.catalina.startup.HostConfig.deployDescriptor(HostConfig.java:673)
		at org.apache.catalina.startup.HostConfig$DeployDescriptor.run(HostConfig.java:1881)
		at java.util.concurrent.Executors$RunnableAdapter.call(Executors.java:511)
		at java.util.concurrent.FutureTask.run(FutureTask.java:266)
		at java.util.concurrent.ThreadPoolExecutor.runWorker(ThreadPoolExecutor.java:1142)
		at java.util.concurrent.ThreadPoolExecutor$Worker.run(ThreadPoolExecutor.java:617)
		at java.lang.Thread.run(Thread.java:745)
	Caused by: org.apache.catalina.LifecycleException: Failed to start component [org.apache.catalina.webresources.StandardRoot@663fe8b7]
		at org.apache.catalina.util.LifecycleBase.handleSubClassException(LifecycleBase.java:440)
		at org.apache.catalina.util.LifecycleBase.start(LifecycleBase.java:198)
		at org.apache.catalina.core.StandardContext.resourcesStart(StandardContext.java:4880)
		at org.apache.catalina.core.StandardContext.startInternal(StandardContext.java:5018)
		at org.apache.catalina.util.LifecycleBase.start(LifecycleBase.java:183)
		at org.apache.catalina.core.ContainerBase.addChildInternal(ContainerBase.java:753)
		... 9 more
	Caused by: java.lang.IllegalArgumentException: The main resource set specified [D:\Personal\BibleProject\Bible_v2\build\web] is not valid
		at org.apache.catalina.webresources.StandardRoot.createMainResourceSet(StandardRoot.java:747)
		at org.apache.catalina.webresources.StandardRoot.startInternal(StandardRoot.java:705)
		at org.apache.catalina.util.LifecycleBase.start(LifecycleBase.java:183)
		... 13 more
20-Jan-2022 13:47:22.840 INFO [localhost-startStop-1] org.apache.catalina.startup.HostConfig.deployDescriptor Deployment of deployment descriptor [D:\book\servers\tomcat-8.5.72\conf\Catalina\localhost\Bible_v2.xml] has finished in [24] ms
20-Jan-2022 13:47:22.841 INFO [localhost-startStop-1] org.apache.catalina.startup.HostConfig.deployDescriptor Deploying deployment descriptor [D:\book\servers\tomcat-8.5.72\conf\Catalina\localhost\BibleStudyNotes.xml]
20-Jan-2022 13:47:23.249 INFO [localhost-startStop-1] org.apache.jasper.servlet.TldScanner.scanJars At least one JAR was scanned for TLDs yet contained no TLDs. Enable debug logging for this logger for a complete list of JARs that were scanned but no TLDs were found in them. Skipping unneeded JARs during scanning can improve startup time and JSP compilation time.
20-Jan-2022 13:47:23.317 INFO [localhost-startStop-1] org.apache.catalina.startup.HostConfig.deployDescriptor Deployment of deployment descriptor [D:\book\servers\tomcat-8.5.72\conf\Catalina\localhost\BibleStudyNotes.xml] has finished in [476] ms
20-Jan-2022 13:47:23.318 INFO [localhost-startStop-1] org.apache.catalina.startup.HostConfig.deployDirectory Deploying web application directory [D:\book\servers\tomcat-8.5.72\webapps\docs]
20-Jan-2022 13:47:23.421 INFO [localhost-startStop-1] org.apache.jasper.servlet.TldScanner.scanJars At least one JAR was scanned for TLDs yet contained no TLDs. Enable debug logging for this logger for a complete list of JARs that were scanned but no TLDs were found in them. Skipping unneeded JARs during scanning can improve startup time and JSP compilation time.
20-Jan-2022 13:47:23.426 INFO [localhost-startStop-1] org.apache.catalina.startup.HostConfig.deployDirectory Deployment of web application directory [D:\book\servers\tomcat-8.5.72\webapps\docs] has finished in [108] ms
20-Jan-2022 13:47:23.427 INFO [localhost-startStop-1] org.apache.catalina.startup.HostConfig.deployDirectory Deploying web application directory [D:\book\servers\tomcat-8.5.72\webapps\examples]
20-Jan-2022 13:47:23.910 INFO [localhost-startStop-1] org.apache.jasper.servlet.TldScanner.scanJars At least one JAR was scanned for TLDs yet contained no TLDs. Enable debug logging for this logger for a complete list of JARs that were scanned but no TLDs were found in them. Skipping unneeded JARs during scanning can improve startup time and JSP compilation time.
20-Jan-2022 13:47:23.977 INFO [localhost-startStop-1] org.apache.catalina.startup.HostConfig.deployDirectory Deployment of web application directory [D:\book\servers\tomcat-8.5.72\webapps\examples] has finished in [551] ms
20-Jan-2022 13:47:23.977 INFO [localhost-startStop-1] org.apache.catalina.startup.HostConfig.deployDirectory Deploying web application directory [D:\book\servers\tomcat-8.5.72\webapps\host-manager]
20-Jan-2022 13:47:24.077 INFO [localhost-startStop-1] org.apache.jasper.servlet.TldScanner.scanJars At least one JAR was scanned for TLDs yet contained no TLDs. Enable debug logging for this logger for a complete list of JARs that were scanned but no TLDs were found in them. Skipping unneeded JARs during scanning can improve startup time and JSP compilation time.
20-Jan-2022 13:47:24.082 INFO [localhost-startStop-1] org.apache.catalina.startup.HostConfig.deployDirectory Deployment of web application directory [D:\book\servers\tomcat-8.5.72\webapps\host-manager] has finished in [105] ms
20-Jan-2022 13:47:24.083 INFO [localhost-startStop-1] org.apache.catalina.startup.HostConfig.deployDirectory Deploying web application directory [D:\book\servers\tomcat-8.5.72\webapps\manager]
20-Jan-2022 13:47:24.166 INFO [localhost-startStop-1] org.apache.jasper.servlet.TldScanner.scanJars At least one JAR was scanned for TLDs yet contained no TLDs. Enable debug logging for this logger for a complete list of JARs that were scanned but no TLDs were found in them. Skipping unneeded JARs during scanning can improve startup time and JSP compilation time.
20-Jan-2022 13:47:24.170 INFO [localhost-startStop-1] org.apache.catalina.startup.HostConfig.deployDirectory Deployment of web application directory [D:\book\servers\tomcat-8.5.72\webapps\manager] has finished in [88] ms
20-Jan-2022 13:47:24.170 INFO [localhost-startStop-1] org.apache.catalina.startup.HostConfig.deployDirectory Deploying web application directory [D:\book\servers\tomcat-8.5.72\webapps\ROOT]
20-Jan-2022 13:47:24.256 INFO [localhost-startStop-1] org.apache.jasper.servlet.TldScanner.scanJars At least one JAR was scanned for TLDs yet contained no TLDs. Enable debug logging for this logger for a complete list of JARs that were scanned but no TLDs were found in them. Skipping unneeded JARs during scanning can improve startup time and JSP compilation time.
20-Jan-2022 13:47:24.260 INFO [localhost-startStop-1] org.apache.catalina.startup.HostConfig.deployDirectory Deployment of web application directory [D:\book\servers\tomcat-8.5.72\webapps\ROOT] has finished in [90] ms
20-Jan-2022 13:47:24.267 INFO [main] org.apache.coyote.AbstractProtocol.start Starting ProtocolHandler ["http-nio-8080"]
20-Jan-2022 13:47:24.286 INFO [main] org.apache.catalina.startup.Catalina.start Server startup in 4390 ms
20-Jan-2022 13:47:27.971 INFO [http-nio-8080-exec-9] org.apache.catalina.startup.HostConfig.undeploy Undeploying context [/BibleStudyNotes]
20-Jan-2022 13:47:28.023 INFO [http-nio-8080-exec-10] org.apache.catalina.startup.HostConfig.deployDescriptor Deploying deployment descriptor [D:\book\servers\tomcat-8.5.72\conf\Catalina\localhost\BibleStudyNotes.xml]
20-Jan-2022 13:47:28.250 INFO [http-nio-8080-exec-10] org.apache.jasper.servlet.TldScanner.scanJars At least one JAR was scanned for TLDs yet contained no TLDs. Enable debug logging for this logger for a complete list of JARs that were scanned but no TLDs were found in them. Skipping unneeded JARs during scanning can improve startup time and JSP compilation time.
20-Jan-2022 13:47:28.323 INFO [http-nio-8080-exec-10] org.apache.catalina.startup.HostConfig.deployDescriptor Deployment of deployment descriptor [D:\book\servers\tomcat-8.5.72\conf\Catalina\localhost\BibleStudyNotes.xml] has finished in [300] ms
