05-Nov-2021 12:59:02.550 WARNING [main] org.apache.catalina.core.AprLifecycleListener.init The Apache Tomcat Native library failed to load. The error reported was [D:\book\Program Files\Java\tomcat-8.5.72\bin\tcnative-1.dll: Can't load IA 32-bit .dll on a AMD 64-bit platform]
	java.lang.UnsatisfiedLinkError: D:\book\Program Files\Java\tomcat-8.5.72\bin\tcnative-1.dll: Can't load IA 32-bit .dll on a AMD 64-bit platform
		at java.lang.ClassLoader$NativeLibrary.load(Native Method)
		at java.lang.ClassLoader.loadLibrary0(ClassLoader.java:1941)
		at java.lang.ClassLoader.loadLibrary(ClassLoader.java:1857)
		at java.lang.Runtime.loadLibrary0(Runtime.java:870)
		at java.lang.System.loadLibrary(System.java:1122)
		at org.apache.tomcat.jni.Library.<init>(Library.java:41)
		at org.apache.tomcat.jni.Library.initialize(Library.java:173)
		at org.apache.catalina.core.AprLifecycleListener.init(AprLifecycleListener.java:195)
		at org.apache.catalina.core.AprLifecycleListener.isAprAvailable(AprLifecycleListener.java:104)
		at org.apache.catalina.connector.Connector.setProtocol(Connector.java:641)
		at org.apache.catalina.connector.Connector.<init>(Connector.java:81)
		at org.apache.catalina.startup.ConnectorCreateRule.begin(ConnectorCreateRule.java:62)
		at org.apache.tomcat.util.digester.Digester.startElement(Digester.java:1235)
		at com.sun.org.apache.xerces.internal.parsers.AbstractSAXParser.startElement(AbstractSAXParser.java:509)
		at com.sun.org.apache.xerces.internal.parsers.AbstractXMLDocumentParser.emptyElement(AbstractXMLDocumentParser.java:182)
		at com.sun.org.apache.xerces.internal.impl.XMLDocumentFragmentScannerImpl.scanStartElement(XMLDocumentFragmentScannerImpl.java:1339)
		at com.sun.org.apache.xerces.internal.impl.XMLDocumentFragmentScannerImpl$FragmentContentDriver.next(XMLDocumentFragmentScannerImpl.java:2784)
		at com.sun.org.apache.xerces.internal.impl.XMLDocumentScannerImpl.next(XMLDocumentScannerImpl.java:602)
		at com.sun.org.apache.xerces.internal.impl.XMLDocumentFragmentScannerImpl.scanDocument(XMLDocumentFragmentScannerImpl.java:505)
		at com.sun.org.apache.xerces.internal.parsers.XML11Configuration.parse(XML11Configuration.java:841)
		at com.sun.org.apache.xerces.internal.parsers.XML11Configuration.parse(XML11Configuration.java:770)
		at com.sun.org.apache.xerces.internal.parsers.XMLParser.parse(XMLParser.java:141)
		at com.sun.org.apache.xerces.internal.parsers.AbstractSAXParser.parse(AbstractSAXParser.java:1213)
		at com.sun.org.apache.xerces.internal.jaxp.SAXParserImpl$JAXPSAXParser.parse(SAXParserImpl.java:643)
		at org.apache.tomcat.util.digester.Digester.parse(Digester.java:1496)
		at org.apache.catalina.startup.Catalina.load(Catalina.java:611)
		at org.apache.catalina.startup.Catalina.load(Catalina.java:662)
		at sun.reflect.NativeMethodAccessorImpl.invoke0(Native Method)
		at sun.reflect.NativeMethodAccessorImpl.invoke(NativeMethodAccessorImpl.java:62)
		at sun.reflect.DelegatingMethodAccessorImpl.invoke(DelegatingMethodAccessorImpl.java:43)
		at java.lang.reflect.Method.invoke(Method.java:498)
		at org.apache.catalina.startup.Bootstrap.load(Bootstrap.java:305)
		at org.apache.catalina.startup.Bootstrap.main(Bootstrap.java:475)
05-Nov-2021 12:59:02.731 INFO [main] org.apache.catalina.startup.VersionLoggerListener.log Server version name:   Apache Tomcat/8.5.72
05-Nov-2021 12:59:02.731 INFO [main] org.apache.catalina.startup.VersionLoggerListener.log Server built:          Oct 1 2021 15:15:33 UTC
05-Nov-2021 12:59:02.732 INFO [main] org.apache.catalina.startup.VersionLoggerListener.log Server version number: 8.5.72.0
05-Nov-2021 12:59:02.732 INFO [main] org.apache.catalina.startup.VersionLoggerListener.log OS Name:               Windows 10
05-Nov-2021 12:59:02.732 INFO [main] org.apache.catalina.startup.VersionLoggerListener.log OS Version:            10.0
05-Nov-2021 12:59:02.732 INFO [main] org.apache.catalina.startup.VersionLoggerListener.log Architecture:          amd64
05-Nov-2021 12:59:02.732 INFO [main] org.apache.catalina.startup.VersionLoggerListener.log Java Home:             C:\Program Files\Java\jdk1.8.0_111\jre
05-Nov-2021 12:59:02.732 INFO [main] org.apache.catalina.startup.VersionLoggerListener.log JVM Version:           1.8.0_111-b14
05-Nov-2021 12:59:02.733 INFO [main] org.apache.catalina.startup.VersionLoggerListener.log JVM Vendor:            Oracle Corporation
05-Nov-2021 12:59:02.733 INFO [main] org.apache.catalina.startup.VersionLoggerListener.log CATALINA_BASE:         D:\book\Program Files\Java\tomcat-8.5.72
05-Nov-2021 12:59:02.733 INFO [main] org.apache.catalina.startup.VersionLoggerListener.log CATALINA_HOME:         D:\book\Program Files\Java\tomcat-8.5.72
05-Nov-2021 12:59:02.733 INFO [main] org.apache.catalina.startup.VersionLoggerListener.log Command line argument: -Djava.util.logging.config.file=D:\book\Program Files\Java\tomcat-8.5.72\conf\logging.properties
05-Nov-2021 12:59:02.733 INFO [main] org.apache.catalina.startup.VersionLoggerListener.log Command line argument: -Djava.util.logging.manager=org.apache.juli.ClassLoaderLogManager
05-Nov-2021 12:59:02.734 INFO [main] org.apache.catalina.startup.VersionLoggerListener.log Command line argument: -Djdk.tls.ephemeralDHKeySize=2048
05-Nov-2021 12:59:02.734 INFO [main] org.apache.catalina.startup.VersionLoggerListener.log Command line argument: -Djava.protocol.handler.pkgs=org.apache.catalina.webresources
05-Nov-2021 12:59:02.734 INFO [main] org.apache.catalina.startup.VersionLoggerListener.log Command line argument: -Dignore.endorsed.dirs=
05-Nov-2021 12:59:02.734 INFO [main] org.apache.catalina.startup.VersionLoggerListener.log Command line argument: -Dcatalina.base=D:\book\Program Files\Java\tomcat-8.5.72
05-Nov-2021 12:59:02.734 INFO [main] org.apache.catalina.startup.VersionLoggerListener.log Command line argument: -Dcatalina.home=D:\book\Program Files\Java\tomcat-8.5.72
05-Nov-2021 12:59:02.734 INFO [main] org.apache.catalina.startup.VersionLoggerListener.log Command line argument: -Djava.io.tmpdir=D:\book\Program Files\Java\tomcat-8.5.72\temp
05-Nov-2021 12:59:02.987 INFO [main] org.apache.coyote.AbstractProtocol.init Initializing ProtocolHandler ["http-nio-8080"]
05-Nov-2021 12:59:03.333 INFO [main] org.apache.tomcat.util.net.NioSelectorPool.getSharedSelector Using a shared selector for servlet write/read
05-Nov-2021 12:59:03.353 INFO [main] org.apache.catalina.startup.Catalina.load Initialization processed in 1460 ms
05-Nov-2021 12:59:03.405 INFO [main] org.apache.catalina.core.StandardService.startInternal Starting service [Catalina]
05-Nov-2021 12:59:03.405 INFO [main] org.apache.catalina.core.StandardEngine.startInternal Starting Servlet engine: [Apache Tomcat/8.5.72]
05-Nov-2021 12:59:03.449 INFO [localhost-startStop-1] org.apache.catalina.startup.HostConfig.deployDirectory Deploying web application directory [D:\book\Program Files\Java\tomcat-8.5.72\webapps\docs]
05-Nov-2021 12:59:04.137 INFO [localhost-startStop-1] org.apache.jasper.servlet.TldScanner.scanJars At least one JAR was scanned for TLDs yet contained no TLDs. Enable debug logging for this logger for a complete list of JARs that were scanned but no TLDs were found in them. Skipping unneeded JARs during scanning can improve startup time and JSP compilation time.
05-Nov-2021 12:59:04.249 INFO [localhost-startStop-1] org.apache.catalina.startup.HostConfig.deployDirectory Deployment of web application directory [D:\book\Program Files\Java\tomcat-8.5.72\webapps\docs] has finished in [800] ms
05-Nov-2021 12:59:04.577 INFO [localhost-startStop-1] org.apache.catalina.startup.HostConfig.deployDirectory Deploying web application directory [D:\book\Program Files\Java\tomcat-8.5.72\webapps\examples]
05-Nov-2021 12:59:05.597 INFO [localhost-startStop-1] org.apache.jasper.servlet.TldScanner.scanJars At least one JAR was scanned for TLDs yet contained no TLDs. Enable debug logging for this logger for a complete list of JARs that were scanned but no TLDs were found in them. Skipping unneeded JARs during scanning can improve startup time and JSP compilation time.
05-Nov-2021 12:59:05.670 INFO [localhost-startStop-1] org.apache.catalina.startup.HostConfig.deployDirectory Deployment of web application directory [D:\book\Program Files\Java\tomcat-8.5.72\webapps\examples] has finished in [1,092] ms
05-Nov-2021 12:59:05.670 INFO [localhost-startStop-1] org.apache.catalina.startup.HostConfig.deployDirectory Deploying web application directory [D:\book\Program Files\Java\tomcat-8.5.72\webapps\host-manager]
05-Nov-2021 12:59:05.860 INFO [localhost-startStop-1] org.apache.jasper.servlet.TldScanner.scanJars At least one JAR was scanned for TLDs yet contained no TLDs. Enable debug logging for this logger for a complete list of JARs that were scanned but no TLDs were found in them. Skipping unneeded JARs during scanning can improve startup time and JSP compilation time.
05-Nov-2021 12:59:05.869 INFO [localhost-startStop-1] org.apache.catalina.startup.HostConfig.deployDirectory Deployment of web application directory [D:\book\Program Files\Java\tomcat-8.5.72\webapps\host-manager] has finished in [199] ms
05-Nov-2021 12:59:05.869 INFO [localhost-startStop-1] org.apache.catalina.startup.HostConfig.deployDirectory Deploying web application directory [D:\book\Program Files\Java\tomcat-8.5.72\webapps\manager]
05-Nov-2021 12:59:05.994 INFO [localhost-startStop-1] org.apache.jasper.servlet.TldScanner.scanJars At least one JAR was scanned for TLDs yet contained no TLDs. Enable debug logging for this logger for a complete list of JARs that were scanned but no TLDs were found in them. Skipping unneeded JARs during scanning can improve startup time and JSP compilation time.
05-Nov-2021 12:59:05.999 INFO [localhost-startStop-1] org.apache.catalina.startup.HostConfig.deployDirectory Deployment of web application directory [D:\book\Program Files\Java\tomcat-8.5.72\webapps\manager] has finished in [130] ms
05-Nov-2021 12:59:05.999 INFO [localhost-startStop-1] org.apache.catalina.startup.HostConfig.deployDirectory Deploying web application directory [D:\book\Program Files\Java\tomcat-8.5.72\webapps\ROOT]
05-Nov-2021 12:59:06.149 INFO [localhost-startStop-1] org.apache.jasper.servlet.TldScanner.scanJars At least one JAR was scanned for TLDs yet contained no TLDs. Enable debug logging for this logger for a complete list of JARs that were scanned but no TLDs were found in them. Skipping unneeded JARs during scanning can improve startup time and JSP compilation time.
05-Nov-2021 12:59:06.154 INFO [localhost-startStop-1] org.apache.catalina.startup.HostConfig.deployDirectory Deployment of web application directory [D:\book\Program Files\Java\tomcat-8.5.72\webapps\ROOT] has finished in [155] ms
05-Nov-2021 12:59:06.162 INFO [main] org.apache.coyote.AbstractProtocol.start Starting ProtocolHandler ["http-nio-8080"]
05-Nov-2021 12:59:06.182 INFO [main] org.apache.catalina.startup.Catalina.start Server startup in 2829 ms
05-Nov-2021 13:00:54.161 INFO [main] org.apache.catalina.core.StandardServer.await A valid shutdown command was received via the shutdown port. Stopping the Server instance.
05-Nov-2021 13:00:54.162 INFO [main] org.apache.coyote.AbstractProtocol.pause Pausing ProtocolHandler ["http-nio-8080"]
05-Nov-2021 13:00:54.334 INFO [main] org.apache.catalina.core.StandardService.stopInternal Stopping service [Catalina]
05-Nov-2021 13:00:54.395 INFO [main] org.apache.coyote.AbstractProtocol.stop Stopping ProtocolHandler ["http-nio-8080"]
05-Nov-2021 13:00:54.402 INFO [main] org.apache.coyote.AbstractProtocol.destroy Destroying ProtocolHandler ["http-nio-8080"]
05-Nov-2021 13:09:59.395 WARNING [main] org.apache.catalina.core.AprLifecycleListener.init The Apache Tomcat Native library failed to load. The error reported was [D:\book\servers\tomcat-8.5.72\bin\tcnative-1.dll: Can't load IA 32-bit .dll on a AMD 64-bit platform]
	java.lang.UnsatisfiedLinkError: D:\book\servers\tomcat-8.5.72\bin\tcnative-1.dll: Can't load IA 32-bit .dll on a AMD 64-bit platform
		at java.lang.ClassLoader$NativeLibrary.load(Native Method)
		at java.lang.ClassLoader.loadLibrary0(ClassLoader.java:1941)
		at java.lang.ClassLoader.loadLibrary(ClassLoader.java:1857)
		at java.lang.Runtime.loadLibrary0(Runtime.java:870)
		at java.lang.System.loadLibrary(System.java:1122)
		at org.apache.tomcat.jni.Library.<init>(Library.java:41)
		at org.apache.tomcat.jni.Library.initialize(Library.java:173)
		at org.apache.catalina.core.AprLifecycleListener.init(AprLifecycleListener.java:195)
		at org.apache.catalina.core.AprLifecycleListener.isAprAvailable(AprLifecycleListener.java:104)
		at org.apache.catalina.connector.Connector.setProtocol(Connector.java:641)
		at org.apache.catalina.connector.Connector.<init>(Connector.java:81)
		at org.apache.catalina.startup.ConnectorCreateRule.begin(ConnectorCreateRule.java:62)
		at org.apache.tomcat.util.digester.Digester.startElement(Digester.java:1235)
		at com.sun.org.apache.xerces.internal.parsers.AbstractSAXParser.startElement(AbstractSAXParser.java:509)
		at com.sun.org.apache.xerces.internal.parsers.AbstractXMLDocumentParser.emptyElement(AbstractXMLDocumentParser.java:182)
		at com.sun.org.apache.xerces.internal.impl.XMLDocumentFragmentScannerImpl.scanStartElement(XMLDocumentFragmentScannerImpl.java:1339)
		at com.sun.org.apache.xerces.internal.impl.XMLDocumentFragmentScannerImpl$FragmentContentDriver.next(XMLDocumentFragmentScannerImpl.java:2784)
		at com.sun.org.apache.xerces.internal.impl.XMLDocumentScannerImpl.next(XMLDocumentScannerImpl.java:602)
		at com.sun.org.apache.xerces.internal.impl.XMLDocumentFragmentScannerImpl.scanDocument(XMLDocumentFragmentScannerImpl.java:505)
		at com.sun.org.apache.xerces.internal.parsers.XML11Configuration.parse(XML11Configuration.java:841)
		at com.sun.org.apache.xerces.internal.parsers.XML11Configuration.parse(XML11Configuration.java:770)
		at com.sun.org.apache.xerces.internal.parsers.XMLParser.parse(XMLParser.java:141)
		at com.sun.org.apache.xerces.internal.parsers.AbstractSAXParser.parse(AbstractSAXParser.java:1213)
		at com.sun.org.apache.xerces.internal.jaxp.SAXParserImpl$JAXPSAXParser.parse(SAXParserImpl.java:643)
		at org.apache.tomcat.util.digester.Digester.parse(Digester.java:1496)
		at org.apache.catalina.startup.Catalina.load(Catalina.java:611)
		at org.apache.catalina.startup.Catalina.load(Catalina.java:662)
		at sun.reflect.NativeMethodAccessorImpl.invoke0(Native Method)
		at sun.reflect.NativeMethodAccessorImpl.invoke(NativeMethodAccessorImpl.java:62)
		at sun.reflect.DelegatingMethodAccessorImpl.invoke(DelegatingMethodAccessorImpl.java:43)
		at java.lang.reflect.Method.invoke(Method.java:498)
		at org.apache.catalina.startup.Bootstrap.load(Bootstrap.java:305)
		at org.apache.catalina.startup.Bootstrap.main(Bootstrap.java:475)
05-Nov-2021 13:09:59.623 INFO [main] org.apache.catalina.startup.VersionLoggerListener.log Server version name:   Apache Tomcat/8.5.72
05-Nov-2021 13:09:59.623 INFO [main] org.apache.catalina.startup.VersionLoggerListener.log Server built:          Oct 1 2021 15:15:33 UTC
05-Nov-2021 13:09:59.624 INFO [main] org.apache.catalina.startup.VersionLoggerListener.log Server version number: 8.5.72.0
05-Nov-2021 13:09:59.624 INFO [main] org.apache.catalina.startup.VersionLoggerListener.log OS Name:               Windows 10
05-Nov-2021 13:09:59.625 INFO [main] org.apache.catalina.startup.VersionLoggerListener.log OS Version:            10.0
05-Nov-2021 13:09:59.625 INFO [main] org.apache.catalina.startup.VersionLoggerListener.log Architecture:          amd64
05-Nov-2021 13:09:59.625 INFO [main] org.apache.catalina.startup.VersionLoggerListener.log Java Home:             C:\Program Files\Java\jdk1.8.0_111\jre
05-Nov-2021 13:09:59.630 INFO [main] org.apache.catalina.startup.VersionLoggerListener.log JVM Version:           1.8.0_111-b14
05-Nov-2021 13:09:59.630 INFO [main] org.apache.catalina.startup.VersionLoggerListener.log JVM Vendor:            Oracle Corporation
05-Nov-2021 13:09:59.631 INFO [main] org.apache.catalina.startup.VersionLoggerListener.log CATALINA_BASE:         D:\book\servers\tomcat-8.5.72
05-Nov-2021 13:09:59.631 INFO [main] org.apache.catalina.startup.VersionLoggerListener.log CATALINA_HOME:         D:\book\servers\tomcat-8.5.72
05-Nov-2021 13:09:59.631 INFO [main] org.apache.catalina.startup.VersionLoggerListener.log Command line argument: -Djava.util.logging.config.file=D:\book\servers\tomcat-8.5.72\conf\logging.properties
05-Nov-2021 13:09:59.631 INFO [main] org.apache.catalina.startup.VersionLoggerListener.log Command line argument: -Djava.util.logging.manager=org.apache.juli.ClassLoaderLogManager
05-Nov-2021 13:09:59.632 INFO [main] org.apache.catalina.startup.VersionLoggerListener.log Command line argument: -Djdk.tls.ephemeralDHKeySize=2048
05-Nov-2021 13:09:59.632 INFO [main] org.apache.catalina.startup.VersionLoggerListener.log Command line argument: -Djava.protocol.handler.pkgs=org.apache.catalina.webresources
05-Nov-2021 13:09:59.633 INFO [main] org.apache.catalina.startup.VersionLoggerListener.log Command line argument: -Dignore.endorsed.dirs=
05-Nov-2021 13:09:59.633 INFO [main] org.apache.catalina.startup.VersionLoggerListener.log Command line argument: -Dcatalina.base=D:\book\servers\tomcat-8.5.72
05-Nov-2021 13:09:59.633 INFO [main] org.apache.catalina.startup.VersionLoggerListener.log Command line argument: -Dcatalina.home=D:\book\servers\tomcat-8.5.72
05-Nov-2021 13:09:59.633 INFO [main] org.apache.catalina.startup.VersionLoggerListener.log Command line argument: -Djava.io.tmpdir=D:\book\servers\tomcat-8.5.72\temp
05-Nov-2021 13:09:59.911 INFO [main] org.apache.coyote.AbstractProtocol.init Initializing ProtocolHandler ["http-nio-8080"]
05-Nov-2021 13:10:00.379 INFO [main] org.apache.tomcat.util.net.NioSelectorPool.getSharedSelector Using a shared selector for servlet write/read
05-Nov-2021 13:10:00.399 INFO [main] org.apache.catalina.startup.Catalina.load Initialization processed in 1802 ms
05-Nov-2021 13:10:00.466 INFO [main] org.apache.catalina.core.StandardService.startInternal Starting service [Catalina]
05-Nov-2021 13:10:00.466 INFO [main] org.apache.catalina.core.StandardEngine.startInternal Starting Servlet engine: [Apache Tomcat/8.5.72]
05-Nov-2021 13:10:00.483 INFO [localhost-startStop-1] org.apache.catalina.startup.HostConfig.deployDirectory Deploying web application directory [D:\book\servers\tomcat-8.5.72\webapps\docs]
05-Nov-2021 13:10:01.055 INFO [localhost-startStop-1] org.apache.jasper.servlet.TldScanner.scanJars At least one JAR was scanned for TLDs yet contained no TLDs. Enable debug logging for this logger for a complete list of JARs that were scanned but no TLDs were found in them. Skipping unneeded JARs during scanning can improve startup time and JSP compilation time.
05-Nov-2021 13:10:01.150 INFO [localhost-startStop-1] org.apache.catalina.startup.HostConfig.deployDirectory Deployment of web application directory [D:\book\servers\tomcat-8.5.72\webapps\docs] has finished in [666] ms
05-Nov-2021 13:10:01.150 INFO [localhost-startStop-1] org.apache.catalina.startup.HostConfig.deployDirectory Deploying web application directory [D:\book\servers\tomcat-8.5.72\webapps\examples]
05-Nov-2021 13:10:02.207 INFO [localhost-startStop-1] org.apache.jasper.servlet.TldScanner.scanJars At least one JAR was scanned for TLDs yet contained no TLDs. Enable debug logging for this logger for a complete list of JARs that were scanned but no TLDs were found in them. Skipping unneeded JARs during scanning can improve startup time and JSP compilation time.
05-Nov-2021 13:10:02.291 INFO [localhost-startStop-1] org.apache.catalina.startup.HostConfig.deployDirectory Deployment of web application directory [D:\book\servers\tomcat-8.5.72\webapps\examples] has finished in [1,141] ms
05-Nov-2021 13:10:02.291 INFO [localhost-startStop-1] org.apache.catalina.startup.HostConfig.deployDirectory Deploying web application directory [D:\book\servers\tomcat-8.5.72\webapps\host-manager]
05-Nov-2021 13:10:02.405 INFO [localhost-startStop-1] org.apache.jasper.servlet.TldScanner.scanJars At least one JAR was scanned for TLDs yet contained no TLDs. Enable debug logging for this logger for a complete list of JARs that were scanned but no TLDs were found in them. Skipping unneeded JARs during scanning can improve startup time and JSP compilation time.
05-Nov-2021 13:10:02.413 INFO [localhost-startStop-1] org.apache.catalina.startup.HostConfig.deployDirectory Deployment of web application directory [D:\book\servers\tomcat-8.5.72\webapps\host-manager] has finished in [122] ms
05-Nov-2021 13:10:02.413 INFO [localhost-startStop-1] org.apache.catalina.startup.HostConfig.deployDirectory Deploying web application directory [D:\book\servers\tomcat-8.5.72\webapps\manager]
05-Nov-2021 13:10:02.574 INFO [localhost-startStop-1] org.apache.jasper.servlet.TldScanner.scanJars At least one JAR was scanned for TLDs yet contained no TLDs. Enable debug logging for this logger for a complete list of JARs that were scanned but no TLDs were found in them. Skipping unneeded JARs during scanning can improve startup time and JSP compilation time.
05-Nov-2021 13:10:02.580 INFO [localhost-startStop-1] org.apache.catalina.startup.HostConfig.deployDirectory Deployment of web application directory [D:\book\servers\tomcat-8.5.72\webapps\manager] has finished in [167] ms
05-Nov-2021 13:10:02.580 INFO [localhost-startStop-1] org.apache.catalina.startup.HostConfig.deployDirectory Deploying web application directory [D:\book\servers\tomcat-8.5.72\webapps\ROOT]
05-Nov-2021 13:10:02.701 INFO [localhost-startStop-1] org.apache.jasper.servlet.TldScanner.scanJars At least one JAR was scanned for TLDs yet contained no TLDs. Enable debug logging for this logger for a complete list of JARs that were scanned but no TLDs were found in them. Skipping unneeded JARs during scanning can improve startup time and JSP compilation time.
05-Nov-2021 13:10:02.706 INFO [localhost-startStop-1] org.apache.catalina.startup.HostConfig.deployDirectory Deployment of web application directory [D:\book\servers\tomcat-8.5.72\webapps\ROOT] has finished in [126] ms
05-Nov-2021 13:10:02.712 INFO [main] org.apache.coyote.AbstractProtocol.start Starting ProtocolHandler ["http-nio-8080"]
05-Nov-2021 13:10:02.735 INFO [main] org.apache.catalina.startup.Catalina.start Server startup in 2334 ms
05-Nov-2021 13:19:08.877 INFO [main] org.apache.catalina.core.StandardServer.await A valid shutdown command was received via the shutdown port. Stopping the Server instance.
05-Nov-2021 13:19:08.878 INFO [main] org.apache.coyote.AbstractProtocol.pause Pausing ProtocolHandler ["http-nio-8080"]
05-Nov-2021 13:19:09.070 INFO [main] org.apache.catalina.core.StandardService.stopInternal Stopping service [Catalina]
05-Nov-2021 13:19:09.131 INFO [main] org.apache.coyote.AbstractProtocol.stop Stopping ProtocolHandler ["http-nio-8080"]
05-Nov-2021 13:19:09.136 INFO [main] org.apache.coyote.AbstractProtocol.destroy Destroying ProtocolHandler ["http-nio-8080"]
