27-Apr-2022 14:04:10.019 INFO [http-nio-8090-exec-24] org.apache.catalina.startup.HostConfig.undeploy Undeploying context [/VacTrackSys]
27-Apr-2022 14:04:10.069 INFO [http-nio-8090-exec-24] org.apache.catalina.startup.HostConfig.deployDescriptor Deploying deployment descriptor [C:\Users\eVmPr\Documents\IS240\JODEA_Project\server\JODEA\conf\Catalina\localhost\VacTrackSys.xml]
27-Apr-2022 14:04:10.983 INFO [http-nio-8090-exec-24] org.apache.jasper.servlet.TldScanner.scanJars At least one JAR was scanned for TLDs yet contained no TLDs. Enable debug logging for this logger for a complete list of JARs that were scanned but no TLDs were found in them. Skipping unneeded JARs during scanning can improve startup time and JSP compilation time.
27-Apr-2022 14:04:11.073 INFO [http-nio-8090-exec-24] org.apache.catalina.startup.HostConfig.deployDescriptor Deployment of deployment descriptor [C:\Users\eVmPr\Documents\IS240\JODEA_Project\server\JODEA\conf\Catalina\localhost\VacTrackSys.xml] has finished in [1,002] ms
27-Apr-2022 14:04:11.132 INFO [http-nio-8090-exec-24] org.apache.catalina.util.LifecycleBase.start The start() method was called on component [StandardEngine[Catalina].StandardHost[localhost].StandardContext[/VacTrackSys]] after start() had already been called. The second call will be ignored.
27-Apr-2022 14:27:56.962 WARNING [http-nio-8090-exec-34] org.apache.catalina.loader.WebappClassLoaderBase.clearReferencesJdbc The web application [VacTrackSys] registered the JDBC driver [net.ucanaccess.jdbc.UcanaccessDriver] but failed to unregister it when the web application was stopped. To prevent a memory leak, the JDBC Driver has been forcibly unregistered.
27-Apr-2022 14:27:56.963 WARNING [http-nio-8090-exec-34] org.apache.catalina.loader.WebappClassLoaderBase.clearReferencesJdbc The web application [VacTrackSys] registered the JDBC driver [org.hsqldb.jdbc.JDBCDriver] but failed to unregister it when the web application was stopped. To prevent a memory leak, the JDBC Driver has been forcibly unregistered.
27-Apr-2022 14:27:56.964 WARNING [http-nio-8090-exec-34] org.apache.catalina.loader.WebappClassLoaderBase.clearReferencesThreads The web application [VacTrackSys] appears to have started a thread named [Timer-1] but has failed to stop it. This is very likely to create a memory leak. Stack trace of thread:
 java.lang.Object.wait(Native Method)
 java.lang.Object.wait(Object.java:502)
 java.util.TimerThread.mainLoop(Timer.java:526)
 java.util.TimerThread.run(Timer.java:505)
27-Apr-2022 14:27:58.287 INFO [http-nio-8090-exec-34] org.apache.jasper.servlet.TldScanner.scanJars At least one JAR was scanned for TLDs yet contained no TLDs. Enable debug logging for this logger for a complete list of JARs that were scanned but no TLDs were found in them. Skipping unneeded JARs during scanning can improve startup time and JSP compilation time.
27-Apr-2022 14:27:58.481 INFO [http-nio-8090-exec-34] com.sun.faces.config.ConfigureListener.contextInitialized Initializing Sun's JavaServer Faces implementation (1.2_04-b20-p03) for context '/VacTrackSys'
27-Apr-2022 14:27:58.781 INFO [http-nio-8090-exec-34] com.sun.faces.spi.InjectionProviderFactory.createInstance JSF1048: PostConstruct/PreDestroy annotations present.  ManagedBeans methods marked with these annotations will have said annotations processed.
27-Apr-2022 14:28:02.123 INFO [ContainerBackgroundProcessor[StandardEngine[Catalina]]] org.apache.catalina.startup.HostConfig.reload Reloading context [/VacTrackSys]
27-Apr-2022 14:28:02.123 INFO [ContainerBackgroundProcessor[StandardEngine[Catalina]]] org.apache.catalina.core.StandardContext.reload Reloading Context with name [/VacTrackSys] has started
27-Apr-2022 14:28:03.103 INFO [ContainerBackgroundProcessor[StandardEngine[Catalina]]] org.apache.jasper.servlet.TldScanner.scanJars At least one JAR was scanned for TLDs yet contained no TLDs. Enable debug logging for this logger for a complete list of JARs that were scanned but no TLDs were found in them. Skipping unneeded JARs during scanning can improve startup time and JSP compilation time.
27-Apr-2022 14:28:03.197 INFO [ContainerBackgroundProcessor[StandardEngine[Catalina]]] com.sun.faces.config.ConfigureListener.contextInitialized Initializing Sun's JavaServer Faces implementation (1.2_04-b20-p03) for context '/VacTrackSys'
27-Apr-2022 14:28:03.368 INFO [ContainerBackgroundProcessor[StandardEngine[Catalina]]] com.sun.faces.spi.InjectionProviderFactory.createInstance JSF1048: PostConstruct/PreDestroy annotations present.  ManagedBeans methods marked with these annotations will have said annotations processed.
27-Apr-2022 14:28:03.395 INFO [ContainerBackgroundProcessor[StandardEngine[Catalina]]] org.apache.catalina.loader.WebappClassLoaderBase.checkStateForResourceLoading Illegal access: this web application instance has been stopped already. Could not load [java.lang.Object]. The following stack trace is thrown for debugging purposes as well as to attempt to terminate the thread which caused the illegal access.
	java.lang.IllegalStateException: Illegal access: this web application instance has been stopped already. Could not load [java.lang.Object]. The following stack trace is thrown for debugging purposes as well as to attempt to terminate the thread which caused the illegal access.
		at org.apache.catalina.loader.WebappClassLoaderBase.checkStateForResourceLoading(WebappClassLoaderBase.java:1435)
		at org.apache.catalina.loader.WebappClassLoaderBase.checkStateForClassLoading(WebappClassLoaderBase.java:1423)
		at org.apache.catalina.loader.WebappClassLoaderBase.loadClass(WebappClassLoaderBase.java:1262)
		at org.apache.catalina.loader.WebappClassLoaderBase.loadClass(WebappClassLoaderBase.java:1223)
		at com.sun.faces.application.ConverterPropertyEditorFactory$DisposableClassLoader.loadClass(ConverterPropertyEditorFactory.java:447)
		at java.lang.ClassLoader.loadClass(ClassLoader.java:357)
		at java.lang.Class.getDeclaredConstructors0(Native Method)
		at java.lang.Class.privateGetDeclaredConstructors(Class.java:2671)
		at java.lang.Class.getConstructor0(Class.java:3075)
		at java.lang.Class.newInstance(Class.java:412)
		at com.sun.beans.finder.InstanceFinder.instantiate(InstanceFinder.java:96)
		at com.sun.beans.finder.PropertyEditorFinder.find(PropertyEditorFinder.java:81)
		at java.beans.PropertyEditorManager.findEditor(PropertyEditorManager.java:90)
		at com.sun.faces.application.ApplicationImpl.addPropertyEditorIfNecessary(ApplicationImpl.java:690)
		at com.sun.faces.application.ApplicationImpl.addConverter(ApplicationImpl.java:660)
		at com.sun.faces.config.ConfigureListener.configure(ConfigureListener.java:727)
		at com.sun.faces.config.ConfigureListener.configure(ConfigureListener.java:489)
		at com.sun.faces.config.ConfigureListener.contextInitialized(ConfigureListener.java:381)
		at org.apache.catalina.core.StandardContext.listenerStart(StandardContext.java:4761)
		at org.apache.catalina.core.StandardContext.startInternal(StandardContext.java:5232)
		at org.apache.catalina.util.LifecycleBase.start(LifecycleBase.java:183)
		at org.apache.catalina.core.StandardContext.reload(StandardContext.java:3800)
		at org.apache.catalina.startup.HostConfig.reload(HostConfig.java:1435)
		at org.apache.catalina.startup.HostConfig.checkResources(HostConfig.java:1407)
		at org.apache.catalina.startup.HostConfig.check(HostConfig.java:1646)
		at org.apache.catalina.startup.HostConfig.lifecycleEvent(HostConfig.java:314)
		at org.apache.catalina.util.LifecycleBase.fireLifecycleEvent(LifecycleBase.java:123)
		at org.apache.catalina.core.ContainerBase.backgroundProcess(ContainerBase.java:1170)
		at org.apache.catalina.core.ContainerBase$ContainerBackgroundProcessor.processChildren(ContainerBase.java:1396)
		at org.apache.catalina.core.ContainerBase$ContainerBackgroundProcessor.processChildren(ContainerBase.java:1400)
		at org.apache.catalina.core.ContainerBase$ContainerBackgroundProcessor.run(ContainerBase.java:1368)
		at java.lang.Thread.run(Thread.java:745)
27-Apr-2022 14:28:03.477 INFO [ContainerBackgroundProcessor[StandardEngine[Catalina]]] org.apache.catalina.core.StandardContext.reload Reloading Context with name [/VacTrackSys] is completed
27-Apr-2022 14:47:28.826 INFO [http-nio-8090-exec-45] org.apache.jasper.servlet.TldScanner.scanJars At least one JAR was scanned for TLDs yet contained no TLDs. Enable debug logging for this logger for a complete list of JARs that were scanned but no TLDs were found in them. Skipping unneeded JARs during scanning can improve startup time and JSP compilation time.
27-Apr-2022 14:47:28.937 INFO [http-nio-8090-exec-45] com.sun.faces.config.ConfigureListener.contextInitialized Initializing Sun's JavaServer Faces implementation (1.2_04-b20-p03) for context '/VacTrackSys'
27-Apr-2022 14:47:29.063 INFO [http-nio-8090-exec-45] com.sun.faces.spi.InjectionProviderFactory.createInstance JSF1048: PostConstruct/PreDestroy annotations present.  ManagedBeans methods marked with these annotations will have said annotations processed.
27-Apr-2022 14:48:25.135 WARNING [http-nio-8090-exec-55] com.sun.faces.lifecycle.LifecycleImpl.phase executePhase(RENDER_RESPONSE 6,com.sun.faces.context.FacesContextImpl@71237d3f) threw exception
	javax.faces.FacesException: java.io.IOException: An established connection was aborted by the software in your host machine
		at com.sun.faces.lifecycle.RenderResponsePhase.execute(RenderResponsePhase.java:135)
		at com.sun.faces.lifecycle.LifecycleImpl.phase(LifecycleImpl.java:251)
		at com.sun.faces.lifecycle.LifecycleImpl.render(LifecycleImpl.java:144)
		at javax.faces.webapp.FacesServlet.service(FacesServlet.java:245)
		at org.apache.catalina.core.ApplicationFilterChain.internalDoFilter(ApplicationFilterChain.java:231)
		at org.apache.catalina.core.ApplicationFilterChain.doFilter(ApplicationFilterChain.java:166)
		at org.apache.tomcat.websocket.server.WsFilter.doFilter(WsFilter.java:52)
		at org.apache.catalina.core.ApplicationFilterChain.internalDoFilter(ApplicationFilterChain.java:193)
		at org.apache.catalina.core.ApplicationFilterChain.doFilter(ApplicationFilterChain.java:166)
		at org.netbeans.modules.web.monitor.server.MonitorFilter.doFilter(MonitorFilter.java:393)
		at org.apache.catalina.core.ApplicationFilterChain.internalDoFilter(ApplicationFilterChain.java:193)
		at org.apache.catalina.core.ApplicationFilterChain.doFilter(ApplicationFilterChain.java:166)
		at org.apache.catalina.core.StandardWrapperValve.invoke(StandardWrapperValve.java:196)
		at org.apache.catalina.core.StandardContextValve.invoke(StandardContextValve.java:97)
		at org.apache.catalina.authenticator.AuthenticatorBase.invoke(AuthenticatorBase.java:542)
		at org.apache.catalina.core.StandardHostValve.invoke(StandardHostValve.java:135)
		at org.apache.catalina.valves.ErrorReportValve.invoke(ErrorReportValve.java:81)
		at org.apache.catalina.valves.AbstractAccessLogValve.invoke(AbstractAccessLogValve.java:698)
		at org.apache.catalina.core.StandardEngineValve.invoke(StandardEngineValve.java:78)
		at org.apache.catalina.connector.CoyoteAdapter.service(CoyoteAdapter.java:364)
		at org.apache.coyote.http11.Http11Processor.service(Http11Processor.java:624)
		at org.apache.coyote.AbstractProcessorLight.process(AbstractProcessorLight.java:65)
		at org.apache.coyote.AbstractProtocol$ConnectionHandler.process(AbstractProtocol.java:831)
		at org.apache.tomcat.util.net.NioEndpoint$SocketProcessor.doRun(NioEndpoint.java:1650)
		at org.apache.tomcat.util.net.SocketProcessorBase.run(SocketProcessorBase.java:49)
		at org.apache.tomcat.util.threads.ThreadPoolExecutor.runWorker(ThreadPoolExecutor.java:1191)
		at org.apache.tomcat.util.threads.ThreadPoolExecutor$Worker.run(ThreadPoolExecutor.java:659)
		at org.apache.tomcat.util.threads.TaskThread$WrappingRunnable.run(TaskThread.java:61)
		at java.lang.Thread.run(Thread.java:745)
	Caused by: org.apache.catalina.connector.ClientAbortException: java.io.IOException: An established connection was aborted by the software in your host machine
		at org.apache.catalina.connector.OutputBuffer.realWriteBytes(OutputBuffer.java:371)
		at org.apache.catalina.connector.OutputBuffer.flushByteBuffer(OutputBuffer.java:845)
		at org.apache.catalina.connector.OutputBuffer.doFlush(OutputBuffer.java:317)
		at org.apache.catalina.connector.OutputBuffer.flush(OutputBuffer.java:291)
		at org.apache.catalina.connector.Response.flushBuffer(Response.java:503)
		at org.apache.catalina.connector.ResponseFacade.flushBuffer(ResponseFacade.java:310)
		at javax.servlet.ServletResponseWrapper.flushBuffer(ServletResponseWrapper.java:181)
		at com.sun.faces.application.ViewHandlerImpl.renderView(ViewHandlerImpl.java:203)
		at com.sun.faces.lifecycle.RenderResponsePhase.execute(RenderResponsePhase.java:106)
		... 28 more
	Caused by: java.io.IOException: An established connection was aborted by the software in your host machine
		at sun.nio.ch.SocketDispatcher.write0(Native Method)
		at sun.nio.ch.SocketDispatcher.write(SocketDispatcher.java:51)
		at sun.nio.ch.IOUtil.writeFromNativeBuffer(IOUtil.java:93)
		at sun.nio.ch.IOUtil.write(IOUtil.java:65)
		at sun.nio.ch.SocketChannelImpl.write(SocketChannelImpl.java:471)
		at org.apache.tomcat.util.net.NioChannel.write(NioChannel.java:142)
		at org.apache.tomcat.util.net.NioBlockingSelector.write(NioBlockingSelector.java:118)
		at org.apache.tomcat.util.net.NioSelectorPool.write(NioSelectorPool.java:167)
		at org.apache.tomcat.util.net.NioEndpoint$NioSocketWrapper.doWrite(NioEndpoint.java:1337)
		at org.apache.tomcat.util.net.SocketWrapperBase.doWrite(SocketWrapperBase.java:718)
		at org.apache.tomcat.util.net.SocketWrapperBase.writeBlocking(SocketWrapperBase.java:538)
		at org.apache.tomcat.util.net.SocketWrapperBase.write(SocketWrapperBase.java:482)
		at org.apache.coyote.http11.Http11OutputBuffer$SocketOutputBuffer.doWrite(Http11OutputBuffer.java:632)
		at org.apache.coyote.http11.filters.IdentityOutputFilter.doWrite(IdentityOutputFilter.java:116)
		at org.apache.coyote.http11.Http11OutputBuffer.doWrite(Http11OutputBuffer.java:229)
		at org.apache.coyote.Response.doWrite(Response.java:614)
		at org.apache.catalina.connector.OutputBuffer.realWriteBytes(OutputBuffer.java:358)
		... 36 more
27-Apr-2022 14:55:29.769 INFO [http-nio-8090-exec-57] org.apache.jasper.servlet.TldScanner.scanJars At least one JAR was scanned for TLDs yet contained no TLDs. Enable debug logging for this logger for a complete list of JARs that were scanned but no TLDs were found in them. Skipping unneeded JARs during scanning can improve startup time and JSP compilation time.
27-Apr-2022 14:55:29.847 INFO [http-nio-8090-exec-57] com.sun.faces.config.ConfigureListener.contextInitialized Initializing Sun's JavaServer Faces implementation (1.2_04-b20-p03) for context '/VacTrackSys'
27-Apr-2022 14:55:29.998 INFO [http-nio-8090-exec-57] com.sun.faces.spi.InjectionProviderFactory.createInstance JSF1048: PostConstruct/PreDestroy annotations present.  ManagedBeans methods marked with these annotations will have said annotations processed.
27-Apr-2022 14:55:35.546 INFO [ContainerBackgroundProcessor[StandardEngine[Catalina]]] org.apache.catalina.startup.HostConfig.reload Reloading context [/VacTrackSys]
27-Apr-2022 14:55:35.547 INFO [ContainerBackgroundProcessor[StandardEngine[Catalina]]] org.apache.catalina.core.StandardContext.reload Reloading Context with name [/VacTrackSys] has started
27-Apr-2022 14:55:36.292 INFO [ContainerBackgroundProcessor[StandardEngine[Catalina]]] org.apache.jasper.servlet.TldScanner.scanJars At least one JAR was scanned for TLDs yet contained no TLDs. Enable debug logging for this logger for a complete list of JARs that were scanned but no TLDs were found in them. Skipping unneeded JARs during scanning can improve startup time and JSP compilation time.
27-Apr-2022 14:55:36.368 INFO [ContainerBackgroundProcessor[StandardEngine[Catalina]]] com.sun.faces.config.ConfigureListener.contextInitialized Initializing Sun's JavaServer Faces implementation (1.2_04-b20-p03) for context '/VacTrackSys'
27-Apr-2022 14:55:36.516 INFO [ContainerBackgroundProcessor[StandardEngine[Catalina]]] com.sun.faces.spi.InjectionProviderFactory.createInstance JSF1048: PostConstruct/PreDestroy annotations present.  ManagedBeans methods marked with these annotations will have said annotations processed.
27-Apr-2022 14:55:36.617 INFO [ContainerBackgroundProcessor[StandardEngine[Catalina]]] org.apache.catalina.core.StandardContext.reload Reloading Context with name [/VacTrackSys] is completed
27-Apr-2022 14:56:53.342 INFO [http-nio-8090-exec-63] org.apache.jasper.servlet.TldScanner.scanJars At least one JAR was scanned for TLDs yet contained no TLDs. Enable debug logging for this logger for a complete list of JARs that were scanned but no TLDs were found in them. Skipping unneeded JARs during scanning can improve startup time and JSP compilation time.
27-Apr-2022 14:56:53.420 INFO [http-nio-8090-exec-63] com.sun.faces.config.ConfigureListener.contextInitialized Initializing Sun's JavaServer Faces implementation (1.2_04-b20-p03) for context '/VacTrackSys'
27-Apr-2022 14:56:53.581 INFO [http-nio-8090-exec-63] com.sun.faces.spi.InjectionProviderFactory.createInstance JSF1048: PostConstruct/PreDestroy annotations present.  ManagedBeans methods marked with these annotations will have said annotations processed.
27-Apr-2022 14:56:56.705 INFO [ContainerBackgroundProcessor[StandardEngine[Catalina]]] org.apache.catalina.startup.HostConfig.reload Reloading context [/VacTrackSys]
27-Apr-2022 14:56:56.705 INFO [ContainerBackgroundProcessor[StandardEngine[Catalina]]] org.apache.catalina.core.StandardContext.reload Reloading Context with name [/VacTrackSys] has started
27-Apr-2022 14:56:57.482 INFO [ContainerBackgroundProcessor[StandardEngine[Catalina]]] org.apache.jasper.servlet.TldScanner.scanJars At least one JAR was scanned for TLDs yet contained no TLDs. Enable debug logging for this logger for a complete list of JARs that were scanned but no TLDs were found in them. Skipping unneeded JARs during scanning can improve startup time and JSP compilation time.
27-Apr-2022 14:56:57.557 INFO [ContainerBackgroundProcessor[StandardEngine[Catalina]]] com.sun.faces.config.ConfigureListener.contextInitialized Initializing Sun's JavaServer Faces implementation (1.2_04-b20-p03) for context '/VacTrackSys'
27-Apr-2022 14:56:57.709 INFO [ContainerBackgroundProcessor[StandardEngine[Catalina]]] com.sun.faces.spi.InjectionProviderFactory.createInstance JSF1048: PostConstruct/PreDestroy annotations present.  ManagedBeans methods marked with these annotations will have said annotations processed.
27-Apr-2022 14:56:57.799 INFO [ContainerBackgroundProcessor[StandardEngine[Catalina]]] org.apache.catalina.core.StandardContext.reload Reloading Context with name [/VacTrackSys] is completed
27-Apr-2022 14:57:00.896 INFO [http-nio-8090-exec-59] org.apache.jasper.servlet.TldScanner.scanJars At least one JAR was scanned for TLDs yet contained no TLDs. Enable debug logging for this logger for a complete list of JARs that were scanned but no TLDs were found in them. Skipping unneeded JARs during scanning can improve startup time and JSP compilation time.
27-Apr-2022 14:57:01.295 INFO [http-nio-8090-exec-59] com.sun.faces.config.ConfigureListener.contextInitialized Initializing Sun's JavaServer Faces implementation (1.2_04-b20-p03) for context '/VacTrackSys'
27-Apr-2022 14:57:01.444 INFO [http-nio-8090-exec-59] com.sun.faces.spi.InjectionProviderFactory.createInstance JSF1048: PostConstruct/PreDestroy annotations present.  ManagedBeans methods marked with these annotations will have said annotations processed.
27-Apr-2022 15:29:31.113 INFO [http-nio-8090-exec-75] org.apache.catalina.core.StandardContext.reload Reloading Context with name [/VacTrackSys] has started
27-Apr-2022 15:29:31.953 INFO [http-nio-8090-exec-75] org.apache.jasper.servlet.TldScanner.scanJars At least one JAR was scanned for TLDs yet contained no TLDs. Enable debug logging for this logger for a complete list of JARs that were scanned but no TLDs were found in them. Skipping unneeded JARs during scanning can improve startup time and JSP compilation time.
27-Apr-2022 15:29:32.036 INFO [http-nio-8090-exec-75] com.sun.faces.config.ConfigureListener.contextInitialized Initializing Sun's JavaServer Faces implementation (1.2_04-b20-p03) for context '/VacTrackSys'
27-Apr-2022 15:29:32.202 INFO [http-nio-8090-exec-75] com.sun.faces.spi.InjectionProviderFactory.createInstance JSF1048: PostConstruct/PreDestroy annotations present.  ManagedBeans methods marked with these annotations will have said annotations processed.
27-Apr-2022 15:29:32.242 INFO [http-nio-8090-exec-75] org.apache.catalina.loader.WebappClassLoaderBase.checkStateForResourceLoading Illegal access: this web application instance has been stopped already. Could not load [java.lang.Object]. The following stack trace is thrown for debugging purposes as well as to attempt to terminate the thread which caused the illegal access.
	java.lang.IllegalStateException: Illegal access: this web application instance has been stopped already. Could not load [java.lang.Object]. The following stack trace is thrown for debugging purposes as well as to attempt to terminate the thread which caused the illegal access.
		at org.apache.catalina.loader.WebappClassLoaderBase.checkStateForResourceLoading(WebappClassLoaderBase.java:1435)
		at org.apache.catalina.loader.WebappClassLoaderBase.checkStateForClassLoading(WebappClassLoaderBase.java:1423)
		at org.apache.catalina.loader.WebappClassLoaderBase.loadClass(WebappClassLoaderBase.java:1262)
		at org.apache.catalina.loader.WebappClassLoaderBase.loadClass(WebappClassLoaderBase.java:1223)
		at com.sun.faces.application.ConverterPropertyEditorFactory$DisposableClassLoader.loadClass(ConverterPropertyEditorFactory.java:447)
		at java.lang.ClassLoader.loadClass(ClassLoader.java:357)
		at java.lang.Class.getDeclaredConstructors0(Native Method)
		at java.lang.Class.privateGetDeclaredConstructors(Class.java:2671)
		at java.lang.Class.getConstructor0(Class.java:3075)
		at java.lang.Class.newInstance(Class.java:412)
		at com.sun.beans.finder.InstanceFinder.instantiate(InstanceFinder.java:96)
		at com.sun.beans.finder.PropertyEditorFinder.find(PropertyEditorFinder.java:81)
		at java.beans.PropertyEditorManager.findEditor(PropertyEditorManager.java:90)
		at com.sun.faces.application.ApplicationImpl.addPropertyEditorIfNecessary(ApplicationImpl.java:690)
		at com.sun.faces.application.ApplicationImpl.addConverter(ApplicationImpl.java:660)
		at com.sun.faces.config.ConfigureListener.configure(ConfigureListener.java:727)
		at com.sun.faces.config.ConfigureListener.configure(ConfigureListener.java:489)
		at com.sun.faces.config.ConfigureListener.contextInitialized(ConfigureListener.java:381)
		at org.apache.catalina.core.StandardContext.listenerStart(StandardContext.java:4761)
		at org.apache.catalina.core.StandardContext.startInternal(StandardContext.java:5232)
		at org.apache.catalina.util.LifecycleBase.start(LifecycleBase.java:183)
		at org.apache.catalina.core.StandardContext.reload(StandardContext.java:3800)
		at org.apache.catalina.manager.ManagerServlet.reload(ManagerServlet.java:1100)
		at org.apache.catalina.manager.ManagerServlet.doGet(ManagerServlet.java:361)
		at javax.servlet.http.HttpServlet.service(HttpServlet.java:655)
		at javax.servlet.http.HttpServlet.service(HttpServlet.java:764)
		at org.apache.catalina.core.ApplicationFilterChain.internalDoFilter(ApplicationFilterChain.java:231)
		at org.apache.catalina.core.ApplicationFilterChain.doFilter(ApplicationFilterChain.java:166)
		at org.apache.tomcat.websocket.server.WsFilter.doFilter(WsFilter.java:52)
		at org.apache.catalina.core.ApplicationFilterChain.internalDoFilter(ApplicationFilterChain.java:193)
		at org.apache.catalina.core.ApplicationFilterChain.doFilter(ApplicationFilterChain.java:166)
		at org.netbeans.modules.web.monitor.server.MonitorFilter.doFilter(MonitorFilter.java:393)
		at org.apache.catalina.core.ApplicationFilterChain.internalDoFilter(ApplicationFilterChain.java:193)
		at org.apache.catalina.core.ApplicationFilterChain.doFilter(ApplicationFilterChain.java:166)
		at org.apache.catalina.filters.HttpHeaderSecurityFilter.doFilter(HttpHeaderSecurityFilter.java:126)
		at org.apache.catalina.core.ApplicationFilterChain.internalDoFilter(ApplicationFilterChain.java:193)
		at org.apache.catalina.core.ApplicationFilterChain.doFilter(ApplicationFilterChain.java:166)
		at org.apache.catalina.filters.SetCharacterEncodingFilter.doFilter(SetCharacterEncodingFilter.java:109)
		at org.apache.catalina.core.ApplicationFilterChain.internalDoFilter(ApplicationFilterChain.java:193)
		at org.apache.catalina.core.ApplicationFilterChain.doFilter(ApplicationFilterChain.java:166)
		at org.apache.catalina.core.StandardWrapperValve.invoke(StandardWrapperValve.java:196)
		at org.apache.catalina.core.StandardContextValve.invoke(StandardContextValve.java:97)
		at org.apache.catalina.authenticator.AuthenticatorBase.invoke(AuthenticatorBase.java:661)
		at org.apache.catalina.valves.RequestFilterValve.process(RequestFilterValve.java:378)
		at org.apache.catalina.valves.RemoteAddrValve.invoke(RemoteAddrValve.java:56)
		at org.apache.catalina.core.StandardHostValve.invoke(StandardHostValve.java:135)
		at org.apache.catalina.valves.ErrorReportValve.invoke(ErrorReportValve.java:81)
		at org.apache.catalina.valves.AbstractAccessLogValve.invoke(AbstractAccessLogValve.java:698)
		at org.apache.catalina.core.StandardEngineValve.invoke(StandardEngineValve.java:78)
		at org.apache.catalina.connector.CoyoteAdapter.service(CoyoteAdapter.java:364)
		at org.apache.coyote.http11.Http11Processor.service(Http11Processor.java:624)
		at org.apache.coyote.AbstractProcessorLight.process(AbstractProcessorLight.java:65)
		at org.apache.coyote.AbstractProtocol$ConnectionHandler.process(AbstractProtocol.java:831)
		at org.apache.tomcat.util.net.NioEndpoint$SocketProcessor.doRun(NioEndpoint.java:1650)
		at org.apache.tomcat.util.net.SocketProcessorBase.run(SocketProcessorBase.java:49)
		at org.apache.tomcat.util.threads.ThreadPoolExecutor.runWorker(ThreadPoolExecutor.java:1191)
		at org.apache.tomcat.util.threads.ThreadPoolExecutor$Worker.run(ThreadPoolExecutor.java:659)
		at org.apache.tomcat.util.threads.TaskThread$WrappingRunnable.run(TaskThread.java:61)
		at java.lang.Thread.run(Thread.java:745)
27-Apr-2022 15:29:32.371 INFO [http-nio-8090-exec-75] org.apache.catalina.core.StandardContext.reload Reloading Context with name [/VacTrackSys] is completed
27-Apr-2022 15:54:59.435 INFO [http-nio-8090-exec-87] org.apache.catalina.core.StandardContext.reload Reloading Context with name [/VacTrackSys] has started
27-Apr-2022 15:55:00.487 INFO [http-nio-8090-exec-87] org.apache.jasper.servlet.TldScanner.scanJars At least one JAR was scanned for TLDs yet contained no TLDs. Enable debug logging for this logger for a complete list of JARs that were scanned but no TLDs were found in them. Skipping unneeded JARs during scanning can improve startup time and JSP compilation time.
27-Apr-2022 15:55:00.579 INFO [http-nio-8090-exec-87] com.sun.faces.config.ConfigureListener.contextInitialized Initializing Sun's JavaServer Faces implementation (1.2_04-b20-p03) for context '/VacTrackSys'
27-Apr-2022 15:55:00.976 INFO [http-nio-8090-exec-87] com.sun.faces.spi.InjectionProviderFactory.createInstance JSF1048: PostConstruct/PreDestroy annotations present.  ManagedBeans methods marked with these annotations will have said annotations processed.
27-Apr-2022 15:55:01.112 INFO [http-nio-8090-exec-87] org.apache.catalina.core.StandardContext.reload Reloading Context with name [/VacTrackSys] is completed
27-Apr-2022 17:28:16.397 INFO [http-nio-8090-exec-94] org.apache.catalina.core.StandardContext.reload Reloading Context with name [/VacTrackSys] has started
27-Apr-2022 17:28:16.439 WARNING [http-nio-8090-exec-94] org.apache.catalina.loader.WebappClassLoaderBase.clearReferencesJdbc The web application [VacTrackSys] registered the JDBC driver [net.ucanaccess.jdbc.UcanaccessDriver] but failed to unregister it when the web application was stopped. To prevent a memory leak, the JDBC Driver has been forcibly unregistered.
27-Apr-2022 17:28:16.439 WARNING [http-nio-8090-exec-94] org.apache.catalina.loader.WebappClassLoaderBase.clearReferencesJdbc The web application [VacTrackSys] registered the JDBC driver [org.hsqldb.jdbc.JDBCDriver] but failed to unregister it when the web application was stopped. To prevent a memory leak, the JDBC Driver has been forcibly unregistered.
27-Apr-2022 17:28:16.441 WARNING [http-nio-8090-exec-94] org.apache.catalina.loader.WebappClassLoaderBase.clearReferencesThreads The web application [VacTrackSys] appears to have started a thread named [Timer-3] but has failed to stop it. This is very likely to create a memory leak. Stack trace of thread:
 java.lang.Object.wait(Native Method)
 java.lang.Object.wait(Object.java:502)
 java.util.TimerThread.mainLoop(Timer.java:526)
 java.util.TimerThread.run(Timer.java:505)
27-Apr-2022 17:28:17.515 INFO [http-nio-8090-exec-94] org.apache.jasper.servlet.TldScanner.scanJars At least one JAR was scanned for TLDs yet contained no TLDs. Enable debug logging for this logger for a complete list of JARs that were scanned but no TLDs were found in them. Skipping unneeded JARs during scanning can improve startup time and JSP compilation time.
27-Apr-2022 17:28:17.606 INFO [http-nio-8090-exec-94] com.sun.faces.config.ConfigureListener.contextInitialized Initializing Sun's JavaServer Faces implementation (1.2_04-b20-p03) for context '/VacTrackSys'
27-Apr-2022 17:28:17.948 INFO [http-nio-8090-exec-94] com.sun.faces.spi.InjectionProviderFactory.createInstance JSF1048: PostConstruct/PreDestroy annotations present.  ManagedBeans methods marked with these annotations will have said annotations processed.
27-Apr-2022 17:28:18.121 INFO [http-nio-8090-exec-94] org.apache.catalina.core.StandardContext.reload Reloading Context with name [/VacTrackSys] is completed
27-Apr-2022 17:51:26.244 INFO [http-nio-8090-exec-103] org.apache.catalina.core.StandardContext.reload Reloading Context with name [/VacTrackSys] has started
27-Apr-2022 17:51:26.262 WARNING [http-nio-8090-exec-103] org.apache.catalina.loader.WebappClassLoaderBase.clearReferencesJdbc The web application [VacTrackSys] registered the JDBC driver [net.ucanaccess.jdbc.UcanaccessDriver] but failed to unregister it when the web application was stopped. To prevent a memory leak, the JDBC Driver has been forcibly unregistered.
27-Apr-2022 17:51:26.262 WARNING [http-nio-8090-exec-103] org.apache.catalina.loader.WebappClassLoaderBase.clearReferencesJdbc The web application [VacTrackSys] registered the JDBC driver [org.hsqldb.jdbc.JDBCDriver] but failed to unregister it when the web application was stopped. To prevent a memory leak, the JDBC Driver has been forcibly unregistered.
27-Apr-2022 17:51:26.263 WARNING [http-nio-8090-exec-103] org.apache.catalina.loader.WebappClassLoaderBase.clearReferencesThreads The web application [VacTrackSys] appears to have started a thread named [Timer-4] but has failed to stop it. This is very likely to create a memory leak. Stack trace of thread:
 java.lang.Object.wait(Native Method)
 java.lang.Object.wait(Object.java:502)
 java.util.TimerThread.mainLoop(Timer.java:526)
 java.util.TimerThread.run(Timer.java:505)
27-Apr-2022 17:51:26.983 INFO [http-nio-8090-exec-103] org.apache.jasper.servlet.TldScanner.scanJars At least one JAR was scanned for TLDs yet contained no TLDs. Enable debug logging for this logger for a complete list of JARs that were scanned but no TLDs were found in them. Skipping unneeded JARs during scanning can improve startup time and JSP compilation time.
27-Apr-2022 17:51:27.062 INFO [http-nio-8090-exec-103] com.sun.faces.config.ConfigureListener.contextInitialized Initializing Sun's JavaServer Faces implementation (1.2_04-b20-p03) for context '/VacTrackSys'
27-Apr-2022 17:51:27.205 INFO [http-nio-8090-exec-103] com.sun.faces.spi.InjectionProviderFactory.createInstance JSF1048: PostConstruct/PreDestroy annotations present.  ManagedBeans methods marked with these annotations will have said annotations processed.
27-Apr-2022 17:51:27.239 INFO [http-nio-8090-exec-103] org.apache.catalina.loader.WebappClassLoaderBase.checkStateForResourceLoading Illegal access: this web application instance has been stopped already. Could not load [java.lang.Object]. The following stack trace is thrown for debugging purposes as well as to attempt to terminate the thread which caused the illegal access.
	java.lang.IllegalStateException: Illegal access: this web application instance has been stopped already. Could not load [java.lang.Object]. The following stack trace is thrown for debugging purposes as well as to attempt to terminate the thread which caused the illegal access.
		at org.apache.catalina.loader.WebappClassLoaderBase.checkStateForResourceLoading(WebappClassLoaderBase.java:1435)
		at org.apache.catalina.loader.WebappClassLoaderBase.checkStateForClassLoading(WebappClassLoaderBase.java:1423)
		at org.apache.catalina.loader.WebappClassLoaderBase.loadClass(WebappClassLoaderBase.java:1262)
		at org.apache.catalina.loader.WebappClassLoaderBase.loadClass(WebappClassLoaderBase.java:1223)
		at com.sun.faces.application.ConverterPropertyEditorFactory$DisposableClassLoader.loadClass(ConverterPropertyEditorFactory.java:447)
		at java.lang.ClassLoader.loadClass(ClassLoader.java:357)
		at java.lang.Class.getDeclaredConstructors0(Native Method)
		at java.lang.Class.privateGetDeclaredConstructors(Class.java:2671)
		at java.lang.Class.getConstructor0(Class.java:3075)
		at java.lang.Class.newInstance(Class.java:412)
		at com.sun.beans.finder.InstanceFinder.instantiate(InstanceFinder.java:96)
		at com.sun.beans.finder.PropertyEditorFinder.find(PropertyEditorFinder.java:81)
		at java.beans.PropertyEditorManager.findEditor(PropertyEditorManager.java:90)
		at com.sun.faces.application.ApplicationImpl.addPropertyEditorIfNecessary(ApplicationImpl.java:690)
		at com.sun.faces.application.ApplicationImpl.addConverter(ApplicationImpl.java:660)
		at com.sun.faces.config.ConfigureListener.configure(ConfigureListener.java:727)
		at com.sun.faces.config.ConfigureListener.configure(ConfigureListener.java:489)
		at com.sun.faces.config.ConfigureListener.contextInitialized(ConfigureListener.java:381)
		at org.apache.catalina.core.StandardContext.listenerStart(StandardContext.java:4761)
		at org.apache.catalina.core.StandardContext.startInternal(StandardContext.java:5232)
		at org.apache.catalina.util.LifecycleBase.start(LifecycleBase.java:183)
		at org.apache.catalina.core.StandardContext.reload(StandardContext.java:3800)
		at org.apache.catalina.manager.ManagerServlet.reload(ManagerServlet.java:1100)
		at org.apache.catalina.manager.ManagerServlet.doGet(ManagerServlet.java:361)
		at javax.servlet.http.HttpServlet.service(HttpServlet.java:655)
		at javax.servlet.http.HttpServlet.service(HttpServlet.java:764)
		at org.apache.catalina.core.ApplicationFilterChain.internalDoFilter(ApplicationFilterChain.java:231)
		at org.apache.catalina.core.ApplicationFilterChain.doFilter(ApplicationFilterChain.java:166)
		at org.apache.tomcat.websocket.server.WsFilter.doFilter(WsFilter.java:52)
		at org.apache.catalina.core.ApplicationFilterChain.internalDoFilter(ApplicationFilterChain.java:193)
		at org.apache.catalina.core.ApplicationFilterChain.doFilter(ApplicationFilterChain.java:166)
		at org.netbeans.modules.web.monitor.server.MonitorFilter.doFilter(MonitorFilter.java:393)
		at org.apache.catalina.core.ApplicationFilterChain.internalDoFilter(ApplicationFilterChain.java:193)
		at org.apache.catalina.core.ApplicationFilterChain.doFilter(ApplicationFilterChain.java:166)
		at org.apache.catalina.filters.HttpHeaderSecurityFilter.doFilter(HttpHeaderSecurityFilter.java:126)
		at org.apache.catalina.core.ApplicationFilterChain.internalDoFilter(ApplicationFilterChain.java:193)
		at org.apache.catalina.core.ApplicationFilterChain.doFilter(ApplicationFilterChain.java:166)
		at org.apache.catalina.filters.SetCharacterEncodingFilter.doFilter(SetCharacterEncodingFilter.java:109)
		at org.apache.catalina.core.ApplicationFilterChain.internalDoFilter(ApplicationFilterChain.java:193)
		at org.apache.catalina.core.ApplicationFilterChain.doFilter(ApplicationFilterChain.java:166)
		at org.apache.catalina.core.StandardWrapperValve.invoke(StandardWrapperValve.java:196)
		at org.apache.catalina.core.StandardContextValve.invoke(StandardContextValve.java:97)
		at org.apache.catalina.authenticator.AuthenticatorBase.invoke(AuthenticatorBase.java:661)
		at org.apache.catalina.valves.RequestFilterValve.process(RequestFilterValve.java:378)
		at org.apache.catalina.valves.RemoteAddrValve.invoke(RemoteAddrValve.java:56)
		at org.apache.catalina.core.StandardHostValve.invoke(StandardHostValve.java:135)
		at org.apache.catalina.valves.ErrorReportValve.invoke(ErrorReportValve.java:81)
		at org.apache.catalina.valves.AbstractAccessLogValve.invoke(AbstractAccessLogValve.java:698)
		at org.apache.catalina.core.StandardEngineValve.invoke(StandardEngineValve.java:78)
		at org.apache.catalina.connector.CoyoteAdapter.service(CoyoteAdapter.java:364)
		at org.apache.coyote.http11.Http11Processor.service(Http11Processor.java:624)
		at org.apache.coyote.AbstractProcessorLight.process(AbstractProcessorLight.java:65)
		at org.apache.coyote.AbstractProtocol$ConnectionHandler.process(AbstractProtocol.java:831)
		at org.apache.tomcat.util.net.NioEndpoint$SocketProcessor.doRun(NioEndpoint.java:1650)
		at org.apache.tomcat.util.net.SocketProcessorBase.run(SocketProcessorBase.java:49)
		at org.apache.tomcat.util.threads.ThreadPoolExecutor.runWorker(ThreadPoolExecutor.java:1191)
		at org.apache.tomcat.util.threads.ThreadPoolExecutor$Worker.run(ThreadPoolExecutor.java:659)
		at org.apache.tomcat.util.threads.TaskThread$WrappingRunnable.run(TaskThread.java:61)
		at java.lang.Thread.run(Thread.java:745)
27-Apr-2022 17:51:27.326 INFO [http-nio-8090-exec-103] org.apache.catalina.core.StandardContext.reload Reloading Context with name [/VacTrackSys] is completed
27-Apr-2022 17:51:31.981 INFO [http-nio-8090-exec-103] org.apache.catalina.core.StandardContext.reload Reloading Context with name [/VacTrackSys] has started
27-Apr-2022 17:51:32.677 INFO [http-nio-8090-exec-103] org.apache.jasper.servlet.TldScanner.scanJars At least one JAR was scanned for TLDs yet contained no TLDs. Enable debug logging for this logger for a complete list of JARs that were scanned but no TLDs were found in them. Skipping unneeded JARs during scanning can improve startup time and JSP compilation time.
27-Apr-2022 17:51:32.756 INFO [http-nio-8090-exec-103] com.sun.faces.config.ConfigureListener.contextInitialized Initializing Sun's JavaServer Faces implementation (1.2_04-b20-p03) for context '/VacTrackSys'
27-Apr-2022 17:51:33.072 INFO [http-nio-8090-exec-103] com.sun.faces.spi.InjectionProviderFactory.createInstance JSF1048: PostConstruct/PreDestroy annotations present.  ManagedBeans methods marked with these annotations will have said annotations processed.
27-Apr-2022 17:51:33.197 INFO [http-nio-8090-exec-103] org.apache.catalina.core.StandardContext.reload Reloading Context with name [/VacTrackSys] is completed
27-Apr-2022 17:51:52.412 INFO [http-nio-8090-exec-103] org.apache.catalina.core.StandardContext.reload Reloading Context with name [/VacTrackSys] has started
27-Apr-2022 17:51:53.033 INFO [http-nio-8090-exec-103] org.apache.jasper.servlet.TldScanner.scanJars At least one JAR was scanned for TLDs yet contained no TLDs. Enable debug logging for this logger for a complete list of JARs that were scanned but no TLDs were found in them. Skipping unneeded JARs during scanning can improve startup time and JSP compilation time.
27-Apr-2022 17:51:53.110 INFO [http-nio-8090-exec-103] com.sun.faces.config.ConfigureListener.contextInitialized Initializing Sun's JavaServer Faces implementation (1.2_04-b20-p03) for context '/VacTrackSys'
27-Apr-2022 17:51:53.282 INFO [http-nio-8090-exec-103] com.sun.faces.spi.InjectionProviderFactory.createInstance JSF1048: PostConstruct/PreDestroy annotations present.  ManagedBeans methods marked with these annotations will have said annotations processed.
27-Apr-2022 17:51:53.384 INFO [http-nio-8090-exec-103] org.apache.catalina.core.StandardContext.reload Reloading Context with name [/VacTrackSys] is completed
27-Apr-2022 17:52:02.881 INFO [http-nio-8090-exec-101] org.apache.catalina.core.StandardContext.reload Reloading Context with name [/VacTrackSys] has started
27-Apr-2022 17:52:03.832 INFO [http-nio-8090-exec-101] org.apache.jasper.servlet.TldScanner.scanJars At least one JAR was scanned for TLDs yet contained no TLDs. Enable debug logging for this logger for a complete list of JARs that were scanned but no TLDs were found in them. Skipping unneeded JARs during scanning can improve startup time and JSP compilation time.
27-Apr-2022 17:52:03.926 INFO [http-nio-8090-exec-101] com.sun.faces.config.ConfigureListener.contextInitialized Initializing Sun's JavaServer Faces implementation (1.2_04-b20-p03) for context '/VacTrackSys'
27-Apr-2022 17:52:04.151 INFO [http-nio-8090-exec-101] com.sun.faces.spi.InjectionProviderFactory.createInstance JSF1048: PostConstruct/PreDestroy annotations present.  ManagedBeans methods marked with these annotations will have said annotations processed.
27-Apr-2022 17:52:04.317 INFO [http-nio-8090-exec-101] org.apache.catalina.core.StandardContext.reload Reloading Context with name [/VacTrackSys] is completed
27-Apr-2022 17:57:44.158 INFO [http-nio-8090-exec-121] org.apache.catalina.core.StandardContext.reload Reloading Context with name [/VacTrackSys] has started
27-Apr-2022 17:57:44.168 WARNING [http-nio-8090-exec-121] org.apache.catalina.loader.WebappClassLoaderBase.clearReferencesJdbc The web application [VacTrackSys] registered the JDBC driver [net.ucanaccess.jdbc.UcanaccessDriver] but failed to unregister it when the web application was stopped. To prevent a memory leak, the JDBC Driver has been forcibly unregistered.
27-Apr-2022 17:57:44.168 WARNING [http-nio-8090-exec-121] org.apache.catalina.loader.WebappClassLoaderBase.clearReferencesJdbc The web application [VacTrackSys] registered the JDBC driver [org.hsqldb.jdbc.JDBCDriver] but failed to unregister it when the web application was stopped. To prevent a memory leak, the JDBC Driver has been forcibly unregistered.
27-Apr-2022 17:57:44.169 WARNING [http-nio-8090-exec-121] org.apache.catalina.loader.WebappClassLoaderBase.clearReferencesThreads The web application [VacTrackSys] appears to have started a thread named [Timer-5] but has failed to stop it. This is very likely to create a memory leak. Stack trace of thread:
 java.lang.Object.wait(Native Method)
 java.lang.Object.wait(Object.java:502)
 java.util.TimerThread.mainLoop(Timer.java:526)
 java.util.TimerThread.run(Timer.java:505)
27-Apr-2022 17:57:44.899 INFO [http-nio-8090-exec-121] org.apache.jasper.servlet.TldScanner.scanJars At least one JAR was scanned for TLDs yet contained no TLDs. Enable debug logging for this logger for a complete list of JARs that were scanned but no TLDs were found in them. Skipping unneeded JARs during scanning can improve startup time and JSP compilation time.
27-Apr-2022 17:57:45.042 INFO [http-nio-8090-exec-121] com.sun.faces.config.ConfigureListener.contextInitialized Initializing Sun's JavaServer Faces implementation (1.2_04-b20-p03) for context '/VacTrackSys'
27-Apr-2022 17:57:45.333 INFO [http-nio-8090-exec-121] com.sun.faces.spi.InjectionProviderFactory.createInstance JSF1048: PostConstruct/PreDestroy annotations present.  ManagedBeans methods marked with these annotations will have said annotations processed.
27-Apr-2022 17:57:45.432 INFO [http-nio-8090-exec-121] org.apache.catalina.core.StandardContext.reload Reloading Context with name [/VacTrackSys] is completed
27-Apr-2022 17:57:59.825 INFO [http-nio-8090-exec-121] org.apache.catalina.core.StandardContext.reload Reloading Context with name [/VacTrackSys] has started
27-Apr-2022 17:58:00.455 INFO [http-nio-8090-exec-121] org.apache.jasper.servlet.TldScanner.scanJars At least one JAR was scanned for TLDs yet contained no TLDs. Enable debug logging for this logger for a complete list of JARs that were scanned but no TLDs were found in them. Skipping unneeded JARs during scanning can improve startup time and JSP compilation time.
27-Apr-2022 17:58:00.697 INFO [http-nio-8090-exec-121] com.sun.faces.config.ConfigureListener.contextInitialized Initializing Sun's JavaServer Faces implementation (1.2_04-b20-p03) for context '/VacTrackSys'
27-Apr-2022 17:58:00.921 INFO [http-nio-8090-exec-121] com.sun.faces.spi.InjectionProviderFactory.createInstance JSF1048: PostConstruct/PreDestroy annotations present.  ManagedBeans methods marked with these annotations will have said annotations processed.
27-Apr-2022 17:58:01.031 INFO [http-nio-8090-exec-121] org.apache.catalina.core.StandardContext.reload Reloading Context with name [/VacTrackSys] is completed
27-Apr-2022 18:15:09.052 INFO [http-nio-8090-exec-135] org.apache.catalina.core.StandardContext.reload Reloading Context with name [/VacTrackSys] has started
27-Apr-2022 18:15:09.707 INFO [http-nio-8090-exec-135] org.apache.jasper.servlet.TldScanner.scanJars At least one JAR was scanned for TLDs yet contained no TLDs. Enable debug logging for this logger for a complete list of JARs that were scanned but no TLDs were found in them. Skipping unneeded JARs during scanning can improve startup time and JSP compilation time.
27-Apr-2022 18:15:09.812 INFO [http-nio-8090-exec-135] com.sun.faces.config.ConfigureListener.contextInitialized Initializing Sun's JavaServer Faces implementation (1.2_04-b20-p03) for context '/VacTrackSys'
27-Apr-2022 18:15:10.098 INFO [http-nio-8090-exec-135] com.sun.faces.spi.InjectionProviderFactory.createInstance JSF1048: PostConstruct/PreDestroy annotations present.  ManagedBeans methods marked with these annotations will have said annotations processed.
27-Apr-2022 18:15:10.325 INFO [http-nio-8090-exec-135] org.apache.catalina.core.StandardContext.reload Reloading Context with name [/VacTrackSys] is completed
27-Apr-2022 18:20:44.445 INFO [http-nio-8090-exec-143] org.apache.catalina.core.StandardContext.reload Reloading Context with name [/VacTrackSys] has started
27-Apr-2022 18:20:45.143 INFO [http-nio-8090-exec-143] org.apache.jasper.servlet.TldScanner.scanJars At least one JAR was scanned for TLDs yet contained no TLDs. Enable debug logging for this logger for a complete list of JARs that were scanned but no TLDs were found in them. Skipping unneeded JARs during scanning can improve startup time and JSP compilation time.
27-Apr-2022 18:20:45.228 INFO [http-nio-8090-exec-143] com.sun.faces.config.ConfigureListener.contextInitialized Initializing Sun's JavaServer Faces implementation (1.2_04-b20-p03) for context '/VacTrackSys'
27-Apr-2022 18:20:45.577 INFO [http-nio-8090-exec-143] com.sun.faces.spi.InjectionProviderFactory.createInstance JSF1048: PostConstruct/PreDestroy annotations present.  ManagedBeans methods marked with these annotations will have said annotations processed.
27-Apr-2022 18:20:45.691 INFO [http-nio-8090-exec-143] org.apache.catalina.core.StandardContext.reload Reloading Context with name [/VacTrackSys] is completed
27-Apr-2022 18:21:45.881 INFO [http-nio-8090-exec-147] org.apache.catalina.core.StandardContext.reload Reloading Context with name [/VacTrackSys] has started
27-Apr-2022 18:21:45.890 WARNING [http-nio-8090-exec-147] org.apache.catalina.loader.WebappClassLoaderBase.clearReferencesJdbc The web application [VacTrackSys] registered the JDBC driver [net.ucanaccess.jdbc.UcanaccessDriver] but failed to unregister it when the web application was stopped. To prevent a memory leak, the JDBC Driver has been forcibly unregistered.
27-Apr-2022 18:21:45.890 WARNING [http-nio-8090-exec-147] org.apache.catalina.loader.WebappClassLoaderBase.clearReferencesJdbc The web application [VacTrackSys] registered the JDBC driver [org.hsqldb.jdbc.JDBCDriver] but failed to unregister it when the web application was stopped. To prevent a memory leak, the JDBC Driver has been forcibly unregistered.
27-Apr-2022 18:21:45.891 WARNING [http-nio-8090-exec-147] org.apache.catalina.loader.WebappClassLoaderBase.clearReferencesThreads The web application [VacTrackSys] appears to have started a thread named [Timer-6] but has failed to stop it. This is very likely to create a memory leak. Stack trace of thread:
 java.lang.Object.wait(Native Method)
 java.lang.Object.wait(Object.java:502)
 java.util.TimerThread.mainLoop(Timer.java:526)
 java.util.TimerThread.run(Timer.java:505)
27-Apr-2022 18:21:46.628 INFO [http-nio-8090-exec-147] org.apache.jasper.servlet.TldScanner.scanJars At least one JAR was scanned for TLDs yet contained no TLDs. Enable debug logging for this logger for a complete list of JARs that were scanned but no TLDs were found in them. Skipping unneeded JARs during scanning can improve startup time and JSP compilation time.
27-Apr-2022 18:21:46.701 INFO [http-nio-8090-exec-147] com.sun.faces.config.ConfigureListener.contextInitialized Initializing Sun's JavaServer Faces implementation (1.2_04-b20-p03) for context '/VacTrackSys'
27-Apr-2022 18:21:46.812 INFO [http-nio-8090-exec-147] com.sun.faces.spi.InjectionProviderFactory.createInstance JSF1048: PostConstruct/PreDestroy annotations present.  ManagedBeans methods marked with these annotations will have said annotations processed.
27-Apr-2022 18:21:46.894 INFO [http-nio-8090-exec-147] org.apache.catalina.core.StandardContext.reload Reloading Context with name [/VacTrackSys] is completed
27-Apr-2022 18:21:50.873 INFO [http-nio-8090-exec-147] org.apache.catalina.core.StandardContext.reload Reloading Context with name [/VacTrackSys] has started
27-Apr-2022 18:21:51.599 INFO [http-nio-8090-exec-147] org.apache.jasper.servlet.TldScanner.scanJars At least one JAR was scanned for TLDs yet contained no TLDs. Enable debug logging for this logger for a complete list of JARs that were scanned but no TLDs were found in them. Skipping unneeded JARs during scanning can improve startup time and JSP compilation time.
27-Apr-2022 18:21:51.680 INFO [http-nio-8090-exec-147] com.sun.faces.config.ConfigureListener.contextInitialized Initializing Sun's JavaServer Faces implementation (1.2_04-b20-p03) for context '/VacTrackSys'
27-Apr-2022 18:21:51.834 INFO [http-nio-8090-exec-147] com.sun.faces.spi.InjectionProviderFactory.createInstance JSF1048: PostConstruct/PreDestroy annotations present.  ManagedBeans methods marked with these annotations will have said annotations processed.
27-Apr-2022 18:21:51.942 INFO [http-nio-8090-exec-147] org.apache.catalina.core.StandardContext.reload Reloading Context with name [/VacTrackSys] is completed
27-Apr-2022 18:53:42.657 INFO [main] org.apache.catalina.core.StandardServer.await A valid shutdown command was received via the shutdown port. Stopping the Server instance.
27-Apr-2022 18:53:42.660 INFO [main] org.apache.coyote.AbstractProtocol.pause Pausing ProtocolHandler ["http-nio-8090"]
27-Apr-2022 18:53:42.820 INFO [main] org.apache.catalina.core.StandardService.stopInternal Stopping service [Catalina]
27-Apr-2022 18:53:42.847 WARNING [localhost-startStop-2] org.apache.catalina.loader.WebappClassLoaderBase.clearReferencesJdbc The web application [VacTrackSys] registered the JDBC driver [net.ucanaccess.jdbc.UcanaccessDriver] but failed to unregister it when the web application was stopped. To prevent a memory leak, the JDBC Driver has been forcibly unregistered.
27-Apr-2022 18:53:42.847 WARNING [localhost-startStop-2] org.apache.catalina.loader.WebappClassLoaderBase.clearReferencesJdbc The web application [VacTrackSys] registered the JDBC driver [org.hsqldb.jdbc.JDBCDriver] but failed to unregister it when the web application was stopped. To prevent a memory leak, the JDBC Driver has been forcibly unregistered.
27-Apr-2022 18:53:42.847 WARNING [localhost-startStop-2] org.apache.catalina.loader.WebappClassLoaderBase.clearReferencesThreads The web application [VacTrackSys] appears to have started a thread named [Timer-7] but has failed to stop it. This is very likely to create a memory leak. Stack trace of thread:
 java.lang.Object.wait(Native Method)
 java.lang.Object.wait(Object.java:502)
 java.util.TimerThread.mainLoop(Timer.java:526)
 java.util.TimerThread.run(Timer.java:505)
27-Apr-2022 18:53:42.851 INFO [main] org.apache.coyote.AbstractProtocol.stop Stopping ProtocolHandler ["http-nio-8090"]
27-Apr-2022 18:53:42.858 INFO [main] org.apache.coyote.AbstractProtocol.destroy Destroying ProtocolHandler ["http-nio-8090"]
27-Apr-2022 18:54:08.986 WARNING [main] org.apache.catalina.core.AprLifecycleListener.init The Apache Tomcat Native library failed to load. The error reported was [C:\Users\eVmPr\Documents\IS240\JODEA_Project\server\JODEA\bin\tcnative-1.dll: Can't load IA 32-bit .dll on a AMD 64-bit platform]
	java.lang.UnsatisfiedLinkError: C:\Users\eVmPr\Documents\IS240\JODEA_Project\server\JODEA\bin\tcnative-1.dll: Can't load IA 32-bit .dll on a AMD 64-bit platform
		at java.lang.ClassLoader$NativeLibrary.load(Native Method)
		at java.lang.ClassLoader.loadLibrary0(ClassLoader.java:1941)
		at java.lang.ClassLoader.loadLibrary(ClassLoader.java:1857)
		at java.lang.Runtime.loadLibrary0(Runtime.java:870)
		at java.lang.System.loadLibrary(System.java:1122)
		at org.apache.tomcat.jni.Library.<init>(Library.java:41)
		at org.apache.tomcat.jni.Library.initialize(Library.java:173)
		at org.apache.catalina.core.AprLifecycleListener.init(AprLifecycleListener.java:195)
		at org.apache.catalina.core.AprLifecycleListener.isAprAvailable(AprLifecycleListener.java:104)
		at org.apache.catalina.connector.Connector.setProtocol(Connector.java:641)
		at org.apache.catalina.connector.Connector.<init>(Connector.java:81)
		at org.apache.catalina.startup.ConnectorCreateRule.begin(ConnectorCreateRule.java:62)
		at org.apache.tomcat.util.digester.Digester.startElement(Digester.java:1235)
		at com.sun.org.apache.xerces.internal.parsers.AbstractSAXParser.startElement(AbstractSAXParser.java:509)
		at com.sun.org.apache.xerces.internal.parsers.AbstractXMLDocumentParser.emptyElement(AbstractXMLDocumentParser.java:182)
		at com.sun.org.apache.xerces.internal.impl.XMLDocumentFragmentScannerImpl.scanStartElement(XMLDocumentFragmentScannerImpl.java:1339)
		at com.sun.org.apache.xerces.internal.impl.XMLDocumentFragmentScannerImpl$FragmentContentDriver.next(XMLDocumentFragmentScannerImpl.java:2784)
		at com.sun.org.apache.xerces.internal.impl.XMLDocumentScannerImpl.next(XMLDocumentScannerImpl.java:602)
		at com.sun.org.apache.xerces.internal.impl.XMLDocumentFragmentScannerImpl.scanDocument(XMLDocumentFragmentScannerImpl.java:505)
		at com.sun.org.apache.xerces.internal.parsers.XML11Configuration.parse(XML11Configuration.java:841)
		at com.sun.org.apache.xerces.internal.parsers.XML11Configuration.parse(XML11Configuration.java:770)
		at com.sun.org.apache.xerces.internal.parsers.XMLParser.parse(XMLParser.java:141)
		at com.sun.org.apache.xerces.internal.parsers.AbstractSAXParser.parse(AbstractSAXParser.java:1213)
		at com.sun.org.apache.xerces.internal.jaxp.SAXParserImpl$JAXPSAXParser.parse(SAXParserImpl.java:643)
		at org.apache.tomcat.util.digester.Digester.parse(Digester.java:1496)
		at org.apache.catalina.startup.Catalina.load(Catalina.java:611)
		at org.apache.catalina.startup.Catalina.load(Catalina.java:662)
		at sun.reflect.NativeMethodAccessorImpl.invoke0(Native Method)
		at sun.reflect.NativeMethodAccessorImpl.invoke(NativeMethodAccessorImpl.java:62)
		at sun.reflect.DelegatingMethodAccessorImpl.invoke(DelegatingMethodAccessorImpl.java:43)
		at java.lang.reflect.Method.invoke(Method.java:498)
		at org.apache.catalina.startup.Bootstrap.load(Bootstrap.java:305)
		at org.apache.catalina.startup.Bootstrap.main(Bootstrap.java:475)
27-Apr-2022 18:54:09.098 INFO [main] org.apache.catalina.startup.VersionLoggerListener.log Server version name:   Apache Tomcat/8.5.72
27-Apr-2022 18:54:09.098 INFO [main] org.apache.catalina.startup.VersionLoggerListener.log Server built:          Oct 1 2021 15:15:33 UTC
27-Apr-2022 18:54:09.099 INFO [main] org.apache.catalina.startup.VersionLoggerListener.log Server version number: 8.5.72.0
27-Apr-2022 18:54:09.099 INFO [main] org.apache.catalina.startup.VersionLoggerListener.log OS Name:               Windows 10
27-Apr-2022 18:54:09.099 INFO [main] org.apache.catalina.startup.VersionLoggerListener.log OS Version:            10.0
27-Apr-2022 18:54:09.099 INFO [main] org.apache.catalina.startup.VersionLoggerListener.log Architecture:          amd64
27-Apr-2022 18:54:09.099 INFO [main] org.apache.catalina.startup.VersionLoggerListener.log Java Home:             C:\Program Files\Java\jdk1.8.0_111\jre
27-Apr-2022 18:54:09.353 INFO [main] org.apache.catalina.startup.VersionLoggerListener.log JVM Version:           1.8.0_111-b14
27-Apr-2022 18:54:09.353 INFO [main] org.apache.catalina.startup.VersionLoggerListener.log JVM Vendor:            Oracle Corporation
27-Apr-2022 18:54:09.353 INFO [main] org.apache.catalina.startup.VersionLoggerListener.log CATALINA_BASE:         C:\Users\eVmPr\Documents\IS240\JODEA_Project\server\JODEA
27-Apr-2022 18:54:09.353 INFO [main] org.apache.catalina.startup.VersionLoggerListener.log CATALINA_HOME:         C:\Users\eVmPr\Documents\IS240\JODEA_Project\server\JODEA
27-Apr-2022 18:54:09.354 INFO [main] org.apache.catalina.startup.VersionLoggerListener.log Command line argument: -Djava.util.logging.config.file=C:\Users\eVmPr\Documents\IS240\JODEA_Project\server\JODEA\conf\logging.properties
27-Apr-2022 18:54:09.354 INFO [main] org.apache.catalina.startup.VersionLoggerListener.log Command line argument: -Djava.util.logging.manager=org.apache.juli.ClassLoaderLogManager
27-Apr-2022 18:54:09.354 INFO [main] org.apache.catalina.startup.VersionLoggerListener.log Command line argument: -Djdk.tls.ephemeralDHKeySize=2048
27-Apr-2022 18:54:09.354 INFO [main] org.apache.catalina.startup.VersionLoggerListener.log Command line argument: -Djava.protocol.handler.pkgs=org.apache.catalina.webresources
27-Apr-2022 18:54:09.354 INFO [main] org.apache.catalina.startup.VersionLoggerListener.log Command line argument: -Dignore.endorsed.dirs=
27-Apr-2022 18:54:09.354 INFO [main] org.apache.catalina.startup.VersionLoggerListener.log Command line argument: -Dcatalina.base=C:\Users\eVmPr\Documents\IS240\JODEA_Project\server\JODEA
27-Apr-2022 18:54:09.354 INFO [main] org.apache.catalina.startup.VersionLoggerListener.log Command line argument: -Dcatalina.home=C:\Users\eVmPr\Documents\IS240\JODEA_Project\server\JODEA
27-Apr-2022 18:54:09.354 INFO [main] org.apache.catalina.startup.VersionLoggerListener.log Command line argument: -Djava.io.tmpdir=C:\Users\eVmPr\Documents\IS240\JODEA_Project\server\JODEA\temp
27-Apr-2022 18:54:09.535 INFO [main] org.apache.coyote.AbstractProtocol.init Initializing ProtocolHandler ["http-nio-8090"]
27-Apr-2022 18:54:09.815 INFO [main] org.apache.tomcat.util.net.NioSelectorPool.getSharedSelector Using a shared selector for servlet write/read
27-Apr-2022 18:54:09.830 INFO [main] org.apache.catalina.startup.Catalina.load Initialization processed in 1612 ms
27-Apr-2022 18:54:09.870 INFO [main] org.apache.catalina.core.StandardService.startInternal Starting service [Catalina]
27-Apr-2022 18:54:09.871 INFO [main] org.apache.catalina.core.StandardEngine.startInternal Starting Servlet engine: [Apache Tomcat/8.5.72]
27-Apr-2022 18:54:09.884 INFO [localhost-startStop-1] org.apache.catalina.startup.HostConfig.deployDescriptor Deploying deployment descriptor [C:\Users\eVmPr\Documents\IS240\JODEA_Project\server\JODEA\conf\Catalina\localhost\VacTrackSys.xml]
27-Apr-2022 18:54:12.082 INFO [localhost-startStop-1] org.apache.jasper.servlet.TldScanner.scanJars At least one JAR was scanned for TLDs yet contained no TLDs. Enable debug logging for this logger for a complete list of JARs that were scanned but no TLDs were found in them. Skipping unneeded JARs during scanning can improve startup time and JSP compilation time.
27-Apr-2022 18:54:12.273 INFO [localhost-startStop-1] com.sun.faces.config.ConfigureListener.contextInitialized Initializing Sun's JavaServer Faces implementation (1.2_04-b20-p03) for context '/VacTrackSys'
27-Apr-2022 18:54:12.488 INFO [localhost-startStop-1] com.sun.faces.spi.InjectionProviderFactory.createInstance JSF1048: PostConstruct/PreDestroy annotations present.  ManagedBeans methods marked with these annotations will have said annotations processed.
27-Apr-2022 18:54:12.647 INFO [localhost-startStop-1] org.apache.catalina.startup.HostConfig.deployDescriptor Deployment of deployment descriptor [C:\Users\eVmPr\Documents\IS240\JODEA_Project\server\JODEA\conf\Catalina\localhost\VacTrackSys.xml] has finished in [2,763] ms
27-Apr-2022 18:54:12.648 INFO [localhost-startStop-1] org.apache.catalina.startup.HostConfig.deployDirectory Deploying web application directory [C:\Users\eVmPr\Documents\IS240\JODEA_Project\server\JODEA\webapps\docs]
27-Apr-2022 18:54:12.743 INFO [localhost-startStop-1] org.apache.jasper.servlet.TldScanner.scanJars At least one JAR was scanned for TLDs yet contained no TLDs. Enable debug logging for this logger for a complete list of JARs that were scanned but no TLDs were found in them. Skipping unneeded JARs during scanning can improve startup time and JSP compilation time.
27-Apr-2022 18:54:12.746 INFO [localhost-startStop-1] org.apache.catalina.startup.HostConfig.deployDirectory Deployment of web application directory [C:\Users\eVmPr\Documents\IS240\JODEA_Project\server\JODEA\webapps\docs] has finished in [98] ms
27-Apr-2022 18:54:12.746 INFO [localhost-startStop-1] org.apache.catalina.startup.HostConfig.deployDirectory Deploying web application directory [C:\Users\eVmPr\Documents\IS240\JODEA_Project\server\JODEA\webapps\host-manager]
27-Apr-2022 18:54:12.825 INFO [localhost-startStop-1] org.apache.jasper.servlet.TldScanner.scanJars At least one JAR was scanned for TLDs yet contained no TLDs. Enable debug logging for this logger for a complete list of JARs that were scanned but no TLDs were found in them. Skipping unneeded JARs during scanning can improve startup time and JSP compilation time.
27-Apr-2022 18:54:12.831 INFO [localhost-startStop-1] org.apache.catalina.startup.HostConfig.deployDirectory Deployment of web application directory [C:\Users\eVmPr\Documents\IS240\JODEA_Project\server\JODEA\webapps\host-manager] has finished in [85] ms
27-Apr-2022 18:54:12.831 INFO [localhost-startStop-1] org.apache.catalina.startup.HostConfig.deployDirectory Deploying web application directory [C:\Users\eVmPr\Documents\IS240\JODEA_Project\server\JODEA\webapps\manager]
27-Apr-2022 18:54:12.909 INFO [localhost-startStop-1] org.apache.jasper.servlet.TldScanner.scanJars At least one JAR was scanned for TLDs yet contained no TLDs. Enable debug logging for this logger for a complete list of JARs that were scanned but no TLDs were found in them. Skipping unneeded JARs during scanning can improve startup time and JSP compilation time.
27-Apr-2022 18:54:12.913 INFO [localhost-startStop-1] org.apache.catalina.startup.HostConfig.deployDirectory Deployment of web application directory [C:\Users\eVmPr\Documents\IS240\JODEA_Project\server\JODEA\webapps\manager] has finished in [82] ms
27-Apr-2022 18:54:12.913 INFO [localhost-startStop-1] org.apache.catalina.startup.HostConfig.deployDirectory Deploying web application directory [C:\Users\eVmPr\Documents\IS240\JODEA_Project\server\JODEA\webapps\ROOT]
27-Apr-2022 18:54:12.978 INFO [localhost-startStop-1] org.apache.jasper.servlet.TldScanner.scanJars At least one JAR was scanned for TLDs yet contained no TLDs. Enable debug logging for this logger for a complete list of JARs that were scanned but no TLDs were found in them. Skipping unneeded JARs during scanning can improve startup time and JSP compilation time.
27-Apr-2022 18:54:12.980 INFO [localhost-startStop-1] org.apache.catalina.startup.HostConfig.deployDirectory Deployment of web application directory [C:\Users\eVmPr\Documents\IS240\JODEA_Project\server\JODEA\webapps\ROOT] has finished in [67] ms
27-Apr-2022 18:54:12.987 INFO [main] org.apache.coyote.AbstractProtocol.start Starting ProtocolHandler ["http-nio-8090"]
27-Apr-2022 18:54:13.000 INFO [main] org.apache.catalina.startup.Catalina.start Server startup in 3171 ms
27-Apr-2022 18:54:16.625 INFO [http-nio-8090-exec-5] org.apache.catalina.startup.HostConfig.undeploy Undeploying context [/VacTrackSys]
27-Apr-2022 18:54:16.686 INFO [http-nio-8090-exec-5] org.apache.catalina.startup.HostConfig.deployDescriptor Deploying deployment descriptor [C:\Users\eVmPr\Documents\IS240\JODEA_Project\server\JODEA\conf\Catalina\localhost\VacTrackSys.xml]
27-Apr-2022 18:54:17.632 INFO [http-nio-8090-exec-5] org.apache.jasper.servlet.TldScanner.scanJars At least one JAR was scanned for TLDs yet contained no TLDs. Enable debug logging for this logger for a complete list of JARs that were scanned but no TLDs were found in them. Skipping unneeded JARs during scanning can improve startup time and JSP compilation time.
27-Apr-2022 18:54:17.748 INFO [http-nio-8090-exec-5] com.sun.faces.config.ConfigureListener.contextInitialized Initializing Sun's JavaServer Faces implementation (1.2_04-b20-p03) for context '/VacTrackSys'
27-Apr-2022 18:54:17.929 INFO [http-nio-8090-exec-5] com.sun.faces.spi.InjectionProviderFactory.createInstance JSF1048: PostConstruct/PreDestroy annotations present.  ManagedBeans methods marked with these annotations will have said annotations processed.
27-Apr-2022 18:54:18.069 INFO [http-nio-8090-exec-5] org.apache.catalina.startup.HostConfig.deployDescriptor Deployment of deployment descriptor [C:\Users\eVmPr\Documents\IS240\JODEA_Project\server\JODEA\conf\Catalina\localhost\VacTrackSys.xml] has finished in [1,384] ms
27-Apr-2022 18:54:18.097 INFO [http-nio-8090-exec-5] org.apache.catalina.util.LifecycleBase.start The start() method was called on component [StandardEngine[Catalina].StandardHost[localhost].StandardContext[/VacTrackSys]] after start() had already been called. The second call will be ignored.
27-Apr-2022 18:59:30.979 WARNING [http-nio-8090-exec-12] org.apache.catalina.loader.WebappClassLoaderBase.clearReferencesJdbc The web application [VacTrackSys] registered the JDBC driver [net.ucanaccess.jdbc.UcanaccessDriver] but failed to unregister it when the web application was stopped. To prevent a memory leak, the JDBC Driver has been forcibly unregistered.
27-Apr-2022 18:59:30.979 WARNING [http-nio-8090-exec-12] org.apache.catalina.loader.WebappClassLoaderBase.clearReferencesJdbc The web application [VacTrackSys] registered the JDBC driver [org.hsqldb.jdbc.JDBCDriver] but failed to unregister it when the web application was stopped. To prevent a memory leak, the JDBC Driver has been forcibly unregistered.
27-Apr-2022 18:59:30.980 WARNING [http-nio-8090-exec-12] org.apache.catalina.loader.WebappClassLoaderBase.clearReferencesThreads The web application [VacTrackSys] appears to have started a thread named [Timer-0] but has failed to stop it. This is very likely to create a memory leak. Stack trace of thread:
 java.lang.Object.wait(Native Method)
 java.lang.Object.wait(Object.java:502)
 java.util.TimerThread.mainLoop(Timer.java:526)
 java.util.TimerThread.run(Timer.java:505)
27-Apr-2022 18:59:31.493 INFO [http-nio-8090-exec-12] org.apache.catalina.startup.HostConfig.undeploy Undeploying context [/VacTrackSys]
27-Apr-2022 18:59:31.527 INFO [http-nio-8090-exec-12] org.apache.catalina.startup.HostConfig.deployDescriptor Deploying deployment descriptor [C:\Users\eVmPr\Documents\IS240\JODEA_Project\server\JODEA\conf\Catalina\localhost\VacTrackSys.xml]
27-Apr-2022 18:59:32.264 INFO [http-nio-8090-exec-12] org.apache.jasper.servlet.TldScanner.scanJars At least one JAR was scanned for TLDs yet contained no TLDs. Enable debug logging for this logger for a complete list of JARs that were scanned but no TLDs were found in them. Skipping unneeded JARs during scanning can improve startup time and JSP compilation time.
27-Apr-2022 18:59:32.337 INFO [http-nio-8090-exec-12] com.sun.faces.config.ConfigureListener.contextInitialized Initializing Sun's JavaServer Faces implementation (1.2_04-b20-p03) for context '/VacTrackSys'
27-Apr-2022 18:59:32.456 INFO [http-nio-8090-exec-12] com.sun.faces.spi.InjectionProviderFactory.createInstance JSF1048: PostConstruct/PreDestroy annotations present.  ManagedBeans methods marked with these annotations will have said annotations processed.
27-Apr-2022 18:59:32.566 INFO [http-nio-8090-exec-12] org.apache.catalina.startup.HostConfig.deployDescriptor Deployment of deployment descriptor [C:\Users\eVmPr\Documents\IS240\JODEA_Project\server\JODEA\conf\Catalina\localhost\VacTrackSys.xml] has finished in [1,039] ms
27-Apr-2022 18:59:32.583 INFO [http-nio-8090-exec-12] org.apache.catalina.util.LifecycleBase.start The start() method was called on component [StandardEngine[Catalina].StandardHost[localhost].StandardContext[/VacTrackSys]] after start() had already been called. The second call will be ignored.
27-Apr-2022 19:00:43.823 INFO [main] org.apache.catalina.core.StandardServer.await A valid shutdown command was received via the shutdown port. Stopping the Server instance.
27-Apr-2022 19:00:43.824 INFO [main] org.apache.coyote.AbstractProtocol.pause Pausing ProtocolHandler ["http-nio-8090"]
27-Apr-2022 19:00:43.961 INFO [main] org.apache.catalina.core.StandardService.stopInternal Stopping service [Catalina]
27-Apr-2022 19:00:43.978 WARNING [localhost-startStop-2] org.apache.catalina.loader.WebappClassLoaderBase.clearReferencesJdbc The web application [VacTrackSys] registered the JDBC driver [net.ucanaccess.jdbc.UcanaccessDriver] but failed to unregister it when the web application was stopped. To prevent a memory leak, the JDBC Driver has been forcibly unregistered.
27-Apr-2022 19:00:43.978 WARNING [localhost-startStop-2] org.apache.catalina.loader.WebappClassLoaderBase.clearReferencesJdbc The web application [VacTrackSys] registered the JDBC driver [org.hsqldb.jdbc.JDBCDriver] but failed to unregister it when the web application was stopped. To prevent a memory leak, the JDBC Driver has been forcibly unregistered.
27-Apr-2022 19:00:43.979 WARNING [localhost-startStop-2] org.apache.catalina.loader.WebappClassLoaderBase.clearReferencesThreads The web application [VacTrackSys] appears to have started a thread named [Timer-1] but has failed to stop it. This is very likely to create a memory leak. Stack trace of thread:
 java.lang.Object.wait(Native Method)
 java.lang.Object.wait(Object.java:502)
 java.util.TimerThread.mainLoop(Timer.java:526)
 java.util.TimerThread.run(Timer.java:505)
27-Apr-2022 19:00:43.986 INFO [main] org.apache.coyote.AbstractProtocol.stop Stopping ProtocolHandler ["http-nio-8090"]
27-Apr-2022 19:00:43.989 INFO [main] org.apache.coyote.AbstractProtocol.destroy Destroying ProtocolHandler ["http-nio-8090"]
27-Apr-2022 19:00:59.541 WARNING [main] org.apache.catalina.core.AprLifecycleListener.init The Apache Tomcat Native library failed to load. The error reported was [C:\Users\eVmPr\Documents\IS240\JODEA_Project\server\JODEA\bin\tcnative-1.dll: Can't load IA 32-bit .dll on a AMD 64-bit platform]
	java.lang.UnsatisfiedLinkError: C:\Users\eVmPr\Documents\IS240\JODEA_Project\server\JODEA\bin\tcnative-1.dll: Can't load IA 32-bit .dll on a AMD 64-bit platform
		at java.lang.ClassLoader$NativeLibrary.load(Native Method)
		at java.lang.ClassLoader.loadLibrary0(ClassLoader.java:1941)
		at java.lang.ClassLoader.loadLibrary(ClassLoader.java:1857)
		at java.lang.Runtime.loadLibrary0(Runtime.java:870)
		at java.lang.System.loadLibrary(System.java:1122)
		at org.apache.tomcat.jni.Library.<init>(Library.java:41)
		at org.apache.tomcat.jni.Library.initialize(Library.java:173)
		at org.apache.catalina.core.AprLifecycleListener.init(AprLifecycleListener.java:195)
		at org.apache.catalina.core.AprLifecycleListener.isAprAvailable(AprLifecycleListener.java:104)
		at org.apache.catalina.connector.Connector.setProtocol(Connector.java:641)
		at org.apache.catalina.connector.Connector.<init>(Connector.java:81)
		at org.apache.catalina.startup.ConnectorCreateRule.begin(ConnectorCreateRule.java:62)
		at org.apache.tomcat.util.digester.Digester.startElement(Digester.java:1235)
		at com.sun.org.apache.xerces.internal.parsers.AbstractSAXParser.startElement(AbstractSAXParser.java:509)
		at com.sun.org.apache.xerces.internal.parsers.AbstractXMLDocumentParser.emptyElement(AbstractXMLDocumentParser.java:182)
		at com.sun.org.apache.xerces.internal.impl.XMLDocumentFragmentScannerImpl.scanStartElement(XMLDocumentFragmentScannerImpl.java:1339)
		at com.sun.org.apache.xerces.internal.impl.XMLDocumentFragmentScannerImpl$FragmentContentDriver.next(XMLDocumentFragmentScannerImpl.java:2784)
		at com.sun.org.apache.xerces.internal.impl.XMLDocumentScannerImpl.next(XMLDocumentScannerImpl.java:602)
		at com.sun.org.apache.xerces.internal.impl.XMLDocumentFragmentScannerImpl.scanDocument(XMLDocumentFragmentScannerImpl.java:505)
		at com.sun.org.apache.xerces.internal.parsers.XML11Configuration.parse(XML11Configuration.java:841)
		at com.sun.org.apache.xerces.internal.parsers.XML11Configuration.parse(XML11Configuration.java:770)
		at com.sun.org.apache.xerces.internal.parsers.XMLParser.parse(XMLParser.java:141)
		at com.sun.org.apache.xerces.internal.parsers.AbstractSAXParser.parse(AbstractSAXParser.java:1213)
		at com.sun.org.apache.xerces.internal.jaxp.SAXParserImpl$JAXPSAXParser.parse(SAXParserImpl.java:643)
		at org.apache.tomcat.util.digester.Digester.parse(Digester.java:1496)
		at org.apache.catalina.startup.Catalina.load(Catalina.java:611)
		at org.apache.catalina.startup.Catalina.load(Catalina.java:662)
		at sun.reflect.NativeMethodAccessorImpl.invoke0(Native Method)
		at sun.reflect.NativeMethodAccessorImpl.invoke(NativeMethodAccessorImpl.java:62)
		at sun.reflect.DelegatingMethodAccessorImpl.invoke(DelegatingMethodAccessorImpl.java:43)
		at java.lang.reflect.Method.invoke(Method.java:498)
		at org.apache.catalina.startup.Bootstrap.load(Bootstrap.java:305)
		at org.apache.catalina.startup.Bootstrap.main(Bootstrap.java:475)
27-Apr-2022 19:00:59.630 INFO [main] org.apache.catalina.startup.VersionLoggerListener.log Server version name:   Apache Tomcat/8.5.72
27-Apr-2022 19:00:59.631 INFO [main] org.apache.catalina.startup.VersionLoggerListener.log Server built:          Oct 1 2021 15:15:33 UTC
27-Apr-2022 19:00:59.631 INFO [main] org.apache.catalina.startup.VersionLoggerListener.log Server version number: 8.5.72.0
27-Apr-2022 19:00:59.631 INFO [main] org.apache.catalina.startup.VersionLoggerListener.log OS Name:               Windows 10
27-Apr-2022 19:00:59.631 INFO [main] org.apache.catalina.startup.VersionLoggerListener.log OS Version:            10.0
27-Apr-2022 19:00:59.631 INFO [main] org.apache.catalina.startup.VersionLoggerListener.log Architecture:          amd64
27-Apr-2022 19:00:59.631 INFO [main] org.apache.catalina.startup.VersionLoggerListener.log Java Home:             C:\Program Files\Java\jdk1.8.0_111\jre
27-Apr-2022 19:01:00.529 INFO [main] org.apache.catalina.startup.VersionLoggerListener.log JVM Version:           1.8.0_111-b14
27-Apr-2022 19:01:00.529 INFO [main] org.apache.catalina.startup.VersionLoggerListener.log JVM Vendor:            Oracle Corporation
27-Apr-2022 19:01:00.529 INFO [main] org.apache.catalina.startup.VersionLoggerListener.log CATALINA_BASE:         C:\Users\eVmPr\Documents\IS240\JODEA_Project\server\JODEA
27-Apr-2022 19:01:00.529 INFO [main] org.apache.catalina.startup.VersionLoggerListener.log CATALINA_HOME:         C:\Users\eVmPr\Documents\IS240\JODEA_Project\server\JODEA
27-Apr-2022 19:01:00.530 INFO [main] org.apache.catalina.startup.VersionLoggerListener.log Command line argument: -Djava.util.logging.config.file=C:\Users\eVmPr\Documents\IS240\JODEA_Project\server\JODEA\conf\logging.properties
27-Apr-2022 19:01:00.530 INFO [main] org.apache.catalina.startup.VersionLoggerListener.log Command line argument: -Djava.util.logging.manager=org.apache.juli.ClassLoaderLogManager
27-Apr-2022 19:01:00.530 INFO [main] org.apache.catalina.startup.VersionLoggerListener.log Command line argument: -Djdk.tls.ephemeralDHKeySize=2048
27-Apr-2022 19:01:00.530 INFO [main] org.apache.catalina.startup.VersionLoggerListener.log Command line argument: -Djava.protocol.handler.pkgs=org.apache.catalina.webresources
27-Apr-2022 19:01:00.530 INFO [main] org.apache.catalina.startup.VersionLoggerListener.log Command line argument: -Dignore.endorsed.dirs=
27-Apr-2022 19:01:00.530 INFO [main] org.apache.catalina.startup.VersionLoggerListener.log Command line argument: -Dcatalina.base=C:\Users\eVmPr\Documents\IS240\JODEA_Project\server\JODEA
27-Apr-2022 19:01:00.530 INFO [main] org.apache.catalina.startup.VersionLoggerListener.log Command line argument: -Dcatalina.home=C:\Users\eVmPr\Documents\IS240\JODEA_Project\server\JODEA
27-Apr-2022 19:01:00.530 INFO [main] org.apache.catalina.startup.VersionLoggerListener.log Command line argument: -Djava.io.tmpdir=C:\Users\eVmPr\Documents\IS240\JODEA_Project\server\JODEA\temp
27-Apr-2022 19:01:00.677 INFO [main] org.apache.coyote.AbstractProtocol.init Initializing ProtocolHandler ["http-nio-8090"]
27-Apr-2022 19:01:00.934 INFO [main] org.apache.tomcat.util.net.NioSelectorPool.getSharedSelector Using a shared selector for servlet write/read
27-Apr-2022 19:01:00.953 INFO [main] org.apache.catalina.startup.Catalina.load Initialization processed in 1747 ms
27-Apr-2022 19:01:00.990 INFO [main] org.apache.catalina.core.StandardService.startInternal Starting service [Catalina]
27-Apr-2022 19:01:00.991 INFO [main] org.apache.catalina.core.StandardEngine.startInternal Starting Servlet engine: [Apache Tomcat/8.5.72]
27-Apr-2022 19:01:01.001 INFO [localhost-startStop-1] org.apache.catalina.startup.HostConfig.deployDescriptor Deploying deployment descriptor [C:\Users\eVmPr\Documents\IS240\JODEA_Project\server\JODEA\conf\Catalina\localhost\VacTrackSys.xml]
27-Apr-2022 19:01:02.966 INFO [localhost-startStop-1] org.apache.jasper.servlet.TldScanner.scanJars At least one JAR was scanned for TLDs yet contained no TLDs. Enable debug logging for this logger for a complete list of JARs that were scanned but no TLDs were found in them. Skipping unneeded JARs during scanning can improve startup time and JSP compilation time.
27-Apr-2022 19:01:03.116 INFO [localhost-startStop-1] com.sun.faces.config.ConfigureListener.contextInitialized Initializing Sun's JavaServer Faces implementation (1.2_04-b20-p03) for context '/VacTrackSys'
27-Apr-2022 19:01:03.418 INFO [localhost-startStop-1] com.sun.faces.spi.InjectionProviderFactory.createInstance JSF1048: PostConstruct/PreDestroy annotations present.  ManagedBeans methods marked with these annotations will have said annotations processed.
27-Apr-2022 19:01:03.583 INFO [localhost-startStop-1] org.apache.catalina.startup.HostConfig.deployDescriptor Deployment of deployment descriptor [C:\Users\eVmPr\Documents\IS240\JODEA_Project\server\JODEA\conf\Catalina\localhost\VacTrackSys.xml] has finished in [2,582] ms
27-Apr-2022 19:01:03.584 INFO [localhost-startStop-1] org.apache.catalina.startup.HostConfig.deployDirectory Deploying web application directory [C:\Users\eVmPr\Documents\IS240\JODEA_Project\server\JODEA\webapps\docs]
27-Apr-2022 19:01:05.132 INFO [localhost-startStop-1] org.apache.jasper.servlet.TldScanner.scanJars At least one JAR was scanned for TLDs yet contained no TLDs. Enable debug logging for this logger for a complete list of JARs that were scanned but no TLDs were found in them. Skipping unneeded JARs during scanning can improve startup time and JSP compilation time.
27-Apr-2022 19:01:05.136 INFO [localhost-startStop-1] org.apache.catalina.startup.HostConfig.deployDirectory Deployment of web application directory [C:\Users\eVmPr\Documents\IS240\JODEA_Project\server\JODEA\webapps\docs] has finished in [1,552] ms
27-Apr-2022 19:01:05.136 INFO [localhost-startStop-1] org.apache.catalina.startup.HostConfig.deployDirectory Deploying web application directory [C:\Users\eVmPr\Documents\IS240\JODEA_Project\server\JODEA\webapps\host-manager]
27-Apr-2022 19:01:05.288 INFO [localhost-startStop-1] org.apache.jasper.servlet.TldScanner.scanJars At least one JAR was scanned for TLDs yet contained no TLDs. Enable debug logging for this logger for a complete list of JARs that were scanned but no TLDs were found in them. Skipping unneeded JARs during scanning can improve startup time and JSP compilation time.
27-Apr-2022 19:01:05.299 INFO [localhost-startStop-1] org.apache.catalina.startup.HostConfig.deployDirectory Deployment of web application directory [C:\Users\eVmPr\Documents\IS240\JODEA_Project\server\JODEA\webapps\host-manager] has finished in [163] ms
27-Apr-2022 19:01:05.299 INFO [localhost-startStop-1] org.apache.catalina.startup.HostConfig.deployDirectory Deploying web application directory [C:\Users\eVmPr\Documents\IS240\JODEA_Project\server\JODEA\webapps\manager]
27-Apr-2022 19:01:05.472 INFO [localhost-startStop-1] org.apache.jasper.servlet.TldScanner.scanJars At least one JAR was scanned for TLDs yet contained no TLDs. Enable debug logging for this logger for a complete list of JARs that were scanned but no TLDs were found in them. Skipping unneeded JARs during scanning can improve startup time and JSP compilation time.
27-Apr-2022 19:01:05.481 INFO [localhost-startStop-1] org.apache.catalina.startup.HostConfig.deployDirectory Deployment of web application directory [C:\Users\eVmPr\Documents\IS240\JODEA_Project\server\JODEA\webapps\manager] has finished in [182] ms
27-Apr-2022 19:01:05.482 INFO [localhost-startStop-1] org.apache.catalina.startup.HostConfig.deployDirectory Deploying web application directory [C:\Users\eVmPr\Documents\IS240\JODEA_Project\server\JODEA\webapps\ROOT]
27-Apr-2022 19:01:05.646 INFO [localhost-startStop-1] org.apache.jasper.servlet.TldScanner.scanJars At least one JAR was scanned for TLDs yet contained no TLDs. Enable debug logging for this logger for a complete list of JARs that were scanned but no TLDs were found in them. Skipping unneeded JARs during scanning can improve startup time and JSP compilation time.
27-Apr-2022 19:01:05.652 INFO [localhost-startStop-1] org.apache.catalina.startup.HostConfig.deployDirectory Deployment of web application directory [C:\Users\eVmPr\Documents\IS240\JODEA_Project\server\JODEA\webapps\ROOT] has finished in [170] ms
27-Apr-2022 19:01:05.659 INFO [main] org.apache.coyote.AbstractProtocol.start Starting ProtocolHandler ["http-nio-8090"]
27-Apr-2022 19:01:05.675 INFO [main] org.apache.catalina.startup.Catalina.start Server startup in 4722 ms
27-Apr-2022 19:01:09.414 INFO [http-nio-8090-exec-5] org.apache.catalina.startup.HostConfig.undeploy Undeploying context [/VacTrackSys]
27-Apr-2022 19:01:09.467 INFO [http-nio-8090-exec-5] org.apache.catalina.startup.HostConfig.deployDescriptor Deploying deployment descriptor [C:\Users\eVmPr\Documents\IS240\JODEA_Project\server\JODEA\conf\Catalina\localhost\VacTrackSys.xml]
27-Apr-2022 19:01:10.496 INFO [http-nio-8090-exec-5] org.apache.jasper.servlet.TldScanner.scanJars At least one JAR was scanned for TLDs yet contained no TLDs. Enable debug logging for this logger for a complete list of JARs that were scanned but no TLDs were found in them. Skipping unneeded JARs during scanning can improve startup time and JSP compilation time.
27-Apr-2022 19:01:10.621 INFO [http-nio-8090-exec-5] com.sun.faces.config.ConfigureListener.contextInitialized Initializing Sun's JavaServer Faces implementation (1.2_04-b20-p03) for context '/VacTrackSys'
27-Apr-2022 19:01:10.807 INFO [http-nio-8090-exec-5] com.sun.faces.spi.InjectionProviderFactory.createInstance JSF1048: PostConstruct/PreDestroy annotations present.  ManagedBeans methods marked with these annotations will have said annotations processed.
27-Apr-2022 19:01:10.939 INFO [http-nio-8090-exec-5] org.apache.catalina.startup.HostConfig.deployDescriptor Deployment of deployment descriptor [C:\Users\eVmPr\Documents\IS240\JODEA_Project\server\JODEA\conf\Catalina\localhost\VacTrackSys.xml] has finished in [1,472] ms
27-Apr-2022 19:01:10.969 INFO [http-nio-8090-exec-5] org.apache.catalina.util.LifecycleBase.start The start() method was called on component [StandardEngine[Catalina].StandardHost[localhost].StandardContext[/VacTrackSys]] after start() had already been called. The second call will be ignored.
27-Apr-2022 20:20:34.498 INFO [main] org.apache.catalina.core.StandardServer.await A valid shutdown command was received via the shutdown port. Stopping the Server instance.
27-Apr-2022 20:20:34.519 INFO [main] org.apache.coyote.AbstractProtocol.pause Pausing ProtocolHandler ["http-nio-8090"]
27-Apr-2022 20:20:34.803 INFO [main] org.apache.catalina.core.StandardService.stopInternal Stopping service [Catalina]
27-Apr-2022 20:20:35.001 WARNING [localhost-startStop-2] org.apache.catalina.loader.WebappClassLoaderBase.clearReferencesJdbc The web application [VacTrackSys] registered the JDBC driver [net.ucanaccess.jdbc.UcanaccessDriver] but failed to unregister it when the web application was stopped. To prevent a memory leak, the JDBC Driver has been forcibly unregistered.
27-Apr-2022 20:20:35.001 WARNING [localhost-startStop-2] org.apache.catalina.loader.WebappClassLoaderBase.clearReferencesJdbc The web application [VacTrackSys] registered the JDBC driver [org.hsqldb.jdbc.JDBCDriver] but failed to unregister it when the web application was stopped. To prevent a memory leak, the JDBC Driver has been forcibly unregistered.
27-Apr-2022 20:20:35.004 WARNING [localhost-startStop-2] org.apache.catalina.loader.WebappClassLoaderBase.clearReferencesThreads The web application [VacTrackSys] appears to have started a thread named [Timer-0] but has failed to stop it. This is very likely to create a memory leak. Stack trace of thread:
 java.lang.Object.wait(Native Method)
 java.lang.Object.wait(Object.java:502)
 java.util.TimerThread.mainLoop(Timer.java:526)
 java.util.TimerThread.run(Timer.java:505)
27-Apr-2022 20:20:35.036 INFO [main] org.apache.coyote.AbstractProtocol.stop Stopping ProtocolHandler ["http-nio-8090"]
27-Apr-2022 20:20:35.071 INFO [main] org.apache.coyote.AbstractProtocol.destroy Destroying ProtocolHandler ["http-nio-8090"]
