28-Apr-2022 11:54:38.823 WARNING [main] org.apache.catalina.core.AprLifecycleListener.init The Apache Tomcat Native library failed to load. The error reported was [C:\Users\eVmPr\Documents\IS240\JODEA_Project\server\JODEA\bin\tcnative-1.dll: Can't load IA 32-bit .dll on a AMD 64-bit platform]
	java.lang.UnsatisfiedLinkError: C:\Users\eVmPr\Documents\IS240\JODEA_Project\server\JODEA\bin\tcnative-1.dll: Can't load IA 32-bit .dll on a AMD 64-bit platform
		at java.lang.ClassLoader$NativeLibrary.load(Native Method)
		at java.lang.ClassLoader.loadLibrary0(ClassLoader.java:1941)
		at java.lang.ClassLoader.loadLibrary(ClassLoader.java:1857)
		at java.lang.Runtime.loadLibrary0(Runtime.java:870)
		at java.lang.System.loadLibrary(System.java:1122)
		at org.apache.tomcat.jni.Library.<init>(Library.java:41)
		at org.apache.tomcat.jni.Library.initialize(Library.java:173)
		at org.apache.catalina.core.AprLifecycleListener.init(AprLifecycleListener.java:195)
		at org.apache.catalina.core.AprLifecycleListener.isAprAvailable(AprLifecycleListener.java:104)
		at org.apache.catalina.connector.Connector.setProtocol(Connector.java:641)
		at org.apache.catalina.connector.Connector.<init>(Connector.java:81)
		at org.apache.catalina.startup.ConnectorCreateRule.begin(ConnectorCreateRule.java:62)
		at org.apache.tomcat.util.digester.Digester.startElement(Digester.java:1235)
		at com.sun.org.apache.xerces.internal.parsers.AbstractSAXParser.startElement(AbstractSAXParser.java:509)
		at com.sun.org.apache.xerces.internal.parsers.AbstractXMLDocumentParser.emptyElement(AbstractXMLDocumentParser.java:182)
		at com.sun.org.apache.xerces.internal.impl.XMLDocumentFragmentScannerImpl.scanStartElement(XMLDocumentFragmentScannerImpl.java:1339)
		at com.sun.org.apache.xerces.internal.impl.XMLDocumentFragmentScannerImpl$FragmentContentDriver.next(XMLDocumentFragmentScannerImpl.java:2784)
		at com.sun.org.apache.xerces.internal.impl.XMLDocumentScannerImpl.next(XMLDocumentScannerImpl.java:602)
		at com.sun.org.apache.xerces.internal.impl.XMLDocumentFragmentScannerImpl.scanDocument(XMLDocumentFragmentScannerImpl.java:505)
		at com.sun.org.apache.xerces.internal.parsers.XML11Configuration.parse(XML11Configuration.java:841)
		at com.sun.org.apache.xerces.internal.parsers.XML11Configuration.parse(XML11Configuration.java:770)
		at com.sun.org.apache.xerces.internal.parsers.XMLParser.parse(XMLParser.java:141)
		at com.sun.org.apache.xerces.internal.parsers.AbstractSAXParser.parse(AbstractSAXParser.java:1213)
		at com.sun.org.apache.xerces.internal.jaxp.SAXParserImpl$JAXPSAXParser.parse(SAXParserImpl.java:643)
		at org.apache.tomcat.util.digester.Digester.parse(Digester.java:1496)
		at org.apache.catalina.startup.Catalina.load(Catalina.java:611)
		at org.apache.catalina.startup.Catalina.load(Catalina.java:662)
		at sun.reflect.NativeMethodAccessorImpl.invoke0(Native Method)
		at sun.reflect.NativeMethodAccessorImpl.invoke(NativeMethodAccessorImpl.java:62)
		at sun.reflect.DelegatingMethodAccessorImpl.invoke(DelegatingMethodAccessorImpl.java:43)
		at java.lang.reflect.Method.invoke(Method.java:498)
		at org.apache.catalina.startup.Bootstrap.load(Bootstrap.java:305)
		at org.apache.catalina.startup.Bootstrap.main(Bootstrap.java:475)
28-Apr-2022 11:54:38.967 INFO [main] org.apache.catalina.startup.VersionLoggerListener.log Server version name:   Apache Tomcat/8.5.72
28-Apr-2022 11:54:38.967 INFO [main] org.apache.catalina.startup.VersionLoggerListener.log Server built:          Oct 1 2021 15:15:33 UTC
28-Apr-2022 11:54:38.967 INFO [main] org.apache.catalina.startup.VersionLoggerListener.log Server version number: 8.5.72.0
28-Apr-2022 11:54:38.967 INFO [main] org.apache.catalina.startup.VersionLoggerListener.log OS Name:               Windows 10
28-Apr-2022 11:54:38.967 INFO [main] org.apache.catalina.startup.VersionLoggerListener.log OS Version:            10.0
28-Apr-2022 11:54:38.968 INFO [main] org.apache.catalina.startup.VersionLoggerListener.log Architecture:          amd64
28-Apr-2022 11:54:38.968 INFO [main] org.apache.catalina.startup.VersionLoggerListener.log Java Home:             C:\Program Files\Java\jdk1.8.0_111\jre
28-Apr-2022 11:54:38.968 INFO [main] org.apache.catalina.startup.VersionLoggerListener.log JVM Version:           1.8.0_111-b14
28-Apr-2022 11:54:38.968 INFO [main] org.apache.catalina.startup.VersionLoggerListener.log JVM Vendor:            Oracle Corporation
28-Apr-2022 11:54:38.968 INFO [main] org.apache.catalina.startup.VersionLoggerListener.log CATALINA_BASE:         C:\Users\eVmPr\Documents\IS240\JODEA_Project\server\JODEA
28-Apr-2022 11:54:38.968 INFO [main] org.apache.catalina.startup.VersionLoggerListener.log CATALINA_HOME:         C:\Users\eVmPr\Documents\IS240\JODEA_Project\server\JODEA
28-Apr-2022 11:54:38.969 INFO [main] org.apache.catalina.startup.VersionLoggerListener.log Command line argument: -Djava.util.logging.config.file=C:\Users\eVmPr\Documents\IS240\JODEA_Project\server\JODEA\conf\logging.properties
28-Apr-2022 11:54:38.969 INFO [main] org.apache.catalina.startup.VersionLoggerListener.log Command line argument: -Djava.util.logging.manager=org.apache.juli.ClassLoaderLogManager
28-Apr-2022 11:54:38.969 INFO [main] org.apache.catalina.startup.VersionLoggerListener.log Command line argument: -Djdk.tls.ephemeralDHKeySize=2048
28-Apr-2022 11:54:38.969 INFO [main] org.apache.catalina.startup.VersionLoggerListener.log Command line argument: -Djava.protocol.handler.pkgs=org.apache.catalina.webresources
28-Apr-2022 11:54:38.970 INFO [main] org.apache.catalina.startup.VersionLoggerListener.log Command line argument: -Dignore.endorsed.dirs=
28-Apr-2022 11:54:38.970 INFO [main] org.apache.catalina.startup.VersionLoggerListener.log Command line argument: -Dcatalina.base=C:\Users\eVmPr\Documents\IS240\JODEA_Project\server\JODEA
28-Apr-2022 11:54:38.970 INFO [main] org.apache.catalina.startup.VersionLoggerListener.log Command line argument: -Dcatalina.home=C:\Users\eVmPr\Documents\IS240\JODEA_Project\server\JODEA
28-Apr-2022 11:54:38.970 INFO [main] org.apache.catalina.startup.VersionLoggerListener.log Command line argument: -Djava.io.tmpdir=C:\Users\eVmPr\Documents\IS240\JODEA_Project\server\JODEA\temp
28-Apr-2022 11:54:39.186 INFO [main] org.apache.coyote.AbstractProtocol.init Initializing ProtocolHandler ["http-nio-8090"]
28-Apr-2022 11:54:39.524 INFO [main] org.apache.tomcat.util.net.NioSelectorPool.getSharedSelector Using a shared selector for servlet write/read
28-Apr-2022 11:54:39.542 INFO [main] org.apache.catalina.startup.Catalina.load Initialization processed in 1161 ms
28-Apr-2022 11:54:39.599 INFO [main] org.apache.catalina.core.StandardService.startInternal Starting service [Catalina]
28-Apr-2022 11:54:39.600 INFO [main] org.apache.catalina.core.StandardEngine.startInternal Starting Servlet engine: [Apache Tomcat/8.5.72]
28-Apr-2022 11:54:39.613 INFO [localhost-startStop-1] org.apache.catalina.startup.HostConfig.deployDescriptor Deploying deployment descriptor [C:\Users\eVmPr\Documents\IS240\JODEA_Project\server\JODEA\conf\Catalina\localhost\VacTrackSys.xml]
28-Apr-2022 11:54:41.893 INFO [localhost-startStop-1] org.apache.jasper.servlet.TldScanner.scanJars At least one JAR was scanned for TLDs yet contained no TLDs. Enable debug logging for this logger for a complete list of JARs that were scanned but no TLDs were found in them. Skipping unneeded JARs during scanning can improve startup time and JSP compilation time.
28-Apr-2022 11:54:43.674 INFO [localhost-startStop-1] com.sun.faces.config.ConfigureListener.contextInitialized Initializing Sun's JavaServer Faces implementation (1.2_04-b20-p03) for context '/VacTrackSys'
28-Apr-2022 11:54:43.818 INFO [localhost-startStop-1] com.sun.faces.spi.InjectionProviderFactory.createInstance JSF1048: PostConstruct/PreDestroy annotations present.  ManagedBeans methods marked with these annotations will have said annotations processed.
28-Apr-2022 11:54:43.984 INFO [localhost-startStop-1] org.apache.catalina.startup.HostConfig.deployDescriptor Deployment of deployment descriptor [C:\Users\eVmPr\Documents\IS240\JODEA_Project\server\JODEA\conf\Catalina\localhost\VacTrackSys.xml] has finished in [4,371] ms
28-Apr-2022 11:54:43.985 INFO [localhost-startStop-1] org.apache.catalina.startup.HostConfig.deployDirectory Deploying web application directory [C:\Users\eVmPr\Documents\IS240\JODEA_Project\server\JODEA\webapps\docs]
28-Apr-2022 11:54:44.087 INFO [localhost-startStop-1] org.apache.jasper.servlet.TldScanner.scanJars At least one JAR was scanned for TLDs yet contained no TLDs. Enable debug logging for this logger for a complete list of JARs that were scanned but no TLDs were found in them. Skipping unneeded JARs during scanning can improve startup time and JSP compilation time.
28-Apr-2022 11:54:44.090 INFO [localhost-startStop-1] org.apache.catalina.startup.HostConfig.deployDirectory Deployment of web application directory [C:\Users\eVmPr\Documents\IS240\JODEA_Project\server\JODEA\webapps\docs] has finished in [105] ms
28-Apr-2022 11:54:44.090 INFO [localhost-startStop-1] org.apache.catalina.startup.HostConfig.deployDirectory Deploying web application directory [C:\Users\eVmPr\Documents\IS240\JODEA_Project\server\JODEA\webapps\host-manager]
28-Apr-2022 11:54:44.256 INFO [localhost-startStop-1] org.apache.jasper.servlet.TldScanner.scanJars At least one JAR was scanned for TLDs yet contained no TLDs. Enable debug logging for this logger for a complete list of JARs that were scanned but no TLDs were found in them. Skipping unneeded JARs during scanning can improve startup time and JSP compilation time.
28-Apr-2022 11:54:44.267 INFO [localhost-startStop-1] org.apache.catalina.startup.HostConfig.deployDirectory Deployment of web application directory [C:\Users\eVmPr\Documents\IS240\JODEA_Project\server\JODEA\webapps\host-manager] has finished in [177] ms
28-Apr-2022 11:54:44.267 INFO [localhost-startStop-1] org.apache.catalina.startup.HostConfig.deployDirectory Deploying web application directory [C:\Users\eVmPr\Documents\IS240\JODEA_Project\server\JODEA\webapps\manager]
28-Apr-2022 11:54:44.384 INFO [localhost-startStop-1] org.apache.jasper.servlet.TldScanner.scanJars At least one JAR was scanned for TLDs yet contained no TLDs. Enable debug logging for this logger for a complete list of JARs that were scanned but no TLDs were found in them. Skipping unneeded JARs during scanning can improve startup time and JSP compilation time.
28-Apr-2022 11:54:44.388 INFO [localhost-startStop-1] org.apache.catalina.startup.HostConfig.deployDirectory Deployment of web application directory [C:\Users\eVmPr\Documents\IS240\JODEA_Project\server\JODEA\webapps\manager] has finished in [121] ms
28-Apr-2022 11:54:44.388 INFO [localhost-startStop-1] org.apache.catalina.startup.HostConfig.deployDirectory Deploying web application directory [C:\Users\eVmPr\Documents\IS240\JODEA_Project\server\JODEA\webapps\ROOT]
28-Apr-2022 11:54:44.534 INFO [localhost-startStop-1] org.apache.jasper.servlet.TldScanner.scanJars At least one JAR was scanned for TLDs yet contained no TLDs. Enable debug logging for this logger for a complete list of JARs that were scanned but no TLDs were found in them. Skipping unneeded JARs during scanning can improve startup time and JSP compilation time.
28-Apr-2022 11:54:44.545 INFO [localhost-startStop-1] org.apache.catalina.startup.HostConfig.deployDirectory Deployment of web application directory [C:\Users\eVmPr\Documents\IS240\JODEA_Project\server\JODEA\webapps\ROOT] has finished in [156] ms
28-Apr-2022 11:54:44.554 INFO [main] org.apache.coyote.AbstractProtocol.start Starting ProtocolHandler ["http-nio-8090"]
28-Apr-2022 11:54:44.572 INFO [main] org.apache.catalina.startup.Catalina.start Server startup in 5028 ms
28-Apr-2022 12:29:47.326 WARNING [http-nio-8090-exec-6] org.apache.catalina.loader.WebappClassLoaderBase.clearReferencesJdbc The web application [VacTrackSys] registered the JDBC driver [net.ucanaccess.jdbc.UcanaccessDriver] but failed to unregister it when the web application was stopped. To prevent a memory leak, the JDBC Driver has been forcibly unregistered.
28-Apr-2022 12:29:47.327 WARNING [http-nio-8090-exec-6] org.apache.catalina.loader.WebappClassLoaderBase.clearReferencesJdbc The web application [VacTrackSys] registered the JDBC driver [org.hsqldb.jdbc.JDBCDriver] but failed to unregister it when the web application was stopped. To prevent a memory leak, the JDBC Driver has been forcibly unregistered.
28-Apr-2022 12:29:47.329 WARNING [http-nio-8090-exec-6] org.apache.catalina.loader.WebappClassLoaderBase.clearReferencesThreads The web application [VacTrackSys] appears to have started a thread named [Timer-0] but has failed to stop it. This is very likely to create a memory leak. Stack trace of thread:
 java.lang.Object.wait(Native Method)
 java.lang.Object.wait(Object.java:502)
 java.util.TimerThread.mainLoop(Timer.java:526)
 java.util.TimerThread.run(Timer.java:505)
28-Apr-2022 12:29:47.400 INFO [ContainerBackgroundProcessor[StandardEngine[Catalina]]] org.apache.catalina.startup.HostConfig.reload Reloading context [/VacTrackSys]
28-Apr-2022 12:29:48.618 INFO [http-nio-8090-exec-6] org.apache.jasper.servlet.TldScanner.scanJars At least one JAR was scanned for TLDs yet contained no TLDs. Enable debug logging for this logger for a complete list of JARs that were scanned but no TLDs were found in them. Skipping unneeded JARs during scanning can improve startup time and JSP compilation time.
28-Apr-2022 12:29:48.744 INFO [http-nio-8090-exec-6] com.sun.faces.config.ConfigureListener.contextInitialized Initializing Sun's JavaServer Faces implementation (1.2_04-b20-p03) for context '/VacTrackSys'
28-Apr-2022 12:29:48.963 INFO [http-nio-8090-exec-6] com.sun.faces.spi.InjectionProviderFactory.createInstance JSF1048: PostConstruct/PreDestroy annotations present.  ManagedBeans methods marked with these annotations will have said annotations processed.
28-Apr-2022 12:29:49.443 INFO [ContainerBackgroundProcessor[StandardEngine[Catalina]]] org.apache.catalina.util.LifecycleBase.start The start() method was called on component [StandardEngine[Catalina].StandardHost[localhost].StandardContext[/VacTrackSys]] after start() had already been called. The second call will be ignored.
28-Apr-2022 12:31:09.581 INFO [ContainerBackgroundProcessor[StandardEngine[Catalina]]] org.apache.catalina.startup.HostConfig.reload Reloading context [/VacTrackSys]
28-Apr-2022 12:31:11.179 INFO [ContainerBackgroundProcessor[StandardEngine[Catalina]]] org.apache.jasper.servlet.TldScanner.scanJars At least one JAR was scanned for TLDs yet contained no TLDs. Enable debug logging for this logger for a complete list of JARs that were scanned but no TLDs were found in them. Skipping unneeded JARs during scanning can improve startup time and JSP compilation time.
28-Apr-2022 12:31:11.304 INFO [ContainerBackgroundProcessor[StandardEngine[Catalina]]] com.sun.faces.config.ConfigureListener.contextInitialized Initializing Sun's JavaServer Faces implementation (1.2_04-b20-p03) for context '/VacTrackSys'
28-Apr-2022 12:31:11.462 INFO [ContainerBackgroundProcessor[StandardEngine[Catalina]]] com.sun.faces.spi.InjectionProviderFactory.createInstance JSF1048: PostConstruct/PreDestroy annotations present.  ManagedBeans methods marked with these annotations will have said annotations processed.
28-Apr-2022 12:31:11.486 INFO [ContainerBackgroundProcessor[StandardEngine[Catalina]]] org.apache.catalina.loader.WebappClassLoaderBase.checkStateForResourceLoading Illegal access: this web application instance has been stopped already. Could not load [java.lang.Object]. The following stack trace is thrown for debugging purposes as well as to attempt to terminate the thread which caused the illegal access.
	java.lang.IllegalStateException: Illegal access: this web application instance has been stopped already. Could not load [java.lang.Object]. The following stack trace is thrown for debugging purposes as well as to attempt to terminate the thread which caused the illegal access.
		at org.apache.catalina.loader.WebappClassLoaderBase.checkStateForResourceLoading(WebappClassLoaderBase.java:1435)
		at org.apache.catalina.loader.WebappClassLoaderBase.checkStateForClassLoading(WebappClassLoaderBase.java:1423)
		at org.apache.catalina.loader.WebappClassLoaderBase.loadClass(WebappClassLoaderBase.java:1262)
		at org.apache.catalina.loader.WebappClassLoaderBase.loadClass(WebappClassLoaderBase.java:1223)
		at com.sun.faces.application.ConverterPropertyEditorFactory$DisposableClassLoader.loadClass(ConverterPropertyEditorFactory.java:447)
		at java.lang.ClassLoader.loadClass(ClassLoader.java:357)
		at java.lang.Class.getDeclaredConstructors0(Native Method)
		at java.lang.Class.privateGetDeclaredConstructors(Class.java:2671)
		at java.lang.Class.getConstructor0(Class.java:3075)
		at java.lang.Class.newInstance(Class.java:412)
		at com.sun.beans.finder.InstanceFinder.instantiate(InstanceFinder.java:96)
		at com.sun.beans.finder.PropertyEditorFinder.find(PropertyEditorFinder.java:81)
		at java.beans.PropertyEditorManager.findEditor(PropertyEditorManager.java:90)
		at com.sun.faces.application.ApplicationImpl.addPropertyEditorIfNecessary(ApplicationImpl.java:690)
		at com.sun.faces.application.ApplicationImpl.addConverter(ApplicationImpl.java:660)
		at com.sun.faces.config.ConfigureListener.configure(ConfigureListener.java:727)
		at com.sun.faces.config.ConfigureListener.configure(ConfigureListener.java:489)
		at com.sun.faces.config.ConfigureListener.contextInitialized(ConfigureListener.java:381)
		at org.apache.catalina.core.StandardContext.listenerStart(StandardContext.java:4761)
		at org.apache.catalina.core.StandardContext.startInternal(StandardContext.java:5232)
		at org.apache.catalina.util.LifecycleBase.start(LifecycleBase.java:183)
		at org.apache.catalina.startup.HostConfig.reload(HostConfig.java:1444)
		at org.apache.catalina.startup.HostConfig.checkResources(HostConfig.java:1407)
		at org.apache.catalina.startup.HostConfig.check(HostConfig.java:1646)
		at org.apache.catalina.startup.HostConfig.lifecycleEvent(HostConfig.java:314)
		at org.apache.catalina.util.LifecycleBase.fireLifecycleEvent(LifecycleBase.java:123)
		at org.apache.catalina.core.ContainerBase.backgroundProcess(ContainerBase.java:1170)
		at org.apache.catalina.core.ContainerBase$ContainerBackgroundProcessor.processChildren(ContainerBase.java:1396)
		at org.apache.catalina.core.ContainerBase$ContainerBackgroundProcessor.processChildren(ContainerBase.java:1400)
		at org.apache.catalina.core.ContainerBase$ContainerBackgroundProcessor.run(ContainerBase.java:1368)
		at java.lang.Thread.run(Thread.java:745)
28-Apr-2022 12:31:13.352 INFO [http-nio-8090-exec-6] org.apache.catalina.util.LifecycleBase.start The start() method was called on component [StandardEngine[Catalina].StandardHost[localhost].StandardContext[/VacTrackSys]] after start() had already been called. The second call will be ignored.
28-Apr-2022 18:41:23.277 WARNING [http-nio-8090-exec-23] org.apache.catalina.loader.WebappClassLoaderBase.clearReferencesJdbc The web application [VacTrackSys] registered the JDBC driver [net.ucanaccess.jdbc.UcanaccessDriver] but failed to unregister it when the web application was stopped. To prevent a memory leak, the JDBC Driver has been forcibly unregistered.
28-Apr-2022 18:41:23.279 WARNING [http-nio-8090-exec-23] org.apache.catalina.loader.WebappClassLoaderBase.clearReferencesJdbc The web application [VacTrackSys] registered the JDBC driver [org.hsqldb.jdbc.JDBCDriver] but failed to unregister it when the web application was stopped. To prevent a memory leak, the JDBC Driver has been forcibly unregistered.
28-Apr-2022 18:41:23.285 WARNING [http-nio-8090-exec-23] org.apache.catalina.loader.WebappClassLoaderBase.clearReferencesThreads The web application [VacTrackSys] appears to have started a thread named [Timer-4] but has failed to stop it. This is very likely to create a memory leak. Stack trace of thread:
 java.lang.Object.wait(Native Method)
 java.lang.Object.wait(Object.java:502)
 java.util.TimerThread.mainLoop(Timer.java:526)
 java.util.TimerThread.run(Timer.java:505)
28-Apr-2022 18:41:24.911 INFO [http-nio-8090-exec-23] org.apache.jasper.servlet.TldScanner.scanJars At least one JAR was scanned for TLDs yet contained no TLDs. Enable debug logging for this logger for a complete list of JARs that were scanned but no TLDs were found in them. Skipping unneeded JARs during scanning can improve startup time and JSP compilation time.
28-Apr-2022 18:41:25.043 INFO [http-nio-8090-exec-23] com.sun.faces.config.ConfigureListener.contextInitialized Initializing Sun's JavaServer Faces implementation (1.2_04-b20-p03) for context '/VacTrackSys'
28-Apr-2022 18:41:25.277 INFO [http-nio-8090-exec-23] com.sun.faces.spi.InjectionProviderFactory.createInstance JSF1048: PostConstruct/PreDestroy annotations present.  ManagedBeans methods marked with these annotations will have said annotations processed.
28-Apr-2022 18:41:29.195 INFO [http-nio-8090-exec-23] org.apache.jasper.servlet.TldScanner.scanJars At least one JAR was scanned for TLDs yet contained no TLDs. Enable debug logging for this logger for a complete list of JARs that were scanned but no TLDs were found in them. Skipping unneeded JARs during scanning can improve startup time and JSP compilation time.
28-Apr-2022 18:41:29.301 INFO [http-nio-8090-exec-23] com.sun.faces.config.ConfigureListener.contextInitialized Initializing Sun's JavaServer Faces implementation (1.2_04-b20-p03) for context '/VacTrackSys'
28-Apr-2022 18:41:29.474 INFO [http-nio-8090-exec-23] com.sun.faces.spi.InjectionProviderFactory.createInstance JSF1048: PostConstruct/PreDestroy annotations present.  ManagedBeans methods marked with these annotations will have said annotations processed.
28-Apr-2022 18:41:29.507 INFO [http-nio-8090-exec-23] org.apache.catalina.loader.WebappClassLoaderBase.checkStateForResourceLoading Illegal access: this web application instance has been stopped already. Could not load [java.lang.Object]. The following stack trace is thrown for debugging purposes as well as to attempt to terminate the thread which caused the illegal access.
	java.lang.IllegalStateException: Illegal access: this web application instance has been stopped already. Could not load [java.lang.Object]. The following stack trace is thrown for debugging purposes as well as to attempt to terminate the thread which caused the illegal access.
		at org.apache.catalina.loader.WebappClassLoaderBase.checkStateForResourceLoading(WebappClassLoaderBase.java:1435)
		at org.apache.catalina.loader.WebappClassLoaderBase.checkStateForClassLoading(WebappClassLoaderBase.java:1423)
		at org.apache.catalina.loader.WebappClassLoaderBase.loadClass(WebappClassLoaderBase.java:1262)
		at org.apache.catalina.loader.WebappClassLoaderBase.loadClass(WebappClassLoaderBase.java:1223)
		at com.sun.faces.application.ConverterPropertyEditorFactory$DisposableClassLoader.loadClass(ConverterPropertyEditorFactory.java:447)
		at java.lang.ClassLoader.loadClass(ClassLoader.java:357)
		at java.lang.Class.getDeclaredConstructors0(Native Method)
		at java.lang.Class.privateGetDeclaredConstructors(Class.java:2671)
		at java.lang.Class.getConstructor0(Class.java:3075)
		at java.lang.Class.newInstance(Class.java:412)
		at com.sun.beans.finder.InstanceFinder.instantiate(InstanceFinder.java:96)
		at com.sun.beans.finder.PropertyEditorFinder.find(PropertyEditorFinder.java:81)
		at java.beans.PropertyEditorManager.findEditor(PropertyEditorManager.java:90)
		at com.sun.faces.application.ApplicationImpl.addPropertyEditorIfNecessary(ApplicationImpl.java:690)
		at com.sun.faces.application.ApplicationImpl.addConverter(ApplicationImpl.java:660)
		at com.sun.faces.config.ConfigureListener.configure(ConfigureListener.java:727)
		at com.sun.faces.config.ConfigureListener.configure(ConfigureListener.java:489)
		at com.sun.faces.config.ConfigureListener.contextInitialized(ConfigureListener.java:381)
		at org.apache.catalina.core.StandardContext.listenerStart(StandardContext.java:4761)
		at org.apache.catalina.core.StandardContext.startInternal(StandardContext.java:5232)
		at org.apache.catalina.util.LifecycleBase.start(LifecycleBase.java:183)
		at org.apache.catalina.manager.ManagerServlet.start(ManagerServlet.java:1405)
		at org.apache.catalina.manager.ManagerServlet.doGet(ManagerServlet.java:373)
		at javax.servlet.http.HttpServlet.service(HttpServlet.java:655)
		at javax.servlet.http.HttpServlet.service(HttpServlet.java:764)
		at org.apache.catalina.core.ApplicationFilterChain.internalDoFilter(ApplicationFilterChain.java:231)
		at org.apache.catalina.core.ApplicationFilterChain.doFilter(ApplicationFilterChain.java:166)
		at org.apache.tomcat.websocket.server.WsFilter.doFilter(WsFilter.java:52)
		at org.apache.catalina.core.ApplicationFilterChain.internalDoFilter(ApplicationFilterChain.java:193)
		at org.apache.catalina.core.ApplicationFilterChain.doFilter(ApplicationFilterChain.java:166)
		at org.netbeans.modules.web.monitor.server.MonitorFilter.doFilter(MonitorFilter.java:393)
		at org.apache.catalina.core.ApplicationFilterChain.internalDoFilter(ApplicationFilterChain.java:193)
		at org.apache.catalina.core.ApplicationFilterChain.doFilter(ApplicationFilterChain.java:166)
		at org.apache.catalina.filters.HttpHeaderSecurityFilter.doFilter(HttpHeaderSecurityFilter.java:126)
		at org.apache.catalina.core.ApplicationFilterChain.internalDoFilter(ApplicationFilterChain.java:193)
		at org.apache.catalina.core.ApplicationFilterChain.doFilter(ApplicationFilterChain.java:166)
		at org.apache.catalina.filters.SetCharacterEncodingFilter.doFilter(SetCharacterEncodingFilter.java:109)
		at org.apache.catalina.core.ApplicationFilterChain.internalDoFilter(ApplicationFilterChain.java:193)
		at org.apache.catalina.core.ApplicationFilterChain.doFilter(ApplicationFilterChain.java:166)
		at org.apache.catalina.core.StandardWrapperValve.invoke(StandardWrapperValve.java:196)
		at org.apache.catalina.core.StandardContextValve.invoke(StandardContextValve.java:97)
		at org.apache.catalina.authenticator.AuthenticatorBase.invoke(AuthenticatorBase.java:661)
		at org.apache.catalina.valves.RequestFilterValve.process(RequestFilterValve.java:378)
		at org.apache.catalina.valves.RemoteAddrValve.invoke(RemoteAddrValve.java:56)
		at org.apache.catalina.core.StandardHostValve.invoke(StandardHostValve.java:135)
		at org.apache.catalina.valves.ErrorReportValve.invoke(ErrorReportValve.java:81)
		at org.apache.catalina.valves.AbstractAccessLogValve.invoke(AbstractAccessLogValve.java:698)
		at org.apache.catalina.core.StandardEngineValve.invoke(StandardEngineValve.java:78)
		at org.apache.catalina.connector.CoyoteAdapter.service(CoyoteAdapter.java:364)
		at org.apache.coyote.http11.Http11Processor.service(Http11Processor.java:624)
		at org.apache.coyote.AbstractProcessorLight.process(AbstractProcessorLight.java:65)
		at org.apache.coyote.AbstractProtocol$ConnectionHandler.process(AbstractProtocol.java:831)
		at org.apache.tomcat.util.net.NioEndpoint$SocketProcessor.doRun(NioEndpoint.java:1650)
		at org.apache.tomcat.util.net.SocketProcessorBase.run(SocketProcessorBase.java:49)
		at org.apache.tomcat.util.threads.ThreadPoolExecutor.runWorker(ThreadPoolExecutor.java:1191)
		at org.apache.tomcat.util.threads.ThreadPoolExecutor$Worker.run(ThreadPoolExecutor.java:659)
		at org.apache.tomcat.util.threads.TaskThread$WrappingRunnable.run(TaskThread.java:61)
		at java.lang.Thread.run(Thread.java:745)
