02-May-2022 00:00:54.320 INFO [http-nio-8090-exec-40] org.apache.catalina.core.ApplicationContext.log Manager: list: Listing contexts for virtual host 'localhost'
02-May-2022 00:03:38.751 INFO [http-nio-8090-exec-40] org.apache.catalina.core.ApplicationContext.log Manager: list: Listing contexts for virtual host 'localhost'
02-May-2022 00:04:29.909 INFO [http-nio-8090-exec-40] org.apache.catalina.core.ApplicationContext.log Manager: list: Listing contexts for virtual host 'localhost'
02-May-2022 00:04:29.976 INFO [http-nio-8090-exec-40] org.apache.catalina.core.ApplicationContext.log Manager: restart: Reloading web application '/VacTrackSys'
02-May-2022 00:04:53.844 INFO [http-nio-8090-exec-3] org.apache.catalina.core.ApplicationContext.log Manager: init: Associated with Deployer 'Catalina:type=Deployer,host=localhost'
02-May-2022 00:04:53.844 INFO [http-nio-8090-exec-3] org.apache.catalina.core.ApplicationContext.log Manager: init: Global resources are available
02-May-2022 00:04:55.745 INFO [http-nio-8090-exec-4] org.apache.catalina.core.ApplicationContext.log Manager: list: Listing contexts for virtual host 'localhost'
02-May-2022 00:04:55.758 INFO [http-nio-8090-exec-4] org.apache.catalina.core.ApplicationContext.log Manager: list: Listing contexts for virtual host 'localhost'
02-May-2022 00:04:55.781 INFO [http-nio-8090-exec-4] org.apache.catalina.core.ApplicationContext.log Manager: undeploy: Undeploying web application at '/VacTrackSys'
02-May-2022 00:04:56.340 INFO [http-nio-8090-exec-4] org.apache.catalina.core.ApplicationContext.log Manager: install: Installing context configuration at 'file:/C:/Users/eVmPr/AppData/Local/Temp/context3901055371906965730.xml'
02-May-2022 00:04:57.892 INFO [http-nio-8090-exec-4] org.apache.catalina.core.ApplicationContext.log Manager: start: Starting web application '/VacTrackSys'
02-May-2022 00:06:05.990 INFO [http-nio-8090-exec-8] org.apache.catalina.core.ApplicationContext.log Manager: list: Listing contexts for virtual host 'localhost'
02-May-2022 00:07:39.445 INFO [http-nio-8090-exec-13] org.apache.catalina.core.ApplicationContext.log Manager: list: Listing contexts for virtual host 'localhost'
02-May-2022 00:27:20.147 INFO [http-nio-8090-exec-19] org.apache.catalina.core.ApplicationContext.log Manager: list: Listing contexts for virtual host 'localhost'
02-May-2022 00:27:26.553 INFO [http-nio-8090-exec-14] org.apache.catalina.core.ApplicationContext.log Manager: list: Listing contexts for virtual host 'localhost'
02-May-2022 00:27:26.570 INFO [http-nio-8090-exec-14] org.apache.catalina.core.ApplicationContext.log Manager: list: Listing contexts for virtual host 'localhost'
02-May-2022 00:27:26.646 INFO [http-nio-8090-exec-17] org.apache.catalina.core.ApplicationContext.log Manager: restart: Reloading web application '/VacTrackSys'
02-May-2022 00:28:26.173 INFO [http-nio-8090-exec-24] org.apache.catalina.core.ApplicationContext.log Manager: list: Listing contexts for virtual host 'localhost'
02-May-2022 00:30:27.082 INFO [http-nio-8090-exec-11] org.apache.catalina.core.ApplicationContext.log Manager: list: Listing contexts for virtual host 'localhost'
02-May-2022 00:30:47.423 INFO [http-nio-8090-exec-21] org.apache.catalina.core.ApplicationContext.log Manager: list: Listing contexts for virtual host 'localhost'
02-May-2022 00:30:59.763 INFO [http-nio-8090-exec-24] org.apache.catalina.core.ApplicationContext.log Manager: list: Listing contexts for virtual host 'localhost'
02-May-2022 15:09:29.108 INFO [http-nio-8090-exec-6] org.apache.catalina.core.ApplicationContext.log Manager: init: Associated with Deployer 'Catalina:type=Deployer,host=localhost'
02-May-2022 15:09:29.108 INFO [http-nio-8090-exec-6] org.apache.catalina.core.ApplicationContext.log Manager: init: Global resources are available
02-May-2022 15:10:54.879 INFO [http-nio-8090-exec-3] org.apache.catalina.core.ApplicationContext.log Manager: init: Associated with Deployer 'Catalina:type=Deployer,host=localhost'
02-May-2022 15:10:54.879 INFO [http-nio-8090-exec-3] org.apache.catalina.core.ApplicationContext.log Manager: init: Global resources are available
02-May-2022 15:10:59.335 INFO [http-nio-8090-exec-7] org.apache.catalina.core.ApplicationContext.log Manager: list: Listing contexts for virtual host 'localhost'
02-May-2022 15:10:59.374 INFO [http-nio-8090-exec-7] org.apache.catalina.core.ApplicationContext.log Manager: list: Listing contexts for virtual host 'localhost'
02-May-2022 15:10:59.399 INFO [http-nio-8090-exec-10] org.apache.catalina.core.ApplicationContext.log Manager: undeploy: Undeploying web application at '/VacTrackSys'
02-May-2022 15:10:59.968 INFO [http-nio-8090-exec-4] org.apache.catalina.core.ApplicationContext.log Manager: install: Installing context configuration at 'file:/C:/Users/eVmPr/AppData/Local/Temp/context5522435564626785250.xml'
02-May-2022 15:11:02.900 INFO [http-nio-8090-exec-4] org.apache.catalina.core.ApplicationContext.log Manager: start: Starting web application '/VacTrackSys'
02-May-2022 15:31:22.606 INFO [http-nio-8090-exec-14] org.apache.catalina.core.ApplicationContext.log Manager: list: Listing contexts for virtual host 'localhost'
02-May-2022 16:56:08.567 INFO [http-nio-8090-exec-11] org.apache.catalina.core.ApplicationContext.log Manager: list: Listing contexts for virtual host 'localhost'
02-May-2022 16:56:08.584 INFO [http-nio-8090-exec-13] org.apache.catalina.core.ApplicationContext.log Manager: list: Listing contexts for virtual host 'localhost'
02-May-2022 16:56:08.610 INFO [http-nio-8090-exec-13] org.apache.catalina.core.ApplicationContext.log Manager: undeploy: Undeploying web application at '/VacTrackSys'
02-May-2022 16:56:09.184 INFO [http-nio-8090-exec-13] org.apache.catalina.core.ApplicationContext.log Manager: install: Installing context configuration at 'file:/C:/Users/eVmPr/AppData/Local/Temp/context8868795755643901753.xml'
02-May-2022 16:56:11.297 INFO [http-nio-8090-exec-13] org.apache.catalina.core.ApplicationContext.log Manager: start: Starting web application '/VacTrackSys'
02-May-2022 16:57:06.526 INFO [http-nio-8090-exec-19] org.apache.catalina.core.ApplicationContext.log Manager: list: Listing contexts for virtual host 'localhost'
02-May-2022 16:57:06.557 INFO [http-nio-8090-exec-19] org.apache.catalina.core.ApplicationContext.log Manager: list: Listing contexts for virtual host 'localhost'
02-May-2022 17:02:42.136 INFO [http-nio-8090-exec-3] org.apache.catalina.core.ApplicationContext.log Manager: init: Associated with Deployer 'Catalina:type=Deployer,host=localhost'
02-May-2022 17:02:42.137 INFO [http-nio-8090-exec-3] org.apache.catalina.core.ApplicationContext.log Manager: init: Global resources are available
02-May-2022 17:02:42.819 INFO [http-nio-8090-exec-5] org.apache.catalina.core.ApplicationContext.log Manager: list: Listing contexts for virtual host 'localhost'
02-May-2022 17:02:42.832 INFO [http-nio-8090-exec-5] org.apache.catalina.core.ApplicationContext.log Manager: list: Listing contexts for virtual host 'localhost'
02-May-2022 17:02:42.900 INFO [http-nio-8090-exec-7] org.apache.catalina.core.ApplicationContext.log Manager: undeploy: Undeploying web application at '/VacTrackSys'
02-May-2022 17:02:43.444 INFO [http-nio-8090-exec-7] org.apache.catalina.core.ApplicationContext.log Manager: install: Installing context configuration at 'file:/C:/Users/eVmPr/AppData/Local/Temp/context3773487921496950010.xml'
02-May-2022 17:08:32.487 INFO [http-nio-8090-exec-15] org.apache.catalina.core.ApplicationContext.log Manager: list: Listing contexts for virtual host 'localhost'
02-May-2022 17:09:39.601 INFO [http-nio-8090-exec-17] org.apache.catalina.core.ApplicationContext.log Manager: list: Listing contexts for virtual host 'localhost'
02-May-2022 17:10:29.173 INFO [http-nio-8090-exec-3] org.apache.catalina.core.ApplicationContext.log Manager: init: Associated with Deployer 'Catalina:type=Deployer,host=localhost'
02-May-2022 17:10:29.174 INFO [http-nio-8090-exec-3] org.apache.catalina.core.ApplicationContext.log Manager: init: Global resources are available
02-May-2022 17:10:29.820 INFO [http-nio-8090-exec-5] org.apache.catalina.core.ApplicationContext.log Manager: list: Listing contexts for virtual host 'localhost'
02-May-2022 17:10:29.835 INFO [http-nio-8090-exec-5] org.apache.catalina.core.ApplicationContext.log Manager: list: Listing contexts for virtual host 'localhost'
02-May-2022 17:10:29.848 INFO [http-nio-8090-exec-5] org.apache.catalina.core.ApplicationContext.log Manager: undeploy: Undeploying web application at '/VacTrackSys'
02-May-2022 17:10:30.392 INFO [http-nio-8090-exec-5] org.apache.catalina.core.ApplicationContext.log Manager: install: Installing context configuration at 'file:/C:/Users/eVmPr/AppData/Local/Temp/context2136927109611166594.xml'
02-May-2022 17:10:31.948 INFO [http-nio-8090-exec-5] org.apache.catalina.core.ApplicationContext.log Manager: start: Starting web application '/VacTrackSys'
02-May-2022 17:11:54.828 INFO [http-nio-8090-exec-13] org.apache.catalina.core.ApplicationContext.log Manager: list: Listing contexts for virtual host 'localhost'
02-May-2022 17:11:58.523 INFO [http-nio-8090-exec-9] org.apache.catalina.core.ApplicationContext.log Manager: list: Listing contexts for virtual host 'localhost'
02-May-2022 17:11:58.558 INFO [http-nio-8090-exec-9] org.apache.catalina.core.ApplicationContext.log Manager: list: Listing contexts for virtual host 'localhost'
02-May-2022 17:17:46.169 INFO [http-nio-8090-exec-20] org.apache.catalina.core.ApplicationContext.log Manager: list: Listing contexts for virtual host 'localhost'
02-May-2022 17:17:50.369 INFO [http-nio-8090-exec-16] org.apache.catalina.core.ApplicationContext.log Manager: list: Listing contexts for virtual host 'localhost'
02-May-2022 17:17:50.379 INFO [http-nio-8090-exec-16] org.apache.catalina.core.ApplicationContext.log Manager: list: Listing contexts for virtual host 'localhost'
02-May-2022 17:18:09.965 INFO [http-nio-8090-exec-20] org.apache.catalina.core.ApplicationContext.log Manager: list: Listing contexts for virtual host 'localhost'
02-May-2022 17:25:25.065 INFO [http-nio-8090-exec-16] org.apache.catalina.core.ApplicationContext.log Manager: list: Listing contexts for virtual host 'localhost'
02-May-2022 17:25:57.667 INFO [http-nio-8090-exec-19] org.apache.catalina.core.ApplicationContext.log Manager: list: Listing contexts for virtual host 'localhost'
02-May-2022 17:26:06.810 INFO [http-nio-8090-exec-11] org.apache.catalina.core.ApplicationContext.log Manager: list: Listing contexts for virtual host 'localhost'
02-May-2022 17:26:06.843 INFO [http-nio-8090-exec-11] org.apache.catalina.core.ApplicationContext.log Manager: list: Listing contexts for virtual host 'localhost'
02-May-2022 17:26:22.167 INFO [http-nio-8090-exec-12] org.apache.catalina.core.ApplicationContext.log Manager: list: Listing contexts for virtual host 'localhost'
02-May-2022 17:26:32.542 INFO [http-nio-8090-exec-19] org.apache.catalina.core.ApplicationContext.log Manager: list: Listing contexts for virtual host 'localhost'
02-May-2022 17:26:32.552 INFO [http-nio-8090-exec-19] org.apache.catalina.core.ApplicationContext.log Manager: list: Listing contexts for virtual host 'localhost'
02-May-2022 18:28:23.291 INFO [http-nio-8090-exec-4] org.apache.catalina.core.ApplicationContext.log Manager: init: Associated with Deployer 'Catalina:type=Deployer,host=localhost'
02-May-2022 18:28:23.291 INFO [http-nio-8090-exec-4] org.apache.catalina.core.ApplicationContext.log Manager: init: Global resources are available
02-May-2022 18:28:24.580 INFO [http-nio-8090-exec-6] org.apache.catalina.core.ApplicationContext.log Manager: list: Listing contexts for virtual host 'localhost'
02-May-2022 18:28:24.606 INFO [http-nio-8090-exec-6] org.apache.catalina.core.ApplicationContext.log Manager: list: Listing contexts for virtual host 'localhost'
02-May-2022 18:28:24.773 INFO [http-nio-8090-exec-8] org.apache.catalina.core.ApplicationContext.log Manager: undeploy: Undeploying web application at '/VacTrackSys'
02-May-2022 18:28:25.386 INFO [http-nio-8090-exec-8] org.apache.catalina.core.ApplicationContext.log Manager: install: Installing context configuration at 'file:/C:/Users/eVmPr/AppData/Local/Temp/context5948156670767791978.xml'
02-May-2022 18:32:26.064 INFO [http-nio-8090-exec-20] org.apache.catalina.core.ApplicationContext.log Manager: list: Listing contexts for virtual host 'localhost'
02-May-2022 18:32:32.384 INFO [http-nio-8090-exec-19] org.apache.catalina.core.ApplicationContext.log Manager: list: Listing contexts for virtual host 'localhost'
02-May-2022 18:32:32.469 INFO [http-nio-8090-exec-19] org.apache.catalina.core.ApplicationContext.log Manager: list: Listing contexts for virtual host 'localhost'
02-May-2022 18:35:08.751 INFO [http-nio-8090-exec-3] org.apache.catalina.core.ApplicationContext.log Manager: init: Associated with Deployer 'Catalina:type=Deployer,host=localhost'
02-May-2022 18:35:08.751 INFO [http-nio-8090-exec-3] org.apache.catalina.core.ApplicationContext.log Manager: init: Global resources are available
02-May-2022 18:35:12.233 INFO [http-nio-8090-exec-4] org.apache.catalina.core.ApplicationContext.log Manager: list: Listing contexts for virtual host 'localhost'
02-May-2022 18:35:12.311 INFO [http-nio-8090-exec-4] org.apache.catalina.core.ApplicationContext.log Manager: list: Listing contexts for virtual host 'localhost'
02-May-2022 18:35:12.344 INFO [http-nio-8090-exec-4] org.apache.catalina.core.ApplicationContext.log Manager: undeploy: Undeploying web application at '/VacTrackSys'
02-May-2022 18:35:12.937 INFO [http-nio-8090-exec-4] org.apache.catalina.core.ApplicationContext.log Manager: install: Installing context configuration at 'file:/C:/Users/eVmPr/AppData/Local/Temp/context5228030918745683348.xml'
02-May-2022 18:35:16.650 INFO [http-nio-8090-exec-4] org.apache.catalina.core.ApplicationContext.log Manager: start: Starting web application '/VacTrackSys'
02-May-2022 18:35:27.564 INFO [http-nio-8090-exec-6] org.apache.catalina.core.ApplicationContext.log Manager: list: Listing contexts for virtual host 'localhost'
02-May-2022 18:38:04.210 INFO [http-nio-8090-exec-15] org.apache.catalina.core.ApplicationContext.log Manager: list: Listing contexts for virtual host 'localhost'
02-May-2022 19:35:23.062 INFO [http-nio-8090-exec-17] org.apache.catalina.core.ApplicationContext.log Manager: list: Listing contexts for virtual host 'localhost'
02-May-2022 19:44:50.870 INFO [http-nio-8090-exec-16] org.apache.catalina.core.ApplicationContext.log Manager: list: Listing contexts for virtual host 'localhost'
02-May-2022 19:44:50.887 INFO [http-nio-8090-exec-16] org.apache.catalina.core.ApplicationContext.log Manager: list: Listing contexts for virtual host 'localhost'
02-May-2022 20:02:45.808 INFO [http-nio-8090-exec-13] org.apache.catalina.core.ApplicationContext.log Manager: list: Listing contexts for virtual host 'localhost'
02-May-2022 20:02:45.838 INFO [http-nio-8090-exec-13] org.apache.catalina.core.ApplicationContext.log Manager: list: Listing contexts for virtual host 'localhost'
02-May-2022 20:02:45.860 INFO [http-nio-8090-exec-13] org.apache.catalina.core.ApplicationContext.log Manager: undeploy: Undeploying web application at '/VacTrackSys'
02-May-2022 20:02:46.432 INFO [http-nio-8090-exec-13] org.apache.catalina.core.ApplicationContext.log Manager: install: Installing context configuration at 'file:/C:/Users/eVmPr/AppData/Local/Temp/context6692689478168265095.xml'
02-May-2022 20:02:49.938 INFO [http-nio-8090-exec-13] org.apache.catalina.core.ApplicationContext.log Manager: start: Starting web application '/VacTrackSys'
02-May-2022 20:33:09.713 INFO [http-nio-8090-exec-21] org.apache.catalina.core.ApplicationContext.log Manager: list: Listing contexts for virtual host 'localhost'
02-May-2022 20:33:09.770 INFO [http-nio-8090-exec-21] org.apache.catalina.core.ApplicationContext.log Manager: restart: Reloading web application '/VacTrackSys'
02-May-2022 20:51:21.043 INFO [http-nio-8090-exec-40] org.apache.catalina.core.ApplicationContext.log Manager: list: Listing contexts for virtual host 'localhost'
02-May-2022 20:57:50.751 INFO [http-nio-8090-exec-33] org.apache.catalina.core.ApplicationContext.log Manager: list: Listing contexts for virtual host 'localhost'
02-May-2022 20:58:01.498 INFO [http-nio-8090-exec-37] org.apache.catalina.core.ApplicationContext.log Manager: list: Listing contexts for virtual host 'localhost'
02-May-2022 20:58:01.538 INFO [http-nio-8090-exec-37] org.apache.catalina.core.ApplicationContext.log Manager: list: Listing contexts for virtual host 'localhost'
02-May-2022 20:58:01.700 INFO [http-nio-8090-exec-40] org.apache.catalina.core.ApplicationContext.log Manager: restart: Reloading web application '/VacTrackSys'
02-May-2022 21:11:07.279 INFO [http-nio-8090-exec-50] org.apache.catalina.core.ApplicationContext.log Manager: list: Listing contexts for virtual host 'localhost'
02-May-2022 21:11:07.299 INFO [http-nio-8090-exec-41] org.apache.catalina.core.ApplicationContext.log Manager: restart: Reloading web application '/VacTrackSys'
02-May-2022 21:13:58.573 INFO [http-nio-8090-exec-59] org.apache.catalina.core.ApplicationContext.log Manager: list: Listing contexts for virtual host 'localhost'
02-May-2022 21:13:58.592 INFO [http-nio-8090-exec-59] org.apache.catalina.core.ApplicationContext.log Manager: list: Listing contexts for virtual host 'localhost'
02-May-2022 21:13:58.678 INFO [http-nio-8090-exec-53] org.apache.catalina.core.ApplicationContext.log Manager: restart: Reloading web application '/VacTrackSys'
02-May-2022 21:14:09.084 INFO [http-nio-8090-exec-59] org.apache.catalina.core.ApplicationContext.log Manager: list: Listing contexts for virtual host 'localhost'
02-May-2022 21:14:09.099 INFO [http-nio-8090-exec-59] org.apache.catalina.core.ApplicationContext.log Manager: list: Listing contexts for virtual host 'localhost'
02-May-2022 21:14:09.120 INFO [http-nio-8090-exec-59] org.apache.catalina.core.ApplicationContext.log Manager: undeploy: Undeploying web application at '/VacTrackSys'
02-May-2022 21:14:09.684 INFO [http-nio-8090-exec-59] org.apache.catalina.core.ApplicationContext.log Manager: install: Installing context configuration at 'file:/C:/Users/eVmPr/AppData/Local/Temp/context701490456675221665.xml'
02-May-2022 21:14:11.797 INFO [http-nio-8090-exec-59] org.apache.catalina.core.ApplicationContext.log Manager: start: Starting web application '/VacTrackSys'
02-May-2022 21:23:48.267 INFO [http-nio-8090-exec-64] org.apache.catalina.core.ApplicationContext.log Manager: list: Listing contexts for virtual host 'localhost'
02-May-2022 21:23:48.296 INFO [http-nio-8090-exec-64] org.apache.catalina.core.ApplicationContext.log Manager: list: Listing contexts for virtual host 'localhost'
02-May-2022 21:23:48.325 INFO [http-nio-8090-exec-64] org.apache.catalina.core.ApplicationContext.log Manager: undeploy: Undeploying web application at '/VacTrackSys'
02-May-2022 21:23:48.919 INFO [http-nio-8090-exec-64] org.apache.catalina.core.ApplicationContext.log Manager: install: Installing context configuration at 'file:/C:/Users/eVmPr/AppData/Local/Temp/context1556399135385351462.xml'
02-May-2022 21:23:51.716 INFO [http-nio-8090-exec-64] org.apache.catalina.core.ApplicationContext.log Manager: start: Starting web application '/VacTrackSys'
02-May-2022 21:31:56.518 INFO [http-nio-8090-exec-74] org.apache.catalina.core.ApplicationContext.log Manager: list: Listing contexts for virtual host 'localhost'
02-May-2022 21:31:56.542 INFO [http-nio-8090-exec-81] org.apache.catalina.core.ApplicationContext.log Manager: list: Listing contexts for virtual host 'localhost'
02-May-2022 21:31:56.600 INFO [http-nio-8090-exec-81] org.apache.catalina.core.ApplicationContext.log Manager: undeploy: Undeploying web application at '/VacTrackSys'
02-May-2022 21:31:57.161 INFO [http-nio-8090-exec-81] org.apache.catalina.core.ApplicationContext.log Manager: install: Installing context configuration at 'file:/C:/Users/eVmPr/AppData/Local/Temp/context9061004944815782435.xml'
02-May-2022 21:32:00.264 INFO [http-nio-8090-exec-81] org.apache.catalina.core.ApplicationContext.log Manager: start: Starting web application '/VacTrackSys'
02-May-2022 21:32:01.879 INFO [http-nio-8090-exec-78] org.apache.catalina.core.ApplicationContext.log Manager: list: Listing contexts for virtual host 'localhost'
02-May-2022 21:32:01.904 INFO [http-nio-8090-exec-78] org.apache.catalina.core.ApplicationContext.log Manager: list: Listing contexts for virtual host 'localhost'
02-May-2022 21:43:43.451 INFO [http-nio-8090-exec-88] org.apache.catalina.core.ApplicationContext.log Manager: list: Listing contexts for virtual host 'localhost'
02-May-2022 21:45:58.778 INFO [http-nio-8090-exec-87] org.apache.catalina.core.ApplicationContext.log Manager: list: Listing contexts for virtual host 'localhost'
02-May-2022 21:46:40.395 INFO [http-nio-8090-exec-91] org.apache.catalina.core.ApplicationContext.log Manager: list: Listing contexts for virtual host 'localhost'
02-May-2022 21:48:18.436 INFO [http-nio-8090-exec-91] org.apache.catalina.core.ApplicationContext.log Manager: list: Listing contexts for virtual host 'localhost'
02-May-2022 21:48:18.496 INFO [http-nio-8090-exec-91] org.apache.catalina.core.ApplicationContext.log Manager: list: Listing contexts for virtual host 'localhost'
02-May-2022 21:48:50.615 INFO [http-nio-8090-exec-88] org.apache.catalina.core.ApplicationContext.log Manager: list: Listing contexts for virtual host 'localhost'
02-May-2022 21:48:50.638 INFO [http-nio-8090-exec-88] org.apache.catalina.core.ApplicationContext.log Manager: list: Listing contexts for virtual host 'localhost'
02-May-2022 21:48:50.667 INFO [http-nio-8090-exec-88] org.apache.catalina.core.ApplicationContext.log Manager: undeploy: Undeploying web application at '/VacTrackSys'
02-May-2022 21:48:51.230 INFO [http-nio-8090-exec-88] org.apache.catalina.core.ApplicationContext.log Manager: install: Installing context configuration at 'file:/C:/Users/eVmPr/AppData/Local/Temp/context8873886247781325907.xml'
02-May-2022 21:48:53.121 INFO [http-nio-8090-exec-88] org.apache.catalina.core.ApplicationContext.log Manager: start: Starting web application '/VacTrackSys'
02-May-2022 21:54:29.700 INFO [http-nio-8090-exec-102] org.apache.catalina.core.ApplicationContext.log Manager: list: Listing contexts for virtual host 'localhost'
02-May-2022 21:57:32.067 INFO [http-nio-8090-exec-100] org.apache.catalina.core.ApplicationContext.log Manager: list: Listing contexts for virtual host 'localhost'
02-May-2022 21:57:32.094 INFO [http-nio-8090-exec-95] org.apache.catalina.core.ApplicationContext.log Manager: list: Listing contexts for virtual host 'localhost'
02-May-2022 21:57:32.174 INFO [http-nio-8090-exec-95] org.apache.catalina.core.ApplicationContext.log Manager: undeploy: Undeploying web application at '/VacTrackSys'
02-May-2022 21:57:32.771 INFO [http-nio-8090-exec-95] org.apache.catalina.core.ApplicationContext.log Manager: install: Installing context configuration at 'file:/C:/Users/eVmPr/AppData/Local/Temp/context7440106313858428008.xml'
02-May-2022 21:57:35.953 INFO [http-nio-8090-exec-95] org.apache.catalina.core.ApplicationContext.log Manager: start: Starting web application '/VacTrackSys'
02-May-2022 21:58:05.611 INFO [http-nio-8090-exec-94] org.apache.catalina.core.ApplicationContext.log Manager: list: Listing contexts for virtual host 'localhost'
02-May-2022 21:58:05.638 INFO [http-nio-8090-exec-94] org.apache.catalina.core.ApplicationContext.log Manager: list: Listing contexts for virtual host 'localhost'
02-May-2022 21:58:05.673 INFO [http-nio-8090-exec-94] org.apache.catalina.core.ApplicationContext.log Manager: undeploy: Undeploying web application at '/VacTrackSys'
02-May-2022 21:58:06.244 INFO [http-nio-8090-exec-94] org.apache.catalina.core.ApplicationContext.log Manager: install: Installing context configuration at 'file:/C:/Users/eVmPr/AppData/Local/Temp/context1854340875493350111.xml'
02-May-2022 21:58:08.961 INFO [http-nio-8090-exec-94] org.apache.catalina.core.ApplicationContext.log Manager: start: Starting web application '/VacTrackSys'
02-May-2022 22:03:01.147 INFO [http-nio-8090-exec-116] org.apache.catalina.core.ApplicationContext.log Manager: list: Listing contexts for virtual host 'localhost'
02-May-2022 22:04:35.376 INFO [http-nio-8090-exec-5] org.apache.catalina.core.ApplicationContext.log Manager: init: Associated with Deployer 'Catalina:type=Deployer,host=localhost'
02-May-2022 22:04:35.376 INFO [http-nio-8090-exec-5] org.apache.catalina.core.ApplicationContext.log Manager: init: Global resources are available
02-May-2022 22:04:44.297 INFO [http-nio-8090-exec-5] org.apache.catalina.core.ApplicationContext.log Manager: list: Listing contexts for virtual host 'localhost'
02-May-2022 22:04:44.330 INFO [http-nio-8090-exec-5] org.apache.catalina.core.ApplicationContext.log Manager: list: Listing contexts for virtual host 'localhost'
02-May-2022 22:04:44.366 INFO [http-nio-8090-exec-4] org.apache.catalina.core.ApplicationContext.log Manager: undeploy: Undeploying web application at '/VacTrackSys'
02-May-2022 22:04:44.961 INFO [http-nio-8090-exec-7] org.apache.catalina.core.ApplicationContext.log Manager: install: Installing context configuration at 'file:/C:/Users/eVmPr/AppData/Local/Temp/context4830302708045066988.xml'
02-May-2022 22:04:52.188 INFO [http-nio-8090-exec-7] org.apache.catalina.core.ApplicationContext.log Manager: start: Starting web application '/VacTrackSys'
02-May-2022 22:07:51.674 INFO [http-nio-8090-exec-19] org.apache.catalina.core.ApplicationContext.log Manager: list: Listing contexts for virtual host 'localhost'
02-May-2022 22:10:32.632 INFO [http-nio-8090-exec-17] org.apache.catalina.core.ApplicationContext.log Manager: list: Listing contexts for virtual host 'localhost'
02-May-2022 22:12:32.740 INFO [http-nio-8090-exec-12] org.apache.catalina.core.ApplicationContext.log Manager: list: Listing contexts for virtual host 'localhost'
02-May-2022 22:14:47.393 INFO [http-nio-8090-exec-20] org.apache.catalina.core.ApplicationContext.log Manager: list: Listing contexts for virtual host 'localhost'
02-May-2022 22:14:47.407 INFO [http-nio-8090-exec-20] org.apache.catalina.core.ApplicationContext.log Manager: list: Listing contexts for virtual host 'localhost'
02-May-2022 22:15:13.895 INFO [http-nio-8090-exec-14] org.apache.catalina.core.ApplicationContext.log Manager: list: Listing contexts for virtual host 'localhost'
02-May-2022 22:15:36.138 INFO [http-nio-8090-exec-14] org.apache.catalina.core.ApplicationContext.log Manager: list: Listing contexts for virtual host 'localhost'
02-May-2022 22:17:01.611 INFO [http-nio-8090-exec-20] org.apache.catalina.core.ApplicationContext.log Manager: list: Listing contexts for virtual host 'localhost'
02-May-2022 22:17:43.552 INFO [http-nio-8090-exec-19] org.apache.catalina.core.ApplicationContext.log Manager: list: Listing contexts for virtual host 'localhost'
02-May-2022 22:18:39.104 INFO [http-nio-8090-exec-14] org.apache.catalina.core.ApplicationContext.log Manager: list: Listing contexts for virtual host 'localhost'
02-May-2022 22:19:03.211 INFO [http-nio-8090-exec-14] org.apache.catalina.core.ApplicationContext.log Manager: list: Listing contexts for virtual host 'localhost'
02-May-2022 22:19:07.376 INFO [http-nio-8090-exec-14] org.apache.catalina.core.ApplicationContext.log Manager: list: Listing contexts for virtual host 'localhost'
02-May-2022 22:28:56.774 INFO [http-nio-8090-exec-19] org.apache.catalina.core.ApplicationContext.log Manager: list: Listing contexts for virtual host 'localhost'
02-May-2022 22:28:56.798 INFO [http-nio-8090-exec-19] org.apache.catalina.core.ApplicationContext.log Manager: restart: Reloading web application '/VacTrackSys'
02-May-2022 22:37:35.160 INFO [http-nio-8090-exec-28] org.apache.catalina.core.ApplicationContext.log Manager: list: Listing contexts for virtual host 'localhost'
02-May-2022 22:37:36.456 INFO [http-nio-8090-exec-21] org.apache.catalina.core.ApplicationContext.log Manager: list: Listing contexts for virtual host 'localhost'
02-May-2022 22:37:36.475 INFO [http-nio-8090-exec-28] org.apache.catalina.core.ApplicationContext.log Manager: restart: Reloading web application '/VacTrackSys'
02-May-2022 22:39:43.891 INFO [http-nio-8090-exec-21] org.apache.catalina.core.ApplicationContext.log Manager: list: Listing contexts for virtual host 'localhost'
02-May-2022 22:43:57.463 INFO [http-nio-8090-exec-34] org.apache.catalina.core.ApplicationContext.log Manager: list: Listing contexts for virtual host 'localhost'
02-May-2022 22:46:20.065 INFO [http-nio-8090-exec-32] org.apache.catalina.core.ApplicationContext.log Manager: list: Listing contexts for virtual host 'localhost'
02-May-2022 22:50:42.696 INFO [http-nio-8090-exec-40] org.apache.catalina.core.ApplicationContext.log Manager: list: Listing contexts for virtual host 'localhost'
02-May-2022 22:51:31.058 INFO [http-nio-8090-exec-32] org.apache.catalina.core.ApplicationContext.log Manager: list: Listing contexts for virtual host 'localhost'
02-May-2022 22:52:02.596 INFO [http-nio-8090-exec-34] org.apache.catalina.core.ApplicationContext.log Manager: list: Listing contexts for virtual host 'localhost'
02-May-2022 22:52:03.006 INFO [http-nio-8090-exec-34] org.apache.catalina.core.ApplicationContext.log Manager: list: Listing contexts for virtual host 'localhost'
02-May-2022 22:58:55.238 INFO [http-nio-8090-exec-31] org.apache.catalina.core.ApplicationContext.log Manager: list: Listing contexts for virtual host 'localhost'
02-May-2022 22:58:55.256 INFO [http-nio-8090-exec-32] org.apache.catalina.core.ApplicationContext.log Manager: restart: Reloading web application '/VacTrackSys'
02-May-2022 22:59:50.338 INFO [http-nio-8090-exec-32] org.apache.catalina.core.ApplicationContext.log Manager: list: Listing contexts for virtual host 'localhost'
02-May-2022 22:59:50.357 INFO [http-nio-8090-exec-42] org.apache.catalina.core.ApplicationContext.log Manager: restart: Reloading web application '/VacTrackSys'
02-May-2022 23:06:19.798 INFO [http-nio-8090-exec-52] org.apache.catalina.core.ApplicationContext.log Manager: list: Listing contexts for virtual host 'localhost'
02-May-2022 23:06:19.816 INFO [http-nio-8090-exec-49] org.apache.catalina.core.ApplicationContext.log Manager: restart: Reloading web application '/VacTrackSys'
02-May-2022 23:08:08.170 INFO [http-nio-8090-exec-49] org.apache.catalina.core.ApplicationContext.log Manager: list: Listing contexts for virtual host 'localhost'
02-May-2022 23:08:08.183 INFO [http-nio-8090-exec-53] org.apache.catalina.core.ApplicationContext.log Manager: restart: Reloading web application '/VacTrackSys'
02-May-2022 23:09:29.540 INFO [http-nio-8090-exec-63] org.apache.catalina.core.ApplicationContext.log Manager: list: Listing contexts for virtual host 'localhost'
02-May-2022 23:09:48.892 INFO [http-nio-8090-exec-59] org.apache.catalina.core.ApplicationContext.log Manager: list: Listing contexts for virtual host 'localhost'
02-May-2022 23:10:02.248 INFO [http-nio-8090-exec-64] org.apache.catalina.core.ApplicationContext.log Manager: list: Listing contexts for virtual host 'localhost'
02-May-2022 23:10:02.257 INFO [http-nio-8090-exec-64] org.apache.catalina.core.ApplicationContext.log Manager: list: Listing contexts for virtual host 'localhost'
02-May-2022 23:10:02.276 INFO [http-nio-8090-exec-64] org.apache.catalina.core.ApplicationContext.log Manager: undeploy: Undeploying web application at '/VacTrackSys'
02-May-2022 23:10:02.815 INFO [http-nio-8090-exec-64] org.apache.catalina.core.ApplicationContext.log Manager: install: Installing context configuration at 'file:/C:/Users/eVmPr/AppData/Local/Temp/context4368242522958745680.xml'
02-May-2022 23:10:04.183 INFO [http-nio-8090-exec-64] org.apache.catalina.core.ApplicationContext.log Manager: start: Starting web application '/VacTrackSys'
02-May-2022 23:23:00.499 INFO [http-nio-8090-exec-73] org.apache.catalina.core.ApplicationContext.log Manager: list: Listing contexts for virtual host 'localhost'
02-May-2022 23:23:00.511 INFO [http-nio-8090-exec-73] org.apache.catalina.core.ApplicationContext.log Manager: list: Listing contexts for virtual host 'localhost'
02-May-2022 23:23:00.529 INFO [http-nio-8090-exec-73] org.apache.catalina.core.ApplicationContext.log Manager: undeploy: Undeploying web application at '/VacTrackSys'
02-May-2022 23:23:01.075 INFO [http-nio-8090-exec-73] org.apache.catalina.core.ApplicationContext.log Manager: install: Installing context configuration at 'file:/C:/Users/eVmPr/AppData/Local/Temp/context797999767965270491.xml'
02-May-2022 23:23:02.942 INFO [http-nio-8090-exec-73] org.apache.catalina.core.ApplicationContext.log Manager: start: Starting web application '/VacTrackSys'
02-May-2022 23:36:28.051 INFO [http-nio-8090-exec-83] org.apache.catalina.core.ApplicationContext.log Manager: list: Listing contexts for virtual host 'localhost'
02-May-2022 23:36:28.064 INFO [http-nio-8090-exec-86] org.apache.catalina.core.ApplicationContext.log Manager: list: Listing contexts for virtual host 'localhost'
02-May-2022 23:36:28.089 INFO [http-nio-8090-exec-86] org.apache.catalina.core.ApplicationContext.log Manager: undeploy: Undeploying web application at '/VacTrackSys'
02-May-2022 23:36:28.648 INFO [http-nio-8090-exec-86] org.apache.catalina.core.ApplicationContext.log Manager: install: Installing context configuration at 'file:/C:/Users/eVmPr/AppData/Local/Temp/context4126392655744155292.xml'
02-May-2022 23:36:30.292 INFO [http-nio-8090-exec-86] org.apache.catalina.core.ApplicationContext.log Manager: start: Starting web application '/VacTrackSys'
02-May-2022 23:37:18.715 INFO [http-nio-8090-exec-86] org.apache.catalina.core.ApplicationContext.log Manager: list: Listing contexts for virtual host 'localhost'
02-May-2022 23:37:18.733 INFO [http-nio-8090-exec-90] org.apache.catalina.core.ApplicationContext.log Manager: restart: Reloading web application '/VacTrackSys'
02-May-2022 23:37:38.876 INFO [http-nio-8090-exec-90] org.apache.catalina.core.ApplicationContext.log Manager: list: Listing contexts for virtual host 'localhost'
02-May-2022 23:37:38.914 INFO [http-nio-8090-exec-90] org.apache.catalina.core.ApplicationContext.log Manager: restart: Reloading web application '/VacTrackSys'
02-May-2022 23:37:58.411 INFO [http-nio-8090-exec-90] org.apache.catalina.core.ApplicationContext.log Manager: list: Listing contexts for virtual host 'localhost'
02-May-2022 23:37:58.430 INFO [http-nio-8090-exec-94] org.apache.catalina.core.ApplicationContext.log Manager: restart: Reloading web application '/VacTrackSys'
02-May-2022 23:38:48.593 INFO [http-nio-8090-exec-94] org.apache.catalina.core.ApplicationContext.log Manager: list: Listing contexts for virtual host 'localhost'
02-May-2022 23:38:48.614 INFO [http-nio-8090-exec-96] org.apache.catalina.core.ApplicationContext.log Manager: restart: Reloading web application '/VacTrackSys'
02-May-2022 23:41:48.015 INFO [http-nio-8090-exec-89] org.apache.catalina.core.ApplicationContext.log Manager: list: Listing contexts for virtual host 'localhost'
02-May-2022 23:41:48.039 INFO [http-nio-8090-exec-97] org.apache.catalina.core.ApplicationContext.log Manager: restart: Reloading web application '/VacTrackSys'
02-May-2022 23:42:33.280 INFO [http-nio-8090-exec-105] org.apache.catalina.core.ApplicationContext.log Manager: list: Listing contexts for virtual host 'localhost'
02-May-2022 23:43:29.944 INFO [http-nio-8090-exec-107] org.apache.catalina.core.ApplicationContext.log Manager: list: Listing contexts for virtual host 'localhost'
02-May-2022 23:50:24.663 INFO [http-nio-8090-exec-110] org.apache.catalina.core.ApplicationContext.log Manager: list: Listing contexts for virtual host 'localhost'
02-May-2022 23:50:24.687 INFO [http-nio-8090-exec-110] org.apache.catalina.core.ApplicationContext.log Manager: restart: Reloading web application '/VacTrackSys'
02-May-2022 23:53:37.158 INFO [http-nio-8090-exec-124] org.apache.catalina.core.ApplicationContext.log Manager: list: Listing contexts for virtual host 'localhost'
02-May-2022 23:57:57.832 INFO [http-nio-8090-exec-119] org.apache.catalina.core.ApplicationContext.log Manager: list: Listing contexts for virtual host 'localhost'
02-May-2022 23:58:02.488 INFO [http-nio-8090-exec-118] org.apache.catalina.core.ApplicationContext.log Manager: list: Listing contexts for virtual host 'localhost'
02-May-2022 23:58:02.499 INFO [http-nio-8090-exec-118] org.apache.catalina.core.ApplicationContext.log Manager: list: Listing contexts for virtual host 'localhost'
02-May-2022 23:58:02.573 INFO [http-nio-8090-exec-115] org.apache.catalina.core.ApplicationContext.log Manager: restart: Reloading web application '/VacTrackSys'
