03-May-2022 00:05:23.365 INFO [http-nio-8090-exec-3] org.apache.catalina.core.ApplicationContext.log Manager: init: Associated with Deployer 'Catalina:type=Deployer,host=localhost'
03-May-2022 00:05:23.365 INFO [http-nio-8090-exec-3] org.apache.catalina.core.ApplicationContext.log Manager: init: Global resources are available
03-May-2022 00:05:24.227 INFO [http-nio-8090-exec-5] org.apache.catalina.core.ApplicationContext.log Manager: list: Listing contexts for virtual host 'localhost'
03-May-2022 00:05:24.272 INFO [http-nio-8090-exec-5] org.apache.catalina.core.ApplicationContext.log Manager: list: Listing contexts for virtual host 'localhost'
03-May-2022 00:05:24.299 INFO [http-nio-8090-exec-5] org.apache.catalina.core.ApplicationContext.log Manager: undeploy: Undeploying web application at '/VacTrackSys'
03-May-2022 00:05:24.873 INFO [http-nio-8090-exec-5] org.apache.catalina.core.ApplicationContext.log Manager: install: Installing context configuration at 'file:/C:/Users/eVmPr/AppData/Local/Temp/context2056495945828282548.xml'
03-May-2022 00:05:26.488 INFO [http-nio-8090-exec-5] org.apache.catalina.core.ApplicationContext.log Manager: start: Starting web application '/VacTrackSys'
03-May-2022 00:05:37.615 INFO [http-nio-8090-exec-7] org.apache.catalina.core.ApplicationContext.log Manager: list: Listing contexts for virtual host 'localhost'
03-May-2022 00:05:37.639 INFO [http-nio-8090-exec-7] org.apache.catalina.core.ApplicationContext.log Manager: undeploy: Undeploying web application at '/VacTrackSys'
03-May-2022 00:05:52.839 INFO [http-nio-8090-exec-12] org.apache.catalina.core.ApplicationContext.log Manager: list: Listing contexts for virtual host 'localhost'
03-May-2022 00:05:52.873 INFO [http-nio-8090-exec-12] org.apache.catalina.core.ApplicationContext.log Manager: list: Listing contexts for virtual host 'localhost'
03-May-2022 00:05:52.895 INFO [http-nio-8090-exec-12] org.apache.catalina.core.ApplicationContext.log Manager: install: Installing context configuration at 'file:/C:/Users/eVmPr/AppData/Local/Temp/context4949319744991161389.xml'
03-May-2022 00:05:54.446 INFO [http-nio-8090-exec-12] org.apache.catalina.core.ApplicationContext.log Manager: start: Starting web application '/VacTrackSys'
03-May-2022 00:08:21.659 INFO [http-nio-8090-exec-22] org.apache.catalina.core.ApplicationContext.log Manager: list: Listing contexts for virtual host 'localhost'
03-May-2022 00:19:04.039 INFO [http-nio-8090-exec-17] org.apache.catalina.core.ApplicationContext.log Manager: list: Listing contexts for virtual host 'localhost'
03-May-2022 00:19:04.065 INFO [http-nio-8090-exec-16] org.apache.catalina.core.ApplicationContext.log Manager: restart: Reloading web application '/VacTrackSys'
03-May-2022 00:20:01.145 INFO [http-nio-8090-exec-16] org.apache.catalina.core.ApplicationContext.log Manager: list: Listing contexts for virtual host 'localhost'
03-May-2022 00:20:01.182 INFO [http-nio-8090-exec-16] org.apache.catalina.core.ApplicationContext.log Manager: restart: Reloading web application '/VacTrackSys'
03-May-2022 00:21:26.270 INFO [http-nio-8090-exec-20] org.apache.catalina.core.ApplicationContext.log Manager: list: Listing contexts for virtual host 'localhost'
03-May-2022 00:21:26.296 INFO [http-nio-8090-exec-20] org.apache.catalina.core.ApplicationContext.log Manager: restart: Reloading web application '/VacTrackSys'
03-May-2022 00:30:52.879 INFO [http-nio-8090-exec-35] org.apache.catalina.core.ApplicationContext.log Manager: list: Listing contexts for virtual host 'localhost'
03-May-2022 00:30:52.914 INFO [http-nio-8090-exec-35] org.apache.catalina.core.ApplicationContext.log Manager: restart: Reloading web application '/VacTrackSys'
03-May-2022 00:32:33.345 INFO [http-nio-8090-exec-35] org.apache.catalina.core.ApplicationContext.log Manager: list: Listing contexts for virtual host 'localhost'
03-May-2022 00:32:33.385 INFO [http-nio-8090-exec-35] org.apache.catalina.core.ApplicationContext.log Manager: restart: Reloading web application '/VacTrackSys'
03-May-2022 00:34:41.303 INFO [http-nio-8090-exec-56] org.apache.catalina.core.ApplicationContext.log Manager: list: Listing contexts for virtual host 'localhost'
03-May-2022 00:51:21.370 INFO [http-nio-8090-exec-56] org.apache.catalina.core.ApplicationContext.log Manager: list: Listing contexts for virtual host 'localhost'
03-May-2022 00:51:21.404 INFO [http-nio-8090-exec-56] org.apache.catalina.core.ApplicationContext.log Manager: restart: Reloading web application '/VacTrackSys'
03-May-2022 00:53:57.804 INFO [http-nio-8090-exec-66] org.apache.catalina.core.ApplicationContext.log Manager: list: Listing contexts for virtual host 'localhost'
03-May-2022 00:53:57.861 INFO [http-nio-8090-exec-66] org.apache.catalina.core.ApplicationContext.log Manager: restart: Reloading web application '/VacTrackSys'
03-May-2022 01:07:24.972 INFO [http-nio-8090-exec-73] org.apache.catalina.core.ApplicationContext.log Manager: list: Listing contexts for virtual host 'localhost'
03-May-2022 01:07:25.005 INFO [http-nio-8090-exec-73] org.apache.catalina.core.ApplicationContext.log Manager: restart: Reloading web application '/VacTrackSys'
03-May-2022 01:14:55.138 INFO [http-nio-8090-exec-80] org.apache.catalina.core.ApplicationContext.log Manager: list: Listing contexts for virtual host 'localhost'
03-May-2022 01:14:55.162 INFO [http-nio-8090-exec-82] org.apache.catalina.core.ApplicationContext.log Manager: restart: Reloading web application '/VacTrackSys'
03-May-2022 01:17:17.149 INFO [http-nio-8090-exec-77] org.apache.catalina.core.ApplicationContext.log Manager: list: Listing contexts for virtual host 'localhost'
03-May-2022 01:17:17.171 INFO [http-nio-8090-exec-89] org.apache.catalina.core.ApplicationContext.log Manager: restart: Reloading web application '/VacTrackSys'
03-May-2022 01:19:16.495 INFO [http-nio-8090-exec-104] org.apache.catalina.core.ApplicationContext.log Manager: list: Listing contexts for virtual host 'localhost'
03-May-2022 01:19:16.517 INFO [http-nio-8090-exec-98] org.apache.catalina.core.ApplicationContext.log Manager: restart: Reloading web application '/VacTrackSys'
03-May-2022 01:46:30.846 INFO [http-nio-8090-exec-115] org.apache.catalina.core.ApplicationContext.log Manager: list: Listing contexts for virtual host 'localhost'
03-May-2022 01:46:30.873 INFO [http-nio-8090-exec-106] org.apache.catalina.core.ApplicationContext.log Manager: restart: Reloading web application '/VacTrackSys'
03-May-2022 01:48:23.088 INFO [http-nio-8090-exec-118] org.apache.catalina.core.ApplicationContext.log Manager: list: Listing contexts for virtual host 'localhost'
03-May-2022 01:48:23.122 INFO [http-nio-8090-exec-118] org.apache.catalina.core.ApplicationContext.log Manager: restart: Reloading web application '/VacTrackSys'
03-May-2022 01:55:53.564 INFO [http-nio-8090-exec-126] org.apache.catalina.core.ApplicationContext.log Manager: list: Listing contexts for virtual host 'localhost'
03-May-2022 01:55:53.588 INFO [http-nio-8090-exec-127] org.apache.catalina.core.ApplicationContext.log Manager: restart: Reloading web application '/VacTrackSys'
03-May-2022 09:37:35.181 INFO [http-nio-8090-exec-138] org.apache.catalina.core.ApplicationContext.log Manager: list: Listing contexts for virtual host 'localhost'
03-May-2022 09:37:35.208 INFO [http-nio-8090-exec-131] org.apache.catalina.core.ApplicationContext.log Manager: restart: Reloading web application '/VacTrackSys'
03-May-2022 09:38:47.082 INFO [http-nio-8090-exec-138] org.apache.catalina.core.ApplicationContext.log Manager: list: Listing contexts for virtual host 'localhost'
03-May-2022 09:38:47.106 INFO [http-nio-8090-exec-140] org.apache.catalina.core.ApplicationContext.log Manager: restart: Reloading web application '/VacTrackSys'
03-May-2022 09:39:56.556 INFO [http-nio-8090-exec-141] org.apache.catalina.core.ApplicationContext.log Manager: list: Listing contexts for virtual host 'localhost'
03-May-2022 09:39:56.584 INFO [http-nio-8090-exec-141] org.apache.catalina.core.ApplicationContext.log Manager: restart: Reloading web application '/VacTrackSys'
03-May-2022 09:56:53.915 INFO [http-nio-8090-exec-162] org.apache.catalina.core.ApplicationContext.log Manager: list: Listing contexts for virtual host 'localhost'
03-May-2022 09:56:53.940 INFO [http-nio-8090-exec-162] org.apache.catalina.core.ApplicationContext.log Manager: restart: Reloading web application '/VacTrackSys'
03-May-2022 09:59:36.062 INFO [http-nio-8090-exec-167] org.apache.catalina.core.ApplicationContext.log Manager: list: Listing contexts for virtual host 'localhost'
03-May-2022 10:14:23.770 INFO [http-nio-8090-exec-170] org.apache.catalina.core.ApplicationContext.log Manager: list: Listing contexts for virtual host 'localhost'
03-May-2022 10:14:23.796 INFO [http-nio-8090-exec-164] org.apache.catalina.core.ApplicationContext.log Manager: restart: Reloading web application '/VacTrackSys'
03-May-2022 10:18:15.749 INFO [http-nio-8090-exec-178] org.apache.catalina.core.ApplicationContext.log Manager: list: Listing contexts for virtual host 'localhost'
03-May-2022 10:19:04.273 INFO [http-nio-8090-exec-175] org.apache.catalina.core.ApplicationContext.log Manager: list: Listing contexts for virtual host 'localhost'
03-May-2022 10:21:17.642 INFO [http-nio-8090-exec-182] org.apache.catalina.core.ApplicationContext.log Manager: list: Listing contexts for virtual host 'localhost'
03-May-2022 10:21:27.550 INFO [http-nio-8090-exec-182] org.apache.catalina.core.ApplicationContext.log Manager: list: Listing contexts for virtual host 'localhost'
03-May-2022 10:21:27.576 INFO [http-nio-8090-exec-173] org.apache.catalina.core.ApplicationContext.log Manager: restart: Reloading web application '/VacTrackSys'
03-May-2022 10:22:21.348 INFO [http-nio-8090-exec-186] org.apache.catalina.core.ApplicationContext.log Manager: list: Listing contexts for virtual host 'localhost'
03-May-2022 10:22:21.379 INFO [http-nio-8090-exec-187] org.apache.catalina.core.ApplicationContext.log Manager: restart: Reloading web application '/VacTrackSys'
03-May-2022 10:25:11.534 INFO [http-nio-8090-exec-180] org.apache.catalina.core.ApplicationContext.log Manager: list: Listing contexts for virtual host 'localhost'
03-May-2022 10:25:11.564 INFO [http-nio-8090-exec-180] org.apache.catalina.core.ApplicationContext.log Manager: restart: Reloading web application '/VacTrackSys'
03-May-2022 10:52:25.931 INFO [http-nio-8090-exec-202] org.apache.catalina.core.ApplicationContext.log Manager: list: Listing contexts for virtual host 'localhost'
03-May-2022 10:52:25.953 INFO [http-nio-8090-exec-203] org.apache.catalina.core.ApplicationContext.log Manager: restart: Reloading web application '/VacTrackSys'
03-May-2022 10:54:26.700 INFO [http-nio-8090-exec-210] org.apache.catalina.core.ApplicationContext.log Manager: list: Listing contexts for virtual host 'localhost'
03-May-2022 10:54:26.724 INFO [http-nio-8090-exec-210] org.apache.catalina.core.ApplicationContext.log Manager: restart: Reloading web application '/VacTrackSys'
03-May-2022 11:07:43.925 INFO [http-nio-8090-exec-220] org.apache.catalina.core.ApplicationContext.log Manager: list: Listing contexts for virtual host 'localhost'
03-May-2022 11:07:43.945 INFO [http-nio-8090-exec-211] org.apache.catalina.core.ApplicationContext.log Manager: restart: Reloading web application '/VacTrackSys'
03-May-2022 11:10:11.255 INFO [http-nio-8090-exec-211] org.apache.catalina.core.ApplicationContext.log Manager: list: Listing contexts for virtual host 'localhost'
03-May-2022 11:15:31.826 INFO [http-nio-8090-exec-230] org.apache.catalina.core.ApplicationContext.log Manager: list: Listing contexts for virtual host 'localhost'
03-May-2022 11:15:31.845 INFO [http-nio-8090-exec-230] org.apache.catalina.core.ApplicationContext.log Manager: restart: Reloading web application '/VacTrackSys'
03-May-2022 11:18:38.451 INFO [http-nio-8090-exec-236] org.apache.catalina.core.ApplicationContext.log Manager: list: Listing contexts for virtual host 'localhost'
03-May-2022 11:18:38.472 INFO [http-nio-8090-exec-236] org.apache.catalina.core.ApplicationContext.log Manager: restart: Reloading web application '/VacTrackSys'
03-May-2022 11:19:41.639 INFO [http-nio-8090-exec-246] org.apache.catalina.core.ApplicationContext.log Manager: list: Listing contexts for virtual host 'localhost'
03-May-2022 11:20:17.370 INFO [http-nio-8090-exec-247] org.apache.catalina.core.ApplicationContext.log Manager: list: Listing contexts for virtual host 'localhost'
03-May-2022 11:20:17.400 INFO [http-nio-8090-exec-247] org.apache.catalina.core.ApplicationContext.log Manager: restart: Reloading web application '/VacTrackSys'
03-May-2022 11:26:40.779 INFO [http-nio-8090-exec-258] org.apache.catalina.core.ApplicationContext.log Manager: list: Listing contexts for virtual host 'localhost'
03-May-2022 11:26:40.807 INFO [http-nio-8090-exec-258] org.apache.catalina.core.ApplicationContext.log Manager: restart: Reloading web application '/VacTrackSys'
03-May-2022 11:28:07.269 INFO [http-nio-8090-exec-258] org.apache.catalina.core.ApplicationContext.log Manager: list: Listing contexts for virtual host 'localhost'
03-May-2022 11:28:07.293 INFO [http-nio-8090-exec-258] org.apache.catalina.core.ApplicationContext.log Manager: restart: Reloading web application '/VacTrackSys'
03-May-2022 11:29:04.207 INFO [http-nio-8090-exec-270] org.apache.catalina.core.ApplicationContext.log Manager: list: Listing contexts for virtual host 'localhost'
03-May-2022 11:29:04.234 INFO [http-nio-8090-exec-270] org.apache.catalina.core.ApplicationContext.log Manager: restart: Reloading web application '/VacTrackSys'
03-May-2022 11:29:58.015 INFO [http-nio-8090-exec-270] org.apache.catalina.core.ApplicationContext.log Manager: list: Listing contexts for virtual host 'localhost'
03-May-2022 11:29:58.040 INFO [http-nio-8090-exec-270] org.apache.catalina.core.ApplicationContext.log Manager: restart: Reloading web application '/VacTrackSys'
03-May-2022 11:32:08.009 INFO [http-nio-8090-exec-270] org.apache.catalina.core.ApplicationContext.log Manager: list: Listing contexts for virtual host 'localhost'
03-May-2022 11:32:36.745 INFO [http-nio-8090-exec-279] org.apache.catalina.core.ApplicationContext.log Manager: list: Listing contexts for virtual host 'localhost'
03-May-2022 11:33:33.840 INFO [http-nio-8090-exec-276] org.apache.catalina.core.ApplicationContext.log Manager: list: Listing contexts for virtual host 'localhost'
03-May-2022 11:33:43.825 INFO [http-nio-8090-exec-280] org.apache.catalina.core.ApplicationContext.log Manager: list: Listing contexts for virtual host 'localhost'
03-May-2022 11:37:14.721 INFO [http-nio-8090-exec-273] org.apache.catalina.core.ApplicationContext.log Manager: list: Listing contexts for virtual host 'localhost'
03-May-2022 11:38:43.296 INFO [http-nio-8090-exec-282] org.apache.catalina.core.ApplicationContext.log Manager: list: Listing contexts for virtual host 'localhost'
03-May-2022 11:40:51.406 INFO [http-nio-8090-exec-278] org.apache.catalina.core.ApplicationContext.log Manager: list: Listing contexts for virtual host 'localhost'
03-May-2022 11:44:42.755 INFO [http-nio-8090-exec-278] org.apache.catalina.core.ApplicationContext.log Manager: list: Listing contexts for virtual host 'localhost'
03-May-2022 11:45:59.088 INFO [http-nio-8090-exec-281] org.apache.catalina.core.ApplicationContext.log Manager: list: Listing contexts for virtual host 'localhost'
03-May-2022 11:46:37.831 INFO [http-nio-8090-exec-277] org.apache.catalina.core.ApplicationContext.log Manager: list: Listing contexts for virtual host 'localhost'
03-May-2022 11:47:04.023 INFO [http-nio-8090-exec-282] org.apache.catalina.core.ApplicationContext.log Manager: list: Listing contexts for virtual host 'localhost'
03-May-2022 11:48:31.290 INFO [http-nio-8090-exec-276] org.apache.catalina.core.ApplicationContext.log Manager: list: Listing contexts for virtual host 'localhost'
03-May-2022 11:51:29.729 INFO [http-nio-8090-exec-273] org.apache.catalina.core.ApplicationContext.log Manager: list: Listing contexts for virtual host 'localhost'
03-May-2022 11:51:29.754 INFO [http-nio-8090-exec-273] org.apache.catalina.core.ApplicationContext.log Manager: restart: Reloading web application '/VacTrackSys'
03-May-2022 11:53:41.172 INFO [http-nio-8090-exec-292] org.apache.catalina.core.ApplicationContext.log Manager: list: Listing contexts for virtual host 'localhost'
03-May-2022 11:53:41.203 INFO [http-nio-8090-exec-292] org.apache.catalina.core.ApplicationContext.log Manager: restart: Reloading web application '/VacTrackSys'
03-May-2022 12:02:23.856 INFO [http-nio-8090-exec-302] org.apache.catalina.core.ApplicationContext.log Manager: list: Listing contexts for virtual host 'localhost'
03-May-2022 12:02:23.893 INFO [http-nio-8090-exec-302] org.apache.catalina.core.ApplicationContext.log Manager: restart: Reloading web application '/VacTrackSys'
03-May-2022 12:04:55.170 INFO [http-nio-8090-exec-307] org.apache.catalina.core.ApplicationContext.log Manager: list: Listing contexts for virtual host 'localhost'
03-May-2022 12:04:55.207 INFO [http-nio-8090-exec-307] org.apache.catalina.core.ApplicationContext.log Manager: restart: Reloading web application '/VacTrackSys'
03-May-2022 12:11:46.882 INFO [http-nio-8090-exec-318] org.apache.catalina.core.ApplicationContext.log Manager: list: Listing contexts for virtual host 'localhost'
03-May-2022 12:11:46.916 INFO [http-nio-8090-exec-318] org.apache.catalina.core.ApplicationContext.log Manager: restart: Reloading web application '/VacTrackSys'
03-May-2022 12:12:22.057 INFO [http-nio-8090-exec-312] org.apache.catalina.core.ApplicationContext.log Manager: list: Listing contexts for virtual host 'localhost'
03-May-2022 12:12:22.097 INFO [http-nio-8090-exec-312] org.apache.catalina.core.ApplicationContext.log Manager: restart: Reloading web application '/VacTrackSys'
03-May-2022 12:14:06.697 INFO [http-nio-8090-exec-3] org.apache.catalina.core.ApplicationContext.log Manager: init: Associated with Deployer 'Catalina:type=Deployer,host=localhost'
03-May-2022 12:14:06.697 INFO [http-nio-8090-exec-3] org.apache.catalina.core.ApplicationContext.log Manager: init: Global resources are available
03-May-2022 12:14:07.257 INFO [http-nio-8090-exec-5] org.apache.catalina.core.ApplicationContext.log Manager: list: Listing contexts for virtual host 'localhost'
03-May-2022 12:14:07.271 INFO [http-nio-8090-exec-5] org.apache.catalina.core.ApplicationContext.log Manager: list: Listing contexts for virtual host 'localhost'
03-May-2022 12:14:07.340 INFO [http-nio-8090-exec-7] org.apache.catalina.core.ApplicationContext.log Manager: undeploy: Undeploying web application at '/VacTrackSys'
03-May-2022 12:14:07.909 INFO [http-nio-8090-exec-7] org.apache.catalina.core.ApplicationContext.log Manager: install: Installing context configuration at 'file:/C:/Users/eVmPr/AppData/Local/Temp/context2671189277478004075.xml'
03-May-2022 12:21:37.579 INFO [http-nio-8090-exec-3] org.apache.catalina.core.ApplicationContext.log Manager: init: Associated with Deployer 'Catalina:type=Deployer,host=localhost'
03-May-2022 12:21:37.579 INFO [http-nio-8090-exec-3] org.apache.catalina.core.ApplicationContext.log Manager: init: Global resources are available
03-May-2022 12:21:39.981 INFO [http-nio-8090-exec-4] org.apache.catalina.core.ApplicationContext.log Manager: list: Listing contexts for virtual host 'localhost'
03-May-2022 12:21:39.994 INFO [http-nio-8090-exec-4] org.apache.catalina.core.ApplicationContext.log Manager: list: Listing contexts for virtual host 'localhost'
03-May-2022 12:21:40.019 INFO [http-nio-8090-exec-4] org.apache.catalina.core.ApplicationContext.log Manager: undeploy: Undeploying web application at '/VacTrackSys'
03-May-2022 12:21:40.573 INFO [http-nio-8090-exec-4] org.apache.catalina.core.ApplicationContext.log Manager: install: Installing context configuration at 'file:/C:/Users/eVmPr/AppData/Local/Temp/context1768801635959769451.xml'
03-May-2022 12:21:42.427 INFO [http-nio-8090-exec-4] org.apache.catalina.core.ApplicationContext.log Manager: start: Starting web application '/VacTrackSys'
03-May-2022 12:23:44.935 INFO [http-nio-8090-exec-19] org.apache.catalina.core.ApplicationContext.log Manager: list: Listing contexts for virtual host 'localhost'
03-May-2022 12:23:44.972 INFO [http-nio-8090-exec-19] org.apache.catalina.core.ApplicationContext.log Manager: restart: Reloading web application '/VacTrackSys'
03-May-2022 12:29:33.357 INFO [http-nio-8090-exec-23] org.apache.catalina.core.ApplicationContext.log Manager: list: Listing contexts for virtual host 'localhost'
03-May-2022 12:30:05.701 INFO [http-nio-8090-exec-23] org.apache.catalina.core.ApplicationContext.log Manager: list: Listing contexts for virtual host 'localhost'
03-May-2022 12:30:42.634 INFO [http-nio-8090-exec-23] org.apache.catalina.core.ApplicationContext.log Manager: list: Listing contexts for virtual host 'localhost'
03-May-2022 12:31:54.314 INFO [http-nio-8090-exec-23] org.apache.catalina.core.ApplicationContext.log Manager: list: Listing contexts for virtual host 'localhost'
03-May-2022 12:31:54.382 INFO [http-nio-8090-exec-23] org.apache.catalina.core.ApplicationContext.log Manager: restart: Reloading web application '/VacTrackSys'
03-May-2022 12:32:06.524 INFO [http-nio-8090-exec-25] org.apache.catalina.core.ApplicationContext.log Manager: list: Listing contexts for virtual host 'localhost'
03-May-2022 12:32:06.584 INFO [http-nio-8090-exec-25] org.apache.catalina.core.ApplicationContext.log Manager: restart: Reloading web application '/VacTrackSys'
03-May-2022 12:34:43.249 INFO [http-nio-8090-exec-25] org.apache.catalina.core.ApplicationContext.log Manager: list: Listing contexts for virtual host 'localhost'
03-May-2022 12:41:53.978 INFO [http-nio-8090-exec-39] org.apache.catalina.core.ApplicationContext.log Manager: list: Listing contexts for virtual host 'localhost'
03-May-2022 12:44:47.430 INFO [http-nio-8090-exec-41] org.apache.catalina.core.ApplicationContext.log Manager: list: Listing contexts for virtual host 'localhost'
03-May-2022 13:02:18.738 INFO [http-nio-8090-exec-35] org.apache.catalina.core.ApplicationContext.log Manager: list: Listing contexts for virtual host 'localhost'
03-May-2022 13:03:39.473 INFO [http-nio-8090-exec-35] org.apache.catalina.core.ApplicationContext.log Manager: list: Listing contexts for virtual host 'localhost'
03-May-2022 13:06:07.304 INFO [http-nio-8090-exec-37] org.apache.catalina.core.ApplicationContext.log Manager: list: Listing contexts for virtual host 'localhost'
03-May-2022 13:06:35.603 INFO [http-nio-8090-exec-42] org.apache.catalina.core.ApplicationContext.log Manager: list: Listing contexts for virtual host 'localhost'
03-May-2022 13:07:27.529 INFO [http-nio-8090-exec-42] org.apache.catalina.core.ApplicationContext.log Manager: list: Listing contexts for virtual host 'localhost'
03-May-2022 13:16:45.070 INFO [http-nio-8090-exec-34] org.apache.catalina.core.ApplicationContext.log Manager: list: Listing contexts for virtual host 'localhost'
03-May-2022 13:18:39.373 INFO [http-nio-8090-exec-42] org.apache.catalina.core.ApplicationContext.log Manager: list: Listing contexts for virtual host 'localhost'
03-May-2022 13:19:33.070 INFO [http-nio-8090-exec-42] org.apache.catalina.core.ApplicationContext.log Manager: list: Listing contexts for virtual host 'localhost'
03-May-2022 13:20:45.506 INFO [http-nio-8090-exec-40] org.apache.catalina.core.ApplicationContext.log Manager: list: Listing contexts for virtual host 'localhost'
03-May-2022 13:21:07.666 INFO [http-nio-8090-exec-40] org.apache.catalina.core.ApplicationContext.log Manager: list: Listing contexts for virtual host 'localhost'
03-May-2022 13:21:43.028 INFO [http-nio-8090-exec-43] org.apache.catalina.core.ApplicationContext.log Manager: list: Listing contexts for virtual host 'localhost'
03-May-2022 13:22:54.792 INFO [http-nio-8090-exec-43] org.apache.catalina.core.ApplicationContext.log Manager: list: Listing contexts for virtual host 'localhost'
03-May-2022 13:23:07.471 INFO [http-nio-8090-exec-43] org.apache.catalina.core.ApplicationContext.log Manager: list: Listing contexts for virtual host 'localhost'
03-May-2022 13:25:07.908 INFO [http-nio-8090-exec-43] org.apache.catalina.core.ApplicationContext.log Manager: list: Listing contexts for virtual host 'localhost'
03-May-2022 13:25:07.967 INFO [http-nio-8090-exec-43] org.apache.catalina.core.ApplicationContext.log Manager: restart: Reloading web application '/VacTrackSys'
03-May-2022 13:25:38.484 INFO [http-nio-8090-exec-46] org.apache.catalina.core.ApplicationContext.log Manager: list: Listing contexts for virtual host 'localhost'
03-May-2022 13:25:38.576 INFO [http-nio-8090-exec-46] org.apache.catalina.core.ApplicationContext.log Manager: restart: Reloading web application '/VacTrackSys'
03-May-2022 13:27:10.075 INFO [http-nio-8090-exec-4] org.apache.catalina.core.ApplicationContext.log Manager: init: Associated with Deployer 'Catalina:type=Deployer,host=localhost'
03-May-2022 13:27:10.075 INFO [http-nio-8090-exec-4] org.apache.catalina.core.ApplicationContext.log Manager: init: Global resources are available
03-May-2022 13:27:11.181 INFO [http-nio-8090-exec-6] org.apache.catalina.core.ApplicationContext.log Manager: list: Listing contexts for virtual host 'localhost'
03-May-2022 13:27:11.202 INFO [http-nio-8090-exec-6] org.apache.catalina.core.ApplicationContext.log Manager: list: Listing contexts for virtual host 'localhost'
03-May-2022 13:27:11.290 INFO [http-nio-8090-exec-8] org.apache.catalina.core.ApplicationContext.log Manager: undeploy: Undeploying web application at '/VacTrackSys'
03-May-2022 13:27:11.880 INFO [http-nio-8090-exec-8] org.apache.catalina.core.ApplicationContext.log Manager: install: Installing context configuration at 'file:/C:/Users/eVmPr/AppData/Local/Temp/context6398201982169944196.xml'
03-May-2022 13:29:18.547 INFO [http-nio-8090-exec-16] org.apache.catalina.core.ApplicationContext.log Manager: list: Listing contexts for virtual host 'localhost'
03-May-2022 13:32:31.367 INFO [http-nio-8090-exec-16] org.apache.catalina.core.ApplicationContext.log Manager: list: Listing contexts for virtual host 'localhost'
03-May-2022 13:32:31.391 INFO [http-nio-8090-exec-12] org.apache.catalina.core.ApplicationContext.log Manager: restart: Reloading web application '/VacTrackSys'
03-May-2022 13:36:01.371 INFO [http-nio-8090-exec-12] org.apache.catalina.core.ApplicationContext.log Manager: list: Listing contexts for virtual host 'localhost'
03-May-2022 13:37:06.886 INFO [http-nio-8090-exec-22] org.apache.catalina.core.ApplicationContext.log Manager: list: Listing contexts for virtual host 'localhost'
03-May-2022 13:37:31.504 INFO [http-nio-8090-exec-22] org.apache.catalina.core.ApplicationContext.log Manager: list: Listing contexts for virtual host 'localhost'
03-May-2022 14:07:29.719 INFO [http-nio-8090-exec-22] org.apache.catalina.core.ApplicationContext.log Manager: list: Listing contexts for virtual host 'localhost'
03-May-2022 14:07:29.789 INFO [http-nio-8090-exec-22] org.apache.catalina.core.ApplicationContext.log Manager: restart: Reloading web application '/VacTrackSys'
03-May-2022 14:07:32.385 INFO [http-nio-8090-exec-28] org.apache.catalina.core.ApplicationContext.log Manager: list: Listing contexts for virtual host 'localhost'
03-May-2022 14:07:32.410 INFO [http-nio-8090-exec-28] org.apache.catalina.core.ApplicationContext.log Manager: restart: Reloading web application '/VacTrackSys'
03-May-2022 14:07:45.729 INFO [http-nio-8090-exec-28] org.apache.catalina.core.ApplicationContext.log Manager: list: Listing contexts for virtual host 'localhost'
03-May-2022 14:07:45.807 INFO [http-nio-8090-exec-28] org.apache.catalina.core.ApplicationContext.log Manager: restart: Reloading web application '/VacTrackSys'
03-May-2022 14:07:47.598 INFO [http-nio-8090-exec-22] org.apache.catalina.core.ApplicationContext.log Manager: list: Listing contexts for virtual host 'localhost'
03-May-2022 14:07:47.626 INFO [http-nio-8090-exec-22] org.apache.catalina.core.ApplicationContext.log Manager: restart: Reloading web application '/VacTrackSys'
03-May-2022 14:08:21.307 INFO [http-nio-8090-exec-22] org.apache.catalina.core.ApplicationContext.log Manager: list: Listing contexts for virtual host 'localhost'
03-May-2022 14:08:21.390 INFO [http-nio-8090-exec-22] org.apache.catalina.core.ApplicationContext.log Manager: restart: Reloading web application '/VacTrackSys'
03-May-2022 14:13:53.658 INFO [http-nio-8090-exec-44] org.apache.catalina.core.ApplicationContext.log Manager: list: Listing contexts for virtual host 'localhost'
03-May-2022 14:15:03.843 INFO [http-nio-8090-exec-31] org.apache.catalina.core.ApplicationContext.log Manager: list: Listing contexts for virtual host 'localhost'
03-May-2022 14:16:58.747 INFO [http-nio-8090-exec-47] org.apache.catalina.core.ApplicationContext.log Manager: list: Listing contexts for virtual host 'localhost'
03-May-2022 14:17:39.711 INFO [http-nio-8090-exec-47] org.apache.catalina.core.ApplicationContext.log Manager: list: Listing contexts for virtual host 'localhost'
03-May-2022 14:17:47.620 INFO [http-nio-8090-exec-47] org.apache.catalina.core.ApplicationContext.log Manager: list: Listing contexts for virtual host 'localhost'
03-May-2022 14:19:00.825 INFO [http-nio-8090-exec-46] org.apache.catalina.core.ApplicationContext.log Manager: list: Listing contexts for virtual host 'localhost'
03-May-2022 14:19:31.015 INFO [http-nio-8090-exec-46] org.apache.catalina.core.ApplicationContext.log Manager: list: Listing contexts for virtual host 'localhost'
03-May-2022 14:21:20.214 INFO [http-nio-8090-exec-38] org.apache.catalina.core.ApplicationContext.log Manager: list: Listing contexts for virtual host 'localhost'
03-May-2022 14:24:19.936 INFO [http-nio-8090-exec-47] org.apache.catalina.core.ApplicationContext.log Manager: list: Listing contexts for virtual host 'localhost'
03-May-2022 14:24:28.720 INFO [http-nio-8090-exec-47] org.apache.catalina.core.ApplicationContext.log Manager: list: Listing contexts for virtual host 'localhost'
03-May-2022 14:25:57.049 INFO [http-nio-8090-exec-47] org.apache.catalina.core.ApplicationContext.log Manager: list: Listing contexts for virtual host 'localhost'
03-May-2022 14:32:24.120 INFO [http-nio-8090-exec-3] org.apache.catalina.core.ApplicationContext.log Manager: init: Associated with Deployer 'Catalina:type=Deployer,host=localhost'
03-May-2022 14:32:24.121 INFO [http-nio-8090-exec-3] org.apache.catalina.core.ApplicationContext.log Manager: init: Global resources are available
03-May-2022 14:32:29.347 INFO [http-nio-8090-exec-4] org.apache.catalina.core.ApplicationContext.log Manager: list: Listing contexts for virtual host 'localhost'
03-May-2022 14:32:29.374 INFO [http-nio-8090-exec-4] org.apache.catalina.core.ApplicationContext.log Manager: list: Listing contexts for virtual host 'localhost'
03-May-2022 14:32:29.405 INFO [http-nio-8090-exec-4] org.apache.catalina.core.ApplicationContext.log Manager: undeploy: Undeploying web application at '/VacTrackSys'
03-May-2022 14:32:30.018 INFO [http-nio-8090-exec-4] org.apache.catalina.core.ApplicationContext.log Manager: install: Installing context configuration at 'file:/C:/Users/eVmPr/AppData/Local/Temp/context7803966940460347396.xml'
03-May-2022 14:32:34.224 INFO [http-nio-8090-exec-4] org.apache.catalina.core.ApplicationContext.log Manager: start: Starting web application '/VacTrackSys'
03-May-2022 14:46:23.380 INFO [http-nio-8090-exec-20] org.apache.catalina.core.ApplicationContext.log Manager: list: Listing contexts for virtual host 'localhost'
03-May-2022 14:46:23.417 INFO [http-nio-8090-exec-20] org.apache.catalina.core.ApplicationContext.log Manager: restart: Reloading web application '/VacTrackSys'
03-May-2022 14:47:39.506 INFO [http-nio-8090-exec-20] org.apache.catalina.core.ApplicationContext.log Manager: list: Listing contexts for virtual host 'localhost'
03-May-2022 14:47:39.541 INFO [http-nio-8090-exec-21] org.apache.catalina.core.ApplicationContext.log Manager: restart: Reloading web application '/VacTrackSys'
03-May-2022 14:48:35.717 INFO [http-nio-8090-exec-3] org.apache.catalina.core.ApplicationContext.log Manager: init: Associated with Deployer 'Catalina:type=Deployer,host=localhost'
03-May-2022 14:48:35.717 INFO [http-nio-8090-exec-3] org.apache.catalina.core.ApplicationContext.log Manager: init: Global resources are available
03-May-2022 14:48:36.542 INFO [http-nio-8090-exec-5] org.apache.catalina.core.ApplicationContext.log Manager: list: Listing contexts for virtual host 'localhost'
03-May-2022 14:48:36.559 INFO [http-nio-8090-exec-5] org.apache.catalina.core.ApplicationContext.log Manager: list: Listing contexts for virtual host 'localhost'
03-May-2022 14:48:36.650 INFO [http-nio-8090-exec-7] org.apache.catalina.core.ApplicationContext.log Manager: undeploy: Undeploying web application at '/VacTrackSys'
03-May-2022 14:48:37.222 INFO [http-nio-8090-exec-7] org.apache.catalina.core.ApplicationContext.log Manager: install: Installing context configuration at 'file:/C:/Users/eVmPr/AppData/Local/Temp/context6879507985467792380.xml'
03-May-2022 14:52:01.608 INFO [http-nio-8090-exec-19] org.apache.catalina.core.ApplicationContext.log Manager: list: Listing contexts for virtual host 'localhost'
03-May-2022 15:04:54.871 INFO [http-nio-8090-exec-17] org.apache.catalina.core.ApplicationContext.log Manager: list: Listing contexts for virtual host 'localhost'
03-May-2022 15:04:54.895 INFO [http-nio-8090-exec-19] org.apache.catalina.core.ApplicationContext.log Manager: restart: Reloading web application '/VacTrackSys'
03-May-2022 15:07:40.440 INFO [http-nio-8090-exec-19] org.apache.catalina.core.ApplicationContext.log Manager: list: Listing contexts for virtual host 'localhost'
03-May-2022 15:07:40.463 INFO [http-nio-8090-exec-21] org.apache.catalina.core.ApplicationContext.log Manager: restart: Reloading web application '/VacTrackSys'
03-May-2022 15:08:11.852 INFO [http-nio-8090-exec-27] org.apache.catalina.core.ApplicationContext.log Manager: list: Listing contexts for virtual host 'localhost'
03-May-2022 15:15:32.758 INFO [http-nio-8090-exec-34] org.apache.catalina.core.ApplicationContext.log Manager: list: Listing contexts for virtual host 'localhost'
03-May-2022 15:15:49.186 INFO [http-nio-8090-exec-34] org.apache.catalina.core.ApplicationContext.log Manager: list: Listing contexts for virtual host 'localhost'
03-May-2022 15:16:05.640 INFO [http-nio-8090-exec-34] org.apache.catalina.core.ApplicationContext.log Manager: list: Listing contexts for virtual host 'localhost'
03-May-2022 15:16:28.508 INFO [http-nio-8090-exec-34] org.apache.catalina.core.ApplicationContext.log Manager: list: Listing contexts for virtual host 'localhost'
03-May-2022 15:19:46.580 INFO [http-nio-8090-exec-30] org.apache.catalina.core.ApplicationContext.log Manager: list: Listing contexts for virtual host 'localhost'
03-May-2022 15:21:01.795 INFO [http-nio-8090-exec-30] org.apache.catalina.core.ApplicationContext.log Manager: list: Listing contexts for virtual host 'localhost'
03-May-2022 15:21:26.758 INFO [http-nio-8090-exec-30] org.apache.catalina.core.ApplicationContext.log Manager: list: Listing contexts for virtual host 'localhost'
03-May-2022 15:21:41.794 INFO [http-nio-8090-exec-27] org.apache.catalina.core.ApplicationContext.log Manager: list: Listing contexts for virtual host 'localhost'
03-May-2022 15:23:59.030 INFO [http-nio-8090-exec-27] org.apache.catalina.core.ApplicationContext.log Manager: list: Listing contexts for virtual host 'localhost'
03-May-2022 15:24:58.866 INFO [http-nio-8090-exec-28] org.apache.catalina.core.ApplicationContext.log Manager: list: Listing contexts for virtual host 'localhost'
03-May-2022 15:27:30.914 INFO [http-nio-8090-exec-29] org.apache.catalina.core.ApplicationContext.log Manager: list: Listing contexts for virtual host 'localhost'
03-May-2022 15:27:50.877 INFO [http-nio-8090-exec-29] org.apache.catalina.core.ApplicationContext.log Manager: list: Listing contexts for virtual host 'localhost'
03-May-2022 15:28:13.598 INFO [http-nio-8090-exec-31] org.apache.catalina.core.ApplicationContext.log Manager: list: Listing contexts for virtual host 'localhost'
03-May-2022 15:30:49.270 INFO [http-nio-8090-exec-33] org.apache.catalina.core.ApplicationContext.log Manager: list: Listing contexts for virtual host 'localhost'
03-May-2022 15:30:49.300 INFO [http-nio-8090-exec-33] org.apache.catalina.core.ApplicationContext.log Manager: restart: Reloading web application '/VacTrackSys'
03-May-2022 15:33:17.223 INFO [http-nio-8090-exec-39] org.apache.catalina.core.ApplicationContext.log Manager: list: Listing contexts for virtual host 'localhost'
03-May-2022 15:33:17.251 INFO [http-nio-8090-exec-39] org.apache.catalina.core.ApplicationContext.log Manager: restart: Reloading web application '/VacTrackSys'
03-May-2022 15:34:18.092 INFO [http-nio-8090-exec-42] org.apache.catalina.core.ApplicationContext.log Manager: list: Listing contexts for virtual host 'localhost'
03-May-2022 15:34:24.898 INFO [http-nio-8090-exec-42] org.apache.catalina.core.ApplicationContext.log Manager: list: Listing contexts for virtual host 'localhost'
03-May-2022 15:36:14.914 INFO [http-nio-8090-exec-43] org.apache.catalina.core.ApplicationContext.log Manager: list: Listing contexts for virtual host 'localhost'
03-May-2022 15:36:14.944 INFO [http-nio-8090-exec-43] org.apache.catalina.core.ApplicationContext.log Manager: restart: Reloading web application '/VacTrackSys'
03-May-2022 15:36:31.429 INFO [http-nio-8090-exec-43] org.apache.catalina.core.ApplicationContext.log Manager: list: Listing contexts for virtual host 'localhost'
03-May-2022 15:36:31.461 INFO [http-nio-8090-exec-43] org.apache.catalina.core.ApplicationContext.log Manager: restart: Reloading web application '/VacTrackSys'
03-May-2022 15:36:35.288 INFO [http-nio-8090-exec-43] org.apache.catalina.core.ApplicationContext.log Manager: list: Listing contexts for virtual host 'localhost'
03-May-2022 15:36:35.361 INFO [http-nio-8090-exec-43] org.apache.catalina.core.ApplicationContext.log Manager: restart: Reloading web application '/VacTrackSys'
03-May-2022 15:37:49.495 INFO [http-nio-8090-exec-60] org.apache.catalina.core.ApplicationContext.log Manager: list: Listing contexts for virtual host 'localhost'
03-May-2022 15:37:49.539 INFO [http-nio-8090-exec-60] org.apache.catalina.core.ApplicationContext.log Manager: stop: Stopping web application '/VacTrackSys'
03-May-2022 15:37:49.630 INFO [http-nio-8090-exec-60] org.apache.catalina.core.ApplicationContext.log Manager: start: Starting web application '/VacTrackSys'
03-May-2022 15:39:16.809 INFO [http-nio-8090-exec-4] org.apache.catalina.core.ApplicationContext.log Manager: init: Associated with Deployer 'Catalina:type=Deployer,host=localhost'
03-May-2022 15:39:16.809 INFO [http-nio-8090-exec-4] org.apache.catalina.core.ApplicationContext.log Manager: init: Global resources are available
03-May-2022 15:49:27.450 INFO [http-nio-8090-exec-4] org.apache.catalina.core.ApplicationContext.log Manager: init: Associated with Deployer 'Catalina:type=Deployer,host=localhost'
03-May-2022 15:49:27.450 INFO [http-nio-8090-exec-4] org.apache.catalina.core.ApplicationContext.log Manager: init: Global resources are available
03-May-2022 15:49:33.144 INFO [http-nio-8090-exec-5] org.apache.catalina.core.ApplicationContext.log Manager: list: Listing contexts for virtual host 'localhost'
03-May-2022 15:49:33.216 INFO [http-nio-8090-exec-5] org.apache.catalina.core.ApplicationContext.log Manager: list: Listing contexts for virtual host 'localhost'
03-May-2022 15:49:33.251 INFO [http-nio-8090-exec-5] org.apache.catalina.core.ApplicationContext.log Manager: undeploy: Undeploying web application at '/VacTrackSys'
03-May-2022 15:49:33.888 INFO [http-nio-8090-exec-5] org.apache.catalina.core.ApplicationContext.log Manager: install: Installing context configuration at 'file:/C:/Users/eVmPr/AppData/Local/Temp/context6839621376629895897.xml'
03-May-2022 15:49:38.587 INFO [http-nio-8090-exec-5] org.apache.catalina.core.ApplicationContext.log Manager: start: Starting web application '/VacTrackSys'
03-May-2022 15:50:59.278 INFO [http-nio-8090-exec-19] org.apache.catalina.core.ApplicationContext.log Manager: list: Listing contexts for virtual host 'localhost'
03-May-2022 15:51:22.755 INFO [http-nio-8090-exec-13] org.apache.catalina.core.ApplicationContext.log Manager: list: Listing contexts for virtual host 'localhost'
03-May-2022 15:51:55.908 INFO [http-nio-8090-exec-15] org.apache.catalina.core.ApplicationContext.log Manager: list: Listing contexts for virtual host 'localhost'
03-May-2022 15:55:10.051 INFO [http-nio-8090-exec-17] org.apache.catalina.core.ApplicationContext.log Manager: list: Listing contexts for virtual host 'localhost'
03-May-2022 15:55:10.081 INFO [http-nio-8090-exec-17] org.apache.catalina.core.ApplicationContext.log Manager: list: Listing contexts for virtual host 'localhost'
03-May-2022 15:55:10.110 INFO [http-nio-8090-exec-17] org.apache.catalina.core.ApplicationContext.log Manager: undeploy: Undeploying web application at '/VacTrackSys'
03-May-2022 15:55:10.686 INFO [http-nio-8090-exec-15] org.apache.catalina.core.ApplicationContext.log Manager: install: Installing context configuration at 'file:/C:/Users/eVmPr/AppData/Local/Temp/context3581810510905153819.xml'
03-May-2022 15:55:13.265 INFO [http-nio-8090-exec-15] org.apache.catalina.core.ApplicationContext.log Manager: start: Starting web application '/VacTrackSys'
03-May-2022 15:57:35.888 INFO [http-nio-8090-exec-21] org.apache.catalina.core.ApplicationContext.log Manager: list: Listing contexts for virtual host 'localhost'
03-May-2022 15:57:35.907 INFO [http-nio-8090-exec-23] org.apache.catalina.core.ApplicationContext.log Manager: list: Listing contexts for virtual host 'localhost'
03-May-2022 15:57:35.950 INFO [http-nio-8090-exec-23] org.apache.catalina.core.ApplicationContext.log Manager: undeploy: Undeploying web application at '/VacTrackSys'
03-May-2022 15:57:36.553 INFO [http-nio-8090-exec-23] org.apache.catalina.core.ApplicationContext.log Manager: install: Installing context configuration at 'file:/C:/Users/eVmPr/AppData/Local/Temp/context3202651492793987626.xml'
03-May-2022 15:57:40.149 INFO [http-nio-8090-exec-23] org.apache.catalina.core.ApplicationContext.log Manager: start: Starting web application '/VacTrackSys'
03-May-2022 16:00:32.669 INFO [http-nio-8090-exec-34] org.apache.catalina.core.ApplicationContext.log Manager: list: Listing contexts for virtual host 'localhost'
03-May-2022 16:00:32.693 INFO [http-nio-8090-exec-34] org.apache.catalina.core.ApplicationContext.log Manager: list: Listing contexts for virtual host 'localhost'
03-May-2022 16:00:32.725 INFO [http-nio-8090-exec-34] org.apache.catalina.core.ApplicationContext.log Manager: undeploy: Undeploying web application at '/VacTrackSys'
03-May-2022 16:00:33.322 INFO [http-nio-8090-exec-34] org.apache.catalina.core.ApplicationContext.log Manager: install: Installing context configuration at 'file:/C:/Users/eVmPr/AppData/Local/Temp/context646903426409670533.xml'
03-May-2022 16:00:36.875 INFO [http-nio-8090-exec-34] org.apache.catalina.core.ApplicationContext.log Manager: start: Starting web application '/VacTrackSys'
03-May-2022 16:02:09.087 INFO [http-nio-8090-exec-49] org.apache.catalina.core.ApplicationContext.log Manager: list: Listing contexts for virtual host 'localhost'
03-May-2022 16:02:09.107 INFO [http-nio-8090-exec-45] org.apache.catalina.core.ApplicationContext.log Manager: restart: Reloading web application '/VacTrackSys'
03-May-2022 16:05:10.295 INFO [http-nio-8090-exec-56] org.apache.catalina.core.ApplicationContext.log Manager: list: Listing contexts for virtual host 'localhost'
03-May-2022 16:05:21.317 INFO [http-nio-8090-exec-53] org.apache.catalina.core.ApplicationContext.log Manager: list: Listing contexts for virtual host 'localhost'
03-May-2022 16:05:36.604 INFO [http-nio-8090-exec-58] org.apache.catalina.core.ApplicationContext.log Manager: list: Listing contexts for virtual host 'localhost'
03-May-2022 16:06:36.557 INFO [http-nio-8090-exec-59] org.apache.catalina.core.ApplicationContext.log Manager: list: Listing contexts for virtual host 'localhost'
03-May-2022 16:06:53.609 INFO [http-nio-8090-exec-59] org.apache.catalina.core.ApplicationContext.log Manager: list: Listing contexts for virtual host 'localhost'
03-May-2022 16:16:47.523 INFO [http-nio-8090-exec-60] org.apache.catalina.core.ApplicationContext.log Manager: list: Listing contexts for virtual host 'localhost'
03-May-2022 16:16:47.547 INFO [http-nio-8090-exec-58] org.apache.catalina.core.ApplicationContext.log Manager: restart: Reloading web application '/VacTrackSys'
03-May-2022 16:18:01.712 INFO [http-nio-8090-exec-4] org.apache.catalina.core.ApplicationContext.log Manager: init: Associated with Deployer 'Catalina:type=Deployer,host=localhost'
03-May-2022 16:18:01.712 INFO [http-nio-8090-exec-4] org.apache.catalina.core.ApplicationContext.log Manager: init: Global resources are available
03-May-2022 16:18:02.539 INFO [http-nio-8090-exec-6] org.apache.catalina.core.ApplicationContext.log Manager: list: Listing contexts for virtual host 'localhost'
03-May-2022 16:18:02.555 INFO [http-nio-8090-exec-6] org.apache.catalina.core.ApplicationContext.log Manager: list: Listing contexts for virtual host 'localhost'
03-May-2022 16:18:02.648 INFO [http-nio-8090-exec-8] org.apache.catalina.core.ApplicationContext.log Manager: undeploy: Undeploying web application at '/VacTrackSys'
03-May-2022 16:18:03.236 INFO [http-nio-8090-exec-8] org.apache.catalina.core.ApplicationContext.log Manager: install: Installing context configuration at 'file:/C:/Users/eVmPr/AppData/Local/Temp/context5024201319552874913.xml'
03-May-2022 16:20:32.786 INFO [http-nio-8090-exec-3] org.apache.catalina.core.ApplicationContext.log Manager: init: Associated with Deployer 'Catalina:type=Deployer,host=localhost'
03-May-2022 16:20:32.787 INFO [http-nio-8090-exec-3] org.apache.catalina.core.ApplicationContext.log Manager: init: Global resources are available
03-May-2022 16:20:35.953 INFO [http-nio-8090-exec-4] org.apache.catalina.core.ApplicationContext.log Manager: list: Listing contexts for virtual host 'localhost'
03-May-2022 16:20:35.973 INFO [http-nio-8090-exec-4] org.apache.catalina.core.ApplicationContext.log Manager: list: Listing contexts for virtual host 'localhost'
03-May-2022 16:20:36.000 INFO [http-nio-8090-exec-4] org.apache.catalina.core.ApplicationContext.log Manager: undeploy: Undeploying web application at '/VacTrackSys'
03-May-2022 16:20:36.582 INFO [http-nio-8090-exec-4] org.apache.catalina.core.ApplicationContext.log Manager: install: Installing context configuration at 'file:/C:/Users/eVmPr/AppData/Local/Temp/context497941730505947115.xml'
03-May-2022 16:20:39.150 INFO [http-nio-8090-exec-4] org.apache.catalina.core.ApplicationContext.log Manager: start: Starting web application '/VacTrackSys'
03-May-2022 16:22:26.173 INFO [http-nio-8090-exec-13] org.apache.catalina.core.ApplicationContext.log Manager: list: Listing contexts for virtual host 'localhost'
03-May-2022 16:22:26.212 INFO [http-nio-8090-exec-13] org.apache.catalina.core.ApplicationContext.log Manager: list: Listing contexts for virtual host 'localhost'
03-May-2022 16:22:26.300 INFO [http-nio-8090-exec-18] org.apache.catalina.core.ApplicationContext.log Manager: restart: Reloading web application '/VacTrackSys'
03-May-2022 16:26:21.422 INFO [http-nio-8090-exec-22] org.apache.catalina.core.ApplicationContext.log Manager: list: Listing contexts for virtual host 'localhost'
03-May-2022 16:26:21.447 INFO [http-nio-8090-exec-28] org.apache.catalina.core.ApplicationContext.log Manager: list: Listing contexts for virtual host 'localhost'
03-May-2022 16:26:21.479 INFO [http-nio-8090-exec-28] org.apache.catalina.core.ApplicationContext.log Manager: undeploy: Undeploying web application at '/VacTrackSys'
03-May-2022 16:26:22.057 INFO [http-nio-8090-exec-28] org.apache.catalina.core.ApplicationContext.log Manager: install: Installing context configuration at 'file:/C:/Users/eVmPr/AppData/Local/Temp/context8282333150938780078.xml'
03-May-2022 16:26:25.280 INFO [http-nio-8090-exec-28] org.apache.catalina.core.ApplicationContext.log Manager: start: Starting web application '/VacTrackSys'
03-May-2022 16:28:41.949 INFO [http-nio-8090-exec-33] org.apache.catalina.core.ApplicationContext.log Manager: list: Listing contexts for virtual host 'localhost'
03-May-2022 16:28:41.988 INFO [http-nio-8090-exec-33] org.apache.catalina.core.ApplicationContext.log Manager: restart: Reloading web application '/VacTrackSys'
03-May-2022 16:29:27.152 INFO [http-nio-8090-exec-47] org.apache.catalina.core.ApplicationContext.log Manager: list: Listing contexts for virtual host 'localhost'
03-May-2022 16:29:27.187 INFO [http-nio-8090-exec-47] org.apache.catalina.core.ApplicationContext.log Manager: restart: Reloading web application '/VacTrackSys'
03-May-2022 16:32:05.050 INFO [http-nio-8090-exec-48] org.apache.catalina.core.ApplicationContext.log Manager: list: Listing contexts for virtual host 'localhost'
03-May-2022 16:32:14.225 INFO [http-nio-8090-exec-48] org.apache.catalina.core.ApplicationContext.log Manager: list: Listing contexts for virtual host 'localhost'
03-May-2022 16:32:47.566 INFO [http-nio-8090-exec-55] org.apache.catalina.core.ApplicationContext.log Manager: list: Listing contexts for virtual host 'localhost'
03-May-2022 16:50:59.812 INFO [http-nio-8090-exec-57] org.apache.catalina.core.ApplicationContext.log Manager: list: Listing contexts for virtual host 'localhost'
03-May-2022 16:52:27.120 INFO [http-nio-8090-exec-55] org.apache.catalina.core.ApplicationContext.log Manager: list: Listing contexts for virtual host 'localhost'
03-May-2022 16:53:52.274 INFO [http-nio-8090-exec-51] org.apache.catalina.core.ApplicationContext.log Manager: list: Listing contexts for virtual host 'localhost'
03-May-2022 16:54:12.453 INFO [http-nio-8090-exec-3] org.apache.catalina.core.ApplicationContext.log Manager: init: Associated with Deployer 'Catalina:type=Deployer,host=localhost'
03-May-2022 16:54:12.453 INFO [http-nio-8090-exec-3] org.apache.catalina.core.ApplicationContext.log Manager: init: Global resources are available
03-May-2022 16:54:13.100 INFO [http-nio-8090-exec-5] org.apache.catalina.core.ApplicationContext.log Manager: list: Listing contexts for virtual host 'localhost'
03-May-2022 16:54:13.115 INFO [http-nio-8090-exec-5] org.apache.catalina.core.ApplicationContext.log Manager: list: Listing contexts for virtual host 'localhost'
03-May-2022 16:54:13.192 INFO [http-nio-8090-exec-7] org.apache.catalina.core.ApplicationContext.log Manager: undeploy: Undeploying web application at '/VacTrackSys'
03-May-2022 16:54:13.743 INFO [http-nio-8090-exec-7] org.apache.catalina.core.ApplicationContext.log Manager: install: Installing context configuration at 'file:/C:/Users/eVmPr/AppData/Local/Temp/context6089462157889258093.xml'
03-May-2022 16:55:46.121 INFO [http-nio-8090-exec-19] org.apache.catalina.core.ApplicationContext.log Manager: list: Listing contexts for virtual host 'localhost'
03-May-2022 17:00:02.948 INFO [http-nio-8090-exec-18] org.apache.catalina.core.ApplicationContext.log Manager: list: Listing contexts for virtual host 'localhost'
03-May-2022 17:00:02.992 INFO [http-nio-8090-exec-18] org.apache.catalina.core.ApplicationContext.log Manager: restart: Reloading web application '/VacTrackSys'
03-May-2022 17:02:53.153 INFO [http-nio-8090-exec-14] org.apache.catalina.core.ApplicationContext.log Manager: list: Listing contexts for virtual host 'localhost'
03-May-2022 17:04:07.248 INFO [http-nio-8090-exec-21] org.apache.catalina.core.ApplicationContext.log Manager: list: Listing contexts for virtual host 'localhost'
03-May-2022 17:06:13.340 INFO [http-nio-8090-exec-21] org.apache.catalina.core.ApplicationContext.log Manager: list: Listing contexts for virtual host 'localhost'
03-May-2022 17:06:42.860 INFO [http-nio-8090-exec-4] org.apache.catalina.core.ApplicationContext.log Manager: init: Associated with Deployer 'Catalina:type=Deployer,host=localhost'
03-May-2022 17:06:42.860 INFO [http-nio-8090-exec-4] org.apache.catalina.core.ApplicationContext.log Manager: init: Global resources are available
03-May-2022 17:06:42.966 INFO [http-nio-8090-exec-2] org.apache.catalina.core.ApplicationContext.log Manager: list: Listing contexts for virtual host 'localhost'
03-May-2022 17:06:43.015 INFO [http-nio-8090-exec-2] org.apache.catalina.core.ApplicationContext.log Manager: list: Listing contexts for virtual host 'localhost'
03-May-2022 17:06:43.132 INFO [http-nio-8090-exec-8] org.apache.catalina.core.ApplicationContext.log Manager: undeploy: Undeploying web application at '/VacTrackSys'
03-May-2022 17:06:43.704 INFO [http-nio-8090-exec-8] org.apache.catalina.core.ApplicationContext.log Manager: install: Installing context configuration at 'file:/C:/Users/eVmPr/AppData/Local/Temp/context5355722953701545442.xml'
03-May-2022 17:08:52.022 INFO [http-nio-8090-exec-14] org.apache.catalina.core.ApplicationContext.log Manager: list: Listing contexts for virtual host 'localhost'
03-May-2022 17:08:52.063 INFO [http-nio-8090-exec-14] org.apache.catalina.core.ApplicationContext.log Manager: restart: Reloading web application '/VacTrackSys'
03-May-2022 17:09:13.634 INFO [http-nio-8090-exec-14] org.apache.catalina.core.ApplicationContext.log Manager: list: Listing contexts for virtual host 'localhost'
03-May-2022 17:10:02.941 INFO [http-nio-8090-exec-24] org.apache.catalina.core.ApplicationContext.log Manager: list: Listing contexts for virtual host 'localhost'
03-May-2022 17:10:02.986 INFO [http-nio-8090-exec-24] org.apache.catalina.core.ApplicationContext.log Manager: restart: Reloading web application '/VacTrackSys'
03-May-2022 17:11:11.663 INFO [http-nio-8090-exec-27] org.apache.catalina.core.ApplicationContext.log Manager: list: Listing contexts for virtual host 'localhost'
03-May-2022 17:11:11.713 INFO [http-nio-8090-exec-27] org.apache.catalina.core.ApplicationContext.log Manager: restart: Reloading web application '/VacTrackSys'
03-May-2022 17:11:18.673 INFO [http-nio-8090-exec-33] org.apache.catalina.core.ApplicationContext.log Manager: list: Listing contexts for virtual host 'localhost'
03-May-2022 17:11:18.691 INFO [http-nio-8090-exec-33] org.apache.catalina.core.ApplicationContext.log Manager: restart: Reloading web application '/VacTrackSys'
03-May-2022 17:15:21.534 INFO [http-nio-8090-exec-43] org.apache.catalina.core.ApplicationContext.log Manager: list: Listing contexts for virtual host 'localhost'
03-May-2022 17:15:21.573 INFO [http-nio-8090-exec-43] org.apache.catalina.core.ApplicationContext.log Manager: restart: Reloading web application '/VacTrackSys'
03-May-2022 17:15:42.718 INFO [http-nio-8090-exec-43] org.apache.catalina.core.ApplicationContext.log Manager: list: Listing contexts for virtual host 'localhost'
03-May-2022 17:15:42.769 INFO [http-nio-8090-exec-43] org.apache.catalina.core.ApplicationContext.log Manager: restart: Reloading web application '/VacTrackSys'
03-May-2022 17:17:10.047 INFO [http-nio-8090-exec-60] org.apache.catalina.core.ApplicationContext.log Manager: list: Listing contexts for virtual host 'localhost'
03-May-2022 17:17:10.090 INFO [http-nio-8090-exec-60] org.apache.catalina.core.ApplicationContext.log Manager: restart: Reloading web application '/VacTrackSys'
03-May-2022 17:17:50.856 INFO [http-nio-8090-exec-64] org.apache.catalina.core.ApplicationContext.log Manager: list: Listing contexts for virtual host 'localhost'
03-May-2022 17:17:50.904 INFO [http-nio-8090-exec-64] org.apache.catalina.core.ApplicationContext.log Manager: restart: Reloading web application '/VacTrackSys'
03-May-2022 17:20:11.363 INFO [http-nio-8090-exec-72] org.apache.catalina.core.ApplicationContext.log Manager: list: Listing contexts for virtual host 'localhost'
03-May-2022 17:20:11.407 INFO [http-nio-8090-exec-72] org.apache.catalina.core.ApplicationContext.log Manager: restart: Reloading web application '/VacTrackSys'
03-May-2022 17:29:28.261 INFO [http-nio-8090-exec-90] org.apache.catalina.core.ApplicationContext.log Manager: list: Listing contexts for virtual host 'localhost'
03-May-2022 17:30:45.448 INFO [http-nio-8090-exec-87] org.apache.catalina.core.ApplicationContext.log Manager: list: Listing contexts for virtual host 'localhost'
03-May-2022 17:31:39.295 INFO [http-nio-8090-exec-3] org.apache.catalina.core.ApplicationContext.log Manager: init: Associated with Deployer 'Catalina:type=Deployer,host=localhost'
03-May-2022 17:31:39.296 INFO [http-nio-8090-exec-3] org.apache.catalina.core.ApplicationContext.log Manager: init: Global resources are available
03-May-2022 17:31:41.955 INFO [http-nio-8090-exec-3] org.apache.catalina.core.ApplicationContext.log Manager: list: Listing contexts for virtual host 'localhost'
03-May-2022 17:31:42.024 INFO [http-nio-8090-exec-3] org.apache.catalina.core.ApplicationContext.log Manager: list: Listing contexts for virtual host 'localhost'
03-May-2022 17:31:42.059 INFO [http-nio-8090-exec-3] org.apache.catalina.core.ApplicationContext.log Manager: undeploy: Undeploying web application at '/VacTrackSys'
03-May-2022 17:31:42.657 INFO [http-nio-8090-exec-3] org.apache.catalina.core.ApplicationContext.log Manager: install: Installing context configuration at 'file:/C:/Users/eVmPr/AppData/Local/Temp/context2299626411811321616.xml'
03-May-2022 17:31:44.558 INFO [http-nio-8090-exec-3] org.apache.catalina.core.ApplicationContext.log Manager: start: Starting web application '/VacTrackSys'
03-May-2022 17:35:33.931 INFO [http-nio-8090-exec-11] org.apache.catalina.core.ApplicationContext.log Manager: list: Listing contexts for virtual host 'localhost'
03-May-2022 17:36:03.776 INFO [http-nio-8090-exec-15] org.apache.catalina.core.ApplicationContext.log Manager: list: Listing contexts for virtual host 'localhost'
03-May-2022 17:37:02.873 INFO [http-nio-8090-exec-17] org.apache.catalina.core.ApplicationContext.log Manager: list: Listing contexts for virtual host 'localhost'
03-May-2022 17:38:53.246 INFO [http-nio-8090-exec-17] org.apache.catalina.core.ApplicationContext.log Manager: list: Listing contexts for virtual host 'localhost'
03-May-2022 17:39:48.399 INFO [http-nio-8090-exec-3] org.apache.catalina.core.ApplicationContext.log Manager: init: Associated with Deployer 'Catalina:type=Deployer,host=localhost'
03-May-2022 17:39:48.400 INFO [http-nio-8090-exec-3] org.apache.catalina.core.ApplicationContext.log Manager: init: Global resources are available
03-May-2022 17:39:49.422 INFO [http-nio-8090-exec-5] org.apache.catalina.core.ApplicationContext.log Manager: list: Listing contexts for virtual host 'localhost'
03-May-2022 17:39:49.443 INFO [http-nio-8090-exec-5] org.apache.catalina.core.ApplicationContext.log Manager: list: Listing contexts for virtual host 'localhost'
03-May-2022 17:39:49.535 INFO [http-nio-8090-exec-7] org.apache.catalina.core.ApplicationContext.log Manager: undeploy: Undeploying web application at '/VacTrackSys'
03-May-2022 17:39:50.087 INFO [http-nio-8090-exec-7] org.apache.catalina.core.ApplicationContext.log Manager: install: Installing context configuration at 'file:/C:/Users/eVmPr/AppData/Local/Temp/context796474751843467107.xml'
03-May-2022 17:44:00.482 INFO [http-nio-8090-exec-18] org.apache.catalina.core.ApplicationContext.log Manager: list: Listing contexts for virtual host 'localhost'
03-May-2022 17:44:00.565 INFO [http-nio-8090-exec-18] org.apache.catalina.core.ApplicationContext.log Manager: restart: Reloading web application '/VacTrackSys'
03-May-2022 17:48:36.562 INFO [http-nio-8090-exec-29] org.apache.catalina.core.ApplicationContext.log Manager: list: Listing contexts for virtual host 'localhost'
03-May-2022 17:48:36.637 INFO [http-nio-8090-exec-29] org.apache.catalina.core.ApplicationContext.log Manager: restart: Reloading web application '/VacTrackSys'
03-May-2022 17:49:12.878 INFO [http-nio-8090-exec-5] org.apache.catalina.core.ApplicationContext.log Manager: init: Associated with Deployer 'Catalina:type=Deployer,host=localhost'
03-May-2022 17:49:12.878 INFO [http-nio-8090-exec-5] org.apache.catalina.core.ApplicationContext.log Manager: init: Global resources are available
03-May-2022 17:49:15.538 INFO [http-nio-8090-exec-7] org.apache.catalina.core.ApplicationContext.log Manager: list: Listing contexts for virtual host 'localhost'
03-May-2022 17:49:15.693 INFO [http-nio-8090-exec-7] org.apache.catalina.core.ApplicationContext.log Manager: list: Listing contexts for virtual host 'localhost'
03-May-2022 17:49:16.298 INFO [http-nio-8090-exec-9] org.apache.catalina.core.ApplicationContext.log Manager: undeploy: Undeploying web application at '/VacTrackSys'
03-May-2022 17:49:17.007 INFO [http-nio-8090-exec-9] org.apache.catalina.core.ApplicationContext.log Manager: install: Installing context configuration at 'file:/C:/Users/eVmPr/AppData/Local/Temp/context6668702792645401509.xml'
03-May-2022 17:49:45.509 INFO [http-nio-8090-exec-16] org.apache.catalina.core.ApplicationContext.log Manager: list: Listing contexts for virtual host 'localhost'
