28-Apr-2022 11:54:44.693 INFO [http-nio-8090-exec-3] org.apache.catalina.core.ApplicationContext.log Manager: init: Associated with Deployer 'Catalina:type=Deployer,host=localhost'
28-Apr-2022 11:54:44.697 INFO [http-nio-8090-exec-3] org.apache.catalina.core.ApplicationContext.log Manager: init: Global resources are available
28-Apr-2022 11:54:48.444 INFO [http-nio-8090-exec-5] org.apache.catalina.core.ApplicationContext.log Manager: list: Listing contexts for virtual host 'localhost'
28-Apr-2022 11:54:48.488 INFO [http-nio-8090-exec-5] org.apache.catalina.core.ApplicationContext.log Manager: list: Listing contexts for virtual host 'localhost'
28-Apr-2022 11:58:50.201 INFO [http-nio-8090-exec-1] org.apache.catalina.core.ApplicationContext.log Manager: list: Listing contexts for virtual host 'localhost'
28-Apr-2022 12:00:10.208 INFO [http-nio-8090-exec-6] org.apache.catalina.core.ApplicationContext.log Manager: list: Listing contexts for virtual host 'localhost'
28-Apr-2022 12:03:34.892 INFO [http-nio-8090-exec-8] org.apache.catalina.core.ApplicationContext.log Manager: list: Listing contexts for virtual host 'localhost'
28-Apr-2022 12:05:07.869 INFO [http-nio-8090-exec-1] org.apache.catalina.core.ApplicationContext.log Manager: list: Listing contexts for virtual host 'localhost'
28-Apr-2022 12:17:29.530 INFO [http-nio-8090-exec-6] org.apache.catalina.core.ApplicationContext.log Manager: list: Listing contexts for virtual host 'localhost'
28-Apr-2022 12:29:47.050 INFO [http-nio-8090-exec-6] org.apache.catalina.core.ApplicationContext.log Manager: list: Listing contexts for virtual host 'localhost'
28-Apr-2022 12:29:47.278 INFO [http-nio-8090-exec-6] org.apache.catalina.core.ApplicationContext.log Manager: stop: Stopping web application '/VacTrackSys'
28-Apr-2022 12:29:47.378 INFO [http-nio-8090-exec-6] org.apache.catalina.core.ApplicationContext.log Manager: start: Starting web application '/VacTrackSys'
28-Apr-2022 12:31:05.062 INFO [http-nio-8090-exec-6] org.apache.catalina.core.ApplicationContext.log Manager: list: Listing contexts for virtual host 'localhost'
28-Apr-2022 12:31:08.074 INFO [http-nio-8090-exec-6] org.apache.catalina.core.ApplicationContext.log Manager: stop: Stopping web application '/VacTrackSys'
28-Apr-2022 12:31:10.635 INFO [http-nio-8090-exec-6] org.apache.catalina.core.ApplicationContext.log Manager: start: Starting web application '/VacTrackSys'
28-Apr-2022 12:31:19.237 INFO [http-nio-8090-exec-6] org.apache.catalina.core.ApplicationContext.log Manager: list: Listing contexts for virtual host 'localhost'
28-Apr-2022 12:34:54.239 INFO [http-nio-8090-exec-13] org.apache.catalina.core.ApplicationContext.log Manager: list: Listing contexts for virtual host 'localhost'
28-Apr-2022 12:37:35.164 INFO [http-nio-8090-exec-24] org.apache.catalina.core.ApplicationContext.log Manager: list: Listing contexts for virtual host 'localhost'
28-Apr-2022 12:38:19.938 INFO [http-nio-8090-exec-17] org.apache.catalina.core.ApplicationContext.log Manager: list: Listing contexts for virtual host 'localhost'
28-Apr-2022 12:40:18.061 INFO [http-nio-8090-exec-24] org.apache.catalina.core.ApplicationContext.log Manager: list: Listing contexts for virtual host 'localhost'
28-Apr-2022 12:44:13.319 INFO [http-nio-8090-exec-18] org.apache.catalina.core.ApplicationContext.log Manager: list: Listing contexts for virtual host 'localhost'
28-Apr-2022 12:44:16.351 INFO [http-nio-8090-exec-17] org.apache.catalina.core.ApplicationContext.log Manager: list: Listing contexts for virtual host 'localhost'
28-Apr-2022 18:41:22.854 INFO [http-nio-8090-exec-21] org.apache.catalina.core.ApplicationContext.log Manager: list: Listing contexts for virtual host 'localhost'
28-Apr-2022 18:41:22.855 INFO [http-nio-8090-exec-18] org.apache.catalina.core.ApplicationContext.log Manager: list: Listing contexts for virtual host 'localhost'
28-Apr-2022 18:41:23.063 INFO [http-nio-8090-exec-21] org.apache.catalina.core.ApplicationContext.log Manager: list: Listing contexts for virtual host 'localhost'
28-Apr-2022 18:41:23.123 INFO [http-nio-8090-exec-18] org.apache.catalina.core.ApplicationContext.log Manager: list: Listing contexts for virtual host 'localhost'
28-Apr-2022 18:41:23.178 INFO [http-nio-8090-exec-23] org.apache.catalina.core.ApplicationContext.log Manager: stop: Stopping web application '/VacTrackSys'
28-Apr-2022 18:41:23.340 INFO [http-nio-8090-exec-23] org.apache.catalina.core.ApplicationContext.log Manager: start: Starting web application '/VacTrackSys'
28-Apr-2022 18:41:27.493 INFO [http-nio-8090-exec-23] org.apache.catalina.core.ApplicationContext.log Manager: stop: Stopping web application '/VacTrackSys'
28-Apr-2022 18:41:27.516 INFO [http-nio-8090-exec-23] org.apache.catalina.core.ApplicationContext.log Manager: start: Starting web application '/VacTrackSys'
28-Apr-2022 18:42:26.810 INFO [http-nio-8090-exec-27] org.apache.catalina.core.ApplicationContext.log Manager: list: Listing contexts for virtual host 'localhost'
