27-Apr-2022 14:04:09.328 INFO [http-nio-8090-exec-24] org.apache.catalina.core.ApplicationContext.log Manager: list: Listing contexts for virtual host 'localhost'
27-Apr-2022 14:04:09.348 INFO [http-nio-8090-exec-24] org.apache.catalina.core.ApplicationContext.log Manager: list: Listing contexts for virtual host 'localhost'
27-Apr-2022 14:04:09.381 INFO [http-nio-8090-exec-24] org.apache.catalina.core.ApplicationContext.log Manager: undeploy: Undeploying web application at '/VacTrackSys'
27-Apr-2022 14:04:10.066 INFO [http-nio-8090-exec-24] org.apache.catalina.core.ApplicationContext.log Manager: install: Installing context configuration at 'file:/C:/Users/eVmPr/AppData/Local/Temp/context5506132828139729197.xml'
27-Apr-2022 14:04:11.132 INFO [http-nio-8090-exec-24] org.apache.catalina.core.ApplicationContext.log Manager: start: Starting web application '/VacTrackSys'
27-Apr-2022 14:08:59.919 INFO [http-nio-8090-exec-33] org.apache.catalina.core.ApplicationContext.log Manager: list: Listing contexts for virtual host 'localhost'
27-Apr-2022 14:09:24.564 INFO [http-nio-8090-exec-33] org.apache.catalina.core.ApplicationContext.log Manager: list: Listing contexts for virtual host 'localhost'
27-Apr-2022 14:10:35.752 INFO [http-nio-8090-exec-37] org.apache.catalina.core.ApplicationContext.log Manager: list: Listing contexts for virtual host 'localhost'
27-Apr-2022 14:11:18.595 INFO [http-nio-8090-exec-33] org.apache.catalina.core.ApplicationContext.log Manager: list: Listing contexts for virtual host 'localhost'
27-Apr-2022 14:11:30.815 INFO [http-nio-8090-exec-39] org.apache.catalina.core.ApplicationContext.log Manager: list: Listing contexts for virtual host 'localhost'
27-Apr-2022 14:13:46.044 INFO [http-nio-8090-exec-31] org.apache.catalina.core.ApplicationContext.log Manager: list: Listing contexts for virtual host 'localhost'
27-Apr-2022 14:14:57.613 INFO [http-nio-8090-exec-39] org.apache.catalina.core.ApplicationContext.log Manager: list: Listing contexts for virtual host 'localhost'
27-Apr-2022 14:14:58.945 INFO [http-nio-8090-exec-32] org.apache.catalina.core.ApplicationContext.log Manager: list: Listing contexts for virtual host 'localhost'
27-Apr-2022 14:17:28.492 INFO [http-nio-8090-exec-36] org.apache.catalina.core.ApplicationContext.log Manager: list: Listing contexts for virtual host 'localhost'
27-Apr-2022 14:17:30.230 INFO [http-nio-8090-exec-37] org.apache.catalina.core.ApplicationContext.log Manager: list: Listing contexts for virtual host 'localhost'
27-Apr-2022 14:18:07.942 INFO [http-nio-8090-exec-35] org.apache.catalina.core.ApplicationContext.log Manager: list: Listing contexts for virtual host 'localhost'
27-Apr-2022 14:21:46.179 INFO [http-nio-8090-exec-36] org.apache.catalina.core.ApplicationContext.log Manager: list: Listing contexts for virtual host 'localhost'
27-Apr-2022 14:26:14.063 INFO [http-nio-8090-exec-36] org.apache.catalina.core.ApplicationContext.log Manager: list: Listing contexts for virtual host 'localhost'
27-Apr-2022 14:26:49.845 INFO [http-nio-8090-exec-36] org.apache.catalina.core.ApplicationContext.log Manager: list: Listing contexts for virtual host 'localhost'
27-Apr-2022 14:27:02.760 INFO [http-nio-8090-exec-31] org.apache.catalina.core.ApplicationContext.log Manager: list: Listing contexts for virtual host 'localhost'
27-Apr-2022 14:27:02.772 INFO [http-nio-8090-exec-31] org.apache.catalina.core.ApplicationContext.log Manager: list: Listing contexts for virtual host 'localhost'
27-Apr-2022 14:27:22.716 INFO [http-nio-8090-exec-34] org.apache.catalina.core.ApplicationContext.log Manager: list: Listing contexts for virtual host 'localhost'
27-Apr-2022 14:27:56.310 INFO [http-nio-8090-exec-37] org.apache.catalina.core.ApplicationContext.log Manager: list: Listing contexts for virtual host 'localhost'
27-Apr-2022 14:27:56.852 INFO [http-nio-8090-exec-34] org.apache.catalina.core.ApplicationContext.log Manager: list: Listing contexts for virtual host 'localhost'
27-Apr-2022 14:27:56.902 INFO [http-nio-8090-exec-34] org.apache.catalina.core.ApplicationContext.log Manager: stop: Stopping web application '/VacTrackSys'
27-Apr-2022 14:27:56.986 INFO [http-nio-8090-exec-34] org.apache.catalina.core.ApplicationContext.log Manager: start: Starting web application '/VacTrackSys'
27-Apr-2022 14:28:09.509 INFO [http-nio-8090-exec-35] org.apache.catalina.core.ApplicationContext.log Manager: list: Listing contexts for virtual host 'localhost'
27-Apr-2022 14:33:39.956 INFO [http-nio-8090-exec-34] org.apache.catalina.core.ApplicationContext.log Manager: list: Listing contexts for virtual host 'localhost'
27-Apr-2022 14:35:20.858 INFO [http-nio-8090-exec-34] org.apache.catalina.core.ApplicationContext.log Manager: list: Listing contexts for virtual host 'localhost'
27-Apr-2022 14:36:27.065 INFO [http-nio-8090-exec-51] org.apache.catalina.core.ApplicationContext.log Manager: list: Listing contexts for virtual host 'localhost'
27-Apr-2022 14:36:42.119 INFO [http-nio-8090-exec-51] org.apache.catalina.core.ApplicationContext.log Manager: list: Listing contexts for virtual host 'localhost'
27-Apr-2022 14:36:48.559 INFO [http-nio-8090-exec-51] org.apache.catalina.core.ApplicationContext.log Manager: list: Listing contexts for virtual host 'localhost'
27-Apr-2022 14:45:52.859 INFO [http-nio-8090-exec-51] org.apache.catalina.core.ApplicationContext.log Manager: list: Listing contexts for virtual host 'localhost'
27-Apr-2022 14:47:27.507 INFO [http-nio-8090-exec-46] org.apache.catalina.core.ApplicationContext.log Manager: list: Listing contexts for virtual host 'localhost'
27-Apr-2022 14:47:27.519 INFO [http-nio-8090-exec-46] org.apache.catalina.core.ApplicationContext.log Manager: list: Listing contexts for virtual host 'localhost'
27-Apr-2022 14:47:27.588 INFO [http-nio-8090-exec-45] org.apache.catalina.core.ApplicationContext.log Manager: stop: Stopping web application '/VacTrackSys'
27-Apr-2022 14:47:27.657 INFO [http-nio-8090-exec-45] org.apache.catalina.core.ApplicationContext.log Manager: start: Starting web application '/VacTrackSys'
27-Apr-2022 14:48:20.070 INFO [http-nio-8090-exec-48] org.apache.catalina.core.ApplicationContext.log Manager: list: Listing contexts for virtual host 'localhost'
27-Apr-2022 14:48:20.093 INFO [http-nio-8090-exec-48] org.apache.catalina.core.ApplicationContext.log Manager: list: Listing contexts for virtual host 'localhost'
27-Apr-2022 14:50:30.371 INFO [http-nio-8090-exec-56] org.apache.catalina.core.ApplicationContext.log Manager: list: Listing contexts for virtual host 'localhost'
27-Apr-2022 14:50:30.420 INFO [http-nio-8090-exec-56] org.apache.catalina.core.ApplicationContext.log Manager: list: Listing contexts for virtual host 'localhost'
27-Apr-2022 14:51:16.094 INFO [http-nio-8090-exec-52] org.apache.catalina.core.ApplicationContext.log Manager: list: Listing contexts for virtual host 'localhost'
27-Apr-2022 14:52:37.490 INFO [http-nio-8090-exec-57] org.apache.catalina.core.ApplicationContext.log Manager: list: Listing contexts for virtual host 'localhost'
27-Apr-2022 14:52:59.270 INFO [http-nio-8090-exec-57] org.apache.catalina.core.ApplicationContext.log Manager: list: Listing contexts for virtual host 'localhost'
27-Apr-2022 14:53:21.432 INFO [http-nio-8090-exec-57] org.apache.catalina.core.ApplicationContext.log Manager: list: Listing contexts for virtual host 'localhost'
27-Apr-2022 14:53:37.494 INFO [http-nio-8090-exec-57] org.apache.catalina.core.ApplicationContext.log Manager: list: Listing contexts for virtual host 'localhost'
27-Apr-2022 14:53:53.972 INFO [http-nio-8090-exec-57] org.apache.catalina.core.ApplicationContext.log Manager: list: Listing contexts for virtual host 'localhost'
27-Apr-2022 14:55:28.599 INFO [http-nio-8090-exec-57] org.apache.catalina.core.ApplicationContext.log Manager: list: Listing contexts for virtual host 'localhost'
27-Apr-2022 14:55:28.866 INFO [http-nio-8090-exec-57] org.apache.catalina.core.ApplicationContext.log Manager: stop: Stopping web application '/VacTrackSys'
27-Apr-2022 14:55:28.893 INFO [http-nio-8090-exec-57] org.apache.catalina.core.ApplicationContext.log Manager: start: Starting web application '/VacTrackSys'
27-Apr-2022 14:56:52.319 INFO [http-nio-8090-exec-63] org.apache.catalina.core.ApplicationContext.log Manager: list: Listing contexts for virtual host 'localhost'
27-Apr-2022 14:56:52.540 INFO [http-nio-8090-exec-63] org.apache.catalina.core.ApplicationContext.log Manager: stop: Stopping web application '/VacTrackSys'
27-Apr-2022 14:56:52.581 INFO [http-nio-8090-exec-63] org.apache.catalina.core.ApplicationContext.log Manager: start: Starting web application '/VacTrackSys'
27-Apr-2022 14:57:00.129 INFO [http-nio-8090-exec-64] org.apache.catalina.core.ApplicationContext.log Manager: list: Listing contexts for virtual host 'localhost'
27-Apr-2022 14:57:00.143 INFO [http-nio-8090-exec-64] org.apache.catalina.core.ApplicationContext.log Manager: list: Listing contexts for virtual host 'localhost'
27-Apr-2022 14:57:00.214 INFO [http-nio-8090-exec-59] org.apache.catalina.core.ApplicationContext.log Manager: stop: Stopping web application '/VacTrackSys'
27-Apr-2022 14:57:00.246 INFO [http-nio-8090-exec-59] org.apache.catalina.core.ApplicationContext.log Manager: start: Starting web application '/VacTrackSys'
27-Apr-2022 14:57:11.588 INFO [http-nio-8090-exec-69] org.apache.catalina.core.ApplicationContext.log Manager: list: Listing contexts for virtual host 'localhost'
27-Apr-2022 14:58:01.546 INFO [http-nio-8090-exec-71] org.apache.catalina.core.ApplicationContext.log Manager: list: Listing contexts for virtual host 'localhost'
27-Apr-2022 15:02:05.446 INFO [http-nio-8090-exec-77] org.apache.catalina.core.ApplicationContext.log Manager: list: Listing contexts for virtual host 'localhost'
27-Apr-2022 15:04:59.014 INFO [http-nio-8090-exec-77] org.apache.catalina.core.ApplicationContext.log Manager: list: Listing contexts for virtual host 'localhost'
27-Apr-2022 15:06:14.166 INFO [http-nio-8090-exec-77] org.apache.catalina.core.ApplicationContext.log Manager: list: Listing contexts for virtual host 'localhost'
27-Apr-2022 15:07:02.231 INFO [http-nio-8090-exec-77] org.apache.catalina.core.ApplicationContext.log Manager: list: Listing contexts for virtual host 'localhost'
27-Apr-2022 15:11:27.867 INFO [http-nio-8090-exec-68] org.apache.catalina.core.ApplicationContext.log Manager: list: Listing contexts for virtual host 'localhost'
27-Apr-2022 15:11:40.849 INFO [http-nio-8090-exec-68] org.apache.catalina.core.ApplicationContext.log Manager: list: Listing contexts for virtual host 'localhost'
27-Apr-2022 15:12:35.499 INFO [http-nio-8090-exec-68] org.apache.catalina.core.ApplicationContext.log Manager: list: Listing contexts for virtual host 'localhost'
27-Apr-2022 15:14:01.211 INFO [http-nio-8090-exec-68] org.apache.catalina.core.ApplicationContext.log Manager: list: Listing contexts for virtual host 'localhost'
27-Apr-2022 15:14:28.194 INFO [http-nio-8090-exec-68] org.apache.catalina.core.ApplicationContext.log Manager: list: Listing contexts for virtual host 'localhost'
27-Apr-2022 15:14:34.359 INFO [http-nio-8090-exec-68] org.apache.catalina.core.ApplicationContext.log Manager: list: Listing contexts for virtual host 'localhost'
27-Apr-2022 15:14:45.504 INFO [http-nio-8090-exec-69] org.apache.catalina.core.ApplicationContext.log Manager: list: Listing contexts for virtual host 'localhost'
27-Apr-2022 15:14:45.545 INFO [http-nio-8090-exec-69] org.apache.catalina.core.ApplicationContext.log Manager: list: Listing contexts for virtual host 'localhost'
27-Apr-2022 15:14:59.999 INFO [http-nio-8090-exec-75] org.apache.catalina.core.ApplicationContext.log Manager: list: Listing contexts for virtual host 'localhost'
27-Apr-2022 15:15:39.821 INFO [http-nio-8090-exec-77] org.apache.catalina.core.ApplicationContext.log Manager: list: Listing contexts for virtual host 'localhost'
27-Apr-2022 15:15:46.583 INFO [http-nio-8090-exec-74] org.apache.catalina.core.ApplicationContext.log Manager: list: Listing contexts for virtual host 'localhost'
27-Apr-2022 15:16:00.134 INFO [http-nio-8090-exec-69] org.apache.catalina.core.ApplicationContext.log Manager: list: Listing contexts for virtual host 'localhost'
27-Apr-2022 15:17:01.895 INFO [http-nio-8090-exec-76] org.apache.catalina.core.ApplicationContext.log Manager: list: Listing contexts for virtual host 'localhost'
27-Apr-2022 15:18:07.788 INFO [http-nio-8090-exec-76] org.apache.catalina.core.ApplicationContext.log Manager: list: Listing contexts for virtual host 'localhost'
27-Apr-2022 15:18:47.932 INFO [http-nio-8090-exec-68] org.apache.catalina.core.ApplicationContext.log Manager: list: Listing contexts for virtual host 'localhost'
27-Apr-2022 15:19:13.369 INFO [http-nio-8090-exec-77] org.apache.catalina.core.ApplicationContext.log Manager: list: Listing contexts for virtual host 'localhost'
27-Apr-2022 15:19:37.494 INFO [http-nio-8090-exec-76] org.apache.catalina.core.ApplicationContext.log Manager: list: Listing contexts for virtual host 'localhost'
27-Apr-2022 15:19:45.933 INFO [http-nio-8090-exec-76] org.apache.catalina.core.ApplicationContext.log Manager: list: Listing contexts for virtual host 'localhost'
27-Apr-2022 15:20:16.048 INFO [http-nio-8090-exec-69] org.apache.catalina.core.ApplicationContext.log Manager: list: Listing contexts for virtual host 'localhost'
27-Apr-2022 15:21:42.432 INFO [http-nio-8090-exec-69] org.apache.catalina.core.ApplicationContext.log Manager: list: Listing contexts for virtual host 'localhost'
27-Apr-2022 15:21:59.387 INFO [http-nio-8090-exec-71] org.apache.catalina.core.ApplicationContext.log Manager: list: Listing contexts for virtual host 'localhost'
27-Apr-2022 15:23:09.574 INFO [http-nio-8090-exec-77] org.apache.catalina.core.ApplicationContext.log Manager: list: Listing contexts for virtual host 'localhost'
27-Apr-2022 15:26:32.553 INFO [http-nio-8090-exec-77] org.apache.catalina.core.ApplicationContext.log Manager: list: Listing contexts for virtual host 'localhost'
27-Apr-2022 15:29:30.914 INFO [http-nio-8090-exec-75] org.apache.catalina.core.ApplicationContext.log Manager: list: Listing contexts for virtual host 'localhost'
27-Apr-2022 15:29:31.112 INFO [http-nio-8090-exec-75] org.apache.catalina.core.ApplicationContext.log Manager: restart: Reloading web application '/VacTrackSys'
27-Apr-2022 15:30:17.274 INFO [http-nio-8090-exec-75] org.apache.catalina.core.ApplicationContext.log Manager: list: Listing contexts for virtual host 'localhost'
27-Apr-2022 15:31:49.597 INFO [http-nio-8090-exec-75] org.apache.catalina.core.ApplicationContext.log Manager: list: Listing contexts for virtual host 'localhost'
27-Apr-2022 15:33:34.474 INFO [http-nio-8090-exec-75] org.apache.catalina.core.ApplicationContext.log Manager: list: Listing contexts for virtual host 'localhost'
27-Apr-2022 15:39:26.700 INFO [http-nio-8090-exec-87] org.apache.catalina.core.ApplicationContext.log Manager: list: Listing contexts for virtual host 'localhost'
27-Apr-2022 15:44:11.661 INFO [http-nio-8090-exec-87] org.apache.catalina.core.ApplicationContext.log Manager: list: Listing contexts for virtual host 'localhost'
27-Apr-2022 15:44:19.372 INFO [http-nio-8090-exec-87] org.apache.catalina.core.ApplicationContext.log Manager: list: Listing contexts for virtual host 'localhost'
27-Apr-2022 15:44:24.994 INFO [http-nio-8090-exec-87] org.apache.catalina.core.ApplicationContext.log Manager: list: Listing contexts for virtual host 'localhost'
27-Apr-2022 15:45:39.711 INFO [http-nio-8090-exec-87] org.apache.catalina.core.ApplicationContext.log Manager: list: Listing contexts for virtual host 'localhost'
27-Apr-2022 15:47:17.482 INFO [http-nio-8090-exec-87] org.apache.catalina.core.ApplicationContext.log Manager: list: Listing contexts for virtual host 'localhost'
27-Apr-2022 15:49:58.864 INFO [http-nio-8090-exec-87] org.apache.catalina.core.ApplicationContext.log Manager: list: Listing contexts for virtual host 'localhost'
27-Apr-2022 15:51:37.136 INFO [http-nio-8090-exec-87] org.apache.catalina.core.ApplicationContext.log Manager: list: Listing contexts for virtual host 'localhost'
27-Apr-2022 15:53:52.578 INFO [http-nio-8090-exec-87] org.apache.catalina.core.ApplicationContext.log Manager: list: Listing contexts for virtual host 'localhost'
27-Apr-2022 15:53:57.504 INFO [http-nio-8090-exec-87] org.apache.catalina.core.ApplicationContext.log Manager: list: Listing contexts for virtual host 'localhost'
27-Apr-2022 15:54:53.509 INFO [http-nio-8090-exec-87] org.apache.catalina.core.ApplicationContext.log Manager: list: Listing contexts for virtual host 'localhost'
27-Apr-2022 15:54:58.176 INFO [http-nio-8090-exec-87] org.apache.catalina.core.ApplicationContext.log Manager: list: Listing contexts for virtual host 'localhost'
27-Apr-2022 15:54:59.434 INFO [http-nio-8090-exec-87] org.apache.catalina.core.ApplicationContext.log Manager: restart: Reloading web application '/VacTrackSys'
27-Apr-2022 15:55:54.861 INFO [http-nio-8090-exec-93] org.apache.catalina.core.ApplicationContext.log Manager: list: Listing contexts for virtual host 'localhost'
27-Apr-2022 15:56:27.483 INFO [http-nio-8090-exec-96] org.apache.catalina.core.ApplicationContext.log Manager: list: Listing contexts for virtual host 'localhost'
27-Apr-2022 15:57:05.079 INFO [http-nio-8090-exec-95] org.apache.catalina.core.ApplicationContext.log Manager: list: Listing contexts for virtual host 'localhost'
27-Apr-2022 15:58:39.590 INFO [http-nio-8090-exec-96] org.apache.catalina.core.ApplicationContext.log Manager: list: Listing contexts for virtual host 'localhost'
27-Apr-2022 15:59:06.429 INFO [http-nio-8090-exec-95] org.apache.catalina.core.ApplicationContext.log Manager: list: Listing contexts for virtual host 'localhost'
27-Apr-2022 15:59:22.559 INFO [http-nio-8090-exec-88] org.apache.catalina.core.ApplicationContext.log Manager: list: Listing contexts for virtual host 'localhost'
27-Apr-2022 16:01:55.564 INFO [http-nio-8090-exec-94] org.apache.catalina.core.ApplicationContext.log Manager: list: Listing contexts for virtual host 'localhost'
27-Apr-2022 16:02:08.798 INFO [http-nio-8090-exec-94] org.apache.catalina.core.ApplicationContext.log Manager: list: Listing contexts for virtual host 'localhost'
27-Apr-2022 16:07:30.359 INFO [http-nio-8090-exec-94] org.apache.catalina.core.ApplicationContext.log Manager: list: Listing contexts for virtual host 'localhost'
27-Apr-2022 16:08:29.699 INFO [http-nio-8090-exec-94] org.apache.catalina.core.ApplicationContext.log Manager: list: Listing contexts for virtual host 'localhost'
27-Apr-2022 16:08:41.467 INFO [http-nio-8090-exec-94] org.apache.catalina.core.ApplicationContext.log Manager: list: Listing contexts for virtual host 'localhost'
27-Apr-2022 16:09:30.924 INFO [http-nio-8090-exec-94] org.apache.catalina.core.ApplicationContext.log Manager: list: Listing contexts for virtual host 'localhost'
27-Apr-2022 16:10:31.884 INFO [http-nio-8090-exec-94] org.apache.catalina.core.ApplicationContext.log Manager: list: Listing contexts for virtual host 'localhost'
27-Apr-2022 16:13:45.884 INFO [http-nio-8090-exec-95] org.apache.catalina.core.ApplicationContext.log Manager: list: Listing contexts for virtual host 'localhost'
27-Apr-2022 16:13:49.838 INFO [http-nio-8090-exec-95] org.apache.catalina.core.ApplicationContext.log Manager: list: Listing contexts for virtual host 'localhost'
27-Apr-2022 16:14:50.858 INFO [http-nio-8090-exec-94] org.apache.catalina.core.ApplicationContext.log Manager: list: Listing contexts for virtual host 'localhost'
27-Apr-2022 16:15:16.571 INFO [http-nio-8090-exec-95] org.apache.catalina.core.ApplicationContext.log Manager: list: Listing contexts for virtual host 'localhost'
27-Apr-2022 16:16:50.588 INFO [http-nio-8090-exec-96] org.apache.catalina.core.ApplicationContext.log Manager: list: Listing contexts for virtual host 'localhost'
27-Apr-2022 16:16:53.099 INFO [http-nio-8090-exec-96] org.apache.catalina.core.ApplicationContext.log Manager: list: Listing contexts for virtual host 'localhost'
27-Apr-2022 16:17:54.770 INFO [http-nio-8090-exec-91] org.apache.catalina.core.ApplicationContext.log Manager: list: Listing contexts for virtual host 'localhost'
27-Apr-2022 16:18:05.276 INFO [http-nio-8090-exec-91] org.apache.catalina.core.ApplicationContext.log Manager: list: Listing contexts for virtual host 'localhost'
27-Apr-2022 16:19:23.806 INFO [http-nio-8090-exec-93] org.apache.catalina.core.ApplicationContext.log Manager: list: Listing contexts for virtual host 'localhost'
27-Apr-2022 16:20:12.794 INFO [http-nio-8090-exec-93] org.apache.catalina.core.ApplicationContext.log Manager: list: Listing contexts for virtual host 'localhost'
27-Apr-2022 16:22:37.074 INFO [http-nio-8090-exec-93] org.apache.catalina.core.ApplicationContext.log Manager: list: Listing contexts for virtual host 'localhost'
27-Apr-2022 16:22:48.261 INFO [http-nio-8090-exec-93] org.apache.catalina.core.ApplicationContext.log Manager: list: Listing contexts for virtual host 'localhost'
27-Apr-2022 16:23:20.833 INFO [http-nio-8090-exec-93] org.apache.catalina.core.ApplicationContext.log Manager: list: Listing contexts for virtual host 'localhost'
27-Apr-2022 16:24:28.846 INFO [http-nio-8090-exec-91] org.apache.catalina.core.ApplicationContext.log Manager: list: Listing contexts for virtual host 'localhost'
27-Apr-2022 16:27:00.996 INFO [http-nio-8090-exec-90] org.apache.catalina.core.ApplicationContext.log Manager: list: Listing contexts for virtual host 'localhost'
27-Apr-2022 16:28:59.425 INFO [http-nio-8090-exec-95] org.apache.catalina.core.ApplicationContext.log Manager: list: Listing contexts for virtual host 'localhost'
27-Apr-2022 16:40:23.505 INFO [http-nio-8090-exec-92] org.apache.catalina.core.ApplicationContext.log Manager: list: Listing contexts for virtual host 'localhost'
27-Apr-2022 16:41:21.505 INFO [http-nio-8090-exec-93] org.apache.catalina.core.ApplicationContext.log Manager: list: Listing contexts for virtual host 'localhost'
27-Apr-2022 16:42:10.824 INFO [http-nio-8090-exec-90] org.apache.catalina.core.ApplicationContext.log Manager: list: Listing contexts for virtual host 'localhost'
27-Apr-2022 16:42:56.323 INFO [http-nio-8090-exec-91] org.apache.catalina.core.ApplicationContext.log Manager: list: Listing contexts for virtual host 'localhost'
27-Apr-2022 16:42:58.452 INFO [http-nio-8090-exec-94] org.apache.catalina.core.ApplicationContext.log Manager: list: Listing contexts for virtual host 'localhost'
27-Apr-2022 16:48:48.864 INFO [http-nio-8090-exec-93] org.apache.catalina.core.ApplicationContext.log Manager: list: Listing contexts for virtual host 'localhost'
27-Apr-2022 16:49:59.056 INFO [http-nio-8090-exec-93] org.apache.catalina.core.ApplicationContext.log Manager: list: Listing contexts for virtual host 'localhost'
27-Apr-2022 16:53:14.171 INFO [http-nio-8090-exec-89] org.apache.catalina.core.ApplicationContext.log Manager: list: Listing contexts for virtual host 'localhost'
27-Apr-2022 16:53:23.283 INFO [http-nio-8090-exec-89] org.apache.catalina.core.ApplicationContext.log Manager: list: Listing contexts for virtual host 'localhost'
27-Apr-2022 16:53:23.639 INFO [http-nio-8090-exec-95] org.apache.catalina.core.ApplicationContext.log Manager: list: Listing contexts for virtual host 'localhost'
27-Apr-2022 16:53:44.471 INFO [http-nio-8090-exec-96] org.apache.catalina.core.ApplicationContext.log Manager: list: Listing contexts for virtual host 'localhost'
27-Apr-2022 16:54:22.667 INFO [http-nio-8090-exec-89] org.apache.catalina.core.ApplicationContext.log Manager: list: Listing contexts for virtual host 'localhost'
27-Apr-2022 16:56:14.208 INFO [http-nio-8090-exec-91] org.apache.catalina.core.ApplicationContext.log Manager: list: Listing contexts for virtual host 'localhost'
27-Apr-2022 16:59:23.163 INFO [http-nio-8090-exec-92] org.apache.catalina.core.ApplicationContext.log Manager: list: Listing contexts for virtual host 'localhost'
27-Apr-2022 17:00:09.284 INFO [http-nio-8090-exec-93] org.apache.catalina.core.ApplicationContext.log Manager: list: Listing contexts for virtual host 'localhost'
27-Apr-2022 17:00:19.689 INFO [http-nio-8090-exec-91] org.apache.catalina.core.ApplicationContext.log Manager: list: Listing contexts for virtual host 'localhost'
27-Apr-2022 17:00:38.355 INFO [http-nio-8090-exec-97] org.apache.catalina.core.ApplicationContext.log Manager: list: Listing contexts for virtual host 'localhost'
27-Apr-2022 17:04:10.287 INFO [http-nio-8090-exec-88] org.apache.catalina.core.ApplicationContext.log Manager: list: Listing contexts for virtual host 'localhost'
27-Apr-2022 17:04:37.885 INFO [http-nio-8090-exec-90] org.apache.catalina.core.ApplicationContext.log Manager: list: Listing contexts for virtual host 'localhost'
27-Apr-2022 17:04:57.934 INFO [http-nio-8090-exec-90] org.apache.catalina.core.ApplicationContext.log Manager: list: Listing contexts for virtual host 'localhost'
27-Apr-2022 17:06:08.943 INFO [http-nio-8090-exec-91] org.apache.catalina.core.ApplicationContext.log Manager: list: Listing contexts for virtual host 'localhost'
27-Apr-2022 17:06:26.820 INFO [http-nio-8090-exec-93] org.apache.catalina.core.ApplicationContext.log Manager: list: Listing contexts for virtual host 'localhost'
27-Apr-2022 17:09:03.143 INFO [http-nio-8090-exec-93] org.apache.catalina.core.ApplicationContext.log Manager: list: Listing contexts for virtual host 'localhost'
27-Apr-2022 17:10:09.072 INFO [http-nio-8090-exec-97] org.apache.catalina.core.ApplicationContext.log Manager: list: Listing contexts for virtual host 'localhost'
27-Apr-2022 17:12:29.507 INFO [http-nio-8090-exec-91] org.apache.catalina.core.ApplicationContext.log Manager: list: Listing contexts for virtual host 'localhost'
27-Apr-2022 17:12:35.902 INFO [http-nio-8090-exec-91] org.apache.catalina.core.ApplicationContext.log Manager: list: Listing contexts for virtual host 'localhost'
27-Apr-2022 17:14:54.335 INFO [http-nio-8090-exec-93] org.apache.catalina.core.ApplicationContext.log Manager: list: Listing contexts for virtual host 'localhost'
27-Apr-2022 17:16:48.063 INFO [http-nio-8090-exec-95] org.apache.catalina.core.ApplicationContext.log Manager: list: Listing contexts for virtual host 'localhost'
27-Apr-2022 17:20:49.554 INFO [http-nio-8090-exec-93] org.apache.catalina.core.ApplicationContext.log Manager: list: Listing contexts for virtual host 'localhost'
27-Apr-2022 17:21:32.242 INFO [http-nio-8090-exec-92] org.apache.catalina.core.ApplicationContext.log Manager: list: Listing contexts for virtual host 'localhost'
27-Apr-2022 17:28:16.180 INFO [http-nio-8090-exec-94] org.apache.catalina.core.ApplicationContext.log Manager: list: Listing contexts for virtual host 'localhost'
27-Apr-2022 17:28:16.396 INFO [http-nio-8090-exec-94] org.apache.catalina.core.ApplicationContext.log Manager: restart: Reloading web application '/VacTrackSys'
27-Apr-2022 17:30:31.392 INFO [http-nio-8090-exec-102] org.apache.catalina.core.ApplicationContext.log Manager: list: Listing contexts for virtual host 'localhost'
27-Apr-2022 17:30:51.522 INFO [http-nio-8090-exec-102] org.apache.catalina.core.ApplicationContext.log Manager: list: Listing contexts for virtual host 'localhost'
27-Apr-2022 17:31:26.692 INFO [http-nio-8090-exec-106] org.apache.catalina.core.ApplicationContext.log Manager: list: Listing contexts for virtual host 'localhost'
27-Apr-2022 17:33:29.836 INFO [http-nio-8090-exec-104] org.apache.catalina.core.ApplicationContext.log Manager: list: Listing contexts for virtual host 'localhost'
27-Apr-2022 17:33:46.682 INFO [http-nio-8090-exec-103] org.apache.catalina.core.ApplicationContext.log Manager: list: Listing contexts for virtual host 'localhost'
27-Apr-2022 17:34:16.488 INFO [http-nio-8090-exec-99] org.apache.catalina.core.ApplicationContext.log Manager: list: Listing contexts for virtual host 'localhost'
27-Apr-2022 17:35:44.200 INFO [http-nio-8090-exec-100] org.apache.catalina.core.ApplicationContext.log Manager: list: Listing contexts for virtual host 'localhost'
27-Apr-2022 17:39:33.094 INFO [http-nio-8090-exec-102] org.apache.catalina.core.ApplicationContext.log Manager: list: Listing contexts for virtual host 'localhost'
27-Apr-2022 17:41:09.064 INFO [http-nio-8090-exec-106] org.apache.catalina.core.ApplicationContext.log Manager: list: Listing contexts for virtual host 'localhost'
27-Apr-2022 17:41:52.095 INFO [http-nio-8090-exec-106] org.apache.catalina.core.ApplicationContext.log Manager: list: Listing contexts for virtual host 'localhost'
27-Apr-2022 17:48:11.744 INFO [http-nio-8090-exec-103] org.apache.catalina.core.ApplicationContext.log Manager: list: Listing contexts for virtual host 'localhost'
27-Apr-2022 17:49:05.834 INFO [http-nio-8090-exec-103] org.apache.catalina.core.ApplicationContext.log Manager: list: Listing contexts for virtual host 'localhost'
27-Apr-2022 17:51:25.973 INFO [http-nio-8090-exec-103] org.apache.catalina.core.ApplicationContext.log Manager: list: Listing contexts for virtual host 'localhost'
27-Apr-2022 17:51:26.244 INFO [http-nio-8090-exec-103] org.apache.catalina.core.ApplicationContext.log Manager: restart: Reloading web application '/VacTrackSys'
27-Apr-2022 17:51:31.777 INFO [http-nio-8090-exec-103] org.apache.catalina.core.ApplicationContext.log Manager: list: Listing contexts for virtual host 'localhost'
27-Apr-2022 17:51:31.981 INFO [http-nio-8090-exec-103] org.apache.catalina.core.ApplicationContext.log Manager: restart: Reloading web application '/VacTrackSys'
27-Apr-2022 17:51:52.130 INFO [http-nio-8090-exec-103] org.apache.catalina.core.ApplicationContext.log Manager: list: Listing contexts for virtual host 'localhost'
27-Apr-2022 17:51:52.411 INFO [http-nio-8090-exec-103] org.apache.catalina.core.ApplicationContext.log Manager: restart: Reloading web application '/VacTrackSys'
27-Apr-2022 17:52:02.415 INFO [http-nio-8090-exec-101] org.apache.catalina.core.ApplicationContext.log Manager: list: Listing contexts for virtual host 'localhost'
27-Apr-2022 17:52:02.881 INFO [http-nio-8090-exec-101] org.apache.catalina.core.ApplicationContext.log Manager: restart: Reloading web application '/VacTrackSys'
27-Apr-2022 17:54:15.474 INFO [http-nio-8090-exec-110] org.apache.catalina.core.ApplicationContext.log Manager: list: Listing contexts for virtual host 'localhost'
27-Apr-2022 17:54:35.040 INFO [http-nio-8090-exec-116] org.apache.catalina.core.ApplicationContext.log Manager: list: Listing contexts for virtual host 'localhost'
27-Apr-2022 17:57:43.956 INFO [http-nio-8090-exec-121] org.apache.catalina.core.ApplicationContext.log Manager: list: Listing contexts for virtual host 'localhost'
27-Apr-2022 17:57:44.158 INFO [http-nio-8090-exec-121] org.apache.catalina.core.ApplicationContext.log Manager: restart: Reloading web application '/VacTrackSys'
27-Apr-2022 17:57:59.642 INFO [http-nio-8090-exec-121] org.apache.catalina.core.ApplicationContext.log Manager: list: Listing contexts for virtual host 'localhost'
27-Apr-2022 17:57:59.825 INFO [http-nio-8090-exec-121] org.apache.catalina.core.ApplicationContext.log Manager: restart: Reloading web application '/VacTrackSys'
27-Apr-2022 18:15:08.830 INFO [http-nio-8090-exec-135] org.apache.catalina.core.ApplicationContext.log Manager: list: Listing contexts for virtual host 'localhost'
27-Apr-2022 18:15:09.052 INFO [http-nio-8090-exec-135] org.apache.catalina.core.ApplicationContext.log Manager: restart: Reloading web application '/VacTrackSys'
27-Apr-2022 18:20:44.253 INFO [http-nio-8090-exec-143] org.apache.catalina.core.ApplicationContext.log Manager: list: Listing contexts for virtual host 'localhost'
27-Apr-2022 18:20:44.445 INFO [http-nio-8090-exec-143] org.apache.catalina.core.ApplicationContext.log Manager: restart: Reloading web application '/VacTrackSys'
27-Apr-2022 18:21:45.685 INFO [http-nio-8090-exec-147] org.apache.catalina.core.ApplicationContext.log Manager: list: Listing contexts for virtual host 'localhost'
27-Apr-2022 18:21:45.880 INFO [http-nio-8090-exec-147] org.apache.catalina.core.ApplicationContext.log Manager: restart: Reloading web application '/VacTrackSys'
27-Apr-2022 18:21:50.620 INFO [http-nio-8090-exec-147] org.apache.catalina.core.ApplicationContext.log Manager: list: Listing contexts for virtual host 'localhost'
27-Apr-2022 18:21:50.873 INFO [http-nio-8090-exec-147] org.apache.catalina.core.ApplicationContext.log Manager: restart: Reloading web application '/VacTrackSys'
27-Apr-2022 18:24:43.003 INFO [http-nio-8090-exec-166] org.apache.catalina.core.ApplicationContext.log Manager: list: Listing contexts for virtual host 'localhost'
27-Apr-2022 18:30:43.401 INFO [http-nio-8090-exec-166] org.apache.catalina.core.ApplicationContext.log Manager: list: Listing contexts for virtual host 'localhost'
27-Apr-2022 18:31:03.373 INFO [http-nio-8090-exec-166] org.apache.catalina.core.ApplicationContext.log Manager: list: Listing contexts for virtual host 'localhost'
27-Apr-2022 18:36:09.448 INFO [http-nio-8090-exec-166] org.apache.catalina.core.ApplicationContext.log Manager: list: Listing contexts for virtual host 'localhost'
27-Apr-2022 18:36:38.907 INFO [http-nio-8090-exec-166] org.apache.catalina.core.ApplicationContext.log Manager: list: Listing contexts for virtual host 'localhost'
27-Apr-2022 18:37:18.986 INFO [http-nio-8090-exec-166] org.apache.catalina.core.ApplicationContext.log Manager: list: Listing contexts for virtual host 'localhost'
27-Apr-2022 18:37:39.585 INFO [http-nio-8090-exec-166] org.apache.catalina.core.ApplicationContext.log Manager: list: Listing contexts for virtual host 'localhost'
27-Apr-2022 18:38:26.235 INFO [http-nio-8090-exec-166] org.apache.catalina.core.ApplicationContext.log Manager: list: Listing contexts for virtual host 'localhost'
27-Apr-2022 18:40:09.247 INFO [http-nio-8090-exec-166] org.apache.catalina.core.ApplicationContext.log Manager: list: Listing contexts for virtual host 'localhost'
27-Apr-2022 18:41:40.360 INFO [http-nio-8090-exec-166] org.apache.catalina.core.ApplicationContext.log Manager: list: Listing contexts for virtual host 'localhost'
27-Apr-2022 18:45:34.762 INFO [http-nio-8090-exec-166] org.apache.catalina.core.ApplicationContext.log Manager: list: Listing contexts for virtual host 'localhost'
27-Apr-2022 18:49:45.742 INFO [http-nio-8090-exec-161] org.apache.catalina.core.ApplicationContext.log Manager: list: Listing contexts for virtual host 'localhost'
27-Apr-2022 18:50:31.060 INFO [http-nio-8090-exec-162] org.apache.catalina.core.ApplicationContext.log Manager: list: Listing contexts for virtual host 'localhost'
27-Apr-2022 18:51:04.557 INFO [http-nio-8090-exec-163] org.apache.catalina.core.ApplicationContext.log Manager: list: Listing contexts for virtual host 'localhost'
27-Apr-2022 18:52:54.453 INFO [http-nio-8090-exec-163] org.apache.catalina.core.ApplicationContext.log Manager: list: Listing contexts for virtual host 'localhost'
27-Apr-2022 18:54:13.894 INFO [http-nio-8090-exec-3] org.apache.catalina.core.ApplicationContext.log Manager: init: Associated with Deployer 'Catalina:type=Deployer,host=localhost'
27-Apr-2022 18:54:13.894 INFO [http-nio-8090-exec-3] org.apache.catalina.core.ApplicationContext.log Manager: init: Global resources are available
27-Apr-2022 18:54:16.021 INFO [http-nio-8090-exec-5] org.apache.catalina.core.ApplicationContext.log Manager: list: Listing contexts for virtual host 'localhost'
27-Apr-2022 18:54:16.062 INFO [http-nio-8090-exec-5] org.apache.catalina.core.ApplicationContext.log Manager: list: Listing contexts for virtual host 'localhost'
27-Apr-2022 18:54:16.092 INFO [http-nio-8090-exec-5] org.apache.catalina.core.ApplicationContext.log Manager: undeploy: Undeploying web application at '/VacTrackSys'
27-Apr-2022 18:54:16.678 INFO [http-nio-8090-exec-5] org.apache.catalina.core.ApplicationContext.log Manager: install: Installing context configuration at 'file:/C:/Users/eVmPr/AppData/Local/Temp/context450063757671567063.xml'
27-Apr-2022 18:54:18.096 INFO [http-nio-8090-exec-5] org.apache.catalina.core.ApplicationContext.log Manager: start: Starting web application '/VacTrackSys'
27-Apr-2022 18:57:28.365 INFO [http-nio-8090-exec-15] org.apache.catalina.core.ApplicationContext.log Manager: list: Listing contexts for virtual host 'localhost'
27-Apr-2022 18:58:36.825 INFO [http-nio-8090-exec-17] org.apache.catalina.core.ApplicationContext.log Manager: list: Listing contexts for virtual host 'localhost'
27-Apr-2022 18:59:16.262 INFO [http-nio-8090-exec-15] org.apache.catalina.core.ApplicationContext.log Manager: list: Listing contexts for virtual host 'localhost'
27-Apr-2022 18:59:30.890 INFO [http-nio-8090-exec-12] org.apache.catalina.core.ApplicationContext.log Manager: list: Listing contexts for virtual host 'localhost'
27-Apr-2022 18:59:30.934 INFO [http-nio-8090-exec-12] org.apache.catalina.core.ApplicationContext.log Manager: list: Listing contexts for virtual host 'localhost'
27-Apr-2022 18:59:30.961 INFO [http-nio-8090-exec-12] org.apache.catalina.core.ApplicationContext.log Manager: undeploy: Undeploying web application at '/VacTrackSys'
27-Apr-2022 18:59:31.520 INFO [http-nio-8090-exec-12] org.apache.catalina.core.ApplicationContext.log Manager: install: Installing context configuration at 'file:/C:/Users/eVmPr/AppData/Local/Temp/context1596280104112300284.xml'
27-Apr-2022 18:59:32.583 INFO [http-nio-8090-exec-12] org.apache.catalina.core.ApplicationContext.log Manager: start: Starting web application '/VacTrackSys'
27-Apr-2022 19:00:08.510 INFO [http-nio-8090-exec-22] org.apache.catalina.core.ApplicationContext.log Manager: list: Listing contexts for virtual host 'localhost'
27-Apr-2022 19:01:05.809 INFO [http-nio-8090-exec-3] org.apache.catalina.core.ApplicationContext.log Manager: init: Associated with Deployer 'Catalina:type=Deployer,host=localhost'
27-Apr-2022 19:01:05.809 INFO [http-nio-8090-exec-3] org.apache.catalina.core.ApplicationContext.log Manager: init: Global resources are available
27-Apr-2022 19:01:08.823 INFO [http-nio-8090-exec-5] org.apache.catalina.core.ApplicationContext.log Manager: list: Listing contexts for virtual host 'localhost'
27-Apr-2022 19:01:08.851 INFO [http-nio-8090-exec-5] org.apache.catalina.core.ApplicationContext.log Manager: list: Listing contexts for virtual host 'localhost'
27-Apr-2022 19:01:08.886 INFO [http-nio-8090-exec-5] org.apache.catalina.core.ApplicationContext.log Manager: undeploy: Undeploying web application at '/VacTrackSys'
27-Apr-2022 19:01:09.456 INFO [http-nio-8090-exec-5] org.apache.catalina.core.ApplicationContext.log Manager: install: Installing context configuration at 'file:/C:/Users/eVmPr/AppData/Local/Temp/context8352811766695423714.xml'
27-Apr-2022 19:01:10.969 INFO [http-nio-8090-exec-5] org.apache.catalina.core.ApplicationContext.log Manager: start: Starting web application '/VacTrackSys'
27-Apr-2022 19:12:05.035 INFO [http-nio-8090-exec-20] org.apache.catalina.core.ApplicationContext.log Manager: list: Listing contexts for virtual host 'localhost'
27-Apr-2022 19:12:40.653 INFO [http-nio-8090-exec-20] org.apache.catalina.core.ApplicationContext.log Manager: list: Listing contexts for virtual host 'localhost'
27-Apr-2022 19:16:04.976 INFO [http-nio-8090-exec-16] org.apache.catalina.core.ApplicationContext.log Manager: list: Listing contexts for virtual host 'localhost'
27-Apr-2022 19:18:16.308 INFO [http-nio-8090-exec-13] org.apache.catalina.core.ApplicationContext.log Manager: list: Listing contexts for virtual host 'localhost'
27-Apr-2022 19:21:22.312 INFO [http-nio-8090-exec-19] org.apache.catalina.core.ApplicationContext.log Manager: list: Listing contexts for virtual host 'localhost'
27-Apr-2022 19:23:22.615 INFO [http-nio-8090-exec-12] org.apache.catalina.core.ApplicationContext.log Manager: list: Listing contexts for virtual host 'localhost'
27-Apr-2022 19:25:08.844 INFO [http-nio-8090-exec-13] org.apache.catalina.core.ApplicationContext.log Manager: list: Listing contexts for virtual host 'localhost'
27-Apr-2022 19:25:20.863 INFO [http-nio-8090-exec-13] org.apache.catalina.core.ApplicationContext.log Manager: list: Listing contexts for virtual host 'localhost'
27-Apr-2022 19:25:33.499 INFO [http-nio-8090-exec-13] org.apache.catalina.core.ApplicationContext.log Manager: list: Listing contexts for virtual host 'localhost'
27-Apr-2022 19:27:01.162 INFO [http-nio-8090-exec-13] org.apache.catalina.core.ApplicationContext.log Manager: list: Listing contexts for virtual host 'localhost'
27-Apr-2022 19:28:21.763 INFO [http-nio-8090-exec-13] org.apache.catalina.core.ApplicationContext.log Manager: list: Listing contexts for virtual host 'localhost'
27-Apr-2022 19:30:23.901 INFO [http-nio-8090-exec-13] org.apache.catalina.core.ApplicationContext.log Manager: list: Listing contexts for virtual host 'localhost'
27-Apr-2022 19:30:43.905 INFO [http-nio-8090-exec-13] org.apache.catalina.core.ApplicationContext.log Manager: list: Listing contexts for virtual host 'localhost'
27-Apr-2022 19:33:09.250 INFO [http-nio-8090-exec-13] org.apache.catalina.core.ApplicationContext.log Manager: list: Listing contexts for virtual host 'localhost'
27-Apr-2022 19:33:45.628 INFO [http-nio-8090-exec-12] org.apache.catalina.core.ApplicationContext.log Manager: list: Listing contexts for virtual host 'localhost'
27-Apr-2022 19:35:38.234 INFO [http-nio-8090-exec-17] org.apache.catalina.core.ApplicationContext.log Manager: list: Listing contexts for virtual host 'localhost'
27-Apr-2022 19:37:00.274 INFO [http-nio-8090-exec-14] org.apache.catalina.core.ApplicationContext.log Manager: list: Listing contexts for virtual host 'localhost'
27-Apr-2022 19:37:23.363 INFO [http-nio-8090-exec-14] org.apache.catalina.core.ApplicationContext.log Manager: list: Listing contexts for virtual host 'localhost'
27-Apr-2022 19:39:07.212 INFO [http-nio-8090-exec-14] org.apache.catalina.core.ApplicationContext.log Manager: list: Listing contexts for virtual host 'localhost'
27-Apr-2022 19:39:13.915 INFO [http-nio-8090-exec-14] org.apache.catalina.core.ApplicationContext.log Manager: list: Listing contexts for virtual host 'localhost'
27-Apr-2022 19:42:25.149 INFO [http-nio-8090-exec-20] org.apache.catalina.core.ApplicationContext.log Manager: list: Listing contexts for virtual host 'localhost'
27-Apr-2022 19:43:03.277 INFO [http-nio-8090-exec-19] org.apache.catalina.core.ApplicationContext.log Manager: list: Listing contexts for virtual host 'localhost'
27-Apr-2022 19:43:12.419 INFO [http-nio-8090-exec-20] org.apache.catalina.core.ApplicationContext.log Manager: list: Listing contexts for virtual host 'localhost'
27-Apr-2022 19:44:10.581 INFO [http-nio-8090-exec-15] org.apache.catalina.core.ApplicationContext.log Manager: list: Listing contexts for virtual host 'localhost'
27-Apr-2022 19:45:49.290 INFO [http-nio-8090-exec-19] org.apache.catalina.core.ApplicationContext.log Manager: list: Listing contexts for virtual host 'localhost'
27-Apr-2022 19:46:36.836 INFO [http-nio-8090-exec-19] org.apache.catalina.core.ApplicationContext.log Manager: list: Listing contexts for virtual host 'localhost'
27-Apr-2022 19:47:04.953 INFO [http-nio-8090-exec-15] org.apache.catalina.core.ApplicationContext.log Manager: list: Listing contexts for virtual host 'localhost'
27-Apr-2022 19:47:44.048 INFO [http-nio-8090-exec-19] org.apache.catalina.core.ApplicationContext.log Manager: list: Listing contexts for virtual host 'localhost'
27-Apr-2022 19:48:19.417 INFO [http-nio-8090-exec-15] org.apache.catalina.core.ApplicationContext.log Manager: list: Listing contexts for virtual host 'localhost'
27-Apr-2022 19:49:20.528 INFO [http-nio-8090-exec-19] org.apache.catalina.core.ApplicationContext.log Manager: list: Listing contexts for virtual host 'localhost'
27-Apr-2022 19:50:36.682 INFO [http-nio-8090-exec-12] org.apache.catalina.core.ApplicationContext.log Manager: list: Listing contexts for virtual host 'localhost'
27-Apr-2022 19:51:16.414 INFO [http-nio-8090-exec-20] org.apache.catalina.core.ApplicationContext.log Manager: list: Listing contexts for virtual host 'localhost'
27-Apr-2022 19:52:28.046 INFO [http-nio-8090-exec-16] org.apache.catalina.core.ApplicationContext.log Manager: list: Listing contexts for virtual host 'localhost'
27-Apr-2022 19:55:13.487 INFO [http-nio-8090-exec-12] org.apache.catalina.core.ApplicationContext.log Manager: list: Listing contexts for virtual host 'localhost'
27-Apr-2022 20:01:20.921 INFO [http-nio-8090-exec-19] org.apache.catalina.core.ApplicationContext.log Manager: list: Listing contexts for virtual host 'localhost'
