01-May-2022 13:05:37.219 INFO [http-nio-8090-exec-13] org.apache.catalina.core.ApplicationContext.log Manager: list: Listing contexts for virtual host 'localhost'
01-May-2022 13:05:37.309 INFO [http-nio-8090-exec-13] org.apache.catalina.core.ApplicationContext.log Manager: list: Listing contexts for virtual host 'localhost'
01-May-2022 13:05:37.450 INFO [http-nio-8090-exec-12] org.apache.catalina.core.ApplicationContext.log Manager: restart: Reloading web application '/VacTrackSys'
01-May-2022 13:21:09.703 INFO [http-nio-8090-exec-29] org.apache.catalina.core.ApplicationContext.log Manager: list: Listing contexts for virtual host 'localhost'
01-May-2022 13:21:12.813 INFO [http-nio-8090-exec-29] org.apache.catalina.core.ApplicationContext.log Manager: list: Listing contexts for virtual host 'localhost'
01-May-2022 13:21:13.798 INFO [http-nio-8090-exec-29] org.apache.catalina.core.ApplicationContext.log Manager: undeploy: Undeploying web application at '/VacTrackSys'
01-May-2022 13:21:16.859 INFO [http-nio-8090-exec-29] org.apache.catalina.core.ApplicationContext.log Manager: install: Installing context configuration at 'file:/C:/Users/eVmPr/AppData/Local/Temp/context2840439687207153076.xml'
01-May-2022 13:21:21.555 INFO [http-nio-8090-exec-29] org.apache.catalina.core.ApplicationContext.log Manager: start: Starting web application '/VacTrackSys'
01-May-2022 13:21:28.389 INFO [http-nio-8090-exec-30] org.apache.catalina.core.ApplicationContext.log Manager: list: Listing contexts for virtual host 'localhost'
01-May-2022 13:21:28.483 INFO [http-nio-8090-exec-30] org.apache.catalina.core.ApplicationContext.log Manager: list: Listing contexts for virtual host 'localhost'
01-May-2022 13:21:28.567 INFO [http-nio-8090-exec-22] org.apache.catalina.core.ApplicationContext.log Manager: restart: Reloading web application '/VacTrackSys'
01-May-2022 13:23:48.694 INFO [http-nio-8090-exec-44] org.apache.catalina.core.ApplicationContext.log Manager: list: Listing contexts for virtual host 'localhost'
01-May-2022 13:30:24.586 INFO [http-nio-8090-exec-7] org.apache.catalina.core.ApplicationContext.log Manager: init: Associated with Deployer 'Catalina:type=Deployer,host=localhost'
01-May-2022 13:30:24.587 INFO [http-nio-8090-exec-7] org.apache.catalina.core.ApplicationContext.log Manager: init: Global resources are available
01-May-2022 13:30:58.480 INFO [http-nio-8090-exec-4] org.apache.catalina.core.ApplicationContext.log Manager: list: Listing contexts for virtual host 'localhost'
01-May-2022 13:30:58.508 INFO [http-nio-8090-exec-4] org.apache.catalina.core.ApplicationContext.log Manager: list: Listing contexts for virtual host 'localhost'
01-May-2022 13:31:28.685 INFO [http-nio-8090-exec-3] org.apache.catalina.core.ApplicationContext.log Manager: list: Listing contexts for virtual host 'localhost'
01-May-2022 13:31:28.697 INFO [http-nio-8090-exec-3] org.apache.catalina.core.ApplicationContext.log Manager: list: Listing contexts for virtual host 'localhost'
01-May-2022 13:31:28.718 INFO [http-nio-8090-exec-4] org.apache.catalina.core.ApplicationContext.log Manager: undeploy: Undeploying web application at '/VacTrackSys'
01-May-2022 13:31:29.342 INFO [http-nio-8090-exec-1] org.apache.catalina.core.ApplicationContext.log Manager: install: Installing context configuration at 'file:/C:/Users/eVmPr/AppData/Local/Temp/context8140904667970432490.xml'
01-May-2022 13:31:32.374 INFO [http-nio-8090-exec-1] org.apache.catalina.core.ApplicationContext.log Manager: start: Starting web application '/VacTrackSys'
01-May-2022 13:34:14.918 INFO [http-nio-8090-exec-6] org.apache.catalina.core.ApplicationContext.log Manager: list: Listing contexts for virtual host 'localhost'
01-May-2022 13:34:44.651 INFO [http-nio-8090-exec-17] org.apache.catalina.core.ApplicationContext.log Manager: list: Listing contexts for virtual host 'localhost'
01-May-2022 13:38:49.810 INFO [http-nio-8090-exec-13] org.apache.catalina.core.ApplicationContext.log Manager: list: Listing contexts for virtual host 'localhost'
01-May-2022 13:40:23.292 INFO [http-nio-8090-exec-20] org.apache.catalina.core.ApplicationContext.log Manager: list: Listing contexts for virtual host 'localhost'
01-May-2022 13:40:56.503 INFO [http-nio-8090-exec-15] org.apache.catalina.core.ApplicationContext.log Manager: list: Listing contexts for virtual host 'localhost'
01-May-2022 13:41:09.144 INFO [http-nio-8090-exec-11] org.apache.catalina.core.ApplicationContext.log Manager: list: Listing contexts for virtual host 'localhost'
01-May-2022 13:41:46.335 INFO [http-nio-8090-exec-17] org.apache.catalina.core.ApplicationContext.log Manager: list: Listing contexts for virtual host 'localhost'
01-May-2022 13:42:09.996 INFO [http-nio-8090-exec-13] org.apache.catalina.core.ApplicationContext.log Manager: list: Listing contexts for virtual host 'localhost'
01-May-2022 13:42:21.597 INFO [http-nio-8090-exec-20] org.apache.catalina.core.ApplicationContext.log Manager: list: Listing contexts for virtual host 'localhost'
01-May-2022 13:42:42.136 INFO [http-nio-8090-exec-12] org.apache.catalina.core.ApplicationContext.log Manager: list: Listing contexts for virtual host 'localhost'
01-May-2022 13:43:29.744 INFO [http-nio-8090-exec-17] org.apache.catalina.core.ApplicationContext.log Manager: list: Listing contexts for virtual host 'localhost'
01-May-2022 13:44:13.017 INFO [http-nio-8090-exec-19] org.apache.catalina.core.ApplicationContext.log Manager: list: Listing contexts for virtual host 'localhost'
01-May-2022 13:44:39.767 INFO [http-nio-8090-exec-15] org.apache.catalina.core.ApplicationContext.log Manager: list: Listing contexts for virtual host 'localhost'
01-May-2022 13:44:49.562 INFO [http-nio-8090-exec-13] org.apache.catalina.core.ApplicationContext.log Manager: list: Listing contexts for virtual host 'localhost'
01-May-2022 13:45:27.167 INFO [http-nio-8090-exec-19] org.apache.catalina.core.ApplicationContext.log Manager: list: Listing contexts for virtual host 'localhost'
01-May-2022 13:46:10.135 INFO [http-nio-8090-exec-13] org.apache.catalina.core.ApplicationContext.log Manager: list: Listing contexts for virtual host 'localhost'
01-May-2022 13:50:32.003 INFO [http-nio-8090-exec-11] org.apache.catalina.core.ApplicationContext.log Manager: list: Listing contexts for virtual host 'localhost'
01-May-2022 13:51:09.240 INFO [http-nio-8090-exec-15] org.apache.catalina.core.ApplicationContext.log Manager: list: Listing contexts for virtual host 'localhost'
01-May-2022 13:52:19.715 INFO [http-nio-8090-exec-18] org.apache.catalina.core.ApplicationContext.log Manager: list: Listing contexts for virtual host 'localhost'
01-May-2022 13:52:33.564 INFO [http-nio-8090-exec-13] org.apache.catalina.core.ApplicationContext.log Manager: list: Listing contexts for virtual host 'localhost'
01-May-2022 13:53:59.924 INFO [http-nio-8090-exec-20] org.apache.catalina.core.ApplicationContext.log Manager: list: Listing contexts for virtual host 'localhost'
01-May-2022 13:55:58.283 INFO [http-nio-8090-exec-19] org.apache.catalina.core.ApplicationContext.log Manager: list: Listing contexts for virtual host 'localhost'
01-May-2022 13:58:08.481 INFO [http-nio-8090-exec-20] org.apache.catalina.core.ApplicationContext.log Manager: list: Listing contexts for virtual host 'localhost'
01-May-2022 14:01:21.098 INFO [http-nio-8090-exec-12] org.apache.catalina.core.ApplicationContext.log Manager: list: Listing contexts for virtual host 'localhost'
01-May-2022 14:02:10.929 INFO [http-nio-8090-exec-11] org.apache.catalina.core.ApplicationContext.log Manager: list: Listing contexts for virtual host 'localhost'
01-May-2022 14:02:41.651 INFO [http-nio-8090-exec-12] org.apache.catalina.core.ApplicationContext.log Manager: list: Listing contexts for virtual host 'localhost'
01-May-2022 14:02:44.411 INFO [http-nio-8090-exec-12] org.apache.catalina.core.ApplicationContext.log Manager: list: Listing contexts for virtual host 'localhost'
01-May-2022 14:02:58.987 INFO [http-nio-8090-exec-12] org.apache.catalina.core.ApplicationContext.log Manager: list: Listing contexts for virtual host 'localhost'
01-May-2022 14:03:44.011 INFO [http-nio-8090-exec-19] org.apache.catalina.core.ApplicationContext.log Manager: list: Listing contexts for virtual host 'localhost'
01-May-2022 14:05:06.726 INFO [http-nio-8090-exec-13] org.apache.catalina.core.ApplicationContext.log Manager: list: Listing contexts for virtual host 'localhost'
01-May-2022 14:05:34.122 INFO [http-nio-8090-exec-16] org.apache.catalina.core.ApplicationContext.log Manager: list: Listing contexts for virtual host 'localhost'
01-May-2022 14:06:23.315 INFO [http-nio-8090-exec-17] org.apache.catalina.core.ApplicationContext.log Manager: list: Listing contexts for virtual host 'localhost'
01-May-2022 14:07:10.867 INFO [http-nio-8090-exec-11] org.apache.catalina.core.ApplicationContext.log Manager: list: Listing contexts for virtual host 'localhost'
01-May-2022 14:08:30.796 INFO [http-nio-8090-exec-14] org.apache.catalina.core.ApplicationContext.log Manager: list: Listing contexts for virtual host 'localhost'
01-May-2022 14:09:26.202 INFO [http-nio-8090-exec-20] org.apache.catalina.core.ApplicationContext.log Manager: list: Listing contexts for virtual host 'localhost'
01-May-2022 14:12:17.052 INFO [http-nio-8090-exec-13] org.apache.catalina.core.ApplicationContext.log Manager: list: Listing contexts for virtual host 'localhost'
01-May-2022 14:12:33.118 INFO [http-nio-8090-exec-20] org.apache.catalina.core.ApplicationContext.log Manager: list: Listing contexts for virtual host 'localhost'
01-May-2022 14:13:53.605 INFO [http-nio-8090-exec-14] org.apache.catalina.core.ApplicationContext.log Manager: list: Listing contexts for virtual host 'localhost'
01-May-2022 14:14:07.379 INFO [http-nio-8090-exec-13] org.apache.catalina.core.ApplicationContext.log Manager: list: Listing contexts for virtual host 'localhost'
01-May-2022 14:15:31.756 INFO [http-nio-8090-exec-18] org.apache.catalina.core.ApplicationContext.log Manager: list: Listing contexts for virtual host 'localhost'
01-May-2022 14:17:03.418 INFO [http-nio-8090-exec-17] org.apache.catalina.core.ApplicationContext.log Manager: list: Listing contexts for virtual host 'localhost'
01-May-2022 14:17:17.949 INFO [http-nio-8090-exec-18] org.apache.catalina.core.ApplicationContext.log Manager: list: Listing contexts for virtual host 'localhost'
01-May-2022 14:19:08.906 INFO [http-nio-8090-exec-11] org.apache.catalina.core.ApplicationContext.log Manager: list: Listing contexts for virtual host 'localhost'
01-May-2022 14:19:47.986 INFO [http-nio-8090-exec-11] org.apache.catalina.core.ApplicationContext.log Manager: list: Listing contexts for virtual host 'localhost'
01-May-2022 14:20:47.003 INFO [http-nio-8090-exec-11] org.apache.catalina.core.ApplicationContext.log Manager: list: Listing contexts for virtual host 'localhost'
01-May-2022 14:21:45.671 INFO [http-nio-8090-exec-20] org.apache.catalina.core.ApplicationContext.log Manager: list: Listing contexts for virtual host 'localhost'
01-May-2022 14:23:37.804 INFO [http-nio-8090-exec-17] org.apache.catalina.core.ApplicationContext.log Manager: list: Listing contexts for virtual host 'localhost'
01-May-2022 14:26:02.326 INFO [http-nio-8090-exec-18] org.apache.catalina.core.ApplicationContext.log Manager: list: Listing contexts for virtual host 'localhost'
01-May-2022 14:26:04.889 INFO [http-nio-8090-exec-18] org.apache.catalina.core.ApplicationContext.log Manager: list: Listing contexts for virtual host 'localhost'
01-May-2022 14:26:21.753 INFO [http-nio-8090-exec-15] org.apache.catalina.core.ApplicationContext.log Manager: list: Listing contexts for virtual host 'localhost'
01-May-2022 14:26:31.934 INFO [http-nio-8090-exec-14] org.apache.catalina.core.ApplicationContext.log Manager: list: Listing contexts for virtual host 'localhost'
01-May-2022 14:28:46.461 INFO [http-nio-8090-exec-15] org.apache.catalina.core.ApplicationContext.log Manager: list: Listing contexts for virtual host 'localhost'
01-May-2022 14:34:53.480 INFO [http-nio-8090-exec-12] org.apache.catalina.core.ApplicationContext.log Manager: list: Listing contexts for virtual host 'localhost'
01-May-2022 14:35:08.506 INFO [http-nio-8090-exec-14] org.apache.catalina.core.ApplicationContext.log Manager: list: Listing contexts for virtual host 'localhost'
01-May-2022 14:36:40.356 INFO [http-nio-8090-exec-11] org.apache.catalina.core.ApplicationContext.log Manager: list: Listing contexts for virtual host 'localhost'
01-May-2022 14:36:50.617 INFO [http-nio-8090-exec-12] org.apache.catalina.core.ApplicationContext.log Manager: list: Listing contexts for virtual host 'localhost'
01-May-2022 14:37:21.456 INFO [http-nio-8090-exec-19] org.apache.catalina.core.ApplicationContext.log Manager: list: Listing contexts for virtual host 'localhost'
01-May-2022 14:38:37.523 INFO [http-nio-8090-exec-18] org.apache.catalina.core.ApplicationContext.log Manager: list: Listing contexts for virtual host 'localhost'
01-May-2022 14:38:54.274 INFO [http-nio-8090-exec-19] org.apache.catalina.core.ApplicationContext.log Manager: list: Listing contexts for virtual host 'localhost'
01-May-2022 14:38:56.095 INFO [http-nio-8090-exec-15] org.apache.catalina.core.ApplicationContext.log Manager: list: Listing contexts for virtual host 'localhost'
01-May-2022 14:39:17.661 INFO [http-nio-8090-exec-12] org.apache.catalina.core.ApplicationContext.log Manager: list: Listing contexts for virtual host 'localhost'
01-May-2022 14:39:31.710 INFO [http-nio-8090-exec-13] org.apache.catalina.core.ApplicationContext.log Manager: list: Listing contexts for virtual host 'localhost'
01-May-2022 14:40:19.413 INFO [http-nio-8090-exec-13] org.apache.catalina.core.ApplicationContext.log Manager: list: Listing contexts for virtual host 'localhost'
01-May-2022 14:40:41.211 INFO [http-nio-8090-exec-16] org.apache.catalina.core.ApplicationContext.log Manager: list: Listing contexts for virtual host 'localhost'
01-May-2022 14:41:15.288 INFO [http-nio-8090-exec-14] org.apache.catalina.core.ApplicationContext.log Manager: list: Listing contexts for virtual host 'localhost'
01-May-2022 14:42:24.439 INFO [http-nio-8090-exec-18] org.apache.catalina.core.ApplicationContext.log Manager: list: Listing contexts for virtual host 'localhost'
01-May-2022 14:43:02.136 INFO [http-nio-8090-exec-18] org.apache.catalina.core.ApplicationContext.log Manager: list: Listing contexts for virtual host 'localhost'
01-May-2022 14:43:53.467 INFO [http-nio-8090-exec-18] org.apache.catalina.core.ApplicationContext.log Manager: list: Listing contexts for virtual host 'localhost'
01-May-2022 14:43:56.619 INFO [http-nio-8090-exec-18] org.apache.catalina.core.ApplicationContext.log Manager: list: Listing contexts for virtual host 'localhost'
01-May-2022 14:44:40.987 INFO [http-nio-8090-exec-18] org.apache.catalina.core.ApplicationContext.log Manager: list: Listing contexts for virtual host 'localhost'
01-May-2022 14:45:40.749 INFO [http-nio-8090-exec-18] org.apache.catalina.core.ApplicationContext.log Manager: list: Listing contexts for virtual host 'localhost'
01-May-2022 14:46:27.339 INFO [http-nio-8090-exec-11] org.apache.catalina.core.ApplicationContext.log Manager: list: Listing contexts for virtual host 'localhost'
01-May-2022 14:47:01.856 INFO [http-nio-8090-exec-16] org.apache.catalina.core.ApplicationContext.log Manager: list: Listing contexts for virtual host 'localhost'
01-May-2022 14:47:39.209 INFO [http-nio-8090-exec-12] org.apache.catalina.core.ApplicationContext.log Manager: list: Listing contexts for virtual host 'localhost'
01-May-2022 14:48:13.261 INFO [http-nio-8090-exec-17] org.apache.catalina.core.ApplicationContext.log Manager: list: Listing contexts for virtual host 'localhost'
01-May-2022 14:48:48.404 INFO [http-nio-8090-exec-19] org.apache.catalina.core.ApplicationContext.log Manager: list: Listing contexts for virtual host 'localhost'
01-May-2022 14:49:44.216 INFO [http-nio-8090-exec-14] org.apache.catalina.core.ApplicationContext.log Manager: list: Listing contexts for virtual host 'localhost'
01-May-2022 14:49:44.256 INFO [http-nio-8090-exec-14] org.apache.catalina.core.ApplicationContext.log Manager: restart: Reloading web application '/VacTrackSys'
01-May-2022 14:49:50.773 INFO [http-nio-8090-exec-14] org.apache.catalina.core.ApplicationContext.log Manager: list: Listing contexts for virtual host 'localhost'
01-May-2022 14:49:50.805 INFO [http-nio-8090-exec-14] org.apache.catalina.core.ApplicationContext.log Manager: restart: Reloading web application '/VacTrackSys'
01-May-2022 14:50:45.038 INFO [http-nio-8090-exec-26] org.apache.catalina.core.ApplicationContext.log Manager: list: Listing contexts for virtual host 'localhost'
01-May-2022 14:50:45.047 INFO [http-nio-8090-exec-26] org.apache.catalina.core.ApplicationContext.log Manager: list: Listing contexts for virtual host 'localhost'
01-May-2022 14:50:45.111 INFO [http-nio-8090-exec-27] org.apache.catalina.core.ApplicationContext.log Manager: restart: Reloading web application '/VacTrackSys'
01-May-2022 14:51:25.288 INFO [http-nio-8090-exec-2] org.apache.catalina.core.ApplicationContext.log Manager: init: Associated with Deployer 'Catalina:type=Deployer,host=localhost'
01-May-2022 14:51:25.288 INFO [http-nio-8090-exec-2] org.apache.catalina.core.ApplicationContext.log Manager: init: Global resources are available
01-May-2022 14:51:28.220 INFO [http-nio-8090-exec-3] org.apache.catalina.core.ApplicationContext.log Manager: list: Listing contexts for virtual host 'localhost'
01-May-2022 14:51:28.235 INFO [http-nio-8090-exec-3] org.apache.catalina.core.ApplicationContext.log Manager: list: Listing contexts for virtual host 'localhost'
01-May-2022 14:51:28.252 INFO [http-nio-8090-exec-3] org.apache.catalina.core.ApplicationContext.log Manager: undeploy: Undeploying web application at '/VacTrackSys'
01-May-2022 14:51:28.806 INFO [http-nio-8090-exec-3] org.apache.catalina.core.ApplicationContext.log Manager: install: Installing context configuration at 'file:/C:/Users/eVmPr/AppData/Local/Temp/context2547515748484400648.xml'
01-May-2022 14:51:30.745 INFO [http-nio-8090-exec-3] org.apache.catalina.core.ApplicationContext.log Manager: start: Starting web application '/VacTrackSys'
01-May-2022 15:03:21.835 INFO [http-nio-8090-exec-18] org.apache.catalina.core.ApplicationContext.log Manager: list: Listing contexts for virtual host 'localhost'
01-May-2022 15:03:21.870 INFO [http-nio-8090-exec-18] org.apache.catalina.core.ApplicationContext.log Manager: list: Listing contexts for virtual host 'localhost'
01-May-2022 15:03:21.886 INFO [http-nio-8090-exec-18] org.apache.catalina.core.ApplicationContext.log Manager: undeploy: Undeploying web application at '/VacTrackSys'
01-May-2022 15:03:22.427 INFO [http-nio-8090-exec-18] org.apache.catalina.core.ApplicationContext.log Manager: install: Installing context configuration at 'file:/C:/Users/eVmPr/AppData/Local/Temp/context8112531384406824215.xml'
01-May-2022 15:03:24.299 INFO [http-nio-8090-exec-18] org.apache.catalina.core.ApplicationContext.log Manager: start: Starting web application '/VacTrackSys'
01-May-2022 15:03:51.678 INFO [http-nio-8090-exec-18] org.apache.catalina.core.ApplicationContext.log Manager: list: Listing contexts for virtual host 'localhost'
01-May-2022 15:04:02.640 INFO [http-nio-8090-exec-18] org.apache.catalina.core.ApplicationContext.log Manager: list: Listing contexts for virtual host 'localhost'
01-May-2022 15:04:20.959 INFO [http-nio-8090-exec-18] org.apache.catalina.core.ApplicationContext.log Manager: list: Listing contexts for virtual host 'localhost'
01-May-2022 15:05:47.344 INFO [http-nio-8090-exec-27] org.apache.catalina.core.ApplicationContext.log Manager: list: Listing contexts for virtual host 'localhost'
01-May-2022 15:06:41.026 INFO [http-nio-8090-exec-28] org.apache.catalina.core.ApplicationContext.log Manager: list: Listing contexts for virtual host 'localhost'
01-May-2022 15:06:58.602 INFO [http-nio-8090-exec-28] org.apache.catalina.core.ApplicationContext.log Manager: list: Listing contexts for virtual host 'localhost'
01-May-2022 15:09:52.424 INFO [http-nio-8090-exec-24] org.apache.catalina.core.ApplicationContext.log Manager: list: Listing contexts for virtual host 'localhost'
01-May-2022 15:11:39.105 INFO [http-nio-8090-exec-28] org.apache.catalina.core.ApplicationContext.log Manager: list: Listing contexts for virtual host 'localhost'
01-May-2022 15:11:55.146 INFO [http-nio-8090-exec-28] org.apache.catalina.core.ApplicationContext.log Manager: list: Listing contexts for virtual host 'localhost'
01-May-2022 15:12:21.401 INFO [http-nio-8090-exec-24] org.apache.catalina.core.ApplicationContext.log Manager: list: Listing contexts for virtual host 'localhost'
01-May-2022 15:12:21.434 INFO [http-nio-8090-exec-24] org.apache.catalina.core.ApplicationContext.log Manager: list: Listing contexts for virtual host 'localhost'
01-May-2022 15:12:21.505 INFO [http-nio-8090-exec-27] org.apache.catalina.core.ApplicationContext.log Manager: restart: Reloading web application '/VacTrackSys'
01-May-2022 15:13:07.527 INFO [http-nio-8090-exec-32] org.apache.catalina.core.ApplicationContext.log Manager: list: Listing contexts for virtual host 'localhost'
01-May-2022 15:13:07.537 INFO [http-nio-8090-exec-32] org.apache.catalina.core.ApplicationContext.log Manager: list: Listing contexts for virtual host 'localhost'
01-May-2022 15:14:00.623 INFO [http-nio-8090-exec-3] org.apache.catalina.core.ApplicationContext.log Manager: init: Associated with Deployer 'Catalina:type=Deployer,host=localhost'
01-May-2022 15:14:00.623 INFO [http-nio-8090-exec-3] org.apache.catalina.core.ApplicationContext.log Manager: init: Global resources are available
01-May-2022 15:14:13.562 INFO [http-nio-8090-exec-3] org.apache.catalina.core.ApplicationContext.log Manager: init: Associated with Deployer 'Catalina:type=Deployer,host=localhost'
01-May-2022 15:14:13.562 INFO [http-nio-8090-exec-3] org.apache.catalina.core.ApplicationContext.log Manager: init: Global resources are available
01-May-2022 15:14:16.508 INFO [http-nio-8090-exec-7] org.apache.catalina.core.ApplicationContext.log Manager: list: Listing contexts for virtual host 'localhost'
01-May-2022 15:14:16.592 INFO [http-nio-8090-exec-7] org.apache.catalina.core.ApplicationContext.log Manager: list: Listing contexts for virtual host 'localhost'
01-May-2022 15:14:16.612 INFO [http-nio-8090-exec-7] org.apache.catalina.core.ApplicationContext.log Manager: undeploy: Undeploying web application at '/VacTrackSys'
01-May-2022 15:14:17.162 INFO [http-nio-8090-exec-7] org.apache.catalina.core.ApplicationContext.log Manager: install: Installing context configuration at 'file:/C:/Users/eVmPr/AppData/Local/Temp/context5806660232338594311.xml'
01-May-2022 15:14:19.793 INFO [http-nio-8090-exec-7] org.apache.catalina.core.ApplicationContext.log Manager: start: Starting web application '/VacTrackSys'
01-May-2022 15:15:25.661 INFO [http-nio-8090-exec-5] org.apache.catalina.core.ApplicationContext.log Manager: list: Listing contexts for virtual host 'localhost'
01-May-2022 15:16:44.213 INFO [http-nio-8090-exec-5] org.apache.catalina.core.ApplicationContext.log Manager: list: Listing contexts for virtual host 'localhost'
01-May-2022 15:26:46.157 INFO [http-nio-8090-exec-20] org.apache.catalina.core.ApplicationContext.log Manager: list: Listing contexts for virtual host 'localhost'
01-May-2022 15:26:46.171 INFO [http-nio-8090-exec-20] org.apache.catalina.core.ApplicationContext.log Manager: restart: Reloading web application '/VacTrackSys'
01-May-2022 15:30:49.152 INFO [http-nio-8090-exec-23] org.apache.catalina.core.ApplicationContext.log Manager: list: Listing contexts for virtual host 'localhost'
01-May-2022 15:30:49.220 INFO [http-nio-8090-exec-23] org.apache.catalina.core.ApplicationContext.log Manager: list: Listing contexts for virtual host 'localhost'
01-May-2022 15:30:49.239 INFO [http-nio-8090-exec-23] org.apache.catalina.core.ApplicationContext.log Manager: undeploy: Undeploying web application at '/VacTrackSys'
01-May-2022 15:30:49.781 INFO [http-nio-8090-exec-23] org.apache.catalina.core.ApplicationContext.log Manager: install: Installing context configuration at 'file:/C:/Users/eVmPr/AppData/Local/Temp/context8428290619048417534.xml'
01-May-2022 15:30:51.577 INFO [http-nio-8090-exec-23] org.apache.catalina.core.ApplicationContext.log Manager: start: Starting web application '/VacTrackSys'
01-May-2022 15:30:55.984 INFO [http-nio-8090-exec-22] org.apache.catalina.core.ApplicationContext.log Manager: list: Listing contexts for virtual host 'localhost'
01-May-2022 15:30:56.020 INFO [http-nio-8090-exec-22] org.apache.catalina.core.ApplicationContext.log Manager: list: Listing contexts for virtual host 'localhost'
01-May-2022 15:30:56.094 INFO [http-nio-8090-exec-29] org.apache.catalina.core.ApplicationContext.log Manager: restart: Reloading web application '/VacTrackSys'
01-May-2022 15:30:57.385 INFO [http-nio-8090-exec-30] org.apache.catalina.core.ApplicationContext.log Manager: list: Listing contexts for virtual host 'localhost'
01-May-2022 15:37:36.997 INFO [http-nio-8090-exec-36] org.apache.catalina.core.ApplicationContext.log Manager: list: Listing contexts for virtual host 'localhost'
01-May-2022 15:37:37.007 INFO [http-nio-8090-exec-40] org.apache.catalina.core.ApplicationContext.log Manager: list: Listing contexts for virtual host 'localhost'
01-May-2022 15:37:37.063 INFO [http-nio-8090-exec-40] org.apache.catalina.core.ApplicationContext.log Manager: undeploy: Undeploying web application at '/VacTrackSys'
01-May-2022 15:37:37.611 INFO [http-nio-8090-exec-40] org.apache.catalina.core.ApplicationContext.log Manager: install: Installing context configuration at 'file:/C:/Users/eVmPr/AppData/Local/Temp/context1692112847886387898.xml'
01-May-2022 15:37:39.230 INFO [http-nio-8090-exec-40] org.apache.catalina.core.ApplicationContext.log Manager: start: Starting web application '/VacTrackSys'
01-May-2022 15:38:24.492 INFO [http-nio-8090-exec-40] org.apache.catalina.core.ApplicationContext.log Manager: list: Listing contexts for virtual host 'localhost'
01-May-2022 15:44:46.878 INFO [http-nio-8090-exec-51] org.apache.catalina.core.ApplicationContext.log Manager: list: Listing contexts for virtual host 'localhost'
01-May-2022 15:44:46.890 INFO [http-nio-8090-exec-51] org.apache.catalina.core.ApplicationContext.log Manager: list: Listing contexts for virtual host 'localhost'
01-May-2022 15:44:46.907 INFO [http-nio-8090-exec-51] org.apache.catalina.core.ApplicationContext.log Manager: undeploy: Undeploying web application at '/VacTrackSys'
01-May-2022 15:44:47.448 INFO [http-nio-8090-exec-51] org.apache.catalina.core.ApplicationContext.log Manager: install: Installing context configuration at 'file:/C:/Users/eVmPr/AppData/Local/Temp/context7445155933276164577.xml'
01-May-2022 15:44:48.712 INFO [http-nio-8090-exec-51] org.apache.catalina.core.ApplicationContext.log Manager: start: Starting web application '/VacTrackSys'
01-May-2022 15:46:18.375 INFO [http-nio-8090-exec-60] org.apache.catalina.core.ApplicationContext.log Manager: list: Listing contexts for virtual host 'localhost'
01-May-2022 15:46:18.386 INFO [http-nio-8090-exec-55] org.apache.catalina.core.ApplicationContext.log Manager: list: Listing contexts for virtual host 'localhost'
01-May-2022 15:46:18.452 INFO [http-nio-8090-exec-55] org.apache.catalina.core.ApplicationContext.log Manager: undeploy: Undeploying web application at '/VacTrackSys'
01-May-2022 15:46:18.996 INFO [http-nio-8090-exec-55] org.apache.catalina.core.ApplicationContext.log Manager: install: Installing context configuration at 'file:/C:/Users/eVmPr/AppData/Local/Temp/context6869462769499873181.xml'
01-May-2022 15:46:20.932 INFO [http-nio-8090-exec-55] org.apache.catalina.core.ApplicationContext.log Manager: start: Starting web application '/VacTrackSys'
01-May-2022 15:46:58.742 INFO [http-nio-8090-exec-65] org.apache.catalina.core.ApplicationContext.log Manager: list: Listing contexts for virtual host 'localhost'
01-May-2022 15:47:28.812 INFO [http-nio-8090-exec-62] org.apache.catalina.core.ApplicationContext.log Manager: list: Listing contexts for virtual host 'localhost'
01-May-2022 15:47:28.844 INFO [http-nio-8090-exec-62] org.apache.catalina.core.ApplicationContext.log Manager: list: Listing contexts for virtual host 'localhost'
01-May-2022 15:51:17.178 INFO [http-nio-8090-exec-61] org.apache.catalina.core.ApplicationContext.log Manager: list: Listing contexts for virtual host 'localhost'
01-May-2022 16:18:22.794 INFO [http-nio-8090-exec-67] org.apache.catalina.core.ApplicationContext.log Manager: list: Listing contexts for virtual host 'localhost'
01-May-2022 16:18:22.806 INFO [http-nio-8090-exec-67] org.apache.catalina.core.ApplicationContext.log Manager: list: Listing contexts for virtual host 'localhost'
01-May-2022 16:18:22.901 INFO [http-nio-8090-exec-62] org.apache.catalina.core.ApplicationContext.log Manager: restart: Reloading web application '/VacTrackSys'
01-May-2022 16:19:30.144 INFO [http-nio-8090-exec-66] org.apache.catalina.core.ApplicationContext.log Manager: list: Listing contexts for virtual host 'localhost'
01-May-2022 16:19:30.219 INFO [http-nio-8090-exec-66] org.apache.catalina.core.ApplicationContext.log Manager: list: Listing contexts for virtual host 'localhost'
01-May-2022 16:19:30.242 INFO [http-nio-8090-exec-66] org.apache.catalina.core.ApplicationContext.log Manager: undeploy: Undeploying web application at '/VacTrackSys'
01-May-2022 16:19:30.787 INFO [http-nio-8090-exec-66] org.apache.catalina.core.ApplicationContext.log Manager: install: Installing context configuration at 'file:/C:/Users/eVmPr/AppData/Local/Temp/context2195581450500674131.xml'
01-May-2022 16:19:32.467 INFO [http-nio-8090-exec-66] org.apache.catalina.core.ApplicationContext.log Manager: start: Starting web application '/VacTrackSys'
01-May-2022 16:19:40.164 INFO [http-nio-8090-exec-69] org.apache.catalina.core.ApplicationContext.log Manager: list: Listing contexts for virtual host 'localhost'
01-May-2022 16:19:40.198 INFO [http-nio-8090-exec-69] org.apache.catalina.core.ApplicationContext.log Manager: list: Listing contexts for virtual host 'localhost'
01-May-2022 16:21:40.278 INFO [http-nio-8090-exec-72] org.apache.catalina.core.ApplicationContext.log Manager: list: Listing contexts for virtual host 'localhost'
01-May-2022 16:22:31.575 INFO [http-nio-8090-exec-85] org.apache.catalina.core.ApplicationContext.log Manager: list: Listing contexts for virtual host 'localhost'
01-May-2022 16:23:00.485 INFO [http-nio-8090-exec-85] org.apache.catalina.core.ApplicationContext.log Manager: list: Listing contexts for virtual host 'localhost'
01-May-2022 16:42:31.752 INFO [http-nio-8090-exec-3] org.apache.catalina.core.ApplicationContext.log Manager: init: Associated with Deployer 'Catalina:type=Deployer,host=localhost'
01-May-2022 16:42:31.752 INFO [http-nio-8090-exec-3] org.apache.catalina.core.ApplicationContext.log Manager: init: Global resources are available
01-May-2022 16:42:46.511 INFO [http-nio-8090-exec-10] org.apache.catalina.core.ApplicationContext.log Manager: list: Listing contexts for virtual host 'localhost'
01-May-2022 16:42:46.532 INFO [http-nio-8090-exec-10] org.apache.catalina.core.ApplicationContext.log Manager: list: Listing contexts for virtual host 'localhost'
01-May-2022 16:42:46.564 INFO [http-nio-8090-exec-10] org.apache.catalina.core.ApplicationContext.log Manager: undeploy: Undeploying web application at '/VacTrackSys'
01-May-2022 16:42:47.142 INFO [http-nio-8090-exec-10] org.apache.catalina.core.ApplicationContext.log Manager: install: Installing context configuration at 'file:/C:/Users/eVmPr/AppData/Local/Temp/context6820397606628406505.xml'
01-May-2022 16:42:48.842 INFO [http-nio-8090-exec-10] org.apache.catalina.core.ApplicationContext.log Manager: start: Starting web application '/VacTrackSys'
01-May-2022 18:07:38.337 INFO [http-nio-8090-exec-20] org.apache.catalina.core.ApplicationContext.log Manager: list: Listing contexts for virtual host 'localhost'
01-May-2022 18:07:51.013 INFO [http-nio-8090-exec-19] org.apache.catalina.core.ApplicationContext.log Manager: list: Listing contexts for virtual host 'localhost'
01-May-2022 18:07:51.058 INFO [http-nio-8090-exec-19] org.apache.catalina.core.ApplicationContext.log Manager: list: Listing contexts for virtual host 'localhost'
01-May-2022 18:07:51.083 INFO [http-nio-8090-exec-19] org.apache.catalina.core.ApplicationContext.log Manager: undeploy: Undeploying web application at '/VacTrackSys'
01-May-2022 18:07:51.659 INFO [http-nio-8090-exec-19] org.apache.catalina.core.ApplicationContext.log Manager: install: Installing context configuration at 'file:/C:/Users/eVmPr/AppData/Local/Temp/context1031230580545496188.xml'
01-May-2022 18:07:53.224 INFO [http-nio-8090-exec-19] org.apache.catalina.core.ApplicationContext.log Manager: start: Starting web application '/VacTrackSys'
01-May-2022 18:10:13.141 INFO [http-nio-8090-exec-30] org.apache.catalina.core.ApplicationContext.log Manager: list: Listing contexts for virtual host 'localhost'
01-May-2022 18:10:13.198 INFO [http-nio-8090-exec-30] org.apache.catalina.core.ApplicationContext.log Manager: restart: Reloading web application '/VacTrackSys'
01-May-2022 18:11:45.488 INFO [http-nio-8090-exec-31] org.apache.catalina.core.ApplicationContext.log Manager: list: Listing contexts for virtual host 'localhost'
01-May-2022 18:13:36.368 INFO [http-nio-8090-exec-40] org.apache.catalina.core.ApplicationContext.log Manager: list: Listing contexts for virtual host 'localhost'
01-May-2022 18:14:28.544 INFO [http-nio-8090-exec-37] org.apache.catalina.core.ApplicationContext.log Manager: list: Listing contexts for virtual host 'localhost'
01-May-2022 18:15:25.602 INFO [http-nio-8090-exec-3] org.apache.catalina.core.ApplicationContext.log Manager: init: Associated with Deployer 'Catalina:type=Deployer,host=localhost'
01-May-2022 18:15:25.602 INFO [http-nio-8090-exec-3] org.apache.catalina.core.ApplicationContext.log Manager: init: Global resources are available
01-May-2022 18:15:37.698 INFO [http-nio-8090-exec-10] org.apache.catalina.core.ApplicationContext.log Manager: list: Listing contexts for virtual host 'localhost'
01-May-2022 18:15:37.710 INFO [http-nio-8090-exec-10] org.apache.catalina.core.ApplicationContext.log Manager: list: Listing contexts for virtual host 'localhost'
01-May-2022 18:15:37.790 INFO [http-nio-8090-exec-4] org.apache.catalina.core.ApplicationContext.log Manager: undeploy: Undeploying web application at '/VacTrackSys'
01-May-2022 18:15:38.344 INFO [http-nio-8090-exec-4] org.apache.catalina.core.ApplicationContext.log Manager: install: Installing context configuration at 'file:/C:/Users/eVmPr/AppData/Local/Temp/context2877410017687024590.xml'
01-May-2022 18:17:34.626 INFO [http-nio-8090-exec-17] org.apache.catalina.core.ApplicationContext.log Manager: list: Listing contexts for virtual host 'localhost'
01-May-2022 18:18:49.014 INFO [http-nio-8090-exec-20] org.apache.catalina.core.ApplicationContext.log Manager: list: Listing contexts for virtual host 'localhost'
01-May-2022 18:20:50.463 INFO [http-nio-8090-exec-15] org.apache.catalina.core.ApplicationContext.log Manager: list: Listing contexts for virtual host 'localhost'
01-May-2022 19:21:08.951 INFO [http-nio-8090-exec-17] org.apache.catalina.core.ApplicationContext.log Manager: list: Listing contexts for virtual host 'localhost'
01-May-2022 19:21:09.105 INFO [http-nio-8090-exec-17] org.apache.catalina.core.ApplicationContext.log Manager: list: Listing contexts for virtual host 'localhost'
01-May-2022 19:23:32.261 INFO [http-nio-8090-exec-19] org.apache.catalina.core.ApplicationContext.log Manager: list: Listing contexts for virtual host 'localhost'
01-May-2022 19:24:21.700 INFO [http-nio-8090-exec-13] org.apache.catalina.core.ApplicationContext.log Manager: list: Listing contexts for virtual host 'localhost'
01-May-2022 22:16:33.800 INFO [http-nio-8090-exec-19] org.apache.catalina.core.ApplicationContext.log Manager: list: Listing contexts for virtual host 'localhost'
01-May-2022 22:16:33.812 INFO [http-nio-8090-exec-19] org.apache.catalina.core.ApplicationContext.log Manager: list: Listing contexts for virtual host 'localhost'
01-May-2022 22:20:16.903 INFO [http-nio-8090-exec-3] org.apache.catalina.core.ApplicationContext.log Manager: init: Associated with Deployer 'Catalina:type=Deployer,host=localhost'
01-May-2022 22:20:16.903 INFO [http-nio-8090-exec-3] org.apache.catalina.core.ApplicationContext.log Manager: init: Global resources are available
01-May-2022 22:20:19.639 INFO [http-nio-8090-exec-4] org.apache.catalina.core.ApplicationContext.log Manager: list: Listing contexts for virtual host 'localhost'
01-May-2022 22:20:19.724 INFO [http-nio-8090-exec-4] org.apache.catalina.core.ApplicationContext.log Manager: list: Listing contexts for virtual host 'localhost'
01-May-2022 22:20:19.746 INFO [http-nio-8090-exec-4] org.apache.catalina.core.ApplicationContext.log Manager: undeploy: Undeploying web application at '/VacTrackSys'
01-May-2022 22:20:20.306 INFO [http-nio-8090-exec-4] org.apache.catalina.core.ApplicationContext.log Manager: install: Installing context configuration at 'file:/C:/Users/eVmPr/AppData/Local/Temp/context7401025738482052907.xml'
01-May-2022 22:20:22.651 INFO [http-nio-8090-exec-4] org.apache.catalina.core.ApplicationContext.log Manager: start: Starting web application '/VacTrackSys'
01-May-2022 22:22:26.769 INFO [http-nio-8090-exec-19] org.apache.catalina.core.ApplicationContext.log Manager: list: Listing contexts for virtual host 'localhost'
01-May-2022 22:22:26.829 INFO [http-nio-8090-exec-19] org.apache.catalina.core.ApplicationContext.log Manager: restart: Reloading web application '/VacTrackSys'
01-May-2022 22:34:20.426 INFO [http-nio-8090-exec-23] org.apache.catalina.core.ApplicationContext.log Manager: list: Listing contexts for virtual host 'localhost'
01-May-2022 22:37:57.613 INFO [http-nio-8090-exec-23] org.apache.catalina.core.ApplicationContext.log Manager: list: Listing contexts for virtual host 'localhost'
01-May-2022 22:43:35.772 INFO [http-nio-8090-exec-23] org.apache.catalina.core.ApplicationContext.log Manager: list: Listing contexts for virtual host 'localhost'
01-May-2022 22:56:21.198 INFO [http-nio-8090-exec-23] org.apache.catalina.core.ApplicationContext.log Manager: list: Listing contexts for virtual host 'localhost'
01-May-2022 22:56:21.293 INFO [http-nio-8090-exec-23] org.apache.catalina.core.ApplicationContext.log Manager: restart: Reloading web application '/VacTrackSys'
01-May-2022 23:07:39.457 INFO [http-nio-8090-exec-40] org.apache.catalina.core.ApplicationContext.log Manager: list: Listing contexts for virtual host 'localhost'
01-May-2022 23:11:05.925 INFO [http-nio-8090-exec-40] org.apache.catalina.core.ApplicationContext.log Manager: list: Listing contexts for virtual host 'localhost'
01-May-2022 23:16:12.068 INFO [http-nio-8090-exec-40] org.apache.catalina.core.ApplicationContext.log Manager: list: Listing contexts for virtual host 'localhost'
01-May-2022 23:56:19.205 INFO [http-nio-8090-exec-40] org.apache.catalina.core.ApplicationContext.log Manager: list: Listing contexts for virtual host 'localhost'
