23-Feb-2022 16:37:44.535 WARNING [main] org.apache.catalina.core.AprLifecycleListener.init The Apache Tomcat Native library failed to load. The error reported was [C:\Users\eVmPr\Documents\IS240\Vac_Sys_Project\server\tomcat-8.5.72\bin\tcnative-1.dll: Can't load IA 32-bit .dll on a AMD 64-bit platform]
	java.lang.UnsatisfiedLinkError: C:\Users\eVmPr\Documents\IS240\Vac_Sys_Project\server\tomcat-8.5.72\bin\tcnative-1.dll: Can't load IA 32-bit .dll on a AMD 64-bit platform
		at java.lang.ClassLoader$NativeLibrary.load(Native Method)
		at java.lang.ClassLoader.loadLibrary0(ClassLoader.java:1941)
		at java.lang.ClassLoader.loadLibrary(ClassLoader.java:1857)
		at java.lang.Runtime.loadLibrary0(Runtime.java:870)
		at java.lang.System.loadLibrary(System.java:1122)
		at org.apache.tomcat.jni.Library.<init>(Library.java:41)
		at org.apache.tomcat.jni.Library.initialize(Library.java:173)
		at org.apache.catalina.core.AprLifecycleListener.init(AprLifecycleListener.java:195)
		at org.apache.catalina.core.AprLifecycleListener.isAprAvailable(AprLifecycleListener.java:104)
		at org.apache.catalina.connector.Connector.setProtocol(Connector.java:641)
		at org.apache.catalina.connector.Connector.<init>(Connector.java:81)
		at org.apache.catalina.startup.ConnectorCreateRule.begin(ConnectorCreateRule.java:62)
		at org.apache.tomcat.util.digester.Digester.startElement(Digester.java:1235)
		at com.sun.org.apache.xerces.internal.parsers.AbstractSAXParser.startElement(AbstractSAXParser.java:509)
		at com.sun.org.apache.xerces.internal.parsers.AbstractXMLDocumentParser.emptyElement(AbstractXMLDocumentParser.java:182)
		at com.sun.org.apache.xerces.internal.impl.XMLDocumentFragmentScannerImpl.scanStartElement(XMLDocumentFragmentScannerImpl.java:1339)
		at com.sun.org.apache.xerces.internal.impl.XMLDocumentFragmentScannerImpl$FragmentContentDriver.next(XMLDocumentFragmentScannerImpl.java:2784)
		at com.sun.org.apache.xerces.internal.impl.XMLDocumentScannerImpl.next(XMLDocumentScannerImpl.java:602)
		at com.sun.org.apache.xerces.internal.impl.XMLDocumentFragmentScannerImpl.scanDocument(XMLDocumentFragmentScannerImpl.java:505)
		at com.sun.org.apache.xerces.internal.parsers.XML11Configuration.parse(XML11Configuration.java:841)
		at com.sun.org.apache.xerces.internal.parsers.XML11Configuration.parse(XML11Configuration.java:770)
		at com.sun.org.apache.xerces.internal.parsers.XMLParser.parse(XMLParser.java:141)
		at com.sun.org.apache.xerces.internal.parsers.AbstractSAXParser.parse(AbstractSAXParser.java:1213)
		at com.sun.org.apache.xerces.internal.jaxp.SAXParserImpl$JAXPSAXParser.parse(SAXParserImpl.java:643)
		at org.apache.tomcat.util.digester.Digester.parse(Digester.java:1496)
		at org.apache.catalina.startup.Catalina.load(Catalina.java:611)
		at org.apache.catalina.startup.Catalina.load(Catalina.java:662)
		at sun.reflect.NativeMethodAccessorImpl.invoke0(Native Method)
		at sun.reflect.NativeMethodAccessorImpl.invoke(NativeMethodAccessorImpl.java:62)
		at sun.reflect.DelegatingMethodAccessorImpl.invoke(DelegatingMethodAccessorImpl.java:43)
		at java.lang.reflect.Method.invoke(Method.java:498)
		at org.apache.catalina.startup.Bootstrap.load(Bootstrap.java:305)
		at org.apache.catalina.startup.Bootstrap.main(Bootstrap.java:475)
23-Feb-2022 16:37:44.672 INFO [main] org.apache.catalina.startup.VersionLoggerListener.log Server version name:   Apache Tomcat/8.5.72
23-Feb-2022 16:37:44.673 INFO [main] org.apache.catalina.startup.VersionLoggerListener.log Server built:          Oct 1 2021 15:15:33 UTC
23-Feb-2022 16:37:44.673 INFO [main] org.apache.catalina.startup.VersionLoggerListener.log Server version number: 8.5.72.0
23-Feb-2022 16:37:44.673 INFO [main] org.apache.catalina.startup.VersionLoggerListener.log OS Name:               Windows 10
23-Feb-2022 16:37:44.673 INFO [main] org.apache.catalina.startup.VersionLoggerListener.log OS Version:            10.0
23-Feb-2022 16:37:44.673 INFO [main] org.apache.catalina.startup.VersionLoggerListener.log Architecture:          amd64
23-Feb-2022 16:37:44.673 INFO [main] org.apache.catalina.startup.VersionLoggerListener.log Java Home:             C:\Program Files\Java\jdk1.8.0_111\jre
23-Feb-2022 16:37:44.673 INFO [main] org.apache.catalina.startup.VersionLoggerListener.log JVM Version:           1.8.0_111-b14
23-Feb-2022 16:37:44.673 INFO [main] org.apache.catalina.startup.VersionLoggerListener.log JVM Vendor:            Oracle Corporation
23-Feb-2022 16:37:44.674 INFO [main] org.apache.catalina.startup.VersionLoggerListener.log CATALINA_BASE:         C:\Users\eVmPr\Documents\IS240\Vac_Sys_Project\server\tomcat-8.5.72\conf\Catalina
23-Feb-2022 16:37:44.674 INFO [main] org.apache.catalina.startup.VersionLoggerListener.log CATALINA_HOME:         C:\Users\eVmPr\Documents\IS240\Vac_Sys_Project\server\tomcat-8.5.72
23-Feb-2022 16:37:44.674 INFO [main] org.apache.catalina.startup.VersionLoggerListener.log Command line argument: -Djava.util.logging.config.file=C:\Users\eVmPr\Documents\IS240\Vac_Sys_Project\server\tomcat-8.5.72\conf\Catalina\conf\logging.properties
23-Feb-2022 16:37:44.674 INFO [main] org.apache.catalina.startup.VersionLoggerListener.log Command line argument: -Djava.util.logging.manager=org.apache.juli.ClassLoaderLogManager
23-Feb-2022 16:37:44.674 INFO [main] org.apache.catalina.startup.VersionLoggerListener.log Command line argument: -Djdk.tls.ephemeralDHKeySize=2048
23-Feb-2022 16:37:44.674 INFO [main] org.apache.catalina.startup.VersionLoggerListener.log Command line argument: -Djava.protocol.handler.pkgs=org.apache.catalina.webresources
23-Feb-2022 16:37:44.674 INFO [main] org.apache.catalina.startup.VersionLoggerListener.log Command line argument: -Dignore.endorsed.dirs=
23-Feb-2022 16:37:44.674 INFO [main] org.apache.catalina.startup.VersionLoggerListener.log Command line argument: -Dcatalina.base=C:\Users\eVmPr\Documents\IS240\Vac_Sys_Project\server\tomcat-8.5.72\conf\Catalina
23-Feb-2022 16:37:44.675 INFO [main] org.apache.catalina.startup.VersionLoggerListener.log Command line argument: -Dcatalina.home=C:\Users\eVmPr\Documents\IS240\Vac_Sys_Project\server\tomcat-8.5.72
23-Feb-2022 16:37:44.675 INFO [main] org.apache.catalina.startup.VersionLoggerListener.log Command line argument: -Djava.io.tmpdir=C:\Users\eVmPr\Documents\IS240\Vac_Sys_Project\server\tomcat-8.5.72\conf\Catalina\temp
23-Feb-2022 16:37:44.907 INFO [main] org.apache.coyote.AbstractProtocol.init Initializing ProtocolHandler ["http-nio-8080"]
23-Feb-2022 16:37:45.267 INFO [main] org.apache.tomcat.util.net.NioSelectorPool.getSharedSelector Using a shared selector for servlet write/read
23-Feb-2022 16:37:45.287 INFO [main] org.apache.catalina.startup.Catalina.load Initialization processed in 1194 ms
23-Feb-2022 16:37:45.350 INFO [main] org.apache.catalina.core.StandardService.startInternal Starting service [Catalina]
23-Feb-2022 16:37:45.351 INFO [main] org.apache.catalina.core.StandardEngine.startInternal Starting Servlet engine: [Apache Tomcat/8.5.72]
23-Feb-2022 16:37:45.369 INFO [localhost-startStop-1] org.apache.catalina.startup.HostConfig.deployDescriptor Deploying deployment descriptor [C:\Users\eVmPr\Documents\IS240\Vac_Sys_Project\server\tomcat-8.5.72\conf\Catalina\conf\Catalina\localhost\manager.xml]
23-Feb-2022 16:37:45.871 INFO [localhost-startStop-1] org.apache.jasper.servlet.TldScanner.scanJars At least one JAR was scanned for TLDs yet contained no TLDs. Enable debug logging for this logger for a complete list of JARs that were scanned but no TLDs were found in them. Skipping unneeded JARs during scanning can improve startup time and JSP compilation time.
23-Feb-2022 16:37:45.976 INFO [localhost-startStop-1] org.apache.catalina.startup.HostConfig.deployDescriptor Deployment of deployment descriptor [C:\Users\eVmPr\Documents\IS240\Vac_Sys_Project\server\tomcat-8.5.72\conf\Catalina\conf\Catalina\localhost\manager.xml] has finished in [606] ms
23-Feb-2022 16:37:45.976 INFO [localhost-startStop-1] org.apache.catalina.startup.HostConfig.deployDescriptor Deploying deployment descriptor [C:\Users\eVmPr\Documents\IS240\Vac_Sys_Project\server\tomcat-8.5.72\conf\Catalina\conf\Catalina\localhost\ROOT.xml]
23-Feb-2022 16:37:46.182 INFO [localhost-startStop-1] org.apache.jasper.servlet.TldScanner.scanJars At least one JAR was scanned for TLDs yet contained no TLDs. Enable debug logging for this logger for a complete list of JARs that were scanned but no TLDs were found in them. Skipping unneeded JARs during scanning can improve startup time and JSP compilation time.
23-Feb-2022 16:37:46.186 INFO [localhost-startStop-1] org.apache.catalina.startup.HostConfig.deployDescriptor Deployment of deployment descriptor [C:\Users\eVmPr\Documents\IS240\Vac_Sys_Project\server\tomcat-8.5.72\conf\Catalina\conf\Catalina\localhost\ROOT.xml] has finished in [210] ms
23-Feb-2022 16:37:46.187 INFO [localhost-startStop-1] org.apache.catalina.startup.HostConfig.deployDescriptor Deploying deployment descriptor [C:\Users\eVmPr\Documents\IS240\Vac_Sys_Project\server\tomcat-8.5.72\conf\Catalina\conf\Catalina\localhost\StudentGrades.xml]
23-Feb-2022 16:37:46.384 INFO [localhost-startStop-1] org.apache.jasper.servlet.TldScanner.scanJars At least one JAR was scanned for TLDs yet contained no TLDs. Enable debug logging for this logger for a complete list of JARs that were scanned but no TLDs were found in them. Skipping unneeded JARs during scanning can improve startup time and JSP compilation time.
23-Feb-2022 16:37:46.388 INFO [localhost-startStop-1] org.apache.catalina.startup.HostConfig.deployDescriptor Deployment of deployment descriptor [C:\Users\eVmPr\Documents\IS240\Vac_Sys_Project\server\tomcat-8.5.72\conf\Catalina\conf\Catalina\localhost\StudentGrades.xml] has finished in [202] ms
23-Feb-2022 16:37:46.388 INFO [localhost-startStop-1] org.apache.catalina.startup.HostConfig.deployDescriptor Deploying deployment descriptor [C:\Users\eVmPr\Documents\IS240\Vac_Sys_Project\server\tomcat-8.5.72\conf\Catalina\conf\Catalina\localhost\Vaccination_Tracking_System.xml]
23-Feb-2022 16:37:48.552 INFO [localhost-startStop-1] org.apache.jasper.servlet.TldScanner.scanJars At least one JAR was scanned for TLDs yet contained no TLDs. Enable debug logging for this logger for a complete list of JARs that were scanned but no TLDs were found in them. Skipping unneeded JARs during scanning can improve startup time and JSP compilation time.
23-Feb-2022 16:37:48.604 SEVERE [localhost-startStop-1] org.apache.catalina.core.ContainerBase.addChildInternal ContainerBase.addChild: start: 
	org.apache.catalina.LifecycleException: Failed to start component [StandardEngine[Catalina].StandardHost[localhost].StandardContext[/Vaccination_Tracking_System]]
		at org.apache.catalina.util.LifecycleBase.handleSubClassException(LifecycleBase.java:440)
		at org.apache.catalina.util.LifecycleBase.start(LifecycleBase.java:198)
		at org.apache.catalina.core.ContainerBase.addChildInternal(ContainerBase.java:753)
		at org.apache.catalina.core.ContainerBase.addChild(ContainerBase.java:727)
		at org.apache.catalina.core.StandardHost.addChild(StandardHost.java:695)
		at org.apache.catalina.startup.HostConfig.deployDescriptor(HostConfig.java:673)
		at org.apache.catalina.startup.HostConfig$DeployDescriptor.run(HostConfig.java:1881)
		at java.util.concurrent.Executors$RunnableAdapter.call(Executors.java:511)
		at java.util.concurrent.FutureTask.run(FutureTask.java:266)
		at java.util.concurrent.ThreadPoolExecutor.runWorker(ThreadPoolExecutor.java:1142)
		at java.util.concurrent.ThreadPoolExecutor$Worker.run(ThreadPoolExecutor.java:617)
		at java.lang.Thread.run(Thread.java:745)
	Caused by: java.lang.IllegalArgumentException: The type specified [com.sun.faces.application.WebappLifecycleListener] is not one of the expected listener types
		at org.apache.catalina.core.ApplicationContext.addListener(ApplicationContext.java:1108)
		at org.apache.catalina.core.ApplicationContextFacade.addListener(ApplicationContextFacade.java:661)
		at org.apache.jasper.servlet.JasperInitializer.onStartup(JasperInitializer.java:108)
		at org.apache.catalina.core.StandardContext.startInternal(StandardContext.java:5221)
		at org.apache.catalina.util.LifecycleBase.start(LifecycleBase.java:183)
		... 10 more
23-Feb-2022 16:37:48.605 SEVERE [localhost-startStop-1] org.apache.catalina.startup.HostConfig.deployDescriptor Error deploying deployment descriptor [C:\Users\eVmPr\Documents\IS240\Vac_Sys_Project\server\tomcat-8.5.72\conf\Catalina\conf\Catalina\localhost\Vaccination_Tracking_System.xml]
	java.lang.IllegalStateException: Error starting child
		at org.apache.catalina.core.ContainerBase.addChildInternal(ContainerBase.java:757)
		at org.apache.catalina.core.ContainerBase.addChild(ContainerBase.java:727)
		at org.apache.catalina.core.StandardHost.addChild(StandardHost.java:695)
		at org.apache.catalina.startup.HostConfig.deployDescriptor(HostConfig.java:673)
		at org.apache.catalina.startup.HostConfig$DeployDescriptor.run(HostConfig.java:1881)
		at java.util.concurrent.Executors$RunnableAdapter.call(Executors.java:511)
		at java.util.concurrent.FutureTask.run(FutureTask.java:266)
		at java.util.concurrent.ThreadPoolExecutor.runWorker(ThreadPoolExecutor.java:1142)
		at java.util.concurrent.ThreadPoolExecutor$Worker.run(ThreadPoolExecutor.java:617)
		at java.lang.Thread.run(Thread.java:745)
	Caused by: org.apache.catalina.LifecycleException: Failed to start component [StandardEngine[Catalina].StandardHost[localhost].StandardContext[/Vaccination_Tracking_System]]
		at org.apache.catalina.util.LifecycleBase.handleSubClassException(LifecycleBase.java:440)
		at org.apache.catalina.util.LifecycleBase.start(LifecycleBase.java:198)
		at org.apache.catalina.core.ContainerBase.addChildInternal(ContainerBase.java:753)
		... 9 more
	Caused by: java.lang.IllegalArgumentException: The type specified [com.sun.faces.application.WebappLifecycleListener] is not one of the expected listener types
		at org.apache.catalina.core.ApplicationContext.addListener(ApplicationContext.java:1108)
		at org.apache.catalina.core.ApplicationContextFacade.addListener(ApplicationContextFacade.java:661)
		at org.apache.jasper.servlet.JasperInitializer.onStartup(JasperInitializer.java:108)
		at org.apache.catalina.core.StandardContext.startInternal(StandardContext.java:5221)
		at org.apache.catalina.util.LifecycleBase.start(LifecycleBase.java:183)
		... 10 more
23-Feb-2022 16:37:48.684 INFO [localhost-startStop-1] org.apache.catalina.startup.HostConfig.deployDescriptor Deployment of deployment descriptor [C:\Users\eVmPr\Documents\IS240\Vac_Sys_Project\server\tomcat-8.5.72\conf\Catalina\conf\Catalina\localhost\Vaccination_Tracking_System.xml] has finished in [2,296] ms
23-Feb-2022 16:37:48.684 INFO [localhost-startStop-1] org.apache.catalina.startup.HostConfig.deployDescriptor Deploying deployment descriptor [C:\Users\eVmPr\Documents\IS240\Vac_Sys_Project\server\tomcat-8.5.72\conf\Catalina\conf\Catalina\localhost\VacTrackSys.xml]
23-Feb-2022 16:37:49.687 INFO [localhost-startStop-1] org.apache.jasper.servlet.TldScanner.scanJars At least one JAR was scanned for TLDs yet contained no TLDs. Enable debug logging for this logger for a complete list of JARs that were scanned but no TLDs were found in them. Skipping unneeded JARs during scanning can improve startup time and JSP compilation time.
23-Feb-2022 16:37:50.822 INFO [localhost-startStop-1] org.apache.catalina.startup.HostConfig.deployDescriptor Deployment of deployment descriptor [C:\Users\eVmPr\Documents\IS240\Vac_Sys_Project\server\tomcat-8.5.72\conf\Catalina\conf\Catalina\localhost\VacTrackSys.xml] has finished in [2,138] ms
23-Feb-2022 16:37:50.829 INFO [main] org.apache.coyote.AbstractProtocol.start Starting ProtocolHandler ["http-nio-8080"]
23-Feb-2022 16:37:50.847 INFO [main] org.apache.catalina.startup.Catalina.start Server startup in 5560 ms
23-Feb-2022 16:37:54.017 INFO [http-nio-8080-exec-6] org.apache.catalina.startup.HostConfig.undeploy Undeploying context [/VacTrackSys]
23-Feb-2022 16:37:54.084 INFO [http-nio-8080-exec-7] org.apache.catalina.startup.HostConfig.deployDescriptor Deploying deployment descriptor [C:\Users\eVmPr\Documents\IS240\Vac_Sys_Project\server\tomcat-8.5.72\conf\Catalina\conf\Catalina\localhost\VacTrackSys.xml]
23-Feb-2022 16:37:55.099 INFO [http-nio-8080-exec-7] org.apache.jasper.servlet.TldScanner.scanJars At least one JAR was scanned for TLDs yet contained no TLDs. Enable debug logging for this logger for a complete list of JARs that were scanned but no TLDs were found in them. Skipping unneeded JARs during scanning can improve startup time and JSP compilation time.
23-Feb-2022 16:37:55.509 INFO [http-nio-8080-exec-7] org.apache.catalina.startup.HostConfig.deployDescriptor Deployment of deployment descriptor [C:\Users\eVmPr\Documents\IS240\Vac_Sys_Project\server\tomcat-8.5.72\conf\Catalina\conf\Catalina\localhost\VacTrackSys.xml] has finished in [1,426] ms
23-Feb-2022 16:37:55.530 INFO [http-nio-8080-exec-7] org.apache.catalina.util.LifecycleBase.start The start() method was called on component [StandardEngine[Catalina].StandardHost[localhost].StandardContext[/VacTrackSys]] after start() had already been called. The second call will be ignored.
23-Feb-2022 16:38:56.148 INFO [http-nio-8080-exec-15] org.apache.catalina.startup.HostConfig.undeploy Undeploying context [/VacTrackSys]
23-Feb-2022 16:38:56.179 INFO [http-nio-8080-exec-15] org.apache.catalina.startup.HostConfig.deployDescriptor Deploying deployment descriptor [C:\Users\eVmPr\Documents\IS240\Vac_Sys_Project\server\tomcat-8.5.72\conf\Catalina\conf\Catalina\localhost\VacTrackSys.xml]
23-Feb-2022 16:38:56.899 INFO [http-nio-8080-exec-15] org.apache.jasper.servlet.TldScanner.scanJars At least one JAR was scanned for TLDs yet contained no TLDs. Enable debug logging for this logger for a complete list of JARs that were scanned but no TLDs were found in them. Skipping unneeded JARs during scanning can improve startup time and JSP compilation time.
23-Feb-2022 16:38:57.308 INFO [http-nio-8080-exec-15] org.apache.catalina.startup.HostConfig.deployDescriptor Deployment of deployment descriptor [C:\Users\eVmPr\Documents\IS240\Vac_Sys_Project\server\tomcat-8.5.72\conf\Catalina\conf\Catalina\localhost\VacTrackSys.xml] has finished in [1,128] ms
23-Feb-2022 16:38:57.326 INFO [http-nio-8080-exec-15] org.apache.catalina.util.LifecycleBase.start The start() method was called on component [StandardEngine[Catalina].StandardHost[localhost].StandardContext[/VacTrackSys]] after start() had already been called. The second call will be ignored.
23-Feb-2022 16:43:40.657 INFO [http-nio-8080-exec-27] org.apache.catalina.startup.HostConfig.undeploy Undeploying context [/VacTrackSys]
23-Feb-2022 16:43:40.701 INFO [http-nio-8080-exec-27] org.apache.catalina.startup.HostConfig.deployDescriptor Deploying deployment descriptor [C:\Users\eVmPr\Documents\IS240\Vac_Sys_Project\server\tomcat-8.5.72\conf\Catalina\conf\Catalina\localhost\VacTrackSys.xml]
23-Feb-2022 16:43:41.425 INFO [http-nio-8080-exec-27] org.apache.jasper.servlet.TldScanner.scanJars At least one JAR was scanned for TLDs yet contained no TLDs. Enable debug logging for this logger for a complete list of JARs that were scanned but no TLDs were found in them. Skipping unneeded JARs during scanning can improve startup time and JSP compilation time.
23-Feb-2022 16:43:41.742 INFO [http-nio-8080-exec-27] org.apache.catalina.startup.HostConfig.deployDescriptor Deployment of deployment descriptor [C:\Users\eVmPr\Documents\IS240\Vac_Sys_Project\server\tomcat-8.5.72\conf\Catalina\conf\Catalina\localhost\VacTrackSys.xml] has finished in [1,041] ms
23-Feb-2022 16:43:41.758 INFO [http-nio-8080-exec-27] org.apache.catalina.util.LifecycleBase.start The start() method was called on component [StandardEngine[Catalina].StandardHost[localhost].StandardContext[/VacTrackSys]] after start() had already been called. The second call will be ignored.
23-Feb-2022 16:57:25.154 INFO [http-nio-8080-exec-38] org.apache.jasper.servlet.TldScanner.scanJars At least one JAR was scanned for TLDs yet contained no TLDs. Enable debug logging for this logger for a complete list of JARs that were scanned but no TLDs were found in them. Skipping unneeded JARs during scanning can improve startup time and JSP compilation time.
23-Feb-2022 16:57:27.246 INFO [http-nio-8080-exec-33] org.apache.catalina.core.StandardContext.reload Reloading Context with name [/VacTrackSys] has started
23-Feb-2022 16:57:28.203 INFO [http-nio-8080-exec-33] org.apache.jasper.servlet.TldScanner.scanJars At least one JAR was scanned for TLDs yet contained no TLDs. Enable debug logging for this logger for a complete list of JARs that were scanned but no TLDs were found in them. Skipping unneeded JARs during scanning can improve startup time and JSP compilation time.
23-Feb-2022 16:57:28.343 INFO [http-nio-8080-exec-33] org.apache.catalina.core.StandardContext.reload Reloading Context with name [/VacTrackSys] is completed
23-Feb-2022 16:57:42.931 INFO [http-nio-8080-exec-42] org.apache.catalina.startup.HostConfig.undeploy Undeploying context [/VacTrackSys]
23-Feb-2022 16:57:42.981 INFO [http-nio-8080-exec-42] org.apache.catalina.startup.HostConfig.deployDescriptor Deploying deployment descriptor [C:\Users\eVmPr\Documents\IS240\Vac_Sys_Project\server\tomcat-8.5.72\conf\Catalina\conf\Catalina\localhost\VacTrackSys.xml]
23-Feb-2022 16:57:43.650 INFO [http-nio-8080-exec-42] org.apache.jasper.servlet.TldScanner.scanJars At least one JAR was scanned for TLDs yet contained no TLDs. Enable debug logging for this logger for a complete list of JARs that were scanned but no TLDs were found in them. Skipping unneeded JARs during scanning can improve startup time and JSP compilation time.
23-Feb-2022 16:57:43.975 INFO [http-nio-8080-exec-42] org.apache.catalina.startup.HostConfig.deployDescriptor Deployment of deployment descriptor [C:\Users\eVmPr\Documents\IS240\Vac_Sys_Project\server\tomcat-8.5.72\conf\Catalina\conf\Catalina\localhost\VacTrackSys.xml] has finished in [994] ms
23-Feb-2022 16:57:43.989 INFO [http-nio-8080-exec-42] org.apache.catalina.util.LifecycleBase.start The start() method was called on component [StandardEngine[Catalina].StandardHost[localhost].StandardContext[/VacTrackSys]] after start() had already been called. The second call will be ignored.
23-Feb-2022 17:13:51.927 INFO [http-nio-8080-exec-47] org.apache.catalina.startup.HostConfig.undeploy Undeploying context [/VacTrackSys]
23-Feb-2022 17:13:51.975 INFO [http-nio-8080-exec-47] org.apache.catalina.startup.HostConfig.deployDescriptor Deploying deployment descriptor [C:\Users\eVmPr\Documents\IS240\Vac_Sys_Project\server\tomcat-8.5.72\conf\Catalina\conf\Catalina\localhost\VacTrackSys.xml]
23-Feb-2022 17:13:52.576 INFO [http-nio-8080-exec-47] org.apache.jasper.servlet.TldScanner.scanJars At least one JAR was scanned for TLDs yet contained no TLDs. Enable debug logging for this logger for a complete list of JARs that were scanned but no TLDs were found in them. Skipping unneeded JARs during scanning can improve startup time and JSP compilation time.
23-Feb-2022 17:13:52.906 INFO [http-nio-8080-exec-47] org.apache.catalina.startup.HostConfig.deployDescriptor Deployment of deployment descriptor [C:\Users\eVmPr\Documents\IS240\Vac_Sys_Project\server\tomcat-8.5.72\conf\Catalina\conf\Catalina\localhost\VacTrackSys.xml] has finished in [930] ms
23-Feb-2022 17:13:52.975 INFO [http-nio-8080-exec-47] org.apache.catalina.util.LifecycleBase.start The start() method was called on component [StandardEngine[Catalina].StandardHost[localhost].StandardContext[/VacTrackSys]] after start() had already been called. The second call will be ignored.
23-Feb-2022 17:14:12.922 INFO [http-nio-8080-exec-53] org.apache.catalina.core.StandardContext.reload Reloading Context with name [/VacTrackSys] has started
23-Feb-2022 17:14:14.426 INFO [http-nio-8080-exec-53] org.apache.jasper.servlet.TldScanner.scanJars At least one JAR was scanned for TLDs yet contained no TLDs. Enable debug logging for this logger for a complete list of JARs that were scanned but no TLDs were found in them. Skipping unneeded JARs during scanning can improve startup time and JSP compilation time.
23-Feb-2022 17:14:14.650 INFO [http-nio-8080-exec-53] org.apache.catalina.core.StandardContext.reload Reloading Context with name [/VacTrackSys] is completed
23-Feb-2022 17:14:18.370 INFO [http-nio-8080-exec-58] org.apache.catalina.startup.HostConfig.undeploy Undeploying context [/VacTrackSys]
23-Feb-2022 17:14:18.414 INFO [http-nio-8080-exec-58] org.apache.catalina.startup.HostConfig.deployDescriptor Deploying deployment descriptor [C:\Users\eVmPr\Documents\IS240\Vac_Sys_Project\server\tomcat-8.5.72\conf\Catalina\conf\Catalina\localhost\VacTrackSys.xml]
23-Feb-2022 17:14:19.480 INFO [http-nio-8080-exec-58] org.apache.jasper.servlet.TldScanner.scanJars At least one JAR was scanned for TLDs yet contained no TLDs. Enable debug logging for this logger for a complete list of JARs that were scanned but no TLDs were found in them. Skipping unneeded JARs during scanning can improve startup time and JSP compilation time.
23-Feb-2022 17:14:20.001 INFO [http-nio-8080-exec-58] org.apache.catalina.startup.HostConfig.deployDescriptor Deployment of deployment descriptor [C:\Users\eVmPr\Documents\IS240\Vac_Sys_Project\server\tomcat-8.5.72\conf\Catalina\conf\Catalina\localhost\VacTrackSys.xml] has finished in [1,587] ms
23-Feb-2022 17:14:20.015 INFO [http-nio-8080-exec-58] org.apache.catalina.util.LifecycleBase.start The start() method was called on component [StandardEngine[Catalina].StandardHost[localhost].StandardContext[/VacTrackSys]] after start() had already been called. The second call will be ignored.
23-Feb-2022 17:15:39.931 INFO [http-nio-8080-exec-57] org.apache.catalina.core.StandardContext.reload Reloading Context with name [/VacTrackSys] has started
23-Feb-2022 17:15:41.165 INFO [http-nio-8080-exec-57] org.apache.jasper.servlet.TldScanner.scanJars At least one JAR was scanned for TLDs yet contained no TLDs. Enable debug logging for this logger for a complete list of JARs that were scanned but no TLDs were found in them. Skipping unneeded JARs during scanning can improve startup time and JSP compilation time.
23-Feb-2022 17:15:41.297 INFO [http-nio-8080-exec-57] org.apache.catalina.core.StandardContext.reload Reloading Context with name [/VacTrackSys] is completed
23-Feb-2022 17:16:38.190 INFO [http-nio-8080-exec-57] org.apache.catalina.core.StandardContext.reload Reloading Context with name [/VacTrackSys] has started
23-Feb-2022 17:16:39.093 INFO [http-nio-8080-exec-57] org.apache.jasper.servlet.TldScanner.scanJars At least one JAR was scanned for TLDs yet contained no TLDs. Enable debug logging for this logger for a complete list of JARs that were scanned but no TLDs were found in them. Skipping unneeded JARs during scanning can improve startup time and JSP compilation time.
23-Feb-2022 17:16:39.182 INFO [http-nio-8080-exec-57] org.apache.catalina.core.StandardContext.reload Reloading Context with name [/VacTrackSys] is completed
23-Feb-2022 17:16:50.900 INFO [http-nio-8080-exec-57] org.apache.catalina.core.StandardContext.reload Reloading Context with name [/VacTrackSys] has started
23-Feb-2022 17:16:52.147 INFO [http-nio-8080-exec-57] org.apache.jasper.servlet.TldScanner.scanJars At least one JAR was scanned for TLDs yet contained no TLDs. Enable debug logging for this logger for a complete list of JARs that were scanned but no TLDs were found in them. Skipping unneeded JARs during scanning can improve startup time and JSP compilation time.
23-Feb-2022 17:16:52.293 INFO [http-nio-8080-exec-57] org.apache.catalina.core.StandardContext.reload Reloading Context with name [/VacTrackSys] is completed
23-Feb-2022 17:16:53.937 INFO [http-nio-8080-exec-67] org.apache.catalina.startup.HostConfig.undeploy Undeploying context [/VacTrackSys]
23-Feb-2022 17:16:54.466 INFO [ContainerBackgroundProcessor[StandardEngine[Catalina]]] org.apache.catalina.startup.HostConfig.undeploy Undeploying context [/VacTrackSys]
23-Feb-2022 17:16:54.499 INFO [http-nio-8080-exec-67] org.apache.catalina.startup.HostConfig.deployDescriptor Deploying deployment descriptor [C:\Users\eVmPr\Documents\IS240\Vac_Sys_Project\server\tomcat-8.5.72\conf\Catalina\conf\Catalina\localhost\VacTrackSys.xml]
23-Feb-2022 17:16:55.121 INFO [http-nio-8080-exec-67] org.apache.jasper.servlet.TldScanner.scanJars At least one JAR was scanned for TLDs yet contained no TLDs. Enable debug logging for this logger for a complete list of JARs that were scanned but no TLDs were found in them. Skipping unneeded JARs during scanning can improve startup time and JSP compilation time.
23-Feb-2022 17:16:55.337 INFO [http-nio-8080-exec-67] org.apache.catalina.startup.HostConfig.deployDescriptor Deployment of deployment descriptor [C:\Users\eVmPr\Documents\IS240\Vac_Sys_Project\server\tomcat-8.5.72\conf\Catalina\conf\Catalina\localhost\VacTrackSys.xml] has finished in [839] ms
23-Feb-2022 17:16:55.352 INFO [http-nio-8080-exec-67] org.apache.catalina.util.LifecycleBase.start The start() method was called on component [StandardEngine[Catalina].StandardHost[localhost].StandardContext[/VacTrackSys]] after start() had already been called. The second call will be ignored.
23-Feb-2022 17:18:11.783 INFO [http-nio-8080-exec-66] org.apache.jasper.servlet.TldScanner.scanJars At least one JAR was scanned for TLDs yet contained no TLDs. Enable debug logging for this logger for a complete list of JARs that were scanned but no TLDs were found in them. Skipping unneeded JARs during scanning can improve startup time and JSP compilation time.
23-Feb-2022 17:18:15.774 INFO [http-nio-8080-exec-73] org.apache.catalina.startup.HostConfig.undeploy Undeploying context [/VacTrackSys]
23-Feb-2022 17:18:15.825 INFO [http-nio-8080-exec-73] org.apache.catalina.startup.HostConfig.deployDescriptor Deploying deployment descriptor [C:\Users\eVmPr\Documents\IS240\Vac_Sys_Project\server\tomcat-8.5.72\conf\Catalina\conf\Catalina\localhost\VacTrackSys.xml]
23-Feb-2022 17:18:16.456 INFO [http-nio-8080-exec-73] org.apache.jasper.servlet.TldScanner.scanJars At least one JAR was scanned for TLDs yet contained no TLDs. Enable debug logging for this logger for a complete list of JARs that were scanned but no TLDs were found in them. Skipping unneeded JARs during scanning can improve startup time and JSP compilation time.
23-Feb-2022 17:18:16.735 INFO [http-nio-8080-exec-73] org.apache.catalina.startup.HostConfig.deployDescriptor Deployment of deployment descriptor [C:\Users\eVmPr\Documents\IS240\Vac_Sys_Project\server\tomcat-8.5.72\conf\Catalina\conf\Catalina\localhost\VacTrackSys.xml] has finished in [909] ms
23-Feb-2022 17:18:16.750 INFO [http-nio-8080-exec-73] org.apache.catalina.util.LifecycleBase.start The start() method was called on component [StandardEngine[Catalina].StandardHost[localhost].StandardContext[/VacTrackSys]] after start() had already been called. The second call will be ignored.
23-Feb-2022 17:18:33.859 INFO [main] org.apache.catalina.core.StandardServer.await A valid shutdown command was received via the shutdown port. Stopping the Server instance.
23-Feb-2022 17:18:33.859 INFO [main] org.apache.coyote.AbstractProtocol.pause Pausing ProtocolHandler ["http-nio-8080"]
23-Feb-2022 17:18:34.040 INFO [main] org.apache.catalina.core.StandardService.stopInternal Stopping service [Catalina]
23-Feb-2022 17:18:34.118 INFO [main] org.apache.coyote.AbstractProtocol.stop Stopping ProtocolHandler ["http-nio-8080"]
23-Feb-2022 17:18:34.123 INFO [main] org.apache.coyote.AbstractProtocol.destroy Destroying ProtocolHandler ["http-nio-8080"]
23-Feb-2022 17:18:43.408 WARNING [main] org.apache.catalina.core.AprLifecycleListener.init The Apache Tomcat Native library failed to load. The error reported was [C:\Users\eVmPr\Documents\IS240\Vac_Sys_Project\server\tomcat-8.5.72\bin\tcnative-1.dll: Can't load IA 32-bit .dll on a AMD 64-bit platform]
	java.lang.UnsatisfiedLinkError: C:\Users\eVmPr\Documents\IS240\Vac_Sys_Project\server\tomcat-8.5.72\bin\tcnative-1.dll: Can't load IA 32-bit .dll on a AMD 64-bit platform
		at java.lang.ClassLoader$NativeLibrary.load(Native Method)
		at java.lang.ClassLoader.loadLibrary0(ClassLoader.java:1941)
		at java.lang.ClassLoader.loadLibrary(ClassLoader.java:1857)
		at java.lang.Runtime.loadLibrary0(Runtime.java:870)
		at java.lang.System.loadLibrary(System.java:1122)
		at org.apache.tomcat.jni.Library.<init>(Library.java:41)
		at org.apache.tomcat.jni.Library.initialize(Library.java:173)
		at org.apache.catalina.core.AprLifecycleListener.init(AprLifecycleListener.java:195)
		at org.apache.catalina.core.AprLifecycleListener.isAprAvailable(AprLifecycleListener.java:104)
		at org.apache.catalina.connector.Connector.setProtocol(Connector.java:641)
		at org.apache.catalina.connector.Connector.<init>(Connector.java:81)
		at org.apache.catalina.startup.ConnectorCreateRule.begin(ConnectorCreateRule.java:62)
		at org.apache.tomcat.util.digester.Digester.startElement(Digester.java:1235)
		at com.sun.org.apache.xerces.internal.parsers.AbstractSAXParser.startElement(AbstractSAXParser.java:509)
		at com.sun.org.apache.xerces.internal.parsers.AbstractXMLDocumentParser.emptyElement(AbstractXMLDocumentParser.java:182)
		at com.sun.org.apache.xerces.internal.impl.XMLDocumentFragmentScannerImpl.scanStartElement(XMLDocumentFragmentScannerImpl.java:1339)
		at com.sun.org.apache.xerces.internal.impl.XMLDocumentFragmentScannerImpl$FragmentContentDriver.next(XMLDocumentFragmentScannerImpl.java:2784)
		at com.sun.org.apache.xerces.internal.impl.XMLDocumentScannerImpl.next(XMLDocumentScannerImpl.java:602)
		at com.sun.org.apache.xerces.internal.impl.XMLDocumentFragmentScannerImpl.scanDocument(XMLDocumentFragmentScannerImpl.java:505)
		at com.sun.org.apache.xerces.internal.parsers.XML11Configuration.parse(XML11Configuration.java:841)
		at com.sun.org.apache.xerces.internal.parsers.XML11Configuration.parse(XML11Configuration.java:770)
		at com.sun.org.apache.xerces.internal.parsers.XMLParser.parse(XMLParser.java:141)
		at com.sun.org.apache.xerces.internal.parsers.AbstractSAXParser.parse(AbstractSAXParser.java:1213)
		at com.sun.org.apache.xerces.internal.jaxp.SAXParserImpl$JAXPSAXParser.parse(SAXParserImpl.java:643)
		at org.apache.tomcat.util.digester.Digester.parse(Digester.java:1496)
		at org.apache.catalina.startup.Catalina.load(Catalina.java:611)
		at org.apache.catalina.startup.Catalina.load(Catalina.java:662)
		at sun.reflect.NativeMethodAccessorImpl.invoke0(Native Method)
		at sun.reflect.NativeMethodAccessorImpl.invoke(NativeMethodAccessorImpl.java:62)
		at sun.reflect.DelegatingMethodAccessorImpl.invoke(DelegatingMethodAccessorImpl.java:43)
		at java.lang.reflect.Method.invoke(Method.java:498)
		at org.apache.catalina.startup.Bootstrap.load(Bootstrap.java:305)
		at org.apache.catalina.startup.Bootstrap.main(Bootstrap.java:475)
23-Feb-2022 17:18:43.561 INFO [main] org.apache.catalina.startup.VersionLoggerListener.log Server version name:   Apache Tomcat/8.5.72
23-Feb-2022 17:18:43.561 INFO [main] org.apache.catalina.startup.VersionLoggerListener.log Server built:          Oct 1 2021 15:15:33 UTC
23-Feb-2022 17:18:43.561 INFO [main] org.apache.catalina.startup.VersionLoggerListener.log Server version number: 8.5.72.0
23-Feb-2022 17:18:43.562 INFO [main] org.apache.catalina.startup.VersionLoggerListener.log OS Name:               Windows 10
23-Feb-2022 17:18:43.562 INFO [main] org.apache.catalina.startup.VersionLoggerListener.log OS Version:            10.0
23-Feb-2022 17:18:43.562 INFO [main] org.apache.catalina.startup.VersionLoggerListener.log Architecture:          amd64
23-Feb-2022 17:18:43.562 INFO [main] org.apache.catalina.startup.VersionLoggerListener.log Java Home:             C:\Program Files\Java\jdk1.8.0_111\jre
23-Feb-2022 17:18:43.562 INFO [main] org.apache.catalina.startup.VersionLoggerListener.log JVM Version:           1.8.0_111-b14
23-Feb-2022 17:18:43.562 INFO [main] org.apache.catalina.startup.VersionLoggerListener.log JVM Vendor:            Oracle Corporation
23-Feb-2022 17:18:43.562 INFO [main] org.apache.catalina.startup.VersionLoggerListener.log CATALINA_BASE:         C:\Users\eVmPr\Documents\IS240\Vac_Sys_Project\server\tomcat-8.5.72\conf\Catalina
23-Feb-2022 17:18:43.563 INFO [main] org.apache.catalina.startup.VersionLoggerListener.log CATALINA_HOME:         C:\Users\eVmPr\Documents\IS240\Vac_Sys_Project\server\tomcat-8.5.72
23-Feb-2022 17:18:43.563 INFO [main] org.apache.catalina.startup.VersionLoggerListener.log Command line argument: -Djava.util.logging.config.file=C:\Users\eVmPr\Documents\IS240\Vac_Sys_Project\server\tomcat-8.5.72\conf\Catalina\conf\logging.properties
23-Feb-2022 17:18:43.564 INFO [main] org.apache.catalina.startup.VersionLoggerListener.log Command line argument: -Djava.util.logging.manager=org.apache.juli.ClassLoaderLogManager
23-Feb-2022 17:18:43.564 INFO [main] org.apache.catalina.startup.VersionLoggerListener.log Command line argument: -Djdk.tls.ephemeralDHKeySize=2048
23-Feb-2022 17:18:43.564 INFO [main] org.apache.catalina.startup.VersionLoggerListener.log Command line argument: -Djava.protocol.handler.pkgs=org.apache.catalina.webresources
23-Feb-2022 17:18:43.565 INFO [main] org.apache.catalina.startup.VersionLoggerListener.log Command line argument: -agentlib:jdwp=transport=dt_shmem,address=tomcat_shared_memory_id,server=y,suspend=n
23-Feb-2022 17:18:43.565 INFO [main] org.apache.catalina.startup.VersionLoggerListener.log Command line argument: -Dignore.endorsed.dirs=
23-Feb-2022 17:18:43.565 INFO [main] org.apache.catalina.startup.VersionLoggerListener.log Command line argument: -Dcatalina.base=C:\Users\eVmPr\Documents\IS240\Vac_Sys_Project\server\tomcat-8.5.72\conf\Catalina
23-Feb-2022 17:18:43.565 INFO [main] org.apache.catalina.startup.VersionLoggerListener.log Command line argument: -Dcatalina.home=C:\Users\eVmPr\Documents\IS240\Vac_Sys_Project\server\tomcat-8.5.72
23-Feb-2022 17:18:43.565 INFO [main] org.apache.catalina.startup.VersionLoggerListener.log Command line argument: -Djava.io.tmpdir=C:\Users\eVmPr\Documents\IS240\Vac_Sys_Project\server\tomcat-8.5.72\conf\Catalina\temp
23-Feb-2022 17:18:43.760 INFO [main] org.apache.coyote.AbstractProtocol.init Initializing ProtocolHandler ["http-nio-8080"]
23-Feb-2022 17:18:44.024 INFO [main] org.apache.tomcat.util.net.NioSelectorPool.getSharedSelector Using a shared selector for servlet write/read
23-Feb-2022 17:18:44.038 INFO [main] org.apache.catalina.startup.Catalina.load Initialization processed in 1062 ms
23-Feb-2022 17:18:44.086 INFO [main] org.apache.catalina.core.StandardService.startInternal Starting service [Catalina]
23-Feb-2022 17:18:44.086 INFO [main] org.apache.catalina.core.StandardEngine.startInternal Starting Servlet engine: [Apache Tomcat/8.5.72]
23-Feb-2022 17:18:44.103 INFO [localhost-startStop-1] org.apache.catalina.startup.HostConfig.deployDescriptor Deploying deployment descriptor [C:\Users\eVmPr\Documents\IS240\Vac_Sys_Project\server\tomcat-8.5.72\conf\Catalina\conf\Catalina\localhost\manager.xml]
23-Feb-2022 17:18:44.578 INFO [localhost-startStop-1] org.apache.jasper.servlet.TldScanner.scanJars At least one JAR was scanned for TLDs yet contained no TLDs. Enable debug logging for this logger for a complete list of JARs that were scanned but no TLDs were found in them. Skipping unneeded JARs during scanning can improve startup time and JSP compilation time.
23-Feb-2022 17:18:44.678 INFO [localhost-startStop-1] org.apache.catalina.startup.HostConfig.deployDescriptor Deployment of deployment descriptor [C:\Users\eVmPr\Documents\IS240\Vac_Sys_Project\server\tomcat-8.5.72\conf\Catalina\conf\Catalina\localhost\manager.xml] has finished in [575] ms
23-Feb-2022 17:18:44.679 INFO [localhost-startStop-1] org.apache.catalina.startup.HostConfig.deployDescriptor Deploying deployment descriptor [C:\Users\eVmPr\Documents\IS240\Vac_Sys_Project\server\tomcat-8.5.72\conf\Catalina\conf\Catalina\localhost\ROOT.xml]
23-Feb-2022 17:18:44.812 INFO [localhost-startStop-1] org.apache.jasper.servlet.TldScanner.scanJars At least one JAR was scanned for TLDs yet contained no TLDs. Enable debug logging for this logger for a complete list of JARs that were scanned but no TLDs were found in them. Skipping unneeded JARs during scanning can improve startup time and JSP compilation time.
23-Feb-2022 17:18:44.815 INFO [localhost-startStop-1] org.apache.catalina.startup.HostConfig.deployDescriptor Deployment of deployment descriptor [C:\Users\eVmPr\Documents\IS240\Vac_Sys_Project\server\tomcat-8.5.72\conf\Catalina\conf\Catalina\localhost\ROOT.xml] has finished in [136] ms
23-Feb-2022 17:18:44.815 INFO [localhost-startStop-1] org.apache.catalina.startup.HostConfig.deployDescriptor Deploying deployment descriptor [C:\Users\eVmPr\Documents\IS240\Vac_Sys_Project\server\tomcat-8.5.72\conf\Catalina\conf\Catalina\localhost\StudentGrades.xml]
23-Feb-2022 17:18:44.970 INFO [localhost-startStop-1] org.apache.jasper.servlet.TldScanner.scanJars At least one JAR was scanned for TLDs yet contained no TLDs. Enable debug logging for this logger for a complete list of JARs that were scanned but no TLDs were found in them. Skipping unneeded JARs during scanning can improve startup time and JSP compilation time.
23-Feb-2022 17:18:44.975 INFO [localhost-startStop-1] org.apache.catalina.startup.HostConfig.deployDescriptor Deployment of deployment descriptor [C:\Users\eVmPr\Documents\IS240\Vac_Sys_Project\server\tomcat-8.5.72\conf\Catalina\conf\Catalina\localhost\StudentGrades.xml] has finished in [160] ms
23-Feb-2022 17:18:44.975 INFO [localhost-startStop-1] org.apache.catalina.startup.HostConfig.deployDescriptor Deploying deployment descriptor [C:\Users\eVmPr\Documents\IS240\Vac_Sys_Project\server\tomcat-8.5.72\conf\Catalina\conf\Catalina\localhost\Vaccination_Tracking_System.xml]
23-Feb-2022 17:18:47.134 INFO [localhost-startStop-1] org.apache.jasper.servlet.TldScanner.scanJars At least one JAR was scanned for TLDs yet contained no TLDs. Enable debug logging for this logger for a complete list of JARs that were scanned but no TLDs were found in them. Skipping unneeded JARs during scanning can improve startup time and JSP compilation time.
23-Feb-2022 17:18:47.201 SEVERE [localhost-startStop-1] org.apache.catalina.core.ContainerBase.addChildInternal ContainerBase.addChild: start: 
	org.apache.catalina.LifecycleException: Failed to start component [StandardEngine[Catalina].StandardHost[localhost].StandardContext[/Vaccination_Tracking_System]]
		at org.apache.catalina.util.LifecycleBase.handleSubClassException(LifecycleBase.java:440)
		at org.apache.catalina.util.LifecycleBase.start(LifecycleBase.java:198)
		at org.apache.catalina.core.ContainerBase.addChildInternal(ContainerBase.java:753)
		at org.apache.catalina.core.ContainerBase.addChild(ContainerBase.java:727)
		at org.apache.catalina.core.StandardHost.addChild(StandardHost.java:695)
		at org.apache.catalina.startup.HostConfig.deployDescriptor(HostConfig.java:673)
		at org.apache.catalina.startup.HostConfig$DeployDescriptor.run(HostConfig.java:1881)
		at java.util.concurrent.Executors$RunnableAdapter.call(Executors.java:511)
		at java.util.concurrent.FutureTask.run(FutureTask.java:266)
		at java.util.concurrent.ThreadPoolExecutor.runWorker(ThreadPoolExecutor.java:1142)
		at java.util.concurrent.ThreadPoolExecutor$Worker.run(ThreadPoolExecutor.java:617)
		at java.lang.Thread.run(Thread.java:745)
	Caused by: java.lang.IllegalArgumentException: The type specified [com.sun.faces.application.WebappLifecycleListener] is not one of the expected listener types
		at org.apache.catalina.core.ApplicationContext.addListener(ApplicationContext.java:1108)
		at org.apache.catalina.core.ApplicationContextFacade.addListener(ApplicationContextFacade.java:661)
		at org.apache.jasper.servlet.JasperInitializer.onStartup(JasperInitializer.java:108)
		at org.apache.catalina.core.StandardContext.startInternal(StandardContext.java:5221)
		at org.apache.catalina.util.LifecycleBase.start(LifecycleBase.java:183)
		... 10 more
23-Feb-2022 17:18:47.202 SEVERE [localhost-startStop-1] org.apache.catalina.startup.HostConfig.deployDescriptor Error deploying deployment descriptor [C:\Users\eVmPr\Documents\IS240\Vac_Sys_Project\server\tomcat-8.5.72\conf\Catalina\conf\Catalina\localhost\Vaccination_Tracking_System.xml]
	java.lang.IllegalStateException: Error starting child
		at org.apache.catalina.core.ContainerBase.addChildInternal(ContainerBase.java:757)
		at org.apache.catalina.core.ContainerBase.addChild(ContainerBase.java:727)
		at org.apache.catalina.core.StandardHost.addChild(StandardHost.java:695)
		at org.apache.catalina.startup.HostConfig.deployDescriptor(HostConfig.java:673)
		at org.apache.catalina.startup.HostConfig$DeployDescriptor.run(HostConfig.java:1881)
		at java.util.concurrent.Executors$RunnableAdapter.call(Executors.java:511)
		at java.util.concurrent.FutureTask.run(FutureTask.java:266)
		at java.util.concurrent.ThreadPoolExecutor.runWorker(ThreadPoolExecutor.java:1142)
		at java.util.concurrent.ThreadPoolExecutor$Worker.run(ThreadPoolExecutor.java:617)
		at java.lang.Thread.run(Thread.java:745)
	Caused by: org.apache.catalina.LifecycleException: Failed to start component [StandardEngine[Catalina].StandardHost[localhost].StandardContext[/Vaccination_Tracking_System]]
		at org.apache.catalina.util.LifecycleBase.handleSubClassException(LifecycleBase.java:440)
		at org.apache.catalina.util.LifecycleBase.start(LifecycleBase.java:198)
		at org.apache.catalina.core.ContainerBase.addChildInternal(ContainerBase.java:753)
		... 9 more
	Caused by: java.lang.IllegalArgumentException: The type specified [com.sun.faces.application.WebappLifecycleListener] is not one of the expected listener types
		at org.apache.catalina.core.ApplicationContext.addListener(ApplicationContext.java:1108)
		at org.apache.catalina.core.ApplicationContextFacade.addListener(ApplicationContextFacade.java:661)
		at org.apache.jasper.servlet.JasperInitializer.onStartup(JasperInitializer.java:108)
		at org.apache.catalina.core.StandardContext.startInternal(StandardContext.java:5221)
		at org.apache.catalina.util.LifecycleBase.start(LifecycleBase.java:183)
		... 10 more
23-Feb-2022 17:18:47.283 INFO [localhost-startStop-1] org.apache.catalina.startup.HostConfig.deployDescriptor Deployment of deployment descriptor [C:\Users\eVmPr\Documents\IS240\Vac_Sys_Project\server\tomcat-8.5.72\conf\Catalina\conf\Catalina\localhost\Vaccination_Tracking_System.xml] has finished in [2,308] ms
23-Feb-2022 17:18:47.284 INFO [localhost-startStop-1] org.apache.catalina.startup.HostConfig.deployDescriptor Deploying deployment descriptor [C:\Users\eVmPr\Documents\IS240\Vac_Sys_Project\server\tomcat-8.5.72\conf\Catalina\conf\Catalina\localhost\VacTrackSys.xml]
23-Feb-2022 17:18:48.067 INFO [localhost-startStop-1] org.apache.jasper.servlet.TldScanner.scanJars At least one JAR was scanned for TLDs yet contained no TLDs. Enable debug logging for this logger for a complete list of JARs that were scanned but no TLDs were found in them. Skipping unneeded JARs during scanning can improve startup time and JSP compilation time.
23-Feb-2022 17:18:48.217 INFO [localhost-startStop-1] org.apache.catalina.startup.HostConfig.deployDescriptor Deployment of deployment descriptor [C:\Users\eVmPr\Documents\IS240\Vac_Sys_Project\server\tomcat-8.5.72\conf\Catalina\conf\Catalina\localhost\VacTrackSys.xml] has finished in [933] ms
23-Feb-2022 17:18:48.223 INFO [main] org.apache.coyote.AbstractProtocol.start Starting ProtocolHandler ["http-nio-8080"]
23-Feb-2022 17:18:48.247 INFO [main] org.apache.catalina.startup.Catalina.start Server startup in 4208 ms
23-Feb-2022 17:18:51.483 INFO [http-nio-8080-exec-7] org.apache.catalina.startup.HostConfig.undeploy Undeploying context [/VacTrackSys]
23-Feb-2022 17:18:51.539 INFO [http-nio-8080-exec-7] org.apache.catalina.startup.HostConfig.deployDescriptor Deploying deployment descriptor [C:\Users\eVmPr\Documents\IS240\Vac_Sys_Project\server\tomcat-8.5.72\conf\Catalina\conf\Catalina\localhost\VacTrackSys.xml]
23-Feb-2022 17:18:52.483 INFO [http-nio-8080-exec-7] org.apache.jasper.servlet.TldScanner.scanJars At least one JAR was scanned for TLDs yet contained no TLDs. Enable debug logging for this logger for a complete list of JARs that were scanned but no TLDs were found in them. Skipping unneeded JARs during scanning can improve startup time and JSP compilation time.
23-Feb-2022 17:18:53.483 INFO [http-nio-8080-exec-7] org.apache.catalina.startup.HostConfig.deployDescriptor Deployment of deployment descriptor [C:\Users\eVmPr\Documents\IS240\Vac_Sys_Project\server\tomcat-8.5.72\conf\Catalina\conf\Catalina\localhost\VacTrackSys.xml] has finished in [1,944] ms
23-Feb-2022 17:18:53.501 INFO [http-nio-8080-exec-7] org.apache.catalina.util.LifecycleBase.start The start() method was called on component [StandardEngine[Catalina].StandardHost[localhost].StandardContext[/VacTrackSys]] after start() had already been called. The second call will be ignored.
23-Feb-2022 17:21:49.447 INFO [http-nio-8080-exec-19] org.apache.catalina.startup.HostConfig.undeploy Undeploying context [/VacTrackSys]
23-Feb-2022 17:21:49.531 INFO [http-nio-8080-exec-19] org.apache.catalina.startup.HostConfig.deployDescriptor Deploying deployment descriptor [C:\Users\eVmPr\Documents\IS240\Vac_Sys_Project\server\tomcat-8.5.72\conf\Catalina\conf\Catalina\localhost\VacTrackSys.xml]
23-Feb-2022 17:21:50.283 INFO [http-nio-8080-exec-19] org.apache.jasper.servlet.TldScanner.scanJars At least one JAR was scanned for TLDs yet contained no TLDs. Enable debug logging for this logger for a complete list of JARs that were scanned but no TLDs were found in them. Skipping unneeded JARs during scanning can improve startup time and JSP compilation time.
23-Feb-2022 17:21:50.702 INFO [http-nio-8080-exec-19] org.apache.catalina.startup.HostConfig.deployDescriptor Deployment of deployment descriptor [C:\Users\eVmPr\Documents\IS240\Vac_Sys_Project\server\tomcat-8.5.72\conf\Catalina\conf\Catalina\localhost\VacTrackSys.xml] has finished in [1,170] ms
23-Feb-2022 17:21:51.254 INFO [http-nio-8080-exec-19] org.apache.catalina.startup.HostConfig.undeploy Undeploying context [/VacTrackSys]
23-Feb-2022 17:21:51.315 INFO [http-nio-8080-exec-19] org.apache.catalina.startup.HostConfig.deployDescriptor Deploying deployment descriptor [C:\Users\eVmPr\Documents\IS240\Vac_Sys_Project\server\tomcat-8.5.72\conf\Catalina\conf\Catalina\localhost\VacTrackSys.xml]
23-Feb-2022 17:21:52.732 INFO [http-nio-8080-exec-19] org.apache.jasper.servlet.TldScanner.scanJars At least one JAR was scanned for TLDs yet contained no TLDs. Enable debug logging for this logger for a complete list of JARs that were scanned but no TLDs were found in them. Skipping unneeded JARs during scanning can improve startup time and JSP compilation time.
23-Feb-2022 17:21:53.341 INFO [http-nio-8080-exec-19] org.apache.catalina.startup.HostConfig.deployDescriptor Deployment of deployment descriptor [C:\Users\eVmPr\Documents\IS240\Vac_Sys_Project\server\tomcat-8.5.72\conf\Catalina\conf\Catalina\localhost\VacTrackSys.xml] has finished in [2,025] ms
23-Feb-2022 17:21:53.472 INFO [http-nio-8080-exec-19] org.apache.catalina.util.LifecycleBase.start The start() method was called on component [StandardEngine[Catalina].StandardHost[localhost].StandardContext[/VacTrackSys]] after start() had already been called. The second call will be ignored.
23-Feb-2022 17:24:17.062 INFO [http-nio-8080-exec-12] org.apache.catalina.core.StandardContext.reload Reloading Context with name [/VacTrackSys] has started
23-Feb-2022 17:24:55.711 INFO [http-nio-8080-exec-12] org.apache.jasper.servlet.TldScanner.scanJars At least one JAR was scanned for TLDs yet contained no TLDs. Enable debug logging for this logger for a complete list of JARs that were scanned but no TLDs were found in them. Skipping unneeded JARs during scanning can improve startup time and JSP compilation time.
23-Feb-2022 17:24:56.785 INFO [http-nio-8080-exec-12] org.apache.catalina.core.StandardContext.reload Reloading Context with name [/VacTrackSys] is completed
23-Feb-2022 17:25:15.526 INFO [http-nio-8080-exec-24] org.apache.catalina.startup.HostConfig.undeploy Undeploying context [/VacTrackSys]
23-Feb-2022 17:25:15.575 INFO [http-nio-8080-exec-24] org.apache.catalina.startup.HostConfig.deployDescriptor Deploying deployment descriptor [C:\Users\eVmPr\Documents\IS240\Vac_Sys_Project\server\tomcat-8.5.72\conf\Catalina\conf\Catalina\localhost\VacTrackSys.xml]
23-Feb-2022 17:25:16.198 INFO [http-nio-8080-exec-24] org.apache.jasper.servlet.TldScanner.scanJars At least one JAR was scanned for TLDs yet contained no TLDs. Enable debug logging for this logger for a complete list of JARs that were scanned but no TLDs were found in them. Skipping unneeded JARs during scanning can improve startup time and JSP compilation time.
23-Feb-2022 17:25:16.612 INFO [http-nio-8080-exec-24] org.apache.catalina.startup.HostConfig.deployDescriptor Deployment of deployment descriptor [C:\Users\eVmPr\Documents\IS240\Vac_Sys_Project\server\tomcat-8.5.72\conf\Catalina\conf\Catalina\localhost\VacTrackSys.xml] has finished in [1,037] ms
23-Feb-2022 17:25:16.630 INFO [http-nio-8080-exec-24] org.apache.catalina.util.LifecycleBase.start The start() method was called on component [StandardEngine[Catalina].StandardHost[localhost].StandardContext[/VacTrackSys]] after start() had already been called. The second call will be ignored.
23-Feb-2022 17:25:48.995 INFO [http-nio-8080-exec-31] org.apache.catalina.startup.HostConfig.undeploy Undeploying context [/VacTrackSys]
23-Feb-2022 17:25:49.515 INFO [ContainerBackgroundProcessor[StandardEngine[Catalina]]] org.apache.catalina.startup.HostConfig.undeploy Undeploying context [/VacTrackSys]
23-Feb-2022 17:26:03.119 INFO [http-nio-8080-exec-37] org.apache.catalina.startup.HostConfig.deployDescriptor Deploying deployment descriptor [C:\Users\eVmPr\Documents\IS240\Vac_Sys_Project\server\tomcat-8.5.72\conf\Catalina\conf\Catalina\localhost\VacTrackSys.xml]
23-Feb-2022 17:26:03.811 INFO [http-nio-8080-exec-37] org.apache.jasper.servlet.TldScanner.scanJars At least one JAR was scanned for TLDs yet contained no TLDs. Enable debug logging for this logger for a complete list of JARs that were scanned but no TLDs were found in them. Skipping unneeded JARs during scanning can improve startup time and JSP compilation time.
23-Feb-2022 17:26:04.080 INFO [http-nio-8080-exec-37] org.apache.catalina.startup.HostConfig.deployDescriptor Deployment of deployment descriptor [C:\Users\eVmPr\Documents\IS240\Vac_Sys_Project\server\tomcat-8.5.72\conf\Catalina\conf\Catalina\localhost\VacTrackSys.xml] has finished in [962] ms
23-Feb-2022 17:26:04.094 INFO [http-nio-8080-exec-37] org.apache.catalina.util.LifecycleBase.start The start() method was called on component [StandardEngine[Catalina].StandardHost[localhost].StandardContext[/VacTrackSys]] after start() had already been called. The second call will be ignored.
23-Feb-2022 17:27:12.172 INFO [http-nio-8080-exec-36] org.apache.catalina.core.StandardContext.reload Reloading Context with name [/VacTrackSys] has started
23-Feb-2022 17:27:13.234 INFO [http-nio-8080-exec-36] org.apache.jasper.servlet.TldScanner.scanJars At least one JAR was scanned for TLDs yet contained no TLDs. Enable debug logging for this logger for a complete list of JARs that were scanned but no TLDs were found in them. Skipping unneeded JARs during scanning can improve startup time and JSP compilation time.
23-Feb-2022 17:27:13.351 INFO [http-nio-8080-exec-36] org.apache.catalina.core.StandardContext.reload Reloading Context with name [/VacTrackSys] is completed
23-Feb-2022 17:28:12.694 INFO [http-nio-8080-exec-36] org.apache.jasper.servlet.TldScanner.scanJars At least one JAR was scanned for TLDs yet contained no TLDs. Enable debug logging for this logger for a complete list of JARs that were scanned but no TLDs were found in them. Skipping unneeded JARs during scanning can improve startup time and JSP compilation time.
23-Feb-2022 17:28:51.433 INFO [http-nio-8080-exec-47] org.apache.catalina.startup.HostConfig.undeploy Undeploying context [/VacTrackSys]
23-Feb-2022 17:28:51.485 INFO [http-nio-8080-exec-47] org.apache.catalina.startup.HostConfig.deployDescriptor Deploying deployment descriptor [C:\Users\eVmPr\Documents\IS240\Vac_Sys_Project\server\tomcat-8.5.72\conf\Catalina\conf\Catalina\localhost\VacTrackSys.xml]
23-Feb-2022 17:28:52.150 INFO [http-nio-8080-exec-47] org.apache.jasper.servlet.TldScanner.scanJars At least one JAR was scanned for TLDs yet contained no TLDs. Enable debug logging for this logger for a complete list of JARs that were scanned but no TLDs were found in them. Skipping unneeded JARs during scanning can improve startup time and JSP compilation time.
23-Feb-2022 17:28:52.232 INFO [http-nio-8080-exec-47] org.apache.catalina.startup.HostConfig.deployDescriptor Deployment of deployment descriptor [C:\Users\eVmPr\Documents\IS240\Vac_Sys_Project\server\tomcat-8.5.72\conf\Catalina\conf\Catalina\localhost\VacTrackSys.xml] has finished in [747] ms
23-Feb-2022 17:28:52.248 INFO [http-nio-8080-exec-47] org.apache.catalina.util.LifecycleBase.start The start() method was called on component [StandardEngine[Catalina].StandardHost[localhost].StandardContext[/VacTrackSys]] after start() had already been called. The second call will be ignored.
23-Feb-2022 17:30:38.252 INFO [http-nio-8080-exec-59] org.apache.catalina.startup.HostConfig.undeploy Undeploying context [/VacTrackSys]
23-Feb-2022 17:30:38.295 INFO [http-nio-8080-exec-59] org.apache.catalina.startup.HostConfig.deployDescriptor Deploying deployment descriptor [C:\Users\eVmPr\Documents\IS240\Vac_Sys_Project\server\tomcat-8.5.72\conf\Catalina\conf\Catalina\localhost\VacTrackSys.xml]
23-Feb-2022 17:30:38.955 INFO [http-nio-8080-exec-59] org.apache.jasper.servlet.TldScanner.scanJars At least one JAR was scanned for TLDs yet contained no TLDs. Enable debug logging for this logger for a complete list of JARs that were scanned but no TLDs were found in them. Skipping unneeded JARs during scanning can improve startup time and JSP compilation time.
23-Feb-2022 17:30:39.101 INFO [http-nio-8080-exec-59] org.apache.catalina.startup.HostConfig.deployDescriptor Deployment of deployment descriptor [C:\Users\eVmPr\Documents\IS240\Vac_Sys_Project\server\tomcat-8.5.72\conf\Catalina\conf\Catalina\localhost\VacTrackSys.xml] has finished in [806] ms
23-Feb-2022 17:30:39.115 INFO [http-nio-8080-exec-59] org.apache.catalina.util.LifecycleBase.start The start() method was called on component [StandardEngine[Catalina].StandardHost[localhost].StandardContext[/VacTrackSys]] after start() had already been called. The second call will be ignored.
23-Feb-2022 17:31:04.509 INFO [http-nio-8080-exec-61] org.apache.catalina.startup.HostConfig.undeploy Undeploying context [/VacTrackSys]
23-Feb-2022 17:31:04.558 INFO [http-nio-8080-exec-61] org.apache.catalina.startup.HostConfig.deployDescriptor Deploying deployment descriptor [C:\Users\eVmPr\Documents\IS240\Vac_Sys_Project\server\tomcat-8.5.72\conf\Catalina\conf\Catalina\localhost\VacTrackSys.xml]
23-Feb-2022 17:31:05.311 INFO [http-nio-8080-exec-61] org.apache.jasper.servlet.TldScanner.scanJars At least one JAR was scanned for TLDs yet contained no TLDs. Enable debug logging for this logger for a complete list of JARs that were scanned but no TLDs were found in them. Skipping unneeded JARs during scanning can improve startup time and JSP compilation time.
23-Feb-2022 17:31:05.418 INFO [http-nio-8080-exec-61] org.apache.catalina.startup.HostConfig.deployDescriptor Deployment of deployment descriptor [C:\Users\eVmPr\Documents\IS240\Vac_Sys_Project\server\tomcat-8.5.72\conf\Catalina\conf\Catalina\localhost\VacTrackSys.xml] has finished in [859] ms
23-Feb-2022 17:31:05.437 INFO [http-nio-8080-exec-61] org.apache.catalina.util.LifecycleBase.start The start() method was called on component [StandardEngine[Catalina].StandardHost[localhost].StandardContext[/VacTrackSys]] after start() had already been called. The second call will be ignored.
23-Feb-2022 17:35:54.031 INFO [http-nio-8080-exec-68] org.apache.catalina.core.StandardContext.reload Reloading Context with name [/VacTrackSys] has started
23-Feb-2022 17:35:54.799 INFO [http-nio-8080-exec-68] org.apache.jasper.servlet.TldScanner.scanJars At least one JAR was scanned for TLDs yet contained no TLDs. Enable debug logging for this logger for a complete list of JARs that were scanned but no TLDs were found in them. Skipping unneeded JARs during scanning can improve startup time and JSP compilation time.
23-Feb-2022 17:35:54.930 INFO [http-nio-8080-exec-68] org.apache.catalina.core.StandardContext.reload Reloading Context with name [/VacTrackSys] is completed
23-Feb-2022 17:36:05.699 INFO [http-nio-8080-exec-74] org.apache.catalina.startup.HostConfig.undeploy Undeploying context [/VacTrackSys]
23-Feb-2022 17:36:05.749 INFO [http-nio-8080-exec-74] org.apache.catalina.startup.HostConfig.deployDescriptor Deploying deployment descriptor [C:\Users\eVmPr\Documents\IS240\Vac_Sys_Project\server\tomcat-8.5.72\conf\Catalina\conf\Catalina\localhost\VacTrackSys.xml]
23-Feb-2022 17:36:06.372 INFO [http-nio-8080-exec-74] org.apache.jasper.servlet.TldScanner.scanJars At least one JAR was scanned for TLDs yet contained no TLDs. Enable debug logging for this logger for a complete list of JARs that were scanned but no TLDs were found in them. Skipping unneeded JARs during scanning can improve startup time and JSP compilation time.
23-Feb-2022 17:36:06.457 INFO [http-nio-8080-exec-74] org.apache.catalina.startup.HostConfig.deployDescriptor Deployment of deployment descriptor [C:\Users\eVmPr\Documents\IS240\Vac_Sys_Project\server\tomcat-8.5.72\conf\Catalina\conf\Catalina\localhost\VacTrackSys.xml] has finished in [707] ms
23-Feb-2022 17:36:06.469 INFO [http-nio-8080-exec-74] org.apache.catalina.util.LifecycleBase.start The start() method was called on component [StandardEngine[Catalina].StandardHost[localhost].StandardContext[/VacTrackSys]] after start() had already been called. The second call will be ignored.
23-Feb-2022 17:44:43.609 INFO [http-nio-8080-exec-84] org.apache.catalina.startup.HostConfig.undeploy Undeploying context [/VacTrackSys]
23-Feb-2022 17:44:43.636 INFO [http-nio-8080-exec-84] org.apache.catalina.startup.HostConfig.deployDescriptor Deploying deployment descriptor [C:\Users\eVmPr\Documents\IS240\Vac_Sys_Project\server\tomcat-8.5.72\conf\Catalina\conf\Catalina\localhost\VacTrackSys.xml]
23-Feb-2022 17:44:44.274 INFO [http-nio-8080-exec-84] org.apache.jasper.servlet.TldScanner.scanJars At least one JAR was scanned for TLDs yet contained no TLDs. Enable debug logging for this logger for a complete list of JARs that were scanned but no TLDs were found in them. Skipping unneeded JARs during scanning can improve startup time and JSP compilation time.
23-Feb-2022 17:44:44.367 INFO [http-nio-8080-exec-84] org.apache.catalina.startup.HostConfig.deployDescriptor Deployment of deployment descriptor [C:\Users\eVmPr\Documents\IS240\Vac_Sys_Project\server\tomcat-8.5.72\conf\Catalina\conf\Catalina\localhost\VacTrackSys.xml] has finished in [731] ms
23-Feb-2022 17:44:44.384 INFO [http-nio-8080-exec-84] org.apache.catalina.util.LifecycleBase.start The start() method was called on component [StandardEngine[Catalina].StandardHost[localhost].StandardContext[/VacTrackSys]] after start() had already been called. The second call will be ignored.
23-Feb-2022 17:46:23.354 INFO [http-nio-8080-exec-97] org.apache.catalina.core.StandardContext.reload Reloading Context with name [/VacTrackSys] has started
23-Feb-2022 17:46:24.889 INFO [http-nio-8080-exec-97] org.apache.jasper.servlet.TldScanner.scanJars At least one JAR was scanned for TLDs yet contained no TLDs. Enable debug logging for this logger for a complete list of JARs that were scanned but no TLDs were found in them. Skipping unneeded JARs during scanning can improve startup time and JSP compilation time.
23-Feb-2022 17:46:25.040 INFO [http-nio-8080-exec-97] org.apache.catalina.core.StandardContext.reload Reloading Context with name [/VacTrackSys] is completed
23-Feb-2022 17:46:39.530 INFO [http-nio-8080-exec-94] org.apache.catalina.startup.HostConfig.undeploy Undeploying context [/VacTrackSys]
23-Feb-2022 17:46:39.630 INFO [http-nio-8080-exec-94] org.apache.catalina.startup.HostConfig.deployDescriptor Deploying deployment descriptor [C:\Users\eVmPr\Documents\IS240\Vac_Sys_Project\server\tomcat-8.5.72\conf\Catalina\conf\Catalina\localhost\VacTrackSys.xml]
23-Feb-2022 17:46:40.222 INFO [http-nio-8080-exec-94] org.apache.jasper.servlet.TldScanner.scanJars At least one JAR was scanned for TLDs yet contained no TLDs. Enable debug logging for this logger for a complete list of JARs that were scanned but no TLDs were found in them. Skipping unneeded JARs during scanning can improve startup time and JSP compilation time.
23-Feb-2022 17:46:40.305 INFO [http-nio-8080-exec-94] org.apache.catalina.startup.HostConfig.deployDescriptor Deployment of deployment descriptor [C:\Users\eVmPr\Documents\IS240\Vac_Sys_Project\server\tomcat-8.5.72\conf\Catalina\conf\Catalina\localhost\VacTrackSys.xml] has finished in [675] ms
23-Feb-2022 17:46:40.322 INFO [http-nio-8080-exec-94] org.apache.catalina.util.LifecycleBase.start The start() method was called on component [StandardEngine[Catalina].StandardHost[localhost].StandardContext[/VacTrackSys]] after start() had already been called. The second call will be ignored.
23-Feb-2022 17:48:21.166 INFO [http-nio-8080-exec-99] org.apache.catalina.util.LifecycleBase.stop The stop() method was called on component [StandardEngine[Catalina].StandardHost[localhost].StandardContext[/StudentGrades]] after stop() had already been called. The second call will be ignored.
23-Feb-2022 17:48:21.670 INFO [http-nio-8080-exec-99] org.apache.catalina.startup.HostConfig.undeploy Undeploying context [/StudentGrades]
23-Feb-2022 17:48:27.383 INFO [http-nio-8080-exec-107] org.apache.catalina.startup.HostConfig.undeploy Undeploying context [/Vaccination_Tracking_System]
